2024-11-18 08:45:10.550 : 
2024-11-18 08:45:10.551 : ================== Signature Check ====================
2024-11-18 08:45:10.551 : Author = paul di_Debug_OffLine
2024-11-18 08:45:10.552 : Version = 2024.0718.155524
2024-11-18 08:45:10.552 : ChangeLog = for debug/verify
2024-11-18 08:45:10.552 : Expiration = 2028-06-24
2024-11-18 08:58:45.468 : 
2024-11-18 08:58:45.487 : ================== Signature Check ====================
2024-11-18 08:58:45.487 : Author = paul di_Debug_OffLine
2024-11-18 08:58:45.487 : Version = 2024.0718.155524
2024-11-18 08:58:45.487 : ChangeLog = for debug/verify
2024-11-18 08:58:45.487 : Expiration = 2028-06-24
2024-11-18 09:00:16.927 : 
2024-11-18 09:00:16.928 : ================== Signature Check ====================
2024-11-18 09:00:16.929 : Author = paul di_Debug_OffLine
2024-11-18 09:00:16.929 : Version = 2024.0718.155524
2024-11-18 09:00:16.929 : ChangeLog = for debug/verify
2024-11-18 09:00:16.929 : Expiration = 2028-06-24
2024-11-18 09:01:12.746 : 
2024-11-18 09:01:12.747 : ================== Signature Check ====================
2024-11-18 09:01:12.747 : Author = paul di_Debug_OffLine
2024-11-18 09:01:12.748 : Version = 2024.0718.155524
2024-11-18 09:01:12.748 : ChangeLog = for debug/verify
2024-11-18 09:01:12.748 : Expiration = 2028-06-24
2024-11-18 09:14:33.434 : 
2024-11-18 09:14:33.444 : ================== Signature Check ====================
2024-11-18 09:14:33.444 : Author = paul di_Debug_OffLine
2024-11-18 09:14:33.444 : Version = 2024.0718.155524
2024-11-18 09:14:33.444 : ChangeLog = for debug/verify
2024-11-18 09:14:33.444 : Expiration = 2028-06-24
2024-11-18 09:16:12.126 : 
2024-11-18 09:16:12.126 : ================== Signature Check ====================
2024-11-18 09:16:12.127 : Author = paul di_Debug_OffLine
2024-11-18 09:16:12.127 : Version = 2024.0718.155524
2024-11-18 09:16:12.127 : ChangeLog = for debug/verify
2024-11-18 09:16:12.128 : Expiration = 2028-06-24
2024-11-18 09:24:34.531 : 
2024-11-18 09:24:34.532 : ================== Signature Check ====================
2024-11-18 09:24:34.532 : Author = paul di_Debug_OffLine
2024-11-18 09:24:34.532 : Version = 2024.0718.155524
2024-11-18 09:24:34.533 : ChangeLog = for debug/verify
2024-11-18 09:24:34.533 : Expiration = 2028-06-24
2024-11-18 09:31:25.932 : 
2024-11-18 09:31:25.933 : ================== Signature Check ====================
2024-11-18 09:31:25.933 : Author = paul di_Debug_OffLine
2024-11-18 09:31:25.934 : Version = 2024.0718.155524
2024-11-18 09:31:25.934 : ChangeLog = for debug/verify
2024-11-18 09:31:25.934 : Expiration = 2028-06-24
2024-11-18 09:32:28.935 : 
2024-11-18 09:32:28.935 : ================== Signature Check ====================
2024-11-18 09:32:28.936 : Author = paul di_Debug_OffLine
2024-11-18 09:32:28.937 : Version = 2024.0718.155524
2024-11-18 09:32:28.937 : ChangeLog = for debug/verify
2024-11-18 09:32:28.937 : Expiration = 2028-06-24
2024-11-18 09:37:31.226 : 
2024-11-18 09:37:31.227 : ================== Signature Check ====================
2024-11-18 09:37:31.228 : Author = paul di_Debug_OffLine
2024-11-18 09:37:31.228 : Version = 2024.0718.155524
2024-11-18 09:37:31.228 : ChangeLog = for debug/verify
2024-11-18 09:37:31.228 : Expiration = 2028-06-24
2024-11-18 10:19:11.390 : 
2024-11-18 10:19:11.390 : ================== Signature Check ====================
2024-11-18 10:19:11.391 : Author = paul di_Debug_OffLine
2024-11-18 10:19:11.391 : Version = 2024.0718.155524
2024-11-18 10:19:11.391 : ChangeLog = for debug/verify
2024-11-18 10:19:11.391 : Expiration = 2028-06-24
2024-11-18 10:24:23.860 : 
2024-11-18 10:24:23.861 : ================== Signature Check ====================
2024-11-18 10:24:23.862 : Author = paul di_Debug_OffLine
2024-11-18 10:24:23.862 : Version = 2024.0718.155524
2024-11-18 10:24:23.862 : ChangeLog = for debug/verify
2024-11-18 10:24:23.862 : Expiration = 2028-06-24
2024-11-18 10:29:18.110 : 
2024-11-18 10:29:18.110 : ================== Signature Check ====================
2024-11-18 10:29:18.111 : Author = paul di_Debug_OffLine
2024-11-18 10:29:18.111 : Version = 2024.0718.155524
2024-11-18 10:29:18.111 : ChangeLog = for debug/verify
2024-11-18 10:29:18.111 : Expiration = 2028-06-24
2024-11-18 10:31:28.979 : 
2024-11-18 10:31:28.979 : ================== Signature Check ====================
2024-11-18 10:31:28.979 : Author = paul di_Debug_OffLine
2024-11-18 10:31:28.979 : Version = 2024.0718.155524
2024-11-18 10:31:28.979 : ChangeLog = for debug/verify
2024-11-18 10:31:28.980 : Expiration = 2028-06-24
2024-11-18 10:34:30.101 : 
2024-11-18 10:34:30.101 : ================== Signature Check ====================
2024-11-18 10:34:30.102 : Author = paul di_Debug_OffLine
2024-11-18 10:34:30.102 : Version = 2024.0718.155524
2024-11-18 10:34:30.102 : ChangeLog = for debug/verify
2024-11-18 10:34:30.102 : Expiration = 2028-06-24
2024-11-18 10:35:27.836 : 
2024-11-18 10:35:27.837 : ================== Signature Check ====================
2024-11-18 10:35:27.838 : Author = paul di_Debug_OffLine
2024-11-18 10:35:27.839 : Version = 2024.0718.155524
2024-11-18 10:35:27.839 : ChangeLog = for debug/verify
2024-11-18 10:35:27.839 : Expiration = 2028-06-24
2024-11-18 10:38:02.610 : 
2024-11-18 10:38:02.610 : ================== Signature Check ====================
2024-11-18 10:38:02.610 : Author = paul di_Debug_OffLine
2024-11-18 10:38:02.610 : Version = 2024.0718.155524
2024-11-18 10:38:02.610 : ChangeLog = for debug/verify
2024-11-18 10:38:02.611 : Expiration = 2028-06-24
2024-11-18 10:44:42.150 : 
2024-11-18 10:44:42.150 : ================== Signature Check ====================
2024-11-18 10:44:42.151 : Author = paul di_Debug_OffLine
2024-11-18 10:44:42.151 : Version = 2024.0718.155524
2024-11-18 10:44:42.151 : ChangeLog = for debug/verify
2024-11-18 10:44:42.152 : Expiration = 2028-06-24
2024-11-18 10:49:44.282 : 
2024-11-18 10:49:44.282 : ================== Signature Check ====================
2024-11-18 10:49:44.283 : Author = paul di_Debug_OffLine
2024-11-18 10:49:44.283 : Version = 2024.0718.155524
2024-11-18 10:49:44.283 : ChangeLog = for debug/verify
2024-11-18 10:49:44.283 : Expiration = 2028-06-24
2024-11-18 11:56:27.135 : 
2024-11-18 11:56:27.136 : ================== Signature Check ====================
2024-11-18 11:56:27.137 : Author = paul di_Debug_OffLine
2024-11-18 11:56:27.137 : Version = 2024.0718.155524
2024-11-18 11:56:27.137 : ChangeLog = for debug/verify
2024-11-18 11:56:27.137 : Expiration = 2028-06-24
2024-11-18 13:13:31.935 : 
2024-11-18 13:13:31.936 : ================== Signature Check ====================
2024-11-18 13:13:31.936 : Author = paul di_Debug_OffLine
2024-11-18 13:13:31.937 : Version = 2024.0718.155524
2024-11-18 13:13:31.937 : ChangeLog = for debug/verify
2024-11-18 13:13:31.937 : Expiration = 2028-06-24
2024-11-18 13:44:11.393 : 
2024-11-18 13:44:11.394 : ================== Signature Check ====================
2024-11-18 13:44:11.394 : Author = paul di_Debug_OffLine
2024-11-18 13:44:11.395 : Version = 2024.0718.155524
2024-11-18 13:44:11.395 : ChangeLog = for debug/verify
2024-11-18 13:44:11.395 : Expiration = 2028-06-24
2024-11-18 13:45:50.155 : 
2024-11-18 13:45:50.155 : ================== Signature Check ====================
2024-11-18 13:45:50.156 : Author = paul di_Debug_OffLine
2024-11-18 13:45:50.156 : Version = 2024.0718.155524
2024-11-18 13:45:50.156 : ChangeLog = for debug/verify
2024-11-18 13:45:50.156 : Expiration = 2028-06-24
2024-11-18 13:47:38.324 : 
2024-11-18 13:47:38.324 : ================== Signature Check ====================
2024-11-18 13:47:38.324 : Author = paul di_Debug_OffLine
2024-11-18 13:47:38.325 : Version = 2024.0718.155524
2024-11-18 13:47:38.325 : ChangeLog = for debug/verify
2024-11-18 13:47:38.325 : Expiration = 2028-06-24
2024-11-18 13:50:45.379 : 
2024-11-18 13:50:45.380 : ================== Signature Check ====================
2024-11-18 13:50:45.380 : Author = paul di_Debug_OffLine
2024-11-18 13:50:45.380 : Version = 2024.0718.155524
2024-11-18 13:50:45.380 : ChangeLog = for debug/verify
2024-11-18 13:50:45.380 : Expiration = 2028-06-24
2024-11-18 13:53:52.423 : 
2024-11-18 13:53:52.423 : ================== Signature Check ====================
2024-11-18 13:53:52.423 : Author = paul di_Debug_OffLine
2024-11-18 13:53:52.423 : Version = 2024.0718.155524
2024-11-18 13:53:52.423 : ChangeLog = for debug/verify
2024-11-18 13:53:52.424 : Expiration = 2028-06-24
2024-11-18 13:57:29.580 : 
2024-11-18 13:57:29.581 : ================== Signature Check ====================
2024-11-18 13:57:29.581 : Author = paul di_Debug_OffLine
2024-11-18 13:57:29.581 : Version = 2024.0718.155524
2024-11-18 13:57:29.581 : ChangeLog = for debug/verify
2024-11-18 13:57:29.582 : Expiration = 2028-06-24
2024-11-18 14:06:35.508 : 
2024-11-18 14:06:35.508 : ================== Signature Check ====================
2024-11-18 14:06:35.509 : Author = paul di_Debug_OffLine
2024-11-18 14:06:35.509 : Version = 2024.0718.155524
2024-11-18 14:06:35.509 : ChangeLog = for debug/verify
2024-11-18 14:06:35.509 : Expiration = 2028-06-24
2024-11-18 14:07:50.268 : 
2024-11-18 14:07:50.269 : ================== Signature Check ====================
2024-11-18 14:07:50.269 : Author = paul di_Debug_OffLine
2024-11-18 14:07:50.270 : Version = 2024.0718.155524
2024-11-18 14:07:50.270 : ChangeLog = for debug/verify
2024-11-18 14:07:50.270 : Expiration = 2028-06-24
2024-11-18 14:12:26.400 : 
2024-11-18 14:12:26.400 : ================== Signature Check ====================
2024-11-18 14:12:26.401 : Author = paul di_Debug_OffLine
2024-11-18 14:12:26.401 : Version = 2024.0718.155524
2024-11-18 14:12:26.401 : ChangeLog = for debug/verify
2024-11-18 14:12:26.402 : Expiration = 2028-06-24
2024-11-18 14:13:53.138 : 
2024-11-18 14:13:53.139 : ================== Signature Check ====================
2024-11-18 14:13:53.140 : Author = paul di_Debug_OffLine
2024-11-18 14:13:53.140 : Version = 2024.0718.155524
2024-11-18 14:13:53.140 : ChangeLog = for debug/verify
2024-11-18 14:13:53.140 : Expiration = 2028-06-24
2024-11-18 14:32:47.852 : 
2024-11-18 14:32:47.852 : ================== Signature Check ====================
2024-11-18 14:32:47.853 : Author = paul di_Debug_OffLine
2024-11-18 14:32:47.853 : Version = 2024.0718.155524
2024-11-18 14:32:47.853 : ChangeLog = for debug/verify
2024-11-18 14:32:47.853 : Expiration = 2028-06-24
2024-11-18 14:35:44.135 : 
2024-11-18 14:35:44.135 : ================== Signature Check ====================
2024-11-18 14:35:44.136 : Author = paul di_Debug_OffLine
2024-11-18 14:35:44.136 : Version = 2024.0718.155524
2024-11-18 14:35:44.136 : ChangeLog = for debug/verify
2024-11-18 14:35:44.136 : Expiration = 2028-06-24
2024-11-18 14:38:14.251 : 
2024-11-18 14:38:14.251 : ================== Signature Check ====================
2024-11-18 14:38:14.251 : Author = paul di_Debug_OffLine
2024-11-18 14:38:14.252 : Version = 2024.0718.155524
2024-11-18 14:38:14.252 : ChangeLog = for debug/verify
2024-11-18 14:38:14.252 : Expiration = 2028-06-24
2024-11-18 14:44:11.790 : 
2024-11-18 14:44:11.790 : ================== Signature Check ====================
2024-11-18 14:44:11.790 : Author = paul di_Debug_OffLine
2024-11-18 14:44:11.790 : Version = 2024.0718.155524
2024-11-18 14:44:11.791 : ChangeLog = for debug/verify
2024-11-18 14:44:11.791 : Expiration = 2028-06-24
2024-11-18 14:58:20.630 : 
2024-11-18 14:58:20.631 : ================== Signature Check ====================
2024-11-18 14:58:20.631 : Author = paul di_Debug_OffLine
2024-11-18 14:58:20.631 : Version = 2024.0718.155524
2024-11-18 14:58:20.631 : ChangeLog = for debug/verify
2024-11-18 14:58:20.631 : Expiration = 2028-06-24
2024-11-18 15:04:14.885 : 
2024-11-18 15:04:14.885 : ================== Signature Check ====================
2024-11-18 15:04:14.885 : Author = paul di_Debug_OffLine
2024-11-18 15:04:14.885 : Version = 2024.0718.155524
2024-11-18 15:04:14.885 : ChangeLog = for debug/verify
2024-11-18 15:04:14.886 : Expiration = 2028-06-24
2024-11-18 15:06:48.135 : 
2024-11-18 15:06:48.135 : ================== Signature Check ====================
2024-11-18 15:06:48.136 : Author = paul di_Debug_OffLine
2024-11-18 15:06:48.136 : Version = 2024.0718.155524
2024-11-18 15:06:48.136 : ChangeLog = for debug/verify
2024-11-18 15:06:48.137 : Expiration = 2028-06-24
2024-11-18 17:35:31.264 : 
2024-11-18 17:35:31.264 : ================== Signature Check ====================
2024-11-18 17:35:31.264 : Author = paul di_Debug_OffLine
2024-11-18 17:35:31.264 : Version = 2024.0718.155524
2024-11-18 17:35:31.264 : ChangeLog = for debug/verify
2024-11-18 17:35:31.265 : Expiration = 2028-06-24
2024-11-18 17:41:38.146 : 
2024-11-18 17:41:38.146 : ================== Signature Check ====================
2024-11-18 17:41:38.147 : Author = paul di_Debug_OffLine
2024-11-18 17:41:38.147 : Version = 2024.0718.155524
2024-11-18 17:41:38.147 : ChangeLog = for debug/verify
2024-11-18 17:41:38.147 : Expiration = 2028-06-24
2024-11-18 17:52:07.328 : 
2024-11-18 17:52:07.329 : ================== Signature Check ====================
2024-11-18 17:52:07.329 : Author = paul di_Debug_OffLine
2024-11-18 17:52:07.330 : Version = 2024.0718.155524
2024-11-18 17:52:07.330 : ChangeLog = for debug/verify
2024-11-18 17:52:07.330 : Expiration = 2028-06-24
2024-11-18 18:59:55.641 : 
2024-11-18 18:59:55.641 : ================== Signature Check ====================
2024-11-18 18:59:55.642 : Author = paul di_Debug_OffLine
2024-11-18 18:59:55.642 : Version = 2024.0718.155524
2024-11-18 18:59:55.643 : ChangeLog = for debug/verify
2024-11-18 18:59:55.643 : Expiration = 2028-06-24
2024-11-18 19:01:21.236 : 
2024-11-18 19:01:21.236 : ================== Signature Check ====================
2024-11-18 19:01:21.237 : Author = paul di_Debug_OffLine
2024-11-18 19:01:21.237 : Version = 2024.0718.155524
2024-11-18 19:01:21.237 : ChangeLog = for debug/verify
2024-11-18 19:01:21.238 : Expiration = 2028-06-24
2024-11-18 19:03:36.896 : 
2024-11-18 19:03:36.896 : ================== Signature Check ====================
2024-11-18 19:03:36.896 : Author = paul di_Debug_OffLine
2024-11-18 19:03:36.896 : Version = 2024.0718.155524
2024-11-18 19:03:36.896 : ChangeLog = for debug/verify
2024-11-18 19:03:36.897 : Expiration = 2028-06-24
2024-11-18 19:08:12.299 : 
2024-11-18 19:08:12.299 : ================== Signature Check ====================
2024-11-18 19:08:12.299 : Author = paul di_Debug_OffLine
2024-11-18 19:08:12.299 : Version = 2024.0718.155524
2024-11-18 19:08:12.300 : ChangeLog = for debug/verify
2024-11-18 19:08:12.300 : Expiration = 2028-06-24
2024-11-18 19:17:34.394 : 
2024-11-18 19:17:34.394 : ================== Signature Check ====================
2024-11-18 19:17:34.394 : Author = paul di_Debug_OffLine
2024-11-18 19:17:34.394 : Version = 2024.0718.155524
2024-11-18 19:17:34.394 : ChangeLog = for debug/verify
2024-11-18 19:17:34.394 : Expiration = 2028-06-24
2024-11-18 19:22:39.339 : 
2024-11-18 19:22:39.339 : ================== Signature Check ====================
2024-11-18 19:22:39.339 : Author = paul di_Debug_OffLine
2024-11-18 19:22:39.339 : Version = 2024.0718.155524
2024-11-18 19:22:39.339 : ChangeLog = for debug/verify
2024-11-18 19:22:39.340 : Expiration = 2028-06-24
2024-11-18 19:30:47.039 : 
2024-11-18 19:30:47.039 : ================== Signature Check ====================
2024-11-18 19:30:47.039 : Author = paul di_Debug_OffLine
2024-11-18 19:30:47.039 : Version = 2024.0718.155524
2024-11-18 19:30:47.039 : ChangeLog = for debug/verify
2024-11-18 19:30:47.040 : Expiration = 2028-06-24
2024-11-18 19:38:17.108 : 
2024-11-18 19:38:17.108 : ================== Signature Check ====================
2024-11-18 19:38:17.108 : Author = paul di_Debug_OffLine
2024-11-18 19:38:17.108 : Version = 2024.0718.155524
2024-11-18 19:38:17.108 : ChangeLog = for debug/verify
2024-11-18 19:38:17.108 : Expiration = 2028-06-24
2024-11-18 19:43:13.468 : 
2024-11-18 19:43:13.468 : ================== Signature Check ====================
2024-11-18 19:43:13.468 : Author = paul di_Debug_OffLine
2024-11-18 19:43:13.468 : Version = 2024.0718.155524
2024-11-18 19:43:13.469 : ChangeLog = for debug/verify
2024-11-18 19:43:13.469 : Expiration = 2028-06-24
2024-11-18 19:51:42.080 : 
2024-11-18 19:51:42.080 : ================== Signature Check ====================
2024-11-18 19:51:42.080 : Author = paul di_Debug_OffLine
2024-11-18 19:51:42.081 : Version = 2024.0718.155524
2024-11-18 19:51:42.081 : ChangeLog = for debug/verify
2024-11-18 19:51:42.081 : Expiration = 2028-06-24
