2024-11-29 01:10:16.127 : 
2024-11-29 01:10:16.129 : ================== Signature Check ====================
2024-11-29 01:10:16.132 : Author = paul di_Debug_OffLine
2024-11-29 01:10:16.132 : Version = 2024.0718.155524
2024-11-29 01:10:16.133 : ChangeLog = for debug/verify
2024-11-29 01:10:16.133 : Expiration = 2028-06-24
2024-11-29 01:30:27.381 : 
2024-11-29 01:30:27.382 : ================== Signature Check ====================
2024-11-29 01:30:27.383 : Author = paul di_Debug_OffLine
2024-11-29 01:30:27.384 : Version = 2024.0718.155524
2024-11-29 01:30:27.385 : ChangeLog = for debug/verify
2024-11-29 01:30:27.386 : Expiration = 2028-06-24
2024-11-29 01:34:41.344 : 
2024-11-29 01:34:41.345 : ================== Signature Check ====================
2024-11-29 01:34:41.347 : Author = paul di_Debug_OffLine
2024-11-29 01:34:41.347 : Version = 2024.0718.155524
2024-11-29 01:34:41.348 : ChangeLog = for debug/verify
2024-11-29 01:34:41.348 : Expiration = 2028-06-24
2024-11-29 08:59:24.488 : 
2024-11-29 08:59:24.489 : ================== Signature Check ====================
2024-11-29 08:59:24.492 : Author = paul di_Debug_OffLine
2024-11-29 08:59:24.492 : Version = 2024.0718.155524
2024-11-29 08:59:24.493 : ChangeLog = for debug/verify
2024-11-29 08:59:24.494 : Expiration = 2028-06-24
2024-11-29 09:00:47.584 : 
2024-11-29 09:00:47.586 : ================== Signature Check ====================
2024-11-29 09:00:47.587 : Author = paul di_Debug_OffLine
2024-11-29 09:00:47.588 : Version = 2024.0718.155524
2024-11-29 09:00:47.589 : ChangeLog = for debug/verify
2024-11-29 09:00:47.589 : Expiration = 2028-06-24
2024-11-29 10:18:28.307 : 
2024-11-29 10:18:28.310 : ================== Signature Check ====================
2024-11-29 10:18:28.311 : Author = paul di_Debug_OffLine
2024-11-29 10:18:28.311 : Version = 2024.0718.155524
2024-11-29 10:18:28.312 : ChangeLog = for debug/verify
2024-11-29 10:18:28.312 : Expiration = 2028-06-24
2024-11-29 10:34:18.943 : 
2024-11-29 10:34:18.943 : ================== Signature Check ====================
2024-11-29 10:34:18.944 : Author = paul di_Debug_OffLine
2024-11-29 10:34:18.944 : Version = 2024.0718.155524
2024-11-29 10:34:18.944 : ChangeLog = for debug/verify
2024-11-29 10:34:18.945 : Expiration = 2028-06-24
2024-11-29 10:35:13.717 : 
2024-11-29 10:35:13.717 : ================== Signature Check ====================
2024-11-29 10:35:13.718 : Author = paul di_Debug_OffLine
2024-11-29 10:35:13.719 : Version = 2024.0718.155524
2024-11-29 10:35:13.719 : ChangeLog = for debug/verify
2024-11-29 10:35:13.719 : Expiration = 2028-06-24
2024-11-29 10:39:50.709 : 
2024-11-29 10:39:50.710 : ================== Signature Check ====================
2024-11-29 10:39:50.710 : Author = paul di_Debug_OffLine
2024-11-29 10:39:50.710 : Version = 2024.0718.155524
2024-11-29 10:39:50.711 : ChangeLog = for debug/verify
2024-11-29 10:39:50.711 : Expiration = 2028-06-24
2024-11-29 10:46:07.742 : 
2024-11-29 10:46:07.743 : ================== Signature Check ====================
2024-11-29 10:46:07.743 : Author = paul di_Debug_OffLine
2024-11-29 10:46:07.744 : Version = 2024.0718.155524
2024-11-29 10:46:07.744 : ChangeLog = for debug/verify
2024-11-29 10:46:07.744 : Expiration = 2028-06-24
2024-11-29 10:53:48.934 : 
2024-11-29 10:53:48.934 : ================== Signature Check ====================
2024-11-29 10:53:48.934 : Author = paul di_Debug_OffLine
2024-11-29 10:53:48.934 : Version = 2024.0718.155524
2024-11-29 10:53:48.934 : ChangeLog = for debug/verify
2024-11-29 10:53:48.935 : Expiration = 2028-06-24
2024-11-29 11:12:53.009 : 
2024-11-29 11:12:53.010 : ================== Signature Check ====================
2024-11-29 11:12:53.010 : Author = paul di_Debug_OffLine
2024-11-29 11:12:53.011 : Version = 2024.0718.155524
2024-11-29 11:12:53.011 : ChangeLog = for debug/verify
2024-11-29 11:12:53.011 : Expiration = 2028-06-24
2024-11-29 11:17:55.351 : 
2024-11-29 11:17:55.352 : ================== Signature Check ====================
2024-11-29 11:17:55.352 : Author = paul di_Debug_OffLine
2024-11-29 11:17:55.352 : Version = 2024.0718.155524
2024-11-29 11:17:55.353 : ChangeLog = for debug/verify
2024-11-29 11:17:55.353 : Expiration = 2028-06-24
2024-11-29 11:29:00.899 : 
2024-11-29 11:29:00.899 : ================== Signature Check ====================
2024-11-29 11:29:00.900 : Author = paul di_Debug_OffLine
2024-11-29 11:29:00.900 : Version = 2024.0718.155524
2024-11-29 11:29:00.900 : ChangeLog = for debug/verify
2024-11-29 11:29:00.901 : Expiration = 2028-06-24
2024-11-29 11:33:37.464 : 
2024-11-29 11:33:37.464 : ================== Signature Check ====================
2024-11-29 11:33:37.465 : Author = paul di_Debug_OffLine
2024-11-29 11:33:37.465 : Version = 2024.0718.155524
2024-11-29 11:33:37.466 : ChangeLog = for debug/verify
2024-11-29 11:33:37.466 : Expiration = 2028-06-24
2024-11-29 11:35:24.177 : 
2024-11-29 11:35:24.178 : ================== Signature Check ====================
2024-11-29 11:35:24.179 : Author = paul di_Debug_OffLine
2024-11-29 11:35:24.179 : Version = 2024.0718.155524
2024-11-29 11:35:24.180 : ChangeLog = for debug/verify
2024-11-29 11:35:24.180 : Expiration = 2028-06-24
2024-11-29 11:44:40.163 : 
2024-11-29 11:44:40.163 : ================== Signature Check ====================
2024-11-29 11:44:40.164 : Author = paul di_Debug_OffLine
2024-11-29 11:44:40.164 : Version = 2024.0718.155524
2024-11-29 11:44:40.164 : ChangeLog = for debug/verify
2024-11-29 11:44:40.165 : Expiration = 2028-06-24
2024-11-29 11:50:23.451 : 
2024-11-29 11:50:23.452 : ================== Signature Check ====================
2024-11-29 11:50:23.452 : Author = paul di_Debug_OffLine
2024-11-29 11:50:23.452 : Version = 2024.0718.155524
2024-11-29 11:50:23.453 : ChangeLog = for debug/verify
2024-11-29 11:50:23.453 : Expiration = 2028-06-24
2024-11-29 13:49:37.058 : 
2024-11-29 13:49:37.060 : ================== Signature Check ====================
2024-11-29 13:49:37.062 : Author = paul di_Debug_OffLine
2024-11-29 13:49:37.062 : Version = 2024.0718.155524
2024-11-29 13:49:37.062 : ChangeLog = for debug/verify
2024-11-29 13:49:37.063 : Expiration = 2028-06-24
2024-11-29 14:05:27.030 : 
2024-11-29 14:05:27.031 : ================== Signature Check ====================
2024-11-29 14:05:27.032 : Author = paul di_Debug_OffLine
2024-11-29 14:05:27.033 : Version = 2024.0718.155524
2024-11-29 14:05:27.033 : ChangeLog = for debug/verify
2024-11-29 14:05:27.033 : Expiration = 2028-06-24
2024-11-29 14:16:46.864 : 
2024-11-29 14:16:46.865 : ================== Signature Check ====================
2024-11-29 14:16:46.866 : Author = paul di_Debug_OffLine
2024-11-29 14:16:46.866 : Version = 2024.0718.155524
2024-11-29 14:16:46.866 : ChangeLog = for debug/verify
2024-11-29 14:16:46.867 : Expiration = 2028-06-24
2024-11-29 14:19:59.320 : 
2024-11-29 14:19:59.320 : ================== Signature Check ====================
2024-11-29 14:19:59.321 : Author = paul di_Debug_OffLine
2024-11-29 14:19:59.321 : Version = 2024.0718.155524
2024-11-29 14:19:59.322 : ChangeLog = for debug/verify
2024-11-29 14:19:59.322 : Expiration = 2028-06-24
2024-11-29 14:26:41.073 : 
2024-11-29 14:26:41.073 : ================== Signature Check ====================
2024-11-29 14:26:41.074 : Author = paul di_Debug_OffLine
2024-11-29 14:26:41.075 : Version = 2024.0718.155524
2024-11-29 14:26:41.075 : ChangeLog = for debug/verify
2024-11-29 14:26:41.075 : Expiration = 2028-06-24
2024-11-29 14:30:28.705 : 
2024-11-29 14:30:28.705 : ================== Signature Check ====================
2024-11-29 14:30:28.705 : Author = paul di_Debug_OffLine
2024-11-29 14:30:28.706 : Version = 2024.0718.155524
2024-11-29 14:30:28.706 : ChangeLog = for debug/verify
2024-11-29 14:30:28.706 : Expiration = 2028-06-24
2024-11-29 14:35:02.633 : 
2024-11-29 14:35:02.634 : ================== Signature Check ====================
2024-11-29 14:35:02.634 : Author = paul di_Debug_OffLine
2024-11-29 14:35:02.634 : Version = 2024.0718.155524
2024-11-29 14:35:02.635 : ChangeLog = for debug/verify
2024-11-29 14:35:02.635 : Expiration = 2028-06-24
2024-11-29 14:37:27.463 : 
2024-11-29 14:37:27.463 : ================== Signature Check ====================
2024-11-29 14:37:27.464 : Author = paul di_Debug_OffLine
2024-11-29 14:37:27.464 : Version = 2024.0718.155524
2024-11-29 14:37:27.464 : ChangeLog = for debug/verify
2024-11-29 14:37:27.465 : Expiration = 2028-06-24
2024-11-29 14:38:41.409 : 
2024-11-29 14:38:41.410 : ================== Signature Check ====================
2024-11-29 14:38:41.411 : Author = paul di_Debug_OffLine
2024-11-29 14:38:41.411 : Version = 2024.0718.155524
2024-11-29 14:38:41.412 : ChangeLog = for debug/verify
2024-11-29 14:38:41.412 : Expiration = 2028-06-24
2024-11-29 14:42:08.190 : 
2024-11-29 14:42:08.191 : ================== Signature Check ====================
2024-11-29 14:42:08.192 : Author = paul di_Debug_OffLine
2024-11-29 14:42:08.192 : Version = 2024.0718.155524
2024-11-29 14:42:08.192 : ChangeLog = for debug/verify
2024-11-29 14:42:08.193 : Expiration = 2028-06-24
2024-11-29 14:47:41.370 : 
2024-11-29 14:47:41.371 : ================== Signature Check ====================
2024-11-29 14:47:41.372 : Author = paul di_Debug_OffLine
2024-11-29 14:47:41.372 : Version = 2024.0718.155524
2024-11-29 14:47:41.372 : ChangeLog = for debug/verify
2024-11-29 14:47:41.373 : Expiration = 2028-06-24
2024-11-29 15:00:56.323 : 
2024-11-29 15:00:56.324 : ================== Signature Check ====================
2024-11-29 15:00:56.324 : Author = paul di_Debug_OffLine
2024-11-29 15:00:56.325 : Version = 2024.0718.155524
2024-11-29 15:00:56.325 : ChangeLog = for debug/verify
2024-11-29 15:00:56.325 : Expiration = 2028-06-24
2024-11-29 15:10:13.415 : 
2024-11-29 15:10:13.416 : ================== Signature Check ====================
2024-11-29 15:10:13.416 : Author = paul di_Debug_OffLine
2024-11-29 15:10:13.416 : Version = 2024.0718.155524
2024-11-29 15:10:13.417 : ChangeLog = for debug/verify
2024-11-29 15:10:13.417 : Expiration = 2028-06-24
2024-11-29 15:12:55.516 : 
2024-11-29 15:12:55.516 : ================== Signature Check ====================
2024-11-29 15:12:55.517 : Author = paul di_Debug_OffLine
2024-11-29 15:12:55.518 : Version = 2024.0718.155524
2024-11-29 15:12:55.518 : ChangeLog = for debug/verify
2024-11-29 15:12:55.518 : Expiration = 2028-06-24
2024-11-29 16:17:25.213 : 
2024-11-29 16:17:25.213 : ================== Signature Check ====================
2024-11-29 16:17:25.213 : Author = paul di_Debug_OffLine
2024-11-29 16:17:25.214 : Version = 2024.0718.155524
2024-11-29 16:17:25.214 : ChangeLog = for debug/verify
2024-11-29 16:17:25.214 : Expiration = 2028-06-24
2024-11-29 16:29:58.594 : 
2024-11-29 16:29:58.595 : ================== Signature Check ====================
2024-11-29 16:29:58.595 : Author = paul di_Debug_OffLine
2024-11-29 16:29:58.595 : Version = 2024.0718.155524
2024-11-29 16:29:58.596 : ChangeLog = for debug/verify
2024-11-29 16:29:58.596 : Expiration = 2028-06-24
2024-11-29 16:50:18.263 : 
2024-11-29 16:50:18.264 : ================== Signature Check ====================
2024-11-29 16:50:18.264 : Author = paul di_Debug_OffLine
2024-11-29 16:50:18.264 : Version = 2024.0718.155524
2024-11-29 16:50:18.265 : ChangeLog = for debug/verify
2024-11-29 16:50:18.265 : Expiration = 2028-06-24
2024-11-29 16:53:43.778 : 
2024-11-29 16:53:43.778 : ================== Signature Check ====================
2024-11-29 16:53:43.779 : Author = paul di_Debug_OffLine
2024-11-29 16:53:43.779 : Version = 2024.0718.155524
2024-11-29 16:53:43.780 : ChangeLog = for debug/verify
2024-11-29 16:53:43.780 : Expiration = 2028-06-24
2024-11-29 16:57:23.506 : 
2024-11-29 16:57:23.507 : ================== Signature Check ====================
2024-11-29 16:57:23.507 : Author = paul di_Debug_OffLine
2024-11-29 16:57:23.507 : Version = 2024.0718.155524
2024-11-29 16:57:23.508 : ChangeLog = for debug/verify
2024-11-29 16:57:23.508 : Expiration = 2028-06-24
2024-11-29 17:22:24.200 : 
2024-11-29 17:22:24.201 : ================== Signature Check ====================
2024-11-29 17:22:24.201 : Author = paul di_Debug_OffLine
2024-11-29 17:22:24.201 : Version = 2024.0718.155524
2024-11-29 17:22:24.202 : ChangeLog = for debug/verify
2024-11-29 17:22:24.202 : Expiration = 2028-06-24
2024-11-29 17:37:10.308 : 
2024-11-29 17:37:10.309 : ================== Signature Check ====================
2024-11-29 17:37:10.309 : Author = paul di_Debug_OffLine
2024-11-29 17:37:10.309 : Version = 2024.0718.155524
2024-11-29 17:37:10.310 : ChangeLog = for debug/verify
2024-11-29 17:37:10.310 : Expiration = 2028-06-24
2024-11-29 17:55:25.038 : 
2024-11-29 17:55:25.039 : ================== Signature Check ====================
2024-11-29 17:55:25.039 : Author = paul di_Debug_OffLine
2024-11-29 17:55:25.039 : Version = 2024.0718.155524
2024-11-29 17:55:25.040 : ChangeLog = for debug/verify
2024-11-29 17:55:25.040 : Expiration = 2028-06-24
2024-11-29 19:09:06.172 : 
2024-11-29 19:09:06.178 : ================== Signature Check ====================
2024-11-29 19:09:06.179 : Author = paul di_Debug_OffLine
2024-11-29 19:09:06.179 : Version = 2024.0718.155524
2024-11-29 19:09:06.180 : ChangeLog = for debug/verify
2024-11-29 19:09:06.180 : Expiration = 2028-06-24
2024-11-29 19:15:16.405 : 
2024-11-29 19:15:16.406 : ================== Signature Check ====================
2024-11-29 19:15:16.406 : Author = paul di_Debug_OffLine
2024-11-29 19:15:16.407 : Version = 2024.0718.155524
2024-11-29 19:15:16.407 : ChangeLog = for debug/verify
2024-11-29 19:15:16.407 : Expiration = 2028-06-24
2024-11-29 19:27:56.490 : 
2024-11-29 19:27:56.490 : ================== Signature Check ====================
2024-11-29 19:27:56.491 : Author = paul di_Debug_OffLine
2024-11-29 19:27:56.491 : Version = 2024.0718.155524
2024-11-29 19:27:56.491 : ChangeLog = for debug/verify
2024-11-29 19:27:56.492 : Expiration = 2028-06-24
2024-11-29 21:28:49.140 : 
2024-11-29 21:28:49.146 : ================== Signature Check ====================
2024-11-29 21:28:49.146 : Author = paul di_Debug_OffLine
2024-11-29 21:28:49.146 : Version = 2024.0718.155524
2024-11-29 21:28:49.147 : ChangeLog = for debug/verify
2024-11-29 21:28:49.147 : Expiration = 2028-06-24
2024-11-29 21:34:47.053 : 
2024-11-29 21:34:47.054 : ================== Signature Check ====================
2024-11-29 21:34:47.054 : Author = paul di_Debug_OffLine
2024-11-29 21:34:47.054 : Version = 2024.0718.155524
2024-11-29 21:34:47.055 : ChangeLog = for debug/verify
2024-11-29 21:34:47.055 : Expiration = 2028-06-24
2024-11-29 21:39:06.841 : 
2024-11-29 21:39:06.841 : ================== Signature Check ====================
2024-11-29 21:39:06.842 : Author = paul di_Debug_OffLine
2024-11-29 21:39:06.842 : Version = 2024.0718.155524
2024-11-29 21:39:06.842 : ChangeLog = for debug/verify
2024-11-29 21:39:06.843 : Expiration = 2028-06-24
2024-11-29 21:40:32.910 : 
2024-11-29 21:40:32.910 : ================== Signature Check ====================
2024-11-29 21:40:32.911 : Author = paul di_Debug_OffLine
2024-11-29 21:40:32.911 : Version = 2024.0718.155524
2024-11-29 21:40:32.911 : ChangeLog = for debug/verify
2024-11-29 21:40:32.912 : Expiration = 2028-06-24
2024-11-29 21:44:29.866 : 
2024-11-29 21:44:29.867 : ================== Signature Check ====================
2024-11-29 21:44:29.867 : Author = paul di_Debug_OffLine
2024-11-29 21:44:29.867 : Version = 2024.0718.155524
2024-11-29 21:44:29.868 : ChangeLog = for debug/verify
2024-11-29 21:44:29.868 : Expiration = 2028-06-24
2024-11-29 21:51:08.758 : 
2024-11-29 21:51:08.759 : ================== Signature Check ====================
2024-11-29 21:51:08.759 : Author = paul di_Debug_OffLine
2024-11-29 21:51:08.759 : Version = 2024.0718.155524
2024-11-29 21:51:08.760 : ChangeLog = for debug/verify
2024-11-29 21:51:08.760 : Expiration = 2028-06-24
2024-11-29 21:55:21.280 : 
2024-11-29 21:55:21.280 : ================== Signature Check ====================
2024-11-29 21:55:21.281 : Author = paul di_Debug_OffLine
2024-11-29 21:55:21.281 : Version = 2024.0718.155524
2024-11-29 21:55:21.282 : ChangeLog = for debug/verify
2024-11-29 21:55:21.282 : Expiration = 2028-06-24
2024-11-29 22:00:23.221 : 
2024-11-29 22:00:23.222 : ================== Signature Check ====================
2024-11-29 22:00:23.222 : Author = paul di_Debug_OffLine
2024-11-29 22:00:23.223 : Version = 2024.0718.155524
2024-11-29 22:00:23.223 : ChangeLog = for debug/verify
2024-11-29 22:00:23.223 : Expiration = 2028-06-24
