2024-09-13 12:39:58.368 : 
2024-09-13 12:39:58.369 : ================== Signature Check ====================
2024-09-13 12:39:58.371 : Author = paul di_Debug_OffLine
2024-09-13 12:39:58.371 : Version = 2024.0718.155524
2024-09-13 12:39:58.372 : ChangeLog = for debug/verify
2024-09-13 12:39:58.372 : Expiration = 2028-06-24
2024-09-13 13:11:33.122 : 
2024-09-13 13:11:33.123 : ================== Signature Check ====================
2024-09-13 13:11:33.124 : Author = paul di_Debug_OffLine
2024-09-13 13:11:33.125 : Version = 2024.0718.155524
2024-09-13 13:11:33.125 : ChangeLog = for debug/verify
2024-09-13 13:11:33.127 : Expiration = 2028-06-24
2024-09-13 15:06:24.375 : 
2024-09-13 15:06:24.376 : ================== Signature Check ====================
2024-09-13 15:06:24.377 : Author = paul di_Debug_OffLine
2024-09-13 15:06:24.378 : Version = 2024.0718.155524
2024-09-13 15:06:24.378 : ChangeLog = for debug/verify
2024-09-13 15:06:24.379 : Expiration = 2028-06-24
2024-09-13 15:07:41.034 : 
2024-09-13 15:07:41.036 : ================== Signature Check ====================
2024-09-13 15:07:41.037 : Author = paul di_Debug_OffLine
2024-09-13 15:07:41.038 : Version = 2024.0718.155524
2024-09-13 15:07:41.038 : ChangeLog = for debug/verify
2024-09-13 15:07:41.039 : Expiration = 2028-06-24
2024-09-13 16:40:34.374 : 
2024-09-13 16:40:34.376 : ================== Signature Check ====================
2024-09-13 16:40:34.377 : Author = paul di_Debug_OffLine
2024-09-13 16:40:34.377 : Version = 2024.0718.155524
2024-09-13 16:40:34.378 : ChangeLog = for debug/verify
2024-09-13 16:40:34.378 : Expiration = 2028-06-24
2024-09-13 16:48:13.940 : 
2024-09-13 16:48:13.941 : ================== Signature Check ====================
2024-09-13 16:48:13.942 : Author = paul di_Debug_OffLine
2024-09-13 16:48:13.944 : Version = 2024.0718.155524
2024-09-13 16:48:13.945 : ChangeLog = for debug/verify
2024-09-13 16:48:13.945 : Expiration = 2028-06-24
2024-09-13 16:49:51.897 : 
2024-09-13 16:49:51.899 : ================== Signature Check ====================
2024-09-13 16:49:51.899 : Author = paul di_Debug_OffLine
2024-09-13 16:49:51.900 : Version = 2024.0718.155524
2024-09-13 16:49:51.900 : ChangeLog = for debug/verify
2024-09-13 16:49:51.900 : Expiration = 2028-06-24
2024-09-13 16:51:11.064 : 
2024-09-13 16:51:11.066 : ================== Signature Check ====================
2024-09-13 16:51:11.066 : Author = paul di_Debug_OffLine
2024-09-13 16:51:11.068 : Version = 2024.0718.155524
2024-09-13 16:51:11.068 : ChangeLog = for debug/verify
2024-09-13 16:51:11.069 : Expiration = 2028-06-24
2024-09-13 16:52:48.186 : 
2024-09-13 16:52:48.187 : ================== Signature Check ====================
2024-09-13 16:52:48.187 : Author = paul di_Debug_OffLine
2024-09-13 16:52:48.188 : Version = 2024.0718.155524
2024-09-13 16:52:48.188 : ChangeLog = for debug/verify
2024-09-13 16:52:48.190 : Expiration = 2028-06-24
2024-09-13 17:00:27.463 : 
2024-09-13 17:00:27.465 : ================== Signature Check ====================
2024-09-13 17:00:27.467 : Author = paul di_Debug_OffLine
2024-09-13 17:00:27.467 : Version = 2024.0718.155524
2024-09-13 17:00:27.468 : ChangeLog = for debug/verify
2024-09-13 17:00:27.469 : Expiration = 2028-06-24
2024-09-13 17:01:03.831 : 
2024-09-13 17:01:03.833 : ================== Signature Check ====================
2024-09-13 17:01:03.835 : Author = paul di_Debug_OffLine
2024-09-13 17:01:03.836 : Version = 2024.0718.155524
2024-09-13 17:01:03.837 : ChangeLog = for debug/verify
2024-09-13 17:01:03.838 : Expiration = 2028-06-24
2024-09-13 17:04:20.134 : 
2024-09-13 17:04:20.136 : ================== Signature Check ====================
2024-09-13 17:04:20.137 : Author = paul di_Debug_OffLine
2024-09-13 17:04:20.138 : Version = 2024.0718.155524
2024-09-13 17:04:20.138 : ChangeLog = for debug/verify
2024-09-13 17:04:20.140 : Expiration = 2028-06-24
2024-09-13 17:05:35.262 : 
2024-09-13 17:05:35.262 : ================== Signature Check ====================
2024-09-13 17:05:35.263 : Author = paul di_Debug_OffLine
2024-09-13 17:05:35.263 : Version = 2024.0718.155524
2024-09-13 17:05:35.263 : ChangeLog = for debug/verify
2024-09-13 17:05:35.264 : Expiration = 2028-06-24
2024-09-13 17:34:47.872 : 
2024-09-13 17:34:47.874 : ================== Signature Check ====================
2024-09-13 17:34:47.876 : Author = paul di_Debug_OffLine
2024-09-13 17:34:47.877 : Version = 2024.0718.155524
2024-09-13 17:34:47.878 : ChangeLog = for debug/verify
2024-09-13 17:34:47.878 : Expiration = 2028-06-24
2024-09-13 17:35:07.546 : 
2024-09-13 17:35:07.548 : ================== Signature Check ====================
2024-09-13 17:35:07.549 : Author = paul di_Debug_OffLine
2024-09-13 17:35:07.550 : Version = 2024.0718.155524
2024-09-13 17:35:07.550 : ChangeLog = for debug/verify
2024-09-13 17:35:07.551 : Expiration = 2028-06-24
2024-09-13 17:35:34.176 : 
2024-09-13 17:35:34.178 : ================== Signature Check ====================
2024-09-13 17:35:34.179 : Author = paul di_Debug_OffLine
2024-09-13 17:35:34.180 : Version = 2024.0718.155524
2024-09-13 17:35:34.180 : ChangeLog = for debug/verify
2024-09-13 17:35:34.180 : Expiration = 2028-06-24
