2024-10-19 10:38:38.433 : 
2024-10-19 10:38:38.433 : ================== Signature Check ====================
2024-10-19 10:38:38.434 : Author = paul di_Debug_OffLine
2024-10-19 10:38:38.434 : Version = 2024.0718.155524
2024-10-19 10:38:38.434 : ChangeLog = for debug/verify
2024-10-19 10:38:38.434 : Expiration = 2028-06-24
2024-10-19 10:39:59.661 : 
2024-10-19 10:39:59.661 : ================== Signature Check ====================
2024-10-19 10:39:59.662 : Author = paul di_Debug_OffLine
2024-10-19 10:39:59.662 : Version = 2024.0718.155524
2024-10-19 10:39:59.662 : ChangeLog = for debug/verify
2024-10-19 10:39:59.662 : Expiration = 2028-06-24
2024-10-19 10:41:35.683 : 
2024-10-19 10:41:35.683 : ================== Signature Check ====================
2024-10-19 10:41:35.684 : Author = paul di_Debug_OffLine
2024-10-19 10:41:35.685 : Version = 2024.0718.155524
2024-10-19 10:41:35.685 : ChangeLog = for debug/verify
2024-10-19 10:41:35.685 : Expiration = 2028-06-24
2024-10-19 10:44:48.271 : 
2024-10-19 10:44:48.271 : ================== Signature Check ====================
2024-10-19 10:44:48.272 : Author = paul di_Debug_OffLine
2024-10-19 10:44:48.272 : Version = 2024.0718.155524
2024-10-19 10:44:48.272 : ChangeLog = for debug/verify
2024-10-19 10:44:48.272 : Expiration = 2028-06-24
2024-10-19 10:46:17.145 : 
2024-10-19 10:46:17.145 : ================== Signature Check ====================
2024-10-19 10:46:17.146 : Author = paul di_Debug_OffLine
2024-10-19 10:46:17.146 : Version = 2024.0718.155524
2024-10-19 10:46:17.146 : ChangeLog = for debug/verify
2024-10-19 10:46:17.146 : Expiration = 2028-06-24
2024-10-19 10:51:31.539 : 
2024-10-19 10:51:31.540 : ================== Signature Check ====================
2024-10-19 10:51:31.540 : Author = paul di_Debug_OffLine
2024-10-19 10:51:31.541 : Version = 2024.0718.155524
2024-10-19 10:51:31.541 : ChangeLog = for debug/verify
2024-10-19 10:51:31.541 : Expiration = 2028-06-24
2024-10-19 10:52:49.795 : 
2024-10-19 10:52:49.795 : ================== Signature Check ====================
2024-10-19 10:52:49.796 : Author = paul di_Debug_OffLine
2024-10-19 10:52:49.796 : Version = 2024.0718.155524
2024-10-19 10:52:49.796 : ChangeLog = for debug/verify
2024-10-19 10:52:49.796 : Expiration = 2028-06-24
2024-10-19 10:53:28.217 : 
2024-10-19 10:53:28.218 : ================== Signature Check ====================
2024-10-19 10:53:28.218 : Author = paul di_Debug_OffLine
2024-10-19 10:53:28.218 : Version = 2024.0718.155524
2024-10-19 10:53:28.219 : ChangeLog = for debug/verify
2024-10-19 10:53:28.219 : Expiration = 2028-06-24
2024-10-19 10:54:14.941 : 
2024-10-19 10:54:14.941 : ================== Signature Check ====================
2024-10-19 10:54:14.942 : Author = paul di_Debug_OffLine
2024-10-19 10:54:14.942 : Version = 2024.0718.155524
2024-10-19 10:54:14.942 : ChangeLog = for debug/verify
2024-10-19 10:54:14.942 : Expiration = 2028-06-24
2024-10-19 10:54:48.880 : 
2024-10-19 10:54:48.880 : ================== Signature Check ====================
2024-10-19 10:54:48.881 : Author = paul di_Debug_OffLine
2024-10-19 10:54:48.881 : Version = 2024.0718.155524
2024-10-19 10:54:48.881 : ChangeLog = for debug/verify
2024-10-19 10:54:48.881 : Expiration = 2028-06-24
2024-10-19 10:55:22.531 : 
2024-10-19 10:55:22.532 : ================== Signature Check ====================
2024-10-19 10:55:22.532 : Author = paul di_Debug_OffLine
2024-10-19 10:55:22.532 : Version = 2024.0718.155524
2024-10-19 10:55:22.532 : ChangeLog = for debug/verify
2024-10-19 10:55:22.533 : Expiration = 2028-06-24
2024-10-19 11:13:30.112 : 
2024-10-19 11:13:30.112 : ================== Signature Check ====================
2024-10-19 11:13:30.113 : Author = paul di_Debug_OffLine
2024-10-19 11:13:30.113 : Version = 2024.0718.155524
2024-10-19 11:13:30.113 : ChangeLog = for debug/verify
2024-10-19 11:13:30.113 : Expiration = 2028-06-24
2024-10-19 11:15:03.453 : 
2024-10-19 11:15:03.454 : ================== Signature Check ====================
2024-10-19 11:15:03.455 : Author = paul di_Debug_OffLine
2024-10-19 11:15:03.455 : Version = 2024.0718.155524
2024-10-19 11:15:03.455 : ChangeLog = for debug/verify
2024-10-19 11:15:03.455 : Expiration = 2028-06-24
2024-10-19 11:18:00.381 : 
2024-10-19 11:18:00.381 : ================== Signature Check ====================
2024-10-19 11:18:00.382 : Author = paul di_Debug_OffLine
2024-10-19 11:18:00.382 : Version = 2024.0718.155524
2024-10-19 11:18:00.382 : ChangeLog = for debug/verify
2024-10-19 11:18:00.382 : Expiration = 2028-06-24
2024-10-19 11:18:54.452 : 
2024-10-19 11:18:54.453 : ================== Signature Check ====================
2024-10-19 11:18:54.454 : Author = paul di_Debug_OffLine
2024-10-19 11:18:54.454 : Version = 2024.0718.155524
2024-10-19 11:18:54.454 : ChangeLog = for debug/verify
2024-10-19 11:18:54.454 : Expiration = 2028-06-24
2024-10-19 11:24:52.637 : 
2024-10-19 11:24:52.638 : ================== Signature Check ====================
2024-10-19 11:24:52.639 : Author = paul di_Debug_OffLine
2024-10-19 11:24:52.639 : Version = 2024.0718.155524
2024-10-19 11:24:52.639 : ChangeLog = for debug/verify
2024-10-19 11:24:52.639 : Expiration = 2028-06-24
2024-10-19 11:25:42.091 : 
2024-10-19 11:25:42.091 : ================== Signature Check ====================
2024-10-19 11:25:42.092 : Author = paul di_Debug_OffLine
2024-10-19 11:25:42.092 : Version = 2024.0718.155524
2024-10-19 11:25:42.092 : ChangeLog = for debug/verify
2024-10-19 11:25:42.092 : Expiration = 2028-06-24
2024-10-19 11:30:09.118 : 
2024-10-19 11:30:09.118 : ================== Signature Check ====================
2024-10-19 11:30:09.119 : Author = paul di_Debug_OffLine
2024-10-19 11:30:09.119 : Version = 2024.0718.155524
2024-10-19 11:30:09.119 : ChangeLog = for debug/verify
2024-10-19 11:30:09.119 : Expiration = 2028-06-24
2024-10-19 11:30:38.965 : 
2024-10-19 11:30:38.965 : ================== Signature Check ====================
2024-10-19 11:30:38.966 : Author = paul di_Debug_OffLine
2024-10-19 11:30:38.966 : Version = 2024.0718.155524
2024-10-19 11:30:38.966 : ChangeLog = for debug/verify
2024-10-19 11:30:38.966 : Expiration = 2028-06-24
2024-10-19 15:05:23.769 : 
2024-10-19 15:05:23.781 : ================== Signature Check ====================
2024-10-19 15:05:23.782 : Author = paul di_Debug_OffLine
2024-10-19 15:05:23.782 : Version = 2024.0718.155524
2024-10-19 15:05:23.782 : ChangeLog = for debug/verify
2024-10-19 15:05:23.782 : Expiration = 2028-06-24
2024-10-19 15:06:01.763 : 
2024-10-19 15:06:01.764 : ================== Signature Check ====================
2024-10-19 15:06:01.765 : Author = paul di_Debug_OffLine
2024-10-19 15:06:01.765 : Version = 2024.0718.155524
2024-10-19 15:06:01.765 : ChangeLog = for debug/verify
2024-10-19 15:06:01.765 : Expiration = 2028-06-24
2024-10-19 15:07:15.759 : 
2024-10-19 15:07:15.760 : ================== Signature Check ====================
2024-10-19 15:07:15.760 : Author = paul di_Debug_OffLine
2024-10-19 15:07:15.760 : Version = 2024.0718.155524
2024-10-19 15:07:15.761 : ChangeLog = for debug/verify
2024-10-19 15:07:15.761 : Expiration = 2028-06-24
2024-10-19 15:08:39.586 : 
2024-10-19 15:08:39.587 : ================== Signature Check ====================
2024-10-19 15:08:39.588 : Author = paul di_Debug_OffLine
2024-10-19 15:08:39.588 : Version = 2024.0718.155524
2024-10-19 15:08:39.588 : ChangeLog = for debug/verify
2024-10-19 15:08:39.588 : Expiration = 2028-06-24
2024-10-19 15:10:51.265 : 
2024-10-19 15:10:51.266 : ================== Signature Check ====================
2024-10-19 15:10:51.267 : Author = paul di_Debug_OffLine
2024-10-19 15:10:51.277 : Version = 2024.0718.155524
2024-10-19 15:10:51.277 : ChangeLog = for debug/verify
2024-10-19 15:10:51.277 : Expiration = 2028-06-24
2024-10-19 15:13:49.232 : 
2024-10-19 15:13:49.233 : ================== Signature Check ====================
2024-10-19 15:13:49.234 : Author = paul di_Debug_OffLine
2024-10-19 15:13:49.234 : Version = 2024.0718.155524
2024-10-19 15:13:49.235 : ChangeLog = for debug/verify
2024-10-19 15:13:49.235 : Expiration = 2028-06-24
2024-10-19 15:16:14.603 : 
2024-10-19 15:16:14.604 : ================== Signature Check ====================
2024-10-19 15:16:14.604 : Author = paul di_Debug_OffLine
2024-10-19 15:16:14.605 : Version = 2024.0718.155524
2024-10-19 15:16:14.617 : ChangeLog = for debug/verify
2024-10-19 15:16:14.617 : Expiration = 2028-06-24
