2024-10-09 09:51:04.262 : 
2024-10-09 09:51:04.265 : ================== Signature Check ====================
2024-10-09 09:51:04.267 : Author = paul di
2024-10-09 09:51:04.268 : Version = 2024.0718.155524
2024-10-09 09:51:04.268 : ChangeLog = Achieve_20240718_1555 x64.
2024-10-09 09:51:04.269 : Expiration = 2028-06-24
2024-10-09 09:51:04.269 : Checked Files = 1
2024-10-09 09:51:04.271 : 
2024-10-09 09:51:04.271 : ------- Compare MD5 -------
2024-10-09 09:51:04.272 : Local Root = D:\CYG\SW_Platform\Caesar\Caesar_Demo_202400724_1752_Example_password_is_meta\
2024-10-09 09:51;04.274 : D:\CYG\SW_Platform\Caesar\Caesar_Demo_202400724_1752_Example_password_is_meta\Caesar.exe
2024-10-09 09:51;04.276 : MD5 = bf17e9a91e2b6cf3697fc549ea251b33  Pass

2024-10-09 09:51:04.277 : seconds = 0.0060087
2024-10-09 09:51:04.277 : ------- Compare MD5 Done -------
2024-10-09 09:52:51.034 : 
2024-10-09 09:52:51.035 : ================== Signature Check ====================
2024-10-09 09:52:51.036 : Author = paul di
2024-10-09 09:52:51.037 : Version = 2024.0718.155524
2024-10-09 09:52:51.037 : ChangeLog = Achieve_20240718_1555 x64.
2024-10-09 09:52:51.038 : Expiration = 2028-06-24
2024-10-09 09:52:51.038 : Checked Files = 1
2024-10-09 09:52:51.039 : 
2024-10-09 09:52:51.040 : ------- Compare MD5 -------
2024-10-09 09:52:51.040 : Local Root = D:\CYG\SW_Platform\Caesar\Caesar_Demo_202400724_1752_Example_password_is_meta\
2024-10-09 09:52;51.042 : D:\CYG\SW_Platform\Caesar\Caesar_Demo_202400724_1752_Example_password_is_meta\Caesar.exe
2024-10-09 09:52;51.044 : MD5 = bf17e9a91e2b6cf3697fc549ea251b33  Pass

2024-10-09 09:52:51.046 : seconds = 0.006844
2024-10-09 09:52:51.047 : ------- Compare MD5 Done -------
2024-10-09 13:15:32.487 : 
2024-10-09 13:15:32.487 : ================== Signature Check ====================
2024-10-09 13:15:32.488 : Author = paul di_Debug_OffLine
2024-10-09 13:15:32.488 : Version = 2024.0718.155524
2024-10-09 13:15:32.488 : ChangeLog = for debug/verify
2024-10-09 13:15:32.489 : Expiration = 2028-06-24
2024-10-09 13:31:15.669 : 
2024-10-09 13:31:15.670 : ================== Signature Check ====================
2024-10-09 13:31:15.671 : Author = paul di_Debug_OffLine
2024-10-09 13:31:15.671 : Version = 2024.0718.155524
2024-10-09 13:31:15.671 : ChangeLog = for debug/verify
2024-10-09 13:31:15.672 : Expiration = 2028-06-24
2024-10-09 16:17:37.556 : 
2024-10-09 16:17:37.560 : ================== Signature Check ====================
2024-10-09 16:17:37.562 : Author = paul di_Debug_OffLine
2024-10-09 16:17:37.562 : Version = 2024.0718.155524
2024-10-09 16:17:37.562 : ChangeLog = for debug/verify
2024-10-09 16:17:37.562 : Expiration = 2028-06-24
2024-10-09 16:18:28.918 : 
2024-10-09 16:18:28.919 : ================== Signature Check ====================
2024-10-09 16:18:28.920 : Author = paul di_Debug_OffLine
2024-10-09 16:18:28.920 : Version = 2024.0718.155524
2024-10-09 16:18:28.920 : ChangeLog = for debug/verify
2024-10-09 16:18:28.921 : Expiration = 2028-06-24
2024-10-09 16:19:04.354 : 
2024-10-09 16:19:04.355 : ================== Signature Check ====================
2024-10-09 16:19:04.356 : Author = paul di_Debug_OffLine
2024-10-09 16:19:04.356 : Version = 2024.0718.155524
2024-10-09 16:19:04.356 : ChangeLog = for debug/verify
2024-10-09 16:19:04.356 : Expiration = 2028-06-24
2024-10-09 16:19:53.861 : 
2024-10-09 16:19:53.861 : ================== Signature Check ====================
2024-10-09 16:19:53.862 : Author = paul di_Debug_OffLine
2024-10-09 16:19:53.863 : Version = 2024.0718.155524
2024-10-09 16:19:53.863 : ChangeLog = for debug/verify
2024-10-09 16:19:53.863 : Expiration = 2028-06-24
2024-10-09 16:20:43.648 : 
2024-10-09 16:20:43.649 : ================== Signature Check ====================
2024-10-09 16:20:43.650 : Author = paul di_Debug_OffLine
2024-10-09 16:20:43.650 : Version = 2024.0718.155524
2024-10-09 16:20:43.651 : ChangeLog = for debug/verify
2024-10-09 16:20:43.651 : Expiration = 2028-06-24
2024-10-09 16:21:19.813 : 
2024-10-09 16:21:19.814 : ================== Signature Check ====================
2024-10-09 16:21:19.815 : Author = paul di_Debug_OffLine
2024-10-09 16:21:19.815 : Version = 2024.0718.155524
2024-10-09 16:21:19.816 : ChangeLog = for debug/verify
2024-10-09 16:21:19.816 : Expiration = 2028-06-24
2024-10-09 16:23:04.204 : 
2024-10-09 16:23:04.205 : ================== Signature Check ====================
2024-10-09 16:23:04.205 : Author = paul di_Debug_OffLine
2024-10-09 16:23:04.206 : Version = 2024.0718.155524
2024-10-09 16:23:04.206 : ChangeLog = for debug/verify
2024-10-09 16:23:04.206 : Expiration = 2028-06-24
2024-10-09 16:23:53.741 : 
2024-10-09 16:23:53.742 : ================== Signature Check ====================
2024-10-09 16:23:53.742 : Author = paul di_Debug_OffLine
2024-10-09 16:23:53.743 : Version = 2024.0718.155524
2024-10-09 16:23:53.743 : ChangeLog = for debug/verify
2024-10-09 16:23:53.743 : Expiration = 2028-06-24
2024-10-09 16:24:54.813 : 
2024-10-09 16:24:54.814 : ================== Signature Check ====================
2024-10-09 16:24:54.815 : Author = paul di_Debug_OffLine
2024-10-09 16:24:54.815 : Version = 2024.0718.155524
2024-10-09 16:24:54.815 : ChangeLog = for debug/verify
2024-10-09 16:24:54.815 : Expiration = 2028-06-24
2024-10-09 16:30:11.410 : 
2024-10-09 16:30:11.411 : ================== Signature Check ====================
2024-10-09 16:30:11.412 : Author = paul di_Debug_OffLine
2024-10-09 16:30:11.412 : Version = 2024.0718.155524
2024-10-09 16:30:11.412 : ChangeLog = for debug/verify
2024-10-09 16:30:11.412 : Expiration = 2028-06-24
2024-10-09 16:31:20.796 : 
2024-10-09 16:31:20.796 : ================== Signature Check ====================
2024-10-09 16:31:20.797 : Author = paul di_Debug_OffLine
2024-10-09 16:31:20.797 : Version = 2024.0718.155524
2024-10-09 16:31:20.797 : ChangeLog = for debug/verify
2024-10-09 16:31:20.798 : Expiration = 2028-06-24
2024-10-09 16:32:34.383 : 
2024-10-09 16:32:34.384 : ================== Signature Check ====================
2024-10-09 16:32:34.385 : Author = paul di_Debug_OffLine
2024-10-09 16:32:34.385 : Version = 2024.0718.155524
2024-10-09 16:32:34.385 : ChangeLog = for debug/verify
2024-10-09 16:32:34.385 : Expiration = 2028-06-24
2024-10-09 16:35:02.709 : 
2024-10-09 16:35:02.710 : ================== Signature Check ====================
2024-10-09 16:35:02.711 : Author = paul di_Debug_OffLine
2024-10-09 16:35:02.711 : Version = 2024.0718.155524
2024-10-09 16:35:02.711 : ChangeLog = for debug/verify
2024-10-09 16:35:02.711 : Expiration = 2028-06-24
2024-10-09 16:35:39.163 : 
2024-10-09 16:35:39.163 : ================== Signature Check ====================
2024-10-09 16:35:39.164 : Author = paul di_Debug_OffLine
2024-10-09 16:35:39.165 : Version = 2024.0718.155524
2024-10-09 16:35:39.165 : ChangeLog = for debug/verify
2024-10-09 16:35:39.165 : Expiration = 2028-06-24
2024-10-09 16:36:45.354 : 
2024-10-09 16:36:45.355 : ================== Signature Check ====================
2024-10-09 16:36:45.356 : Author = paul di_Debug_OffLine
2024-10-09 16:36:45.356 : Version = 2024.0718.155524
2024-10-09 16:36:45.356 : ChangeLog = for debug/verify
2024-10-09 16:36:45.356 : Expiration = 2028-06-24
2024-10-09 16:38:15.546 : 
2024-10-09 16:38:15.546 : ================== Signature Check ====================
2024-10-09 16:38:15.547 : Author = paul di_Debug_OffLine
2024-10-09 16:38:15.547 : Version = 2024.0718.155524
2024-10-09 16:38:15.548 : ChangeLog = for debug/verify
2024-10-09 16:38:15.548 : Expiration = 2028-06-24
2024-10-09 16:40:13.638 : 
2024-10-09 16:40:13.639 : ================== Signature Check ====================
2024-10-09 16:40:13.640 : Author = paul di_Debug_OffLine
2024-10-09 16:40:13.641 : Version = 2024.0718.155524
2024-10-09 16:40:13.641 : ChangeLog = for debug/verify
2024-10-09 16:40:13.641 : Expiration = 2028-06-24
2024-10-09 18:01:25.509 : 
2024-10-09 18:01:25.524 : ================== Signature Check ====================
2024-10-09 18:01:25.525 : Author = paul di_Debug_OffLine
2024-10-09 18:01:25.532 : Version = 2024.0718.155524
2024-10-09 18:01:25.541 : ChangeLog = for debug/verify
2024-10-09 18:01:25.541 : Expiration = 2028-06-24
2024-10-09 18:03:08.284 : 
2024-10-09 18:03:08.285 : ================== Signature Check ====================
2024-10-09 18:03:08.286 : Author = paul di_Debug_OffLine
2024-10-09 18:03:08.287 : Version = 2024.0718.155524
2024-10-09 18:03:08.287 : ChangeLog = for debug/verify
2024-10-09 18:03:08.287 : Expiration = 2028-06-24
