2024-10-10 11:50:24.977 : 
2024-10-10 11:50:24.977 : ================== Signature Check ====================
2024-10-10 11:50:24.978 : Author = paul di_Debug_OffLine
2024-10-10 11:50:24.979 : Version = 2024.0718.155524
2024-10-10 11:50:24.979 : ChangeLog = for debug/verify
2024-10-10 11:50:24.979 : Expiration = 2028-06-24
2024-10-10 11:52:27.930 : 
2024-10-10 11:52:27.931 : ================== Signature Check ====================
2024-10-10 11:52:27.932 : Author = paul di_Debug_OffLine
2024-10-10 11:52:27.932 : Version = 2024.0718.155524
2024-10-10 11:52:27.932 : ChangeLog = for debug/verify
2024-10-10 11:52:27.933 : Expiration = 2028-06-24
2024-10-10 12:35:08.496 : 
2024-10-10 12:35:08.496 : ================== Signature Check ====================
2024-10-10 12:35:08.497 : Author = paul di_Debug_OffLine
2024-10-10 12:35:08.497 : Version = 2024.0718.155524
2024-10-10 12:35:08.497 : ChangeLog = for debug/verify
2024-10-10 12:35:08.497 : Expiration = 2028-06-24
2024-10-10 12:36:08.734 : 
2024-10-10 12:36:08.735 : ================== Signature Check ====================
2024-10-10 12:36:08.736 : Author = paul di_Debug_OffLine
2024-10-10 12:36:08.736 : Version = 2024.0718.155524
2024-10-10 12:36:08.736 : ChangeLog = for debug/verify
2024-10-10 12:36:08.736 : Expiration = 2028-06-24
2024-10-10 16:54:23.251 : 
2024-10-10 16:54:23.252 : ================== Signature Check ====================
2024-10-10 16:54:23.253 : Author = paul di_Debug_OffLine
2024-10-10 16:54:23.253 : Version = 2024.0718.155524
2024-10-10 16:54:23.253 : ChangeLog = for debug/verify
2024-10-10 16:54:23.253 : Expiration = 2028-06-24
2024-10-10 16:54:52.710 : 
2024-10-10 16:54:52.711 : ================== Signature Check ====================
2024-10-10 16:54:52.712 : Author = paul di_Debug_OffLine
2024-10-10 16:54:52.713 : Version = 2024.0718.155524
2024-10-10 16:54:52.713 : ChangeLog = for debug/verify
2024-10-10 16:54:52.713 : Expiration = 2028-06-24
2024-10-10 16:55:30.513 : 
2024-10-10 16:55:30.513 : ================== Signature Check ====================
2024-10-10 16:55:30.514 : Author = paul di_Debug_OffLine
2024-10-10 16:55:30.515 : Version = 2024.0718.155524
2024-10-10 16:55:30.515 : ChangeLog = for debug/verify
2024-10-10 16:55:30.515 : Expiration = 2028-06-24
2024-10-10 17:02:32.736 : 
2024-10-10 17:02:32.736 : ================== Signature Check ====================
2024-10-10 17:02:32.737 : Author = paul di_Debug_OffLine
2024-10-10 17:02:32.737 : Version = 2024.0718.155524
2024-10-10 17:02:32.738 : ChangeLog = for debug/verify
2024-10-10 17:02:32.738 : Expiration = 2028-06-24
2024-10-10 17:02:57.140 : 
2024-10-10 17:02:57.141 : ================== Signature Check ====================
2024-10-10 17:02:57.142 : Author = paul di_Debug_OffLine
2024-10-10 17:02:57.142 : Version = 2024.0718.155524
2024-10-10 17:02:57.142 : ChangeLog = for debug/verify
2024-10-10 17:02:57.142 : Expiration = 2028-06-24
2024-10-10 17:07:04.074 : 
2024-10-10 17:07:04.075 : ================== Signature Check ====================
2024-10-10 17:07:04.076 : Author = paul di_Debug_OffLine
2024-10-10 17:07:04.076 : Version = 2024.0718.155524
2024-10-10 17:07:04.076 : ChangeLog = for debug/verify
2024-10-10 17:07:04.076 : Expiration = 2028-06-24
2024-10-10 17:07:24.282 : 
2024-10-10 17:07:24.282 : ================== Signature Check ====================
2024-10-10 17:07:24.283 : Author = paul di_Debug_OffLine
2024-10-10 17:07:24.283 : Version = 2024.0718.155524
2024-10-10 17:07:24.283 : ChangeLog = for debug/verify
2024-10-10 17:07:24.284 : Expiration = 2028-06-24
2024-10-10 17:08:09.836 : 
2024-10-10 17:08:09.837 : ================== Signature Check ====================
2024-10-10 17:08:09.838 : Author = paul di_Debug_OffLine
2024-10-10 17:08:09.839 : Version = 2024.0718.155524
2024-10-10 17:08:09.839 : ChangeLog = for debug/verify
2024-10-10 17:08:09.839 : Expiration = 2028-06-24
2024-10-10 17:08:58.316 : 
2024-10-10 17:08:58.317 : ================== Signature Check ====================
2024-10-10 17:08:58.318 : Author = paul di_Debug_OffLine
2024-10-10 17:08:58.318 : Version = 2024.0718.155524
2024-10-10 17:08:58.318 : ChangeLog = for debug/verify
2024-10-10 17:08:58.319 : Expiration = 2028-06-24
2024-10-10 17:10:14.101 : 
2024-10-10 17:10:14.101 : ================== Signature Check ====================
2024-10-10 17:10:14.102 : Author = paul di_Debug_OffLine
2024-10-10 17:10:14.103 : Version = 2024.0718.155524
2024-10-10 17:10:14.103 : ChangeLog = for debug/verify
2024-10-10 17:10:14.103 : Expiration = 2028-06-24
2024-10-10 17:10:33.994 : 
2024-10-10 17:10:33.995 : ================== Signature Check ====================
2024-10-10 17:10:33.996 : Author = paul di_Debug_OffLine
2024-10-10 17:10:33.996 : Version = 2024.0718.155524
2024-10-10 17:10:33.996 : ChangeLog = for debug/verify
2024-10-10 17:10:33.996 : Expiration = 2028-06-24
2024-10-10 17:24:10.548 : 
2024-10-10 17:24:10.549 : ================== Signature Check ====================
2024-10-10 17:24:10.549 : Author = paul di_Debug_OffLine
2024-10-10 17:24:10.549 : Version = 2024.0718.155524
2024-10-10 17:24:10.549 : ChangeLog = for debug/verify
2024-10-10 17:24:10.549 : Expiration = 2028-06-24
2024-10-10 17:25:02.036 : 
2024-10-10 17:25:02.037 : ================== Signature Check ====================
2024-10-10 17:25:02.038 : Author = paul di_Debug_OffLine
2024-10-10 17:25:02.038 : Version = 2024.0718.155524
2024-10-10 17:25:02.038 : ChangeLog = for debug/verify
2024-10-10 17:25:02.038 : Expiration = 2028-06-24
2024-10-10 17:25:52.453 : 
2024-10-10 17:25:52.453 : ================== Signature Check ====================
2024-10-10 17:25:52.454 : Author = paul di_Debug_OffLine
2024-10-10 17:25:52.454 : Version = 2024.0718.155524
2024-10-10 17:25:52.454 : ChangeLog = for debug/verify
2024-10-10 17:25:52.455 : Expiration = 2028-06-24
