2024-11-08 08:54:49.119 : 
2024-11-08 08:54:49.122 : ================== Signature Check ====================
2024-11-08 08:54:49.124 : Author = paul di_Debug_OffLine
2024-11-08 08:54:49.124 : Version = 2024.0718.155524
2024-11-08 08:54:49.124 : ChangeLog = for debug/verify
2024-11-08 08:54:49.125 : Expiration = 2028-06-24
2024-11-08 08:55:13.964 : 
2024-11-08 08:55:13.966 : ================== Signature Check ====================
2024-11-08 08:55:13.969 : Author = paul di_Debug_OffLine
2024-11-08 08:55:13.970 : Version = 2024.0718.155524
2024-11-08 08:55:13.970 : ChangeLog = for debug/verify
2024-11-08 08:55:13.973 : Expiration = 2028-06-24
2024-11-08 10:32:16.469 : 
2024-11-08 10:32:16.471 : ================== Signature Check ====================
2024-11-08 10:32:16.472 : Author = paul di_Debug_OffLine
2024-11-08 10:32:16.472 : Version = 2024.0718.155524
2024-11-08 10:32:16.473 : ChangeLog = for debug/verify
2024-11-08 10:32:16.473 : Expiration = 2028-06-24
2024-11-08 10:49:40.403 : 
2024-11-08 10:49:40.404 : ================== Signature Check ====================
2024-11-08 10:49:40.405 : Author = paul di_Debug_OffLine
2024-11-08 10:49:40.405 : Version = 2024.0718.155524
2024-11-08 10:49:40.405 : ChangeLog = for debug/verify
2024-11-08 10:49:40.405 : Expiration = 2028-06-24
2024-11-08 11:09:40.097 : 
2024-11-08 11:09:40.097 : ================== Signature Check ====================
2024-11-08 11:09:40.098 : Author = paul di_Debug_OffLine
2024-11-08 11:09:40.098 : Version = 2024.0718.155524
2024-11-08 11:09:40.098 : ChangeLog = for debug/verify
2024-11-08 11:09:40.099 : Expiration = 2028-06-24
2024-11-08 11:23:32.677 : 
2024-11-08 11:23:32.677 : ================== Signature Check ====================
2024-11-08 11:23:32.678 : Author = paul di_Debug_OffLine
2024-11-08 11:23:32.678 : Version = 2024.0718.155524
2024-11-08 11:23:32.678 : ChangeLog = for debug/verify
2024-11-08 11:23:32.679 : Expiration = 2028-06-24
2024-11-08 11:29:12.612 : 
2024-11-08 11:29:12.613 : ================== Signature Check ====================
2024-11-08 11:29:12.614 : Author = paul di_Debug_OffLine
2024-11-08 11:29:12.614 : Version = 2024.0718.155524
2024-11-08 11:29:12.614 : ChangeLog = for debug/verify
2024-11-08 11:29:12.614 : Expiration = 2028-06-24
2024-11-08 11:32:53.900 : 
2024-11-08 11:32:53.901 : ================== Signature Check ====================
2024-11-08 11:32:53.902 : Author = paul di_Debug_OffLine
2024-11-08 11:32:53.902 : Version = 2024.0718.155524
2024-11-08 11:32:53.902 : ChangeLog = for debug/verify
2024-11-08 11:32:53.902 : Expiration = 2028-06-24
2024-11-08 13:13:47.084 : 
2024-11-08 13:13:47.085 : ================== Signature Check ====================
2024-11-08 13:13:47.086 : Author = paul di_Debug_OffLine
2024-11-08 13:13:47.086 : Version = 2024.0718.155524
2024-11-08 13:13:47.086 : ChangeLog = for debug/verify
2024-11-08 13:13:47.086 : Expiration = 2028-06-24
2024-11-08 13:18:01.579 : 
2024-11-08 13:18:01.579 : ================== Signature Check ====================
2024-11-08 13:18:01.580 : Author = paul di_Debug_OffLine
2024-11-08 13:18:01.580 : Version = 2024.0718.155524
2024-11-08 13:18:01.581 : ChangeLog = for debug/verify
2024-11-08 13:18:01.581 : Expiration = 2028-06-24
2024-11-08 13:57:13.001 : 
2024-11-08 13:57:13.002 : ================== Signature Check ====================
2024-11-08 13:57:13.003 : Author = paul di_Debug_OffLine
2024-11-08 13:57:13.003 : Version = 2024.0718.155524
2024-11-08 13:57:13.003 : ChangeLog = for debug/verify
2024-11-08 13:57:13.003 : Expiration = 2028-06-24
2024-11-08 15:10:05.808 : 
2024-11-08 15:10:05.809 : ================== Signature Check ====================
2024-11-08 15:10:05.809 : Author = paul di_Debug_OffLine
2024-11-08 15:10:05.810 : Version = 2024.0718.155524
2024-11-08 15:10:05.810 : ChangeLog = for debug/verify
2024-11-08 15:10:05.810 : Expiration = 2028-06-24
2024-11-08 17:01:56.927 : 
2024-11-08 17:01:56.928 : ================== Signature Check ====================
2024-11-08 17:01:56.929 : Author = paul di_Debug_OffLine
2024-11-08 17:01:56.929 : Version = 2024.0718.155524
2024-11-08 17:01:56.929 : ChangeLog = for debug/verify
2024-11-08 17:01:56.929 : Expiration = 2028-06-24
2024-11-08 17:21:18.537 : 
2024-11-08 17:21:18.537 : ================== Signature Check ====================
2024-11-08 17:21:18.538 : Author = paul di_Debug_OffLine
2024-11-08 17:21:18.538 : Version = 2024.0718.155524
2024-11-08 17:21:18.539 : ChangeLog = for debug/verify
2024-11-08 17:21:18.539 : Expiration = 2028-06-24
2024-11-08 17:22:38.129 : 
2024-11-08 17:22:38.130 : ================== Signature Check ====================
2024-11-08 17:22:38.130 : Author = paul di_Debug_OffLine
2024-11-08 17:22:38.131 : Version = 2024.0718.155524
2024-11-08 17:22:38.131 : ChangeLog = for debug/verify
2024-11-08 17:22:38.131 : Expiration = 2028-06-24
