2024-12-16 19:09:12.668 : 
2024-12-16 19:09:12.673 : ================== Signature Check ====================
2024-12-16 19:09:12.677 : Author = paul di_Debug_OffLine
2024-12-16 19:09:12.680 : Version = 2024.0718.155524
2024-12-16 19:09:12.684 : ChangeLog = for debug/verify
2024-12-16 19:09:12.688 : Expiration = 2028-06-24
2024-12-16 19:41:06.963 : 
2024-12-16 19:41:06.970 : ================== Signature Check ====================
2024-12-16 19:41:06.976 : Author = paul di_Debug_OffLine
2024-12-16 19:41:06.980 : Version = 2024.0718.155524
2024-12-16 19:41:06.984 : ChangeLog = for debug/verify
2024-12-16 19:41:06.988 : Expiration = 2028-06-24
2024-12-16 19:42:38.559 : 
2024-12-16 19:42:38.564 : ================== Signature Check ====================
2024-12-16 19:42:38.570 : Author = paul di_Debug_OffLine
2024-12-16 19:42:38.574 : Version = 2024.0718.155524
2024-12-16 19:42:38.578 : ChangeLog = for debug/verify
2024-12-16 19:42:38.582 : Expiration = 2028-06-24
2024-12-16 19:44:59.562 : 
2024-12-16 19:44:59.568 : ================== Signature Check ====================
2024-12-16 19:44:59.574 : Author = paul di_Debug_OffLine
2024-12-16 19:44:59.579 : Version = 2024.0718.155524
2024-12-16 19:44:59.584 : ChangeLog = for debug/verify
2024-12-16 19:44:59.589 : Expiration = 2028-06-24
2024-12-16 19:48:04.011 : 
2024-12-16 19:48:04.019 : ================== Signature Check ====================
2024-12-16 19:48:04.024 : Author = paul di_Debug_OffLine
2024-12-16 19:48:04.029 : Version = 2024.0718.155524
2024-12-16 19:48:04.034 : ChangeLog = for debug/verify
2024-12-16 19:48:04.039 : Expiration = 2028-06-24
2024-12-16 19:54:11.243 : 
2024-12-16 19:54:11.249 : ================== Signature Check ====================
2024-12-16 19:54:11.254 : Author = paul di_Debug_OffLine
2024-12-16 19:54:11.259 : Version = 2024.0718.155524
2024-12-16 19:54:11.264 : ChangeLog = for debug/verify
2024-12-16 19:54:11.269 : Expiration = 2028-06-24
2024-12-16 20:01:59.582 : 
2024-12-16 20:01:59.589 : ================== Signature Check ====================
2024-12-16 20:01:59.594 : Author = paul di_Debug_OffLine
2024-12-16 20:01:59.599 : Version = 2024.0718.155524
2024-12-16 20:01:59.604 : ChangeLog = for debug/verify
2024-12-16 20:01:59.609 : Expiration = 2028-06-24
2024-12-16 20:08:55.211 : 
2024-12-16 20:08:55.217 : ================== Signature Check ====================
2024-12-16 20:08:55.223 : Author = paul di_Debug_OffLine
2024-12-16 20:08:55.228 : Version = 2024.0718.155524
2024-12-16 20:08:55.233 : ChangeLog = for debug/verify
2024-12-16 20:08:55.238 : Expiration = 2028-06-24
2024-12-16 20:09:18.571 : 
2024-12-16 20:09:18.577 : ================== Signature Check ====================
2024-12-16 20:09:18.582 : Author = paul di_Debug_OffLine
2024-12-16 20:09:18.587 : Version = 2024.0718.155524
2024-12-16 20:09:18.592 : ChangeLog = for debug/verify
2024-12-16 20:09:18.597 : Expiration = 2028-06-24
2024-12-16 20:21:12.502 : 
2024-12-16 20:21:12.511 : ================== Signature Check ====================
2024-12-16 20:21:12.518 : Author = paul di_Debug_OffLine
2024-12-16 20:21:12.523 : Version = 2024.0718.155524
2024-12-16 20:21:12.527 : ChangeLog = for debug/verify
2024-12-16 20:21:12.533 : Expiration = 2028-06-24
2024-12-16 20:34:41.344 : 
2024-12-16 20:34:41.350 : ================== Signature Check ====================
2024-12-16 20:34:41.355 : Author = paul di_Debug_OffLine
2024-12-16 20:34:41.360 : Version = 2024.0718.155524
2024-12-16 20:34:41.365 : ChangeLog = for debug/verify
2024-12-16 20:34:41.370 : Expiration = 2028-06-24
2024-12-16 20:34:52.702 : 
2024-12-16 20:34:52.708 : ================== Signature Check ====================
2024-12-16 20:34:52.714 : Author = paul di_Debug_OffLine
2024-12-16 20:34:52.720 : Version = 2024.0718.155524
2024-12-16 20:34:52.725 : ChangeLog = for debug/verify
2024-12-16 20:34:52.730 : Expiration = 2028-06-24
2024-12-16 20:40:13.926 : 
2024-12-16 20:40:13.933 : ================== Signature Check ====================
2024-12-16 20:40:13.941 : Author = paul di_Release_OffLine
2024-12-16 20:40:13.947 : Version = 2024.0718.155524
2024-12-16 20:40:13.953 : ChangeLog = for debug/verify
2024-12-16 20:40:13.958 : Expiration = 2028-06-24
2024-12-16 20:40:49.074 : 
2024-12-16 20:40:49.082 : ================== Signature Check ====================
2024-12-16 20:40:49.088 : Author = paul di_Release_OffLine
2024-12-16 20:40:49.095 : Version = 2024.0718.155524
2024-12-16 20:40:49.101 : ChangeLog = for debug/verify
2024-12-16 20:40:49.106 : Expiration = 2028-06-24
2024-12-16 20:44:45.863 : 
2024-12-16 20:44:45.869 : ================== Signature Check ====================
2024-12-16 20:44:45.875 : Author = paul di_Release_OffLine
2024-12-16 20:44:45.881 : Version = 2024.0718.155524
2024-12-16 20:44:45.887 : ChangeLog = for debug/verify
2024-12-16 20:44:45.893 : Expiration = 2028-06-24
