2024-11-22 09:28:18.412 : 
2024-11-22 09:28:18.412 : ================== Signature Check ====================
2024-11-22 09:28:18.413 : Author = paul di_Debug_OffLine
2024-11-22 09:28:18.413 : Version = 2024.0718.155524
2024-11-22 09:28:18.413 : ChangeLog = for debug/verify
2024-11-22 09:28:18.413 : Expiration = 2028-06-24
2024-11-22 11:03:53.324 : 
2024-11-22 11:03:53.324 : ================== Signature Check ====================
2024-11-22 11:03:53.325 : Author = paul di_Debug_OffLine
2024-11-22 11:03:53.325 : Version = 2024.0718.155524
2024-11-22 11:03:53.326 : ChangeLog = for debug/verify
2024-11-22 11:03:53.326 : Expiration = 2028-06-24
2024-11-22 11:05:54.064 : 
2024-11-22 11:05:54.065 : ================== Signature Check ====================
2024-11-22 11:05:54.066 : Author = paul di_Debug_OffLine
2024-11-22 11:05:54.066 : Version = 2024.0718.155524
2024-11-22 11:05:54.066 : ChangeLog = for debug/verify
2024-11-22 11:05:54.067 : Expiration = 2028-06-24
2024-11-22 11:26:33.590 : 
2024-11-22 11:26:33.590 : ================== Signature Check ====================
2024-11-22 11:26:33.591 : Author = paul di_Debug_OffLine
2024-11-22 11:26:33.592 : Version = 2024.0718.155524
2024-11-22 11:26:33.592 : ChangeLog = for debug/verify
2024-11-22 11:26:33.592 : Expiration = 2028-06-24
2024-11-22 11:38:02.978 : 
2024-11-22 11:38:02.979 : ================== Signature Check ====================
2024-11-22 11:38:02.979 : Author = paul di_Debug_OffLine
2024-11-22 11:38:02.979 : Version = 2024.0718.155524
2024-11-22 11:38:02.980 : ChangeLog = for debug/verify
2024-11-22 11:38:02.980 : Expiration = 2028-06-24
2024-11-22 11:38:38.302 : 
2024-11-22 11:38:38.302 : ================== Signature Check ====================
2024-11-22 11:38:38.304 : Author = paul di_Debug_OffLine
2024-11-22 11:38:38.304 : Version = 2024.0718.155524
2024-11-22 11:38:38.304 : ChangeLog = for debug/verify
2024-11-22 11:38:38.305 : Expiration = 2028-06-24
2024-11-22 11:48:17.453 : 
2024-11-22 11:48:17.454 : ================== Signature Check ====================
2024-11-22 11:48:17.454 : Author = paul di_Debug_OffLine
2024-11-22 11:48:17.454 : Version = 2024.0718.155524
2024-11-22 11:48:17.455 : ChangeLog = for debug/verify
2024-11-22 11:48:17.455 : Expiration = 2028-06-24
2024-11-22 11:54:12.194 : 
2024-11-22 11:54:12.194 : ================== Signature Check ====================
2024-11-22 11:54:12.194 : Author = paul di_Debug_OffLine
2024-11-22 11:54:12.195 : Version = 2024.0718.155524
2024-11-22 11:54:12.195 : ChangeLog = for debug/verify
2024-11-22 11:54:12.196 : Expiration = 2028-06-24
2024-11-22 13:20:36.278 : 
2024-11-22 13:20:36.279 : ================== Signature Check ====================
2024-11-22 13:20:36.279 : Author = paul di_Debug_OffLine
2024-11-22 13:20:36.279 : Version = 2024.0718.155524
2024-11-22 13:20:36.280 : ChangeLog = for debug/verify
2024-11-22 13:20:36.280 : Expiration = 2028-06-24
2024-11-22 14:52:53.681 : 
2024-11-22 14:52:53.682 : ================== Signature Check ====================
2024-11-22 14:52:53.682 : Author = paul di_Debug_OffLine
2024-11-22 14:52:53.683 : Version = 2024.0718.155524
2024-11-22 14:52:53.683 : ChangeLog = for debug/verify
2024-11-22 14:52:53.684 : Expiration = 2028-06-24
2024-11-22 14:53:45.437 : 
2024-11-22 14:53:45.437 : ================== Signature Check ====================
2024-11-22 14:53:45.438 : Author = paul di_Debug_OffLine
2024-11-22 14:53:45.438 : Version = 2024.0718.155524
2024-11-22 14:53:45.439 : ChangeLog = for debug/verify
2024-11-22 14:53:45.439 : Expiration = 2028-06-24
2024-11-22 14:54:35.783 : 
2024-11-22 14:54:35.784 : ================== Signature Check ====================
2024-11-22 14:54:35.785 : Author = paul di_Debug_OffLine
2024-11-22 14:54:35.785 : Version = 2024.0718.155524
2024-11-22 14:54:35.785 : ChangeLog = for debug/verify
2024-11-22 14:54:35.785 : Expiration = 2028-06-24
2024-11-22 15:02:47.499 : 
2024-11-22 15:02:47.500 : ================== Signature Check ====================
2024-11-22 15:02:47.500 : Author = paul di_Debug_OffLine
2024-11-22 15:02:47.501 : Version = 2024.0718.155524
2024-11-22 15:02:47.501 : ChangeLog = for debug/verify
2024-11-22 15:02:47.501 : Expiration = 2028-06-24
2024-11-22 15:24:09.203 : 
2024-11-22 15:24:09.204 : ================== Signature Check ====================
2024-11-22 15:24:09.205 : Author = paul di_Debug_OffLine
2024-11-22 15:24:09.205 : Version = 2024.0718.155524
2024-11-22 15:24:09.205 : ChangeLog = for debug/verify
2024-11-22 15:24:09.205 : Expiration = 2028-06-24
2024-11-22 15:32:09.269 : 
2024-11-22 15:32:09.270 : ================== Signature Check ====================
2024-11-22 15:32:09.271 : Author = paul di_Debug_OffLine
2024-11-22 15:32:09.271 : Version = 2024.0718.155524
2024-11-22 15:32:09.271 : ChangeLog = for debug/verify
2024-11-22 15:32:09.272 : Expiration = 2028-06-24
2024-11-22 15:38:38.996 : 
2024-11-22 15:38:38.997 : ================== Signature Check ====================
2024-11-22 15:38:38.998 : Author = paul di_Debug_OffLine
2024-11-22 15:38:38.998 : Version = 2024.0718.155524
2024-11-22 15:38:38.999 : ChangeLog = for debug/verify
2024-11-22 15:38:38.999 : Expiration = 2028-06-24
2024-11-22 15:52:33.578 : 
2024-11-22 15:52:33.578 : ================== Signature Check ====================
2024-11-22 15:52:33.579 : Author = paul di_Debug_OffLine
2024-11-22 15:52:33.579 : Version = 2024.0718.155524
2024-11-22 15:52:33.580 : ChangeLog = for debug/verify
2024-11-22 15:52:33.580 : Expiration = 2028-06-24
2024-11-22 15:58:05.320 : 
2024-11-22 15:58:05.321 : ================== Signature Check ====================
2024-11-22 15:58:05.321 : Author = paul di_Debug_OffLine
2024-11-22 15:58:05.322 : Version = 2024.0718.155524
2024-11-22 15:58:05.322 : ChangeLog = for debug/verify
2024-11-22 15:58:05.322 : Expiration = 2028-06-24
2024-11-22 16:04:25.811 : 
2024-11-22 16:04:25.812 : ================== Signature Check ====================
2024-11-22 16:04:25.812 : Author = paul di_Debug_OffLine
2024-11-22 16:04:25.812 : Version = 2024.0718.155524
2024-11-22 16:04:25.812 : ChangeLog = for debug/verify
2024-11-22 16:04:25.812 : Expiration = 2028-06-24
2024-11-22 16:09:52.173 : 
2024-11-22 16:09:52.174 : ================== Signature Check ====================
2024-11-22 16:09:52.175 : Author = paul di_Debug_OffLine
2024-11-22 16:09:52.175 : Version = 2024.0718.155524
2024-11-22 16:09:52.176 : ChangeLog = for debug/verify
2024-11-22 16:09:52.176 : Expiration = 2028-06-24
2024-11-22 16:17:59.117 : 
2024-11-22 16:17:59.118 : ================== Signature Check ====================
2024-11-22 16:17:59.118 : Author = paul di_Debug_OffLine
2024-11-22 16:17:59.118 : Version = 2024.0718.155524
2024-11-22 16:17:59.118 : ChangeLog = for debug/verify
2024-11-22 16:17:59.119 : Expiration = 2028-06-24
2024-11-22 16:24:54.151 : 
2024-11-22 16:24:54.151 : ================== Signature Check ====================
2024-11-22 16:24:54.152 : Author = paul di_Debug_OffLine
2024-11-22 16:24:54.152 : Version = 2024.0718.155524
2024-11-22 16:24:54.153 : ChangeLog = for debug/verify
2024-11-22 16:24:54.153 : Expiration = 2028-06-24
2024-11-22 16:34:32.100 : 
2024-11-22 16:34:32.101 : ================== Signature Check ====================
2024-11-22 16:34:32.102 : Author = paul di_Debug_OffLine
2024-11-22 16:34:32.102 : Version = 2024.0718.155524
2024-11-22 16:34:32.102 : ChangeLog = for debug/verify
2024-11-22 16:34:32.102 : Expiration = 2028-06-24
2024-11-22 16:41:37.247 : 
2024-11-22 16:41:37.248 : ================== Signature Check ====================
2024-11-22 16:41:37.249 : Author = paul di_Debug_OffLine
2024-11-22 16:41:37.249 : Version = 2024.0718.155524
2024-11-22 16:41:37.249 : ChangeLog = for debug/verify
2024-11-22 16:41:37.250 : Expiration = 2028-06-24
2024-11-22 22:15:17.020 : 
2024-11-22 22:15:17.029 : ================== Signature Check ====================
2024-11-22 22:15:17.029 : Author = paul di_Debug_OffLine
2024-11-22 22:15:17.036 : Version = 2024.0718.155524
2024-11-22 22:15:17.036 : ChangeLog = for debug/verify
2024-11-22 22:15:17.036 : Expiration = 2028-06-24
2024-11-22 22:21:04.069 : 
2024-11-22 22:21:04.070 : ================== Signature Check ====================
2024-11-22 22:21:04.070 : Author = paul di_Debug_OffLine
2024-11-22 22:21:04.071 : Version = 2024.0718.155524
2024-11-22 22:21:04.071 : ChangeLog = for debug/verify
2024-11-22 22:21:04.071 : Expiration = 2028-06-24
2024-11-22 22:26:37.198 : 
2024-11-22 22:26:37.199 : ================== Signature Check ====================
2024-11-22 22:26:37.199 : Author = paul di_Debug_OffLine
2024-11-22 22:26:37.199 : Version = 2024.0718.155524
2024-11-22 22:26:37.200 : ChangeLog = for debug/verify
2024-11-22 22:26:37.200 : Expiration = 2028-06-24
2024-11-22 22:29:09.850 : 
2024-11-22 22:29:09.850 : ================== Signature Check ====================
2024-11-22 22:29:09.850 : Author = paul di_Debug_OffLine
2024-11-22 22:29:09.851 : Version = 2024.0718.155524
2024-11-22 22:29:09.851 : ChangeLog = for debug/verify
2024-11-22 22:29:09.851 : Expiration = 2028-06-24
2024-11-22 22:36:55.354 : 
2024-11-22 22:36:55.355 : ================== Signature Check ====================
2024-11-22 22:36:55.355 : Author = paul di_Debug_OffLine
2024-11-22 22:36:55.355 : Version = 2024.0718.155524
2024-11-22 22:36:55.355 : ChangeLog = for debug/verify
2024-11-22 22:36:55.356 : Expiration = 2028-06-24
