2024-11-25 11:06:22.660 : 
2024-11-25 11:06:22.661 : ================== Signature Check ====================
2024-11-25 11:06:22.662 : Author = paul di_Debug_OffLine
2024-11-25 11:06:22.663 : Version = 2024.0718.155524
2024-11-25 11:06:22.663 : ChangeLog = for debug/verify
2024-11-25 11:06:22.663 : Expiration = 2028-06-24
2024-11-25 14:11:31.250 : 
2024-11-25 14:11:31.252 : ================== Signature Check ====================
2024-11-25 14:11:31.253 : Author = paul di_Debug_OffLine
2024-11-25 14:11:31.254 : Version = 2024.0718.155524
2024-11-25 14:11:31.254 : ChangeLog = for debug/verify
2024-11-25 14:11:31.254 : Expiration = 2028-06-24
2024-11-25 14:28:11.093 : 
2024-11-25 14:28:11.093 : ================== Signature Check ====================
2024-11-25 14:28:11.094 : Author = paul di_Debug_OffLine
2024-11-25 14:28:11.094 : Version = 2024.0718.155524
2024-11-25 14:28:11.094 : ChangeLog = for debug/verify
2024-11-25 14:28:11.095 : Expiration = 2028-06-24
2024-11-25 14:34:19.894 : 
2024-11-25 14:34:19.894 : ================== Signature Check ====================
2024-11-25 14:34:19.895 : Author = paul di_Release_OffLine
2024-11-25 14:34:19.896 : Version = 2024.0718.155524
2024-11-25 14:34:19.896 : ChangeLog = for debug/verify
2024-11-25 14:34:19.896 : Expiration = 2028-06-24
2024-11-25 14:36:07.747 : 
2024-11-25 14:36:07.747 : ================== Signature Check ====================
2024-11-25 14:36:07.748 : Author = paul di_Release_OffLine
2024-11-25 14:36:07.748 : Version = 2024.0718.155524
2024-11-25 14:36:07.748 : ChangeLog = for debug/verify
2024-11-25 14:36:07.748 : Expiration = 2028-06-24
2024-11-25 14:37:03.165 : 
2024-11-25 14:37:03.166 : ================== Signature Check ====================
2024-11-25 14:37:03.167 : Author = paul di_Debug_OffLine
2024-11-25 14:37:03.168 : Version = 2024.0718.155524
2024-11-25 14:37:03.168 : ChangeLog = for debug/verify
2024-11-25 14:37:03.168 : Expiration = 2028-06-24
2024-11-25 14:37:36.623 : 
2024-11-25 14:37:36.624 : ================== Signature Check ====================
2024-11-25 14:37:36.625 : Author = paul di_Release_OffLine
2024-11-25 14:37:36.625 : Version = 2024.0718.155524
2024-11-25 14:37:36.625 : ChangeLog = for debug/verify
2024-11-25 14:37:36.626 : Expiration = 2028-06-24
2024-11-25 14:39:24.359 : 
2024-11-25 14:39:24.359 : ================== Signature Check ====================
2024-11-25 14:39:24.359 : Author = paul di_Release_OffLine
2024-11-25 14:39:24.360 : Version = 2024.0718.155524
2024-11-25 14:39:24.360 : ChangeLog = for debug/verify
2024-11-25 14:39:24.361 : Expiration = 2028-06-24
2024-11-25 14:44:03.035 : 
2024-11-25 14:44:03.036 : ================== Signature Check ====================
2024-11-25 14:44:03.036 : Author = paul di_Release_OffLine
2024-11-25 14:44:03.037 : Version = 2024.0718.155524
2024-11-25 14:44:03.037 : ChangeLog = for debug/verify
2024-11-25 14:44:03.037 : Expiration = 2028-06-24
2024-11-25 14:49:58.892 : 
2024-11-25 14:49:58.893 : ================== Signature Check ====================
2024-11-25 14:49:58.893 : Author = paul di_Release_OffLine
2024-11-25 14:49:58.894 : Version = 2024.0718.155524
2024-11-25 14:49:58.894 : ChangeLog = for debug/verify
2024-11-25 14:49:58.894 : Expiration = 2028-06-24
2024-11-25 14:50:13.196 : 
2024-11-25 14:50:13.196 : ================== Signature Check ====================
2024-11-25 14:50:13.197 : Author = paul di_Debug_OffLine
2024-11-25 14:50:13.198 : Version = 2024.0718.155524
2024-11-25 14:50:13.198 : ChangeLog = for debug/verify
2024-11-25 14:50:13.198 : Expiration = 2028-06-24
2024-11-25 14:50:50.504 : 
2024-11-25 14:50:50.505 : ================== Signature Check ====================
2024-11-25 14:50:50.506 : Author = paul di_Release_OffLine
2024-11-25 14:50:50.506 : Version = 2024.0718.155524
2024-11-25 14:50:50.507 : ChangeLog = for debug/verify
2024-11-25 14:50:50.507 : Expiration = 2028-06-24
2024-11-25 14:52:38.479 : 
2024-11-25 14:52:38.480 : ================== Signature Check ====================
2024-11-25 14:52:38.480 : Author = paul di_Release_OffLine
2024-11-25 14:52:38.481 : Version = 2024.0718.155524
2024-11-25 14:52:38.481 : ChangeLog = for debug/verify
2024-11-25 14:52:38.481 : Expiration = 2028-06-24
2024-11-25 14:57:33.625 : 
2024-11-25 14:57:33.625 : ================== Signature Check ====================
2024-11-25 14:57:33.626 : Author = paul di_Release_OffLine
2024-11-25 14:57:33.626 : Version = 2024.0718.155524
2024-11-25 14:57:33.626 : ChangeLog = for debug/verify
2024-11-25 14:57:33.627 : Expiration = 2028-06-24
2024-11-25 15:12:55.031 : 
2024-11-25 15:12:55.032 : ================== Signature Check ====================
2024-11-25 15:12:55.032 : Author = paul di_Release_OffLine
2024-11-25 15:12:55.033 : Version = 2024.0718.155524
2024-11-25 15:12:55.033 : ChangeLog = for debug/verify
2024-11-25 15:12:55.034 : Expiration = 2028-06-24
2024-11-25 15:13:04.030 : 
2024-11-25 15:13:04.031 : ================== Signature Check ====================
2024-11-25 15:13:04.032 : Author = paul di_Debug_OffLine
2024-11-25 15:13:04.032 : Version = 2024.0718.155524
2024-11-25 15:13:04.032 : ChangeLog = for debug/verify
2024-11-25 15:13:04.033 : Expiration = 2028-06-24
2024-11-25 15:31:14.226 : 
2024-11-25 15:31:14.232 : ================== Signature Check ====================
2024-11-25 15:31:14.233 : Author = paul di_Release_OffLine
2024-11-25 15:31:14.233 : Version = 2024.0718.155524
2024-11-25 15:31:14.234 : ChangeLog = for debug/verify
2024-11-25 15:31:14.234 : Expiration = 2028-06-24
2024-11-25 15:33:02.418 : 
2024-11-25 15:33:02.418 : ================== Signature Check ====================
2024-11-25 15:33:02.419 : Author = paul di_Release_OffLine
2024-11-25 15:33:02.419 : Version = 2024.0718.155524
2024-11-25 15:33:02.419 : ChangeLog = for debug/verify
2024-11-25 15:33:02.420 : Expiration = 2028-06-24
2024-11-25 15:37:34.107 : 
2024-11-25 15:37:34.108 : ================== Signature Check ====================
2024-11-25 15:37:34.108 : Author = paul di_Release_OffLine
2024-11-25 15:37:34.108 : Version = 2024.0718.155524
2024-11-25 15:37:34.109 : ChangeLog = for debug/verify
2024-11-25 15:37:34.109 : Expiration = 2028-06-24
2024-11-25 15:38:45.579 : 
2024-11-25 15:38:45.580 : ================== Signature Check ====================
2024-11-25 15:38:45.581 : Author = paul di_Debug_OffLine
2024-11-25 15:38:45.581 : Version = 2024.0718.155524
2024-11-25 15:38:45.582 : ChangeLog = for debug/verify
2024-11-25 15:38:45.582 : Expiration = 2028-06-24
2024-11-25 15:55:57.131 : 
2024-11-25 15:55:57.131 : ================== Signature Check ====================
2024-11-25 15:55:57.132 : Author = paul di_Release_OffLine
2024-11-25 15:55:57.133 : Version = 2024.0718.155524
2024-11-25 15:55:57.133 : ChangeLog = for debug/verify
2024-11-25 15:55:57.133 : Expiration = 2028-06-24
2024-11-25 15:57:44.750 : 
2024-11-25 15:57:44.751 : ================== Signature Check ====================
2024-11-25 15:57:44.751 : Author = paul di_Release_OffLine
2024-11-25 15:57:44.751 : Version = 2024.0718.155524
2024-11-25 15:57:44.752 : ChangeLog = for debug/verify
2024-11-25 15:57:44.752 : Expiration = 2028-06-24
2024-11-25 16:10:39.321 : 
2024-11-25 16:10:39.321 : ================== Signature Check ====================
2024-11-25 16:10:39.322 : Author = paul di_Release_OffLine
2024-11-25 16:10:39.322 : Version = 2024.0718.155524
2024-11-25 16:10:39.322 : ChangeLog = for debug/verify
2024-11-25 16:10:39.323 : Expiration = 2028-06-24
2024-11-25 16:11:12.186 : 
2024-11-25 16:11:12.187 : ================== Signature Check ====================
2024-11-25 16:11:12.188 : Author = paul di_Debug_OffLine
2024-11-25 16:11:12.188 : Version = 2024.0718.155524
2024-11-25 16:11:12.189 : ChangeLog = for debug/verify
2024-11-25 16:11:12.189 : Expiration = 2028-06-24
2024-11-25 16:12:21.788 : 
2024-11-25 16:12:21.789 : ================== Signature Check ====================
2024-11-25 16:12:21.790 : Author = paul di_Debug_OffLine
2024-11-25 16:12:21.790 : Version = 2024.0718.155524
2024-11-25 16:12:21.791 : ChangeLog = for debug/verify
2024-11-25 16:12:21.791 : Expiration = 2028-06-24
2024-11-25 16:13:46.572 : 
2024-11-25 16:13:46.573 : ================== Signature Check ====================
2024-11-25 16:13:46.574 : Author = paul di_Debug_OffLine
2024-11-25 16:13:46.574 : Version = 2024.0718.155524
2024-11-25 16:13:46.575 : ChangeLog = for debug/verify
2024-11-25 16:13:46.575 : Expiration = 2028-06-24
2024-11-25 16:37:24.961 : 
2024-11-25 16:37:24.962 : ================== Signature Check ====================
2024-11-25 16:37:24.963 : Author = paul di_Debug_OffLine
2024-11-25 16:37:24.964 : Version = 2024.0718.155524
2024-11-25 16:37:24.964 : ChangeLog = for debug/verify
2024-11-25 16:37:24.964 : Expiration = 2028-06-24
2024-11-25 16:38:26.612 : 
2024-11-25 16:38:26.613 : ================== Signature Check ====================
2024-11-25 16:38:26.614 : Author = paul di_Debug_OffLine
2024-11-25 16:38:26.614 : Version = 2024.0718.155524
2024-11-25 16:38:26.615 : ChangeLog = for debug/verify
2024-11-25 16:38:26.615 : Expiration = 2028-06-24
2024-11-25 16:39:55.073 : 
2024-11-25 16:39:55.074 : ================== Signature Check ====================
2024-11-25 16:39:55.075 : Author = paul di_Debug_OffLine
2024-11-25 16:39:55.075 : Version = 2024.0718.155524
2024-11-25 16:39:55.076 : ChangeLog = for debug/verify
2024-11-25 16:39:55.076 : Expiration = 2028-06-24
2024-11-25 16:40:41.059 : 
2024-11-25 16:40:41.060 : ================== Signature Check ====================
2024-11-25 16:40:41.061 : Author = paul di_Debug_OffLine
2024-11-25 16:40:41.061 : Version = 2024.0718.155524
2024-11-25 16:40:41.061 : ChangeLog = for debug/verify
2024-11-25 16:40:41.062 : Expiration = 2028-06-24
2024-11-25 16:41:04.829 : 
2024-11-25 16:41:04.830 : ================== Signature Check ====================
2024-11-25 16:41:04.831 : Author = paul di_Debug_OffLine
2024-11-25 16:41:04.831 : Version = 2024.0718.155524
2024-11-25 16:41:04.831 : ChangeLog = for debug/verify
2024-11-25 16:41:04.832 : Expiration = 2028-06-24
2024-11-25 16:42:13.838 : 
2024-11-25 16:42:13.839 : ================== Signature Check ====================
2024-11-25 16:42:13.840 : Author = paul di_Debug_OffLine
2024-11-25 16:42:13.840 : Version = 2024.0718.155524
2024-11-25 16:42:13.841 : ChangeLog = for debug/verify
2024-11-25 16:42:13.841 : Expiration = 2028-06-24
2024-11-25 16:42:55.593 : 
2024-11-25 16:42:55.594 : ================== Signature Check ====================
2024-11-25 16:42:55.596 : Author = paul di_Debug_OffLine
2024-11-25 16:42:55.596 : Version = 2024.0718.155524
2024-11-25 16:42:55.596 : ChangeLog = for debug/verify
2024-11-25 16:42:55.597 : Expiration = 2028-06-24
2024-11-25 16:43:16.277 : 
2024-11-25 16:43:16.278 : ================== Signature Check ====================
2024-11-25 16:43:16.280 : Author = paul di_Debug_OffLine
2024-11-25 16:43:16.280 : Version = 2024.0718.155524
2024-11-25 16:43:16.280 : ChangeLog = for debug/verify
2024-11-25 16:43:16.281 : Expiration = 2028-06-24
2024-11-25 16:44:13.588 : 
2024-11-25 16:44:13.589 : ================== Signature Check ====================
2024-11-25 16:44:13.590 : Author = paul di_Debug_OffLine
2024-11-25 16:44:13.590 : Version = 2024.0718.155524
2024-11-25 16:44:13.591 : ChangeLog = for debug/verify
2024-11-25 16:44:13.591 : Expiration = 2028-06-24
2024-11-25 16:44:43.414 : 
2024-11-25 16:44:43.415 : ================== Signature Check ====================
2024-11-25 16:44:43.416 : Author = paul di_Debug_OffLine
2024-11-25 16:44:43.416 : Version = 2024.0718.155524
2024-11-25 16:44:43.416 : ChangeLog = for debug/verify
2024-11-25 16:44:43.417 : Expiration = 2028-06-24
2024-11-25 16:45:10.483 : 
2024-11-25 16:45:10.484 : ================== Signature Check ====================
2024-11-25 16:45:10.485 : Author = paul di_Debug_OffLine
2024-11-25 16:45:10.485 : Version = 2024.0718.155524
2024-11-25 16:45:10.485 : ChangeLog = for debug/verify
2024-11-25 16:45:10.486 : Expiration = 2028-06-24
2024-11-25 16:49:49.134 : 
2024-11-25 16:49:49.135 : ================== Signature Check ====================
2024-11-25 16:49:49.136 : Author = paul di_Debug_OffLine
2024-11-25 16:49:49.136 : Version = 2024.0718.155524
2024-11-25 16:49:49.137 : ChangeLog = for debug/verify
2024-11-25 16:49:49.137 : Expiration = 2028-06-24
2024-11-25 17:26:27.873 : 
2024-11-25 17:26:27.874 : ================== Signature Check ====================
2024-11-25 17:26:27.875 : Author = paul di_Debug_OffLine
2024-11-25 17:26:27.876 : Version = 2024.0718.155524
2024-11-25 17:26:27.876 : ChangeLog = for debug/verify
2024-11-25 17:26:27.876 : Expiration = 2028-06-24
2024-11-25 17:33:24.189 : 
2024-11-25 17:33:24.189 : ================== Signature Check ====================
2024-11-25 17:33:24.190 : Author = paul di_Debug_OffLine
2024-11-25 17:33:24.191 : Version = 2024.0718.155524
2024-11-25 17:33:24.191 : ChangeLog = for debug/verify
2024-11-25 17:33:24.191 : Expiration = 2028-06-24
2024-11-25 17:34:15.279 : 
2024-11-25 17:34:15.279 : ================== Signature Check ====================
2024-11-25 17:34:15.280 : Author = paul di_Debug_OffLine
2024-11-25 17:34:15.281 : Version = 2024.0718.155524
2024-11-25 17:34:15.281 : ChangeLog = for debug/verify
2024-11-25 17:34:15.281 : Expiration = 2028-06-24
2024-11-25 17:36:28.601 : 
2024-11-25 17:36:28.603 : ================== Signature Check ====================
2024-11-25 17:36:28.605 : Author = paul di_Debug_OffLine
2024-11-25 17:36:28.606 : Version = 2024.0718.155524
2024-11-25 17:36:28.606 : ChangeLog = for debug/verify
2024-11-25 17:36:28.607 : Expiration = 2028-06-24
2024-11-25 17:37:07.931 : 
2024-11-25 17:37:07.932 : ================== Signature Check ====================
2024-11-25 17:37:07.932 : Author = paul di_Debug_OffLine
2024-11-25 17:37:07.933 : Version = 2024.0718.155524
2024-11-25 17:37:07.933 : ChangeLog = for debug/verify
2024-11-25 17:37:07.933 : Expiration = 2028-06-24
2024-11-25 17:38:40.630 : 
2024-11-25 17:38:40.630 : ================== Signature Check ====================
2024-11-25 17:38:40.631 : Author = paul di_Debug_OffLine
2024-11-25 17:38:40.632 : Version = 2024.0718.155524
2024-11-25 17:38:40.632 : ChangeLog = for debug/verify
2024-11-25 17:38:40.632 : Expiration = 2028-06-24
2024-11-25 17:39:12.130 : 
2024-11-25 17:39:12.131 : ================== Signature Check ====================
2024-11-25 17:39:12.132 : Author = paul di_Debug_OffLine
2024-11-25 17:39:12.132 : Version = 2024.0718.155524
2024-11-25 17:39:12.132 : ChangeLog = for debug/verify
2024-11-25 17:39:12.133 : Expiration = 2028-06-24
2024-11-25 18:41:57.784 : 
2024-11-25 18:41:57.785 : ================== Signature Check ====================
2024-11-25 18:41:57.786 : Author = paul di_Debug_OffLine
2024-11-25 18:41:57.786 : Version = 2024.0718.155524
2024-11-25 18:41:57.786 : ChangeLog = for debug/verify
2024-11-25 18:41:57.787 : Expiration = 2028-06-24
2024-11-25 18:44:05.298 : 
2024-11-25 18:44:05.299 : ================== Signature Check ====================
2024-11-25 18:44:05.300 : Author = paul di_Debug_OffLine
2024-11-25 18:44:05.301 : Version = 2024.0718.155524
2024-11-25 18:44:05.302 : ChangeLog = for debug/verify
2024-11-25 18:44:05.302 : Expiration = 2028-06-24
2024-11-25 18:45:12.285 : 
2024-11-25 18:45:12.285 : ================== Signature Check ====================
2024-11-25 18:45:12.286 : Author = paul di_Debug_OffLine
2024-11-25 18:45:12.287 : Version = 2024.0718.155524
2024-11-25 18:45:12.287 : ChangeLog = for debug/verify
2024-11-25 18:45:12.287 : Expiration = 2028-06-24
2024-11-25 18:46:48.432 : 
2024-11-25 18:46:48.433 : ================== Signature Check ====================
2024-11-25 18:46:48.434 : Author = paul di_Debug_OffLine
2024-11-25 18:46:48.435 : Version = 2024.0718.155524
2024-11-25 18:46:48.435 : ChangeLog = for debug/verify
2024-11-25 18:46:48.435 : Expiration = 2028-06-24
2024-11-25 18:51:08.073 : 
2024-11-25 18:51:08.073 : ================== Signature Check ====================
2024-11-25 18:51:08.074 : Author = paul di_Debug_OffLine
2024-11-25 18:51:08.075 : Version = 2024.0718.155524
2024-11-25 18:51:08.075 : ChangeLog = for debug/verify
2024-11-25 18:51:08.075 : Expiration = 2028-06-24
2024-11-25 18:54:26.773 : 
2024-11-25 18:54:26.774 : ================== Signature Check ====================
2024-11-25 18:54:26.775 : Author = paul di_Debug_OffLine
2024-11-25 18:54:26.775 : Version = 2024.0718.155524
2024-11-25 18:54:26.775 : ChangeLog = for debug/verify
2024-11-25 18:54:26.776 : Expiration = 2028-06-24
2024-11-25 18:55:17.053 : 
2024-11-25 18:55:17.054 : ================== Signature Check ====================
2024-11-25 18:55:17.055 : Author = paul di_Debug_OffLine
2024-11-25 18:55:17.055 : Version = 2024.0718.155524
2024-11-25 18:55:17.055 : ChangeLog = for debug/verify
2024-11-25 18:55:17.056 : Expiration = 2028-06-24
2024-11-25 18:55:44.894 : 
2024-11-25 18:55:44.894 : ================== Signature Check ====================
2024-11-25 18:55:44.895 : Author = paul di_Debug_OffLine
2024-11-25 18:55:44.896 : Version = 2024.0718.155524
2024-11-25 18:55:44.896 : ChangeLog = for debug/verify
2024-11-25 18:55:44.896 : Expiration = 2028-06-24
2024-11-25 19:05:57.582 : 
2024-11-25 19:05:57.583 : ================== Signature Check ====================
2024-11-25 19:05:57.584 : Author = paul di_Debug_OffLine
2024-11-25 19:05:57.584 : Version = 2024.0718.155524
2024-11-25 19:05:57.584 : ChangeLog = for debug/verify
2024-11-25 19:05:57.585 : Expiration = 2028-06-24
2024-11-25 19:06:26.615 : 
2024-11-25 19:06:26.615 : ================== Signature Check ====================
2024-11-25 19:06:26.616 : Author = paul di_Debug_OffLine
2024-11-25 19:06:26.617 : Version = 2024.0718.155524
2024-11-25 19:06:26.617 : ChangeLog = for debug/verify
2024-11-25 19:06:26.617 : Expiration = 2028-06-24
2024-11-25 19:17:50.441 : 
2024-11-25 19:17:50.441 : ================== Signature Check ====================
2024-11-25 19:17:50.441 : Author = paul di_Debug_OffLine
2024-11-25 19:17:50.442 : Version = 2024.0718.155524
2024-11-25 19:17:50.442 : ChangeLog = for debug/verify
2024-11-25 19:17:50.442 : Expiration = 2028-06-24
2024-11-25 19:50:27.250 : 
2024-11-25 19:50:27.250 : ================== Signature Check ====================
2024-11-25 19:50:27.250 : Author = paul di_Debug_OffLine
2024-11-25 19:50:27.251 : Version = 2024.0718.155524
2024-11-25 19:50:27.251 : ChangeLog = for debug/verify
2024-11-25 19:50:27.251 : Expiration = 2028-06-24
2024-11-25 19:56:35.616 : 
2024-11-25 19:56:35.616 : ================== Signature Check ====================
2024-11-25 19:56:35.617 : Author = paul di_Debug_OffLine
2024-11-25 19:56:35.617 : Version = 2024.0718.155524
2024-11-25 19:56:35.617 : ChangeLog = for debug/verify
2024-11-25 19:56:35.618 : Expiration = 2028-06-24
2024-11-25 20:01:16.385 : 
2024-11-25 20:01:16.386 : ================== Signature Check ====================
2024-11-25 20:01:16.386 : Author = paul di_Debug_OffLine
2024-11-25 20:01:16.386 : Version = 2024.0718.155524
2024-11-25 20:01:16.387 : ChangeLog = for debug/verify
2024-11-25 20:01:16.387 : Expiration = 2028-06-24
2024-11-25 21:04:29.989 : 
2024-11-25 21:04:29.990 : ================== Signature Check ====================
2024-11-25 21:04:29.990 : Author = paul di_Debug_OffLine
2024-11-25 21:04:29.991 : Version = 2024.0718.155524
2024-11-25 21:04:29.991 : ChangeLog = for debug/verify
2024-11-25 21:04:29.991 : Expiration = 2028-06-24
2024-11-25 21:05:43.012 : 
2024-11-25 21:05:43.013 : ================== Signature Check ====================
2024-11-25 21:05:43.014 : Author = paul di_Debug_OffLine
2024-11-25 21:05:43.014 : Version = 2024.0718.155524
2024-11-25 21:05:43.014 : ChangeLog = for debug/verify
2024-11-25 21:05:43.015 : Expiration = 2028-06-24
2024-11-25 21:08:00.556 : 
2024-11-25 21:08:00.557 : ================== Signature Check ====================
2024-11-25 21:08:00.558 : Author = paul di_Debug_OffLine
2024-11-25 21:08:00.558 : Version = 2024.0718.155524
2024-11-25 21:08:00.559 : ChangeLog = for debug/verify
2024-11-25 21:08:00.559 : Expiration = 2028-06-24
2024-11-25 21:15:12.643 : 
2024-11-25 21:15:12.644 : ================== Signature Check ====================
2024-11-25 21:15:12.645 : Author = paul di_Debug_OffLine
2024-11-25 21:15:12.645 : Version = 2024.0718.155524
2024-11-25 21:15:12.646 : ChangeLog = for debug/verify
2024-11-25 21:15:12.646 : Expiration = 2028-06-24
2024-11-25 21:17:47.213 : 
2024-11-25 21:17:47.213 : ================== Signature Check ====================
2024-11-25 21:17:47.214 : Author = paul di_Debug_OffLine
2024-11-25 21:17:47.215 : Version = 2024.0718.155524
2024-11-25 21:17:47.215 : ChangeLog = for debug/verify
2024-11-25 21:17:47.215 : Expiration = 2028-06-24
2024-11-25 21:30:34.341 : 
2024-11-25 21:30:34.342 : ================== Signature Check ====================
2024-11-25 21:30:34.342 : Author = paul di_Debug_OffLine
2024-11-25 21:30:34.342 : Version = 2024.0718.155524
2024-11-25 21:30:34.343 : ChangeLog = for debug/verify
2024-11-25 21:30:34.343 : Expiration = 2028-06-24
2024-11-25 21:44:21.902 : 
2024-11-25 21:44:21.903 : ================== Signature Check ====================
2024-11-25 21:44:21.903 : Author = paul di_Debug_OffLine
2024-11-25 21:44:21.903 : Version = 2024.0718.155524
2024-11-25 21:44:21.904 : ChangeLog = for debug/verify
2024-11-25 21:44:21.904 : Expiration = 2028-06-24
2024-11-25 21:51:58.080 : 
2024-11-25 21:51:58.081 : ================== Signature Check ====================
2024-11-25 21:51:58.081 : Author = paul di_Debug_OffLine
2024-11-25 21:51:58.082 : Version = 2024.0718.155524
2024-11-25 21:51:58.082 : ChangeLog = for debug/verify
2024-11-25 21:51:58.082 : Expiration = 2028-06-24
2024-11-25 22:02:06.332 : 
2024-11-25 22:02:06.333 : ================== Signature Check ====================
2024-11-25 22:02:06.333 : Author = paul di_Debug_OffLine
2024-11-25 22:02:06.334 : Version = 2024.0718.155524
2024-11-25 22:02:06.334 : ChangeLog = for debug/verify
2024-11-25 22:02:06.334 : Expiration = 2028-06-24
2024-11-25 22:21:15.128 : 
2024-11-25 22:21:15.129 : ================== Signature Check ====================
2024-11-25 22:21:15.130 : Author = paul di_Debug_OffLine
2024-11-25 22:21:15.130 : Version = 2024.0718.155524
2024-11-25 22:21:15.131 : ChangeLog = for debug/verify
2024-11-25 22:21:15.131 : Expiration = 2028-06-24
2024-11-25 22:22:20.353 : 
2024-11-25 22:22:20.353 : ================== Signature Check ====================
2024-11-25 22:22:20.354 : Author = paul di_Debug_OffLine
2024-11-25 22:22:20.355 : Version = 2024.0718.155524
2024-11-25 22:22:20.355 : ChangeLog = for debug/verify
2024-11-25 22:22:20.355 : Expiration = 2028-06-24
2024-11-25 22:26:50.516 : 
2024-11-25 22:26:50.517 : ================== Signature Check ====================
2024-11-25 22:26:50.518 : Author = paul di_Release_OffLine
2024-11-25 22:26:50.518 : Version = 2024.0718.155524
2024-11-25 22:26:50.518 : ChangeLog = for debug/verify
2024-11-25 22:26:50.519 : Expiration = 2028-06-24
2024-11-25 22:28:36.576 : 
2024-11-25 22:28:36.577 : ================== Signature Check ====================
2024-11-25 22:28:36.577 : Author = paul di_Release_OffLine
2024-11-25 22:28:36.577 : Version = 2024.0718.155524
2024-11-25 22:28:36.578 : ChangeLog = for debug/verify
2024-11-25 22:28:36.578 : Expiration = 2028-06-24
2024-11-25 22:33:38.427 : 
2024-11-25 22:33:38.428 : ================== Signature Check ====================
2024-11-25 22:33:38.428 : Author = paul di_Release_OffLine
2024-11-25 22:33:38.428 : Version = 2024.0718.155524
2024-11-25 22:33:38.429 : ChangeLog = for debug/verify
2024-11-25 22:33:38.429 : Expiration = 2028-06-24
2024-11-25 22:39:34.426 : 
2024-11-25 22:39:34.427 : ================== Signature Check ====================
2024-11-25 22:39:34.427 : Author = paul di_Release_OffLine
2024-11-25 22:39:34.428 : Version = 2024.0718.155524
2024-11-25 22:39:34.428 : ChangeLog = for debug/verify
2024-11-25 22:39:34.428 : Expiration = 2028-06-24
2024-11-25 22:44:01.062 : 
2024-11-25 22:44:01.063 : ================== Signature Check ====================
2024-11-25 22:44:01.063 : Author = paul di_Release_OffLine
2024-11-25 22:44:01.064 : Version = 2024.0718.155524
2024-11-25 22:44:01.064 : ChangeLog = for debug/verify
2024-11-25 22:44:01.064 : Expiration = 2028-06-24
2024-11-25 22:44:06.891 : 
2024-11-25 22:44:06.891 : ================== Signature Check ====================
2024-11-25 22:44:06.892 : Author = paul di_Debug_OffLine
2024-11-25 22:44:06.893 : Version = 2024.0718.155524
2024-11-25 22:44:06.893 : ChangeLog = for debug/verify
2024-11-25 22:44:06.893 : Expiration = 2028-06-24
2024-11-25 22:55:59.567 : 
2024-11-25 22:55:59.568 : ================== Signature Check ====================
2024-11-25 22:55:59.569 : Author = paul di
2024-11-25 22:55:59.569 : Version = 2024.0718.155524
2024-11-25 22:55:59.570 : ChangeLog = Achieve_20240718_1555 x64.
2024-11-25 22:55:59.570 : Expiration = 2028-06-24
2024-11-25 22:55:59.571 : Checked Files = 1
2024-11-25 22:55:59.572 : 
2024-11-25 22:55:59.572 : ------- Compare MD5 -------
2024-11-25 22:55:59.572 : Local Root = D:\tmp\Barista_DUT_2up_dual_new_command_20241125\
2024-11-25 22:55;59.574 : D:\tmp\Barista_DUT_2up_dual_new_command_20241125\Caesar.exe
2024-11-25 22:55;59.576 : MD5 = bf17e9a91e2b6cf3697fc549ea251b33  Pass

2024-11-25 22:55:59.576 : seconds = 0.0039894
2024-11-25 22:55:59.577 : ------- Compare MD5 Done -------
2024-11-25 22:57:45.729 : 
2024-11-25 22:57:45.730 : ================== Signature Check ====================
2024-11-25 22:57:45.730 : Author = paul di
2024-11-25 22:57:45.730 : Version = 2024.0718.155524
2024-11-25 22:57:45.730 : ChangeLog = Achieve_20240718_1555 x64.
2024-11-25 22:57:45.731 : Expiration = 2028-06-24
2024-11-25 22:57:45.731 : Checked Files = 1
2024-11-25 22:57:45.731 : 
2024-11-25 22:57:45.732 : ------- Compare MD5 -------
2024-11-25 22:57:45.732 : Local Root = D:\tmp\Barista_DUT_2up_dual_new_command_20241125\
2024-11-25 22:57;45.732 : D:\tmp\Barista_DUT_2up_dual_new_command_20241125\Caesar.exe
2024-11-25 22:57;45.829 : MD5 = bf17e9a91e2b6cf3697fc549ea251b33  Pass

2024-11-25 22:57:45.830 : seconds = 0.0987363
2024-11-25 22:57:45.830 : ------- Compare MD5 Done -------
2024-11-25 23:06:15.932 : 
2024-11-25 23:06:15.932 : ================== Signature Check ====================
2024-11-25 23:06:15.932 : Author = paul di
2024-11-25 23:06:15.933 : Version = 2024.0718.155524
2024-11-25 23:06:15.933 : ChangeLog = Achieve_20240718_1555 x64.
2024-11-25 23:06:15.933 : Expiration = 2028-06-24
2024-11-25 23:06:15.934 : Checked Files = 1
2024-11-25 23:06:15.934 : 
2024-11-25 23:06:15.934 : ------- Compare MD5 -------
2024-11-25 23:06:15.935 : Local Root = D:\tmp\Barista_DUT_2up_dual_new_command_20241125\
2024-11-25 23:06;15.935 : D:\tmp\Barista_DUT_2up_dual_new_command_20241125\Caesar.exe
2024-11-25 23:06;15.936 : MD5 = bf17e9a91e2b6cf3697fc549ea251b33  Pass

2024-11-25 23:06:15.936 : seconds = 0.0019947
2024-11-25 23:06:15.937 : ------- Compare MD5 Done -------
