2024-11-15 13:27:23.559 : 
2024-11-15 13:27:23.559 : ================== Signature Check ====================
2024-11-15 13:27:23.560 : Author = paul di_Debug_OffLine
2024-11-15 13:27:23.561 : Version = 2024.0718.155524
2024-11-15 13:27:23.561 : ChangeLog = for debug/verify
2024-11-15 13:27:23.561 : Expiration = 2028-06-24
2024-11-15 13:29:18.859 : 
2024-11-15 13:29:18.860 : ================== Signature Check ====================
2024-11-15 13:29:18.860 : Author = paul di_Debug_OffLine
2024-11-15 13:29:18.861 : Version = 2024.0718.155524
2024-11-15 13:29:18.861 : ChangeLog = for debug/verify
2024-11-15 13:29:18.862 : Expiration = 2028-06-24
2024-11-15 13:32:17.504 : 
2024-11-15 13:32:17.504 : ================== Signature Check ====================
2024-11-15 13:32:17.505 : Author = paul di_Debug_OffLine
2024-11-15 13:32:17.505 : Version = 2024.0718.155524
2024-11-15 13:32:17.505 : ChangeLog = for debug/verify
2024-11-15 13:32:17.506 : Expiration = 2028-06-24
2024-11-15 13:40:58.920 : 
2024-11-15 13:40:58.921 : ================== Signature Check ====================
2024-11-15 13:40:58.922 : Author = paul di_Debug_OffLine
2024-11-15 13:40:58.922 : Version = 2024.0718.155524
2024-11-15 13:40:58.923 : ChangeLog = for debug/verify
2024-11-15 13:40:58.923 : Expiration = 2028-06-24
2024-11-15 13:47:15.212 : 
2024-11-15 13:47:15.213 : ================== Signature Check ====================
2024-11-15 13:47:15.214 : Author = paul di_Debug_OffLine
2024-11-15 13:47:15.214 : Version = 2024.0718.155524
2024-11-15 13:47:15.215 : ChangeLog = for debug/verify
2024-11-15 13:47:15.215 : Expiration = 2028-06-24
2024-11-15 13:51:08.768 : 
2024-11-15 13:51:08.769 : ================== Signature Check ====================
2024-11-15 13:51:08.769 : Author = paul di_Debug_OffLine
2024-11-15 13:51:08.769 : Version = 2024.0718.155524
2024-11-15 13:51:08.770 : ChangeLog = for debug/verify
2024-11-15 13:51:08.770 : Expiration = 2028-06-24
2024-11-15 13:51:33.379 : 
2024-11-15 13:51:33.380 : ================== Signature Check ====================
2024-11-15 13:51:33.381 : Author = paul di_Debug_OffLine
2024-11-15 13:51:33.381 : Version = 2024.0718.155524
2024-11-15 13:51:33.382 : ChangeLog = for debug/verify
2024-11-15 13:51:33.382 : Expiration = 2028-06-24
2024-11-15 13:54:27.662 : 
2024-11-15 13:54:27.663 : ================== Signature Check ====================
2024-11-15 13:54:27.664 : Author = paul di_Debug_OffLine
2024-11-15 13:54:27.664 : Version = 2024.0718.155524
2024-11-15 13:54:27.665 : ChangeLog = for debug/verify
2024-11-15 13:54:27.665 : Expiration = 2028-06-24
2024-11-15 14:16:05.337 : 
2024-11-15 14:16:05.338 : ================== Signature Check ====================
2024-11-15 14:16:05.338 : Author = paul di_Debug_OffLine
2024-11-15 14:16:05.339 : Version = 2024.0718.155524
2024-11-15 14:16:05.339 : ChangeLog = for debug/verify
2024-11-15 14:16:05.339 : Expiration = 2028-06-24
2024-11-15 15:03:54.201 : 
2024-11-15 15:03:54.204 : ================== Signature Check ====================
2024-11-15 15:03:54.205 : Author = paul di_Debug_OffLine
2024-11-15 15:03:54.205 : Version = 2024.0718.155524
2024-11-15 15:03:54.206 : ChangeLog = for debug/verify
2024-11-15 15:03:54.206 : Expiration = 2028-06-24
2024-11-15 15:04:53.923 : 
2024-11-15 15:04:53.923 : ================== Signature Check ====================
2024-11-15 15:04:53.924 : Author = paul di_Debug_OffLine
2024-11-15 15:04:53.925 : Version = 2024.0718.155524
2024-11-15 15:04:53.925 : ChangeLog = for debug/verify
2024-11-15 15:04:53.925 : Expiration = 2028-06-24
2024-11-15 15:05:34.710 : 
2024-11-15 15:05:34.711 : ================== Signature Check ====================
2024-11-15 15:05:34.712 : Author = paul di_Debug_OffLine
2024-11-15 15:05:34.712 : Version = 2024.0718.155524
2024-11-15 15:05:34.713 : ChangeLog = for debug/verify
2024-11-15 15:05:34.713 : Expiration = 2028-06-24
2024-11-15 15:11:15.791 : 
2024-11-15 15:11:15.792 : ================== Signature Check ====================
2024-11-15 15:11:15.793 : Author = paul di_Debug_OffLine
2024-11-15 15:11:15.793 : Version = 2024.0718.155524
2024-11-15 15:11:15.793 : ChangeLog = for debug/verify
2024-11-15 15:11:15.794 : Expiration = 2028-06-24
2024-11-15 18:48:11.271 : 
2024-11-15 18:48:11.271 : ================== Signature Check ====================
2024-11-15 18:48:11.272 : Author = paul di_Debug_OffLine
2024-11-15 18:48:11.273 : Version = 2024.0718.155524
2024-11-15 18:48:11.273 : ChangeLog = for debug/verify
2024-11-15 18:48:11.273 : Expiration = 2028-06-24
2024-11-15 18:51:34.830 : 
2024-11-15 18:51:34.831 : ================== Signature Check ====================
2024-11-15 18:51:34.831 : Author = paul di_Debug_OffLine
2024-11-15 18:51:34.832 : Version = 2024.0718.155524
2024-11-15 18:51:34.832 : ChangeLog = for debug/verify
2024-11-15 18:51:34.833 : Expiration = 2028-06-24
2024-11-15 19:31:10.036 : 
2024-11-15 19:31:10.037 : ================== Signature Check ====================
2024-11-15 19:31:10.039 : Author = paul di_Debug_OffLine
2024-11-15 19:31:10.039 : Version = 2024.0718.155524
2024-11-15 19:31:10.039 : ChangeLog = for debug/verify
2024-11-15 19:31:10.040 : Expiration = 2028-06-24
2024-11-15 20:05:49.833 : 
2024-11-15 20:05:49.833 : ================== Signature Check ====================
2024-11-15 20:05:49.834 : Author = paul di_Debug_OffLine
2024-11-15 20:05:49.834 : Version = 2024.0718.155524
2024-11-15 20:05:49.834 : ChangeLog = for debug/verify
2024-11-15 20:05:49.834 : Expiration = 2028-06-24
2024-11-15 21:50:29.658 : 
2024-11-15 21:50:29.659 : ================== Signature Check ====================
2024-11-15 21:50:29.660 : Author = paul di_Debug_OffLine
2024-11-15 21:50:29.660 : Version = 2024.0718.155524
2024-11-15 21:50:29.660 : ChangeLog = for debug/verify
2024-11-15 21:50:29.660 : Expiration = 2028-06-24
