2024-11-17 13:16:17.567 : 
2024-11-17 13:16:17.567 : ================== Signature Check ====================
2024-11-17 13:16:17.569 : Author = paul di_Debug_OffLine
2024-11-17 13:16:17.569 : Version = 2024.0718.155524
2024-11-17 13:16:17.569 : ChangeLog = for debug/verify
2024-11-17 13:16:17.569 : Expiration = 2028-06-24
2024-11-17 15:19:04.041 : 
2024-11-17 15:19:04.041 : ================== Signature Check ====================
2024-11-17 15:19:04.042 : Author = paul di_Debug_OffLine
2024-11-17 15:19:04.042 : Version = 2024.0718.155524
2024-11-17 15:19:04.042 : ChangeLog = for debug/verify
2024-11-17 15:19:04.042 : Expiration = 2028-06-24
2024-11-17 15:20:04.351 : 
2024-11-17 15:20:04.352 : ================== Signature Check ====================
2024-11-17 15:20:04.353 : Author = paul di_Debug_OffLine
2024-11-17 15:20:04.353 : Version = 2024.0718.155524
2024-11-17 15:20:04.353 : ChangeLog = for debug/verify
2024-11-17 15:20:04.353 : Expiration = 2028-06-24
2024-11-17 15:20:41.478 : 
2024-11-17 15:20:41.479 : ================== Signature Check ====================
2024-11-17 15:20:41.479 : Author = paul di_Debug_OffLine
2024-11-17 15:20:41.479 : Version = 2024.0718.155524
2024-11-17 15:20:41.480 : ChangeLog = for debug/verify
2024-11-17 15:20:41.480 : Expiration = 2028-06-24
2024-11-17 15:22:26.566 : 
2024-11-17 15:22:26.567 : ================== Signature Check ====================
2024-11-17 15:22:26.567 : Author = paul di_Debug_OffLine
2024-11-17 15:22:26.567 : Version = 2024.0718.155524
2024-11-17 15:22:26.568 : ChangeLog = for debug/verify
2024-11-17 15:22:26.568 : Expiration = 2028-06-24
2024-11-17 15:47:30.340 : 
2024-11-17 15:47:30.340 : ================== Signature Check ====================
2024-11-17 15:47:30.340 : Author = paul di_Debug_OffLine
2024-11-17 15:47:30.340 : Version = 2024.0718.155524
2024-11-17 15:47:30.341 : ChangeLog = for debug/verify
2024-11-17 15:47:30.341 : Expiration = 2028-06-24
2024-11-17 15:58:43.411 : 
2024-11-17 15:58:43.411 : ================== Signature Check ====================
2024-11-17 15:58:43.411 : Author = paul di_Debug_OffLine
2024-11-17 15:58:43.412 : Version = 2024.0718.155524
2024-11-17 15:58:43.412 : ChangeLog = for debug/verify
2024-11-17 15:58:43.412 : Expiration = 2028-06-24
2024-11-17 15:59:46.280 : 
2024-11-17 15:59:46.281 : ================== Signature Check ====================
2024-11-17 15:59:46.282 : Author = paul di_Debug_OffLine
2024-11-17 15:59:46.282 : Version = 2024.0718.155524
2024-11-17 15:59:46.283 : ChangeLog = for debug/verify
2024-11-17 15:59:46.283 : Expiration = 2028-06-24
2024-11-17 16:07:15.912 : 
2024-11-17 16:07:15.912 : ================== Signature Check ====================
2024-11-17 16:07:15.913 : Author = paul di_Debug_OffLine
2024-11-17 16:07:15.913 : Version = 2024.0718.155524
2024-11-17 16:07:15.913 : ChangeLog = for debug/verify
2024-11-17 16:07:15.913 : Expiration = 2028-06-24
2024-11-17 16:08:23.946 : 
2024-11-17 16:08:23.946 : ================== Signature Check ====================
2024-11-17 16:08:23.947 : Author = paul di_Debug_OffLine
2024-11-17 16:08:23.947 : Version = 2024.0718.155524
2024-11-17 16:08:23.947 : ChangeLog = for debug/verify
2024-11-17 16:08:23.947 : Expiration = 2028-06-24
2024-11-17 16:12:48.743 : 
2024-11-17 16:12:48.744 : ================== Signature Check ====================
2024-11-17 16:12:48.745 : Author = paul di_Debug_OffLine
2024-11-17 16:12:48.745 : Version = 2024.0718.155524
2024-11-17 16:12:48.745 : ChangeLog = for debug/verify
2024-11-17 16:12:48.745 : Expiration = 2028-06-24
2024-11-17 16:15:49.708 : 
2024-11-17 16:15:49.708 : ================== Signature Check ====================
2024-11-17 16:15:49.708 : Author = paul di_Debug_OffLine
2024-11-17 16:15:49.709 : Version = 2024.0718.155524
2024-11-17 16:15:49.709 : ChangeLog = for debug/verify
2024-11-17 16:15:49.709 : Expiration = 2028-06-24
2024-11-17 16:17:17.274 : 
2024-11-17 16:17:17.275 : ================== Signature Check ====================
2024-11-17 16:17:17.276 : Author = paul di_Debug_OffLine
2024-11-17 16:17:17.276 : Version = 2024.0718.155524
2024-11-17 16:17:17.276 : ChangeLog = for debug/verify
2024-11-17 16:17:17.276 : Expiration = 2028-06-24
2024-11-17 16:26:51.005 : 
2024-11-17 16:26:51.005 : ================== Signature Check ====================
2024-11-17 16:26:51.006 : Author = paul di_Debug_OffLine
2024-11-17 16:26:51.006 : Version = 2024.0718.155524
2024-11-17 16:26:51.006 : ChangeLog = for debug/verify
2024-11-17 16:26:51.006 : Expiration = 2028-06-24
2024-11-17 16:27:14.655 : 
2024-11-17 16:27:14.656 : ================== Signature Check ====================
2024-11-17 16:27:14.657 : Author = paul di_Debug_OffLine
2024-11-17 16:27:14.657 : Version = 2024.0718.155524
2024-11-17 16:27:14.657 : ChangeLog = for debug/verify
2024-11-17 16:27:14.657 : Expiration = 2028-06-24
2024-11-17 16:45:12.322 : 
2024-11-17 16:45:12.323 : ================== Signature Check ====================
2024-11-17 16:45:12.323 : Author = paul di_Debug_OffLine
2024-11-17 16:45:12.324 : Version = 2024.0718.155524
2024-11-17 16:45:12.324 : ChangeLog = for debug/verify
2024-11-17 16:45:12.324 : Expiration = 2028-06-24
2024-11-17 18:31:13.268 : 
2024-11-17 18:31:13.268 : ================== Signature Check ====================
2024-11-17 18:31:13.269 : Author = paul di_Debug_OffLine
2024-11-17 18:31:13.269 : Version = 2024.0718.155524
2024-11-17 18:31:13.269 : ChangeLog = for debug/verify
2024-11-17 18:31:13.269 : Expiration = 2028-06-24
2024-11-17 18:46:33.486 : 
2024-11-17 18:46:33.487 : ================== Signature Check ====================
2024-11-17 18:46:33.487 : Author = paul di_Debug_OffLine
2024-11-17 18:46:33.487 : Version = 2024.0718.155524
2024-11-17 18:46:33.488 : ChangeLog = for debug/verify
2024-11-17 18:46:33.488 : Expiration = 2028-06-24
2024-11-17 19:01:31.041 : 
2024-11-17 19:01:31.042 : ================== Signature Check ====================
2024-11-17 19:01:31.042 : Author = paul di_Debug_OffLine
2024-11-17 19:01:31.042 : Version = 2024.0718.155524
2024-11-17 19:01:31.042 : ChangeLog = for debug/verify
2024-11-17 19:01:31.042 : Expiration = 2028-06-24
2024-11-17 19:25:21.347 : 
2024-11-17 19:25:21.348 : ================== Signature Check ====================
2024-11-17 19:25:21.348 : Author = paul di_Debug_OffLine
2024-11-17 19:25:21.348 : Version = 2024.0718.155524
2024-11-17 19:25:21.348 : ChangeLog = for debug/verify
2024-11-17 19:25:21.348 : Expiration = 2028-06-24
2024-11-17 19:26:00.877 : 
2024-11-17 19:26:00.877 : ================== Signature Check ====================
2024-11-17 19:26:00.878 : Author = paul di_Debug_OffLine
2024-11-17 19:26:00.878 : Version = 2024.0718.155524
2024-11-17 19:26:00.878 : ChangeLog = for debug/verify
2024-11-17 19:26:00.878 : Expiration = 2028-06-24
2024-11-17 19:42:26.536 : 
2024-11-17 19:42:26.536 : ================== Signature Check ====================
2024-11-17 19:42:26.537 : Author = paul di_Debug_OffLine
2024-11-17 19:42:26.537 : Version = 2024.0718.155524
2024-11-17 19:42:26.537 : ChangeLog = for debug/verify
2024-11-17 19:42:26.537 : Expiration = 2028-06-24
2024-11-17 19:46:05.145 : 
2024-11-17 19:46:05.146 : ================== Signature Check ====================
2024-11-17 19:46:05.147 : Author = paul di_Debug_OffLine
2024-11-17 19:46:05.147 : Version = 2024.0718.155524
2024-11-17 19:46:05.147 : ChangeLog = for debug/verify
2024-11-17 19:46:05.147 : Expiration = 2028-06-24
2024-11-17 19:57:59.315 : 
2024-11-17 19:57:59.315 : ================== Signature Check ====================
2024-11-17 19:57:59.316 : Author = paul di_Debug_OffLine
2024-11-17 19:57:59.316 : Version = 2024.0718.155524
2024-11-17 19:57:59.316 : ChangeLog = for debug/verify
2024-11-17 19:57:59.316 : Expiration = 2028-06-24
2024-11-17 20:09:14.941 : 
2024-11-17 20:09:14.941 : ================== Signature Check ====================
2024-11-17 20:09:14.941 : Author = paul di_Debug_OffLine
2024-11-17 20:09:14.941 : Version = 2024.0718.155524
2024-11-17 20:09:14.941 : ChangeLog = for debug/verify
2024-11-17 20:09:14.942 : Expiration = 2028-06-24
2024-11-17 20:09:31.223 : 
2024-11-17 20:09:31.224 : ================== Signature Check ====================
2024-11-17 20:09:31.225 : Author = paul di_Debug_OffLine
2024-11-17 20:09:31.225 : Version = 2024.0718.155524
2024-11-17 20:09:31.225 : ChangeLog = for debug/verify
2024-11-17 20:09:31.225 : Expiration = 2028-06-24
2024-11-17 20:10:26.963 : 
2024-11-17 20:10:26.964 : ================== Signature Check ====================
2024-11-17 20:10:26.965 : Author = paul di_Debug_OffLine
2024-11-17 20:10:26.965 : Version = 2024.0718.155524
2024-11-17 20:10:26.965 : ChangeLog = for debug/verify
2024-11-17 20:10:26.965 : Expiration = 2028-06-24
2024-11-17 20:18:56.593 : 
2024-11-17 20:18:56.594 : ================== Signature Check ====================
2024-11-17 20:18:56.594 : Author = paul di_Debug_OffLine
2024-11-17 20:18:56.595 : Version = 2024.0718.155524
2024-11-17 20:18:56.595 : ChangeLog = for debug/verify
2024-11-17 20:18:56.595 : Expiration = 2028-06-24
2024-11-17 20:54:48.981 : 
2024-11-17 20:54:48.982 : ================== Signature Check ====================
2024-11-17 20:54:48.983 : Author = paul di_Debug_OffLine
2024-11-17 20:54:48.983 : Version = 2024.0718.155524
2024-11-17 20:54:48.983 : ChangeLog = for debug/verify
2024-11-17 20:54:48.983 : Expiration = 2028-06-24
2024-11-17 21:13:55.353 : 
2024-11-17 21:13:55.354 : ================== Signature Check ====================
2024-11-17 21:13:55.354 : Author = paul di_Debug_OffLine
2024-11-17 21:13:55.354 : Version = 2024.0718.155524
2024-11-17 21:13:55.354 : ChangeLog = for debug/verify
2024-11-17 21:13:55.354 : Expiration = 2028-06-24
2024-11-17 21:15:05.092 : 
2024-11-17 21:15:05.093 : ================== Signature Check ====================
2024-11-17 21:15:05.093 : Author = paul di_Debug_OffLine
2024-11-17 21:15:05.094 : Version = 2024.0718.155524
2024-11-17 21:15:05.094 : ChangeLog = for debug/verify
2024-11-17 21:15:05.094 : Expiration = 2028-06-24
2024-11-17 21:32:19.996 : 
2024-11-17 21:32:19.997 : ================== Signature Check ====================
2024-11-17 21:32:19.997 : Author = paul di_Debug_OffLine
2024-11-17 21:32:19.997 : Version = 2024.0718.155524
2024-11-17 21:32:19.998 : ChangeLog = for debug/verify
2024-11-17 21:32:19.998 : Expiration = 2028-06-24
2024-11-17 21:37:13.686 : 
2024-11-17 21:37:13.687 : ================== Signature Check ====================
2024-11-17 21:37:13.687 : Author = paul di_Debug_OffLine
2024-11-17 21:37:13.687 : Version = 2024.0718.155524
2024-11-17 21:37:13.687 : ChangeLog = for debug/verify
2024-11-17 21:37:13.687 : Expiration = 2028-06-24
2024-11-17 21:37:38.062 : 
2024-11-17 21:37:38.062 : ================== Signature Check ====================
2024-11-17 21:37:38.063 : Author = paul di_Debug_OffLine
2024-11-17 21:37:38.063 : Version = 2024.0718.155524
2024-11-17 21:37:38.063 : ChangeLog = for debug/verify
2024-11-17 21:37:38.063 : Expiration = 2028-06-24
2024-11-17 21:41:47.131 : 
2024-11-17 21:41:47.132 : ================== Signature Check ====================
2024-11-17 21:41:47.133 : Author = paul di_Debug_OffLine
2024-11-17 21:41:47.133 : Version = 2024.0718.155524
2024-11-17 21:41:47.133 : ChangeLog = for debug/verify
2024-11-17 21:41:47.133 : Expiration = 2028-06-24
