2024-10-11 17:55:30.293 : 
2024-10-11 17:55:30.294 : ================== Signature Check ====================
2024-10-11 17:55:30.295 : Author = paul di_Debug_OffLine
2024-10-11 17:55:30.295 : Version = 2024.0718.155524
2024-10-11 17:55:30.295 : ChangeLog = for debug/verify
2024-10-11 17:55:30.296 : Expiration = 2028-06-24
2024-10-11 17:57:23.497 : 
2024-10-11 17:57:23.498 : ================== Signature Check ====================
2024-10-11 17:57:23.499 : Author = paul di_Debug_OffLine
2024-10-11 17:57:23.499 : Version = 2024.0718.155524
2024-10-11 17:57:23.499 : ChangeLog = for debug/verify
2024-10-11 17:57:23.500 : Expiration = 2028-06-24
2024-10-11 17:57:48.231 : 
2024-10-11 17:57:48.231 : ================== Signature Check ====================
2024-10-11 17:57:48.233 : Author = paul di_Debug_OffLine
2024-10-11 17:57:48.233 : Version = 2024.0718.155524
2024-10-11 17:57:48.233 : ChangeLog = for debug/verify
2024-10-11 17:57:48.234 : Expiration = 2028-06-24
2024-10-11 18:01:26.326 : 
2024-10-11 18:01:26.339 : ================== Signature Check ====================
2024-10-11 18:01:26.340 : Author = paul di_Debug_OffLine
2024-10-11 18:01:26.341 : Version = 2024.0718.155524
2024-10-11 18:01:26.341 : ChangeLog = for debug/verify
2024-10-11 18:01:26.341 : Expiration = 2028-06-24
2024-10-11 18:04:19.713 : 
2024-10-11 18:04:19.714 : ================== Signature Check ====================
2024-10-11 18:04:19.715 : Author = paul di_Debug_OffLine
2024-10-11 18:04:19.715 : Version = 2024.0718.155524
2024-10-11 18:04:19.715 : ChangeLog = for debug/verify
2024-10-11 18:04:19.715 : Expiration = 2028-06-24
2024-10-11 18:04:44.491 : 
2024-10-11 18:04:44.492 : ================== Signature Check ====================
2024-10-11 18:04:44.492 : Author = paul di_Debug_OffLine
2024-10-11 18:04:44.493 : Version = 2024.0718.155524
2024-10-11 18:04:44.493 : ChangeLog = for debug/verify
2024-10-11 18:04:44.493 : Expiration = 2028-06-24
2024-10-11 18:04:58.906 : 
2024-10-11 18:04:58.907 : ================== Signature Check ====================
2024-10-11 18:04:58.908 : Author = paul di_Debug_OffLine
2024-10-11 18:04:58.908 : Version = 2024.0718.155524
2024-10-11 18:04:58.908 : ChangeLog = for debug/verify
2024-10-11 18:04:58.908 : Expiration = 2028-06-24
2024-10-11 18:05:13.666 : 
2024-10-11 18:05:13.667 : ================== Signature Check ====================
2024-10-11 18:05:13.667 : Author = paul di_Debug_OffLine
2024-10-11 18:05:13.668 : Version = 2024.0718.155524
2024-10-11 18:05:13.668 : ChangeLog = for debug/verify
2024-10-11 18:05:13.668 : Expiration = 2028-06-24
2024-10-11 18:09:05.942 : 
2024-10-11 18:09:05.943 : ================== Signature Check ====================
2024-10-11 18:09:05.944 : Author = paul di_Debug_OffLine
2024-10-11 18:09:05.944 : Version = 2024.0718.155524
2024-10-11 18:09:05.944 : ChangeLog = for debug/verify
2024-10-11 18:09:05.944 : Expiration = 2028-06-24
2024-10-11 18:09:20.095 : 
2024-10-11 18:09:20.096 : ================== Signature Check ====================
2024-10-11 18:09:20.097 : Author = paul di_Debug_OffLine
2024-10-11 18:09:20.097 : Version = 2024.0718.155524
2024-10-11 18:09:20.097 : ChangeLog = for debug/verify
2024-10-11 18:09:20.097 : Expiration = 2028-06-24
2024-10-11 18:09:45.091 : 
2024-10-11 18:09:45.091 : ================== Signature Check ====================
2024-10-11 18:09:45.092 : Author = paul di_Debug_OffLine
2024-10-11 18:09:45.093 : Version = 2024.0718.155524
2024-10-11 18:09:45.093 : ChangeLog = for debug/verify
2024-10-11 18:09:45.093 : Expiration = 2028-06-24
2024-10-11 18:10:23.592 : 
2024-10-11 18:10:23.593 : ================== Signature Check ====================
2024-10-11 18:10:23.593 : Author = paul di_Debug_OffLine
2024-10-11 18:10:23.593 : Version = 2024.0718.155524
2024-10-11 18:10:23.594 : ChangeLog = for debug/verify
2024-10-11 18:10:23.594 : Expiration = 2028-06-24
2024-10-11 18:10:48.326 : 
2024-10-11 18:10:48.327 : ================== Signature Check ====================
2024-10-11 18:10:48.328 : Author = paul di_Debug_OffLine
2024-10-11 18:10:48.329 : Version = 2024.0718.155524
2024-10-11 18:10:48.329 : ChangeLog = for debug/verify
2024-10-11 18:10:48.329 : Expiration = 2028-06-24
2024-10-11 18:36:46.610 : 
2024-10-11 18:36:46.611 : ================== Signature Check ====================
2024-10-11 18:36:46.612 : Author = paul di_Debug_OffLine
2024-10-11 18:36:46.612 : Version = 2024.0718.155524
2024-10-11 18:36:46.612 : ChangeLog = for debug/verify
2024-10-11 18:36:46.613 : Expiration = 2028-06-24
2024-10-11 18:37:03.751 : 
2024-10-11 18:37:03.752 : ================== Signature Check ====================
2024-10-11 18:37:03.753 : Author = paul di_Debug_OffLine
2024-10-11 18:37:03.753 : Version = 2024.0718.155524
2024-10-11 18:37:03.753 : ChangeLog = for debug/verify
2024-10-11 18:37:03.754 : Expiration = 2028-06-24
2024-10-11 18:37:35.894 : 
2024-10-11 18:37:35.895 : ================== Signature Check ====================
2024-10-11 18:37:35.896 : Author = paul di_Debug_OffLine
2024-10-11 18:37:35.896 : Version = 2024.0718.155524
2024-10-11 18:37:35.897 : ChangeLog = for debug/verify
2024-10-11 18:37:35.897 : Expiration = 2028-06-24
2024-10-11 18:38:31.134 : 
2024-10-11 18:38:31.134 : ================== Signature Check ====================
2024-10-11 18:38:31.135 : Author = paul di_Debug_OffLine
2024-10-11 18:38:31.136 : Version = 2024.0718.155524
2024-10-11 18:38:31.136 : ChangeLog = for debug/verify
2024-10-11 18:38:31.136 : Expiration = 2028-06-24
2024-10-11 18:38:49.885 : 
2024-10-11 18:38:49.886 : ================== Signature Check ====================
2024-10-11 18:38:49.887 : Author = paul di_Debug_OffLine
2024-10-11 18:38:49.888 : Version = 2024.0718.155524
2024-10-11 18:38:49.888 : ChangeLog = for debug/verify
2024-10-11 18:38:49.888 : Expiration = 2028-06-24
2024-10-11 18:40:23.580 : 
2024-10-11 18:40:23.581 : ================== Signature Check ====================
2024-10-11 18:40:23.581 : Author = paul di_Debug_OffLine
2024-10-11 18:40:23.582 : Version = 2024.0718.155524
2024-10-11 18:40:23.582 : ChangeLog = for debug/verify
2024-10-11 18:40:23.582 : Expiration = 2028-06-24
2024-10-11 18:42:43.940 : 
2024-10-11 18:42:43.940 : ================== Signature Check ====================
2024-10-11 18:42:43.941 : Author = paul di_Debug_OffLine
2024-10-11 18:42:43.942 : Version = 2024.0718.155524
2024-10-11 18:42:43.942 : ChangeLog = for debug/verify
2024-10-11 18:42:43.942 : Expiration = 2028-06-24
2024-10-11 18:43:00.908 : 
2024-10-11 18:43:00.909 : ================== Signature Check ====================
2024-10-11 18:43:00.910 : Author = paul di_Debug_OffLine
2024-10-11 18:43:00.910 : Version = 2024.0718.155524
2024-10-11 18:43:00.910 : ChangeLog = for debug/verify
2024-10-11 18:43:00.911 : Expiration = 2028-06-24
2024-10-11 18:43:37.466 : 
2024-10-11 18:43:37.466 : ================== Signature Check ====================
2024-10-11 18:43:37.467 : Author = paul di_Debug_OffLine
2024-10-11 18:43:37.467 : Version = 2024.0718.155524
2024-10-11 18:43:37.468 : ChangeLog = for debug/verify
2024-10-11 18:43:37.468 : Expiration = 2028-06-24
2024-10-11 18:45:45.667 : 
2024-10-11 18:45:45.668 : ================== Signature Check ====================
2024-10-11 18:45:45.669 : Author = paul di_Debug_OffLine
2024-10-11 18:45:45.669 : Version = 2024.0718.155524
2024-10-11 18:45:45.670 : ChangeLog = for debug/verify
2024-10-11 18:45:45.670 : Expiration = 2028-06-24
2024-10-11 18:45:59.095 : 
2024-10-11 18:45:59.095 : ================== Signature Check ====================
2024-10-11 18:45:59.096 : Author = paul di_Debug_OffLine
2024-10-11 18:45:59.096 : Version = 2024.0718.155524
2024-10-11 18:45:59.096 : ChangeLog = for debug/verify
2024-10-11 18:45:59.096 : Expiration = 2028-06-24
2024-10-11 18:59:10.148 : 
2024-10-11 18:59:10.149 : ================== Signature Check ====================
2024-10-11 18:59:10.149 : Author = paul di_Debug_OffLine
2024-10-11 18:59:10.150 : Version = 2024.0718.155524
2024-10-11 18:59:10.150 : ChangeLog = for debug/verify
2024-10-11 18:59:10.150 : Expiration = 2028-06-24
