2024-10-18 12:00:30.853 : 
2024-10-18 12:00:30.857 : ================== Signature Check ====================
2024-10-18 12:00:30.860 : Author = paul di_Debug_OffLine
2024-10-18 12:00:30.861 : Version = 2024.0718.155524
2024-10-18 12:00:30.861 : ChangeLog = for debug/verify
2024-10-18 12:00:30.861 : Expiration = 2028-06-24
2024-10-18 12:05:22.396 : 
2024-10-18 12:05:22.397 : ================== Signature Check ====================
2024-10-18 12:05:22.397 : Author = paul di_Debug_OffLine
2024-10-18 12:05:22.398 : Version = 2024.0718.155524
2024-10-18 12:05:22.398 : ChangeLog = for debug/verify
2024-10-18 12:05:22.398 : Expiration = 2028-06-24
2024-10-18 12:50:21.853 : 
2024-10-18 12:50:21.853 : ================== Signature Check ====================
2024-10-18 12:50:21.854 : Author = paul di_Debug_OffLine
2024-10-18 12:50:21.855 : Version = 2024.0718.155524
2024-10-18 12:50:21.855 : ChangeLog = for debug/verify
2024-10-18 12:50:21.855 : Expiration = 2028-06-24
2024-10-18 13:30:28.641 : 
2024-10-18 13:30:28.641 : ================== Signature Check ====================
2024-10-18 13:30:28.642 : Author = paul di_Debug_OffLine
2024-10-18 13:30:28.642 : Version = 2024.0718.155524
2024-10-18 13:30:28.643 : ChangeLog = for debug/verify
2024-10-18 13:30:28.643 : Expiration = 2028-06-24
2024-10-18 15:04:47.271 : 
2024-10-18 15:04:47.279 : ================== Signature Check ====================
2024-10-18 15:04:47.280 : Author = paul di_Debug_OffLine
2024-10-18 15:04:47.280 : Version = 2024.0718.155524
2024-10-18 15:04:47.281 : ChangeLog = for debug/verify
2024-10-18 15:04:47.281 : Expiration = 2028-06-24
