2024-11-24 09:53:14.210 : 
2024-11-24 09:53:14.211 : ================== Signature Check ====================
2024-11-24 09:53:14.212 : Author = paul di_Debug_OffLine
2024-11-24 09:53:14.213 : Version = 2024.0718.155524
2024-11-24 09:53:14.213 : ChangeLog = for debug/verify
2024-11-24 09:53:14.214 : Expiration = 2028-06-24
2024-11-24 13:16:33.338 : 
2024-11-24 13:16:33.339 : ================== Signature Check ====================
2024-11-24 13:16:33.339 : Author = paul di_Debug_OffLine
2024-11-24 13:16:33.339 : Version = 2024.0718.155524
2024-11-24 13:16:33.340 : ChangeLog = for debug/verify
2024-11-24 13:16:33.340 : Expiration = 2028-06-24
2024-11-24 13:17:22.075 : 
2024-11-24 13:17:22.075 : ================== Signature Check ====================
2024-11-24 13:17:22.076 : Author = paul di_Debug_OffLine
2024-11-24 13:17:22.077 : Version = 2024.0718.155524
2024-11-24 13:17:22.077 : ChangeLog = for debug/verify
2024-11-24 13:17:22.077 : Expiration = 2028-06-24
2024-11-24 13:18:09.444 : 
2024-11-24 13:18:09.445 : ================== Signature Check ====================
2024-11-24 13:18:09.446 : Author = paul di_Debug_OffLine
2024-11-24 13:18:09.446 : Version = 2024.0718.155524
2024-11-24 13:18:09.447 : ChangeLog = for debug/verify
2024-11-24 13:18:09.447 : Expiration = 2028-06-24
2024-11-24 13:23:16.069 : 
2024-11-24 13:23:16.070 : ================== Signature Check ====================
2024-11-24 13:23:16.071 : Author = paul di_Debug_OffLine
2024-11-24 13:23:16.071 : Version = 2024.0718.155524
2024-11-24 13:23:16.072 : ChangeLog = for debug/verify
2024-11-24 13:23:16.072 : Expiration = 2028-06-24
2024-11-24 13:24:51.437 : 
2024-11-24 13:24:51.437 : ================== Signature Check ====================
2024-11-24 13:24:51.438 : Author = paul di_Debug_OffLine
2024-11-24 13:24:51.438 : Version = 2024.0718.155524
2024-11-24 13:24:51.438 : ChangeLog = for debug/verify
2024-11-24 13:24:51.439 : Expiration = 2028-06-24
2024-11-24 13:29:30.056 : 
2024-11-24 13:29:30.057 : ================== Signature Check ====================
2024-11-24 13:29:30.058 : Author = paul di_Debug_OffLine
2024-11-24 13:29:30.058 : Version = 2024.0718.155524
2024-11-24 13:29:30.058 : ChangeLog = for debug/verify
2024-11-24 13:29:30.058 : Expiration = 2028-06-24
2024-11-24 13:32:05.944 : 
2024-11-24 13:32:05.944 : ================== Signature Check ====================
2024-11-24 13:32:05.944 : Author = paul di_Debug_OffLine
2024-11-24 13:32:05.945 : Version = 2024.0718.155524
2024-11-24 13:32:05.945 : ChangeLog = for debug/verify
2024-11-24 13:32:05.946 : Expiration = 2028-06-24
2024-11-24 13:36:57.893 : 
2024-11-24 13:36:57.893 : ================== Signature Check ====================
2024-11-24 13:36:57.894 : Author = paul di_Debug_OffLine
2024-11-24 13:36:57.894 : Version = 2024.0718.155524
2024-11-24 13:36:57.894 : ChangeLog = for debug/verify
2024-11-24 13:36:57.894 : Expiration = 2028-06-24
2024-11-24 14:03:34.558 : 
2024-11-24 14:03:34.559 : ================== Signature Check ====================
2024-11-24 14:03:34.559 : Author = paul di_Debug_OffLine
2024-11-24 14:03:34.559 : Version = 2024.0718.155524
2024-11-24 14:03:34.560 : ChangeLog = for debug/verify
2024-11-24 14:03:34.560 : Expiration = 2028-06-24
2024-11-24 14:07:51.366 : 
2024-11-24 14:07:51.366 : ================== Signature Check ====================
2024-11-24 14:07:51.367 : Author = paul di_Debug_OffLine
2024-11-24 14:07:51.367 : Version = 2024.0718.155524
2024-11-24 14:07:51.367 : ChangeLog = for debug/verify
2024-11-24 14:07:51.368 : Expiration = 2028-06-24
2024-11-24 14:10:53.705 : 
2024-11-24 14:10:53.705 : ================== Signature Check ====================
2024-11-24 14:10:53.706 : Author = paul di_Debug_OffLine
2024-11-24 14:10:53.707 : Version = 2024.0718.155524
2024-11-24 14:10:53.707 : ChangeLog = for debug/verify
2024-11-24 14:10:53.707 : Expiration = 2028-06-24
2024-11-24 14:15:47.268 : 
2024-11-24 14:15:47.269 : ================== Signature Check ====================
2024-11-24 14:15:47.269 : Author = paul di_Debug_OffLine
2024-11-24 14:15:47.269 : Version = 2024.0718.155524
2024-11-24 14:15:47.270 : ChangeLog = for debug/verify
2024-11-24 14:15:47.270 : Expiration = 2028-06-24
2024-11-24 14:17:24.865 : 
2024-11-24 14:17:24.865 : ================== Signature Check ====================
2024-11-24 14:17:24.866 : Author = paul di_Debug_OffLine
2024-11-24 14:17:24.867 : Version = 2024.0718.155524
2024-11-24 14:17:24.867 : ChangeLog = for debug/verify
2024-11-24 14:17:24.868 : Expiration = 2028-06-24
2024-11-24 14:20:50.763 : 
2024-11-24 14:20:50.764 : ================== Signature Check ====================
2024-11-24 14:20:50.764 : Author = paul di_Debug_OffLine
2024-11-24 14:20:50.764 : Version = 2024.0718.155524
2024-11-24 14:20:50.765 : ChangeLog = for debug/verify
2024-11-24 14:20:50.765 : Expiration = 2028-06-24
2024-11-24 14:25:56.766 : 
2024-11-24 14:25:56.767 : ================== Signature Check ====================
2024-11-24 14:25:56.767 : Author = paul di_Debug_OffLine
2024-11-24 14:25:56.768 : Version = 2024.0718.155524
2024-11-24 14:25:56.768 : ChangeLog = for debug/verify
2024-11-24 14:25:56.768 : Expiration = 2028-06-24
2024-11-24 14:38:28.147 : 
2024-11-24 14:38:28.147 : ================== Signature Check ====================
2024-11-24 14:38:28.148 : Author = paul di_Debug_OffLine
2024-11-24 14:38:28.148 : Version = 2024.0718.155524
2024-11-24 14:38:28.148 : ChangeLog = for debug/verify
2024-11-24 14:38:28.149 : Expiration = 2028-06-24
2024-11-24 14:40:45.300 : 
2024-11-24 14:40:45.301 : ================== Signature Check ====================
2024-11-24 14:40:45.302 : Author = paul di_Debug_OffLine
2024-11-24 14:40:45.302 : Version = 2024.0718.155524
2024-11-24 14:40:45.302 : ChangeLog = for debug/verify
2024-11-24 14:40:45.303 : Expiration = 2028-06-24
2024-11-24 14:41:31.358 : 
2024-11-24 14:41:31.359 : ================== Signature Check ====================
2024-11-24 14:41:31.360 : Author = paul di_Debug_OffLine
2024-11-24 14:41:31.360 : Version = 2024.0718.155524
2024-11-24 14:41:31.361 : ChangeLog = for debug/verify
2024-11-24 14:41:31.361 : Expiration = 2028-06-24
2024-11-24 14:44:50.743 : 
2024-11-24 14:44:50.743 : ================== Signature Check ====================
2024-11-24 14:44:50.744 : Author = paul di_Debug_OffLine
2024-11-24 14:44:50.745 : Version = 2024.0718.155524
2024-11-24 14:44:50.745 : ChangeLog = for debug/verify
2024-11-24 14:44:50.745 : Expiration = 2028-06-24
2024-11-24 14:49:45.641 : 
2024-11-24 14:49:45.642 : ================== Signature Check ====================
2024-11-24 14:49:45.642 : Author = paul di_Debug_OffLine
2024-11-24 14:49:45.643 : Version = 2024.0718.155524
2024-11-24 14:49:45.643 : ChangeLog = for debug/verify
2024-11-24 14:49:45.643 : Expiration = 2028-06-24
2024-11-24 14:53:53.943 : 
2024-11-24 14:53:53.943 : ================== Signature Check ====================
2024-11-24 14:53:53.943 : Author = paul di_Debug_OffLine
2024-11-24 14:53:53.944 : Version = 2024.0718.155524
2024-11-24 14:53:53.944 : ChangeLog = for debug/verify
2024-11-24 14:53:53.944 : Expiration = 2028-06-24
2024-11-24 14:55:35.134 : 
2024-11-24 14:55:35.134 : ================== Signature Check ====================
2024-11-24 14:55:35.134 : Author = paul di_Debug_OffLine
2024-11-24 14:55:35.135 : Version = 2024.0718.155524
2024-11-24 14:55:35.135 : ChangeLog = for debug/verify
2024-11-24 14:55:35.135 : Expiration = 2028-06-24
2024-11-24 14:58:23.838 : 
2024-11-24 14:58:23.838 : ================== Signature Check ====================
2024-11-24 14:58:23.838 : Author = paul di_Debug_OffLine
2024-11-24 14:58:23.839 : Version = 2024.0718.155524
2024-11-24 14:58:23.839 : ChangeLog = for debug/verify
2024-11-24 14:58:23.839 : Expiration = 2028-06-24
2024-11-24 15:00:12.737 : 
2024-11-24 15:00:12.738 : ================== Signature Check ====================
2024-11-24 15:00:12.738 : Author = paul di_Debug_OffLine
2024-11-24 15:00:12.739 : Version = 2024.0718.155524
2024-11-24 15:00:12.739 : ChangeLog = for debug/verify
2024-11-24 15:00:12.739 : Expiration = 2028-06-24
2024-11-24 15:03:03.444 : 
2024-11-24 15:03:03.445 : ================== Signature Check ====================
2024-11-24 15:03:03.445 : Author = paul di_Debug_OffLine
2024-11-24 15:03:03.446 : Version = 2024.0718.155524
2024-11-24 15:03:03.446 : ChangeLog = for debug/verify
2024-11-24 15:03:03.446 : Expiration = 2028-06-24
2024-11-24 15:04:58.697 : 
2024-11-24 15:04:58.697 : ================== Signature Check ====================
2024-11-24 15:04:58.697 : Author = paul di_Debug_OffLine
2024-11-24 15:04:58.698 : Version = 2024.0718.155524
2024-11-24 15:04:58.698 : ChangeLog = for debug/verify
2024-11-24 15:04:58.698 : Expiration = 2028-06-24
2024-11-24 15:07:52.412 : 
2024-11-24 15:07:52.413 : ================== Signature Check ====================
2024-11-24 15:07:52.413 : Author = paul di_Debug_OffLine
2024-11-24 15:07:52.414 : Version = 2024.0718.155524
2024-11-24 15:07:52.414 : ChangeLog = for debug/verify
2024-11-24 15:07:52.414 : Expiration = 2028-06-24
2024-11-24 15:10:04.499 : 
2024-11-24 15:10:04.500 : ================== Signature Check ====================
2024-11-24 15:10:04.500 : Author = paul di_Debug_OffLine
2024-11-24 15:10:04.500 : Version = 2024.0718.155524
2024-11-24 15:10:04.501 : ChangeLog = for debug/verify
2024-11-24 15:10:04.501 : Expiration = 2028-06-24
2024-11-24 15:12:57.240 : 
2024-11-24 15:12:57.240 : ================== Signature Check ====================
2024-11-24 15:12:57.241 : Author = paul di_Debug_OffLine
2024-11-24 15:12:57.241 : Version = 2024.0718.155524
2024-11-24 15:12:57.241 : ChangeLog = for debug/verify
2024-11-24 15:12:57.242 : Expiration = 2028-06-24
2024-11-24 15:15:42.819 : 
2024-11-24 15:15:42.820 : ================== Signature Check ====================
2024-11-24 15:15:42.820 : Author = paul di_Debug_OffLine
2024-11-24 15:15:42.820 : Version = 2024.0718.155524
2024-11-24 15:15:42.821 : ChangeLog = for debug/verify
2024-11-24 15:15:42.821 : Expiration = 2028-06-24
2024-11-24 15:17:58.491 : 
2024-11-24 15:17:58.492 : ================== Signature Check ====================
2024-11-24 15:17:58.493 : Author = paul di_Debug_OffLine
2024-11-24 15:17:58.493 : Version = 2024.0718.155524
2024-11-24 15:17:58.493 : ChangeLog = for debug/verify
2024-11-24 15:17:58.494 : Expiration = 2028-06-24
2024-11-24 15:21:10.324 : 
2024-11-24 15:21:10.324 : ================== Signature Check ====================
2024-11-24 15:21:10.325 : Author = paul di_Debug_OffLine
2024-11-24 15:21:10.325 : Version = 2024.0718.155524
2024-11-24 15:21:10.325 : ChangeLog = for debug/verify
2024-11-24 15:21:10.326 : Expiration = 2028-06-24
2024-11-24 15:23:57.294 : 
2024-11-24 15:23:57.295 : ================== Signature Check ====================
2024-11-24 15:23:57.295 : Author = paul di_Debug_OffLine
2024-11-24 15:23:57.296 : Version = 2024.0718.155524
2024-11-24 15:23:57.296 : ChangeLog = for debug/verify
2024-11-24 15:23:57.296 : Expiration = 2028-06-24
2024-11-24 15:25:33.012 : 
2024-11-24 15:25:33.013 : ================== Signature Check ====================
2024-11-24 15:25:33.013 : Author = paul di_Debug_OffLine
2024-11-24 15:25:33.013 : Version = 2024.0718.155524
2024-11-24 15:25:33.014 : ChangeLog = for debug/verify
2024-11-24 15:25:33.014 : Expiration = 2028-06-24
2024-11-24 15:30:39.587 : 
2024-11-24 15:30:39.587 : ================== Signature Check ====================
2024-11-24 15:30:39.588 : Author = paul di_Debug_OffLine
2024-11-24 15:30:39.588 : Version = 2024.0718.155524
2024-11-24 15:30:39.588 : ChangeLog = for debug/verify
2024-11-24 15:30:39.589 : Expiration = 2028-06-24
2024-11-24 15:33:23.930 : 
2024-11-24 15:33:23.931 : ================== Signature Check ====================
2024-11-24 15:33:23.931 : Author = paul di_Debug_OffLine
2024-11-24 15:33:23.932 : Version = 2024.0718.155524
2024-11-24 15:33:23.932 : ChangeLog = for debug/verify
2024-11-24 15:33:23.932 : Expiration = 2028-06-24
2024-11-24 15:34:46.621 : 
2024-11-24 15:34:46.621 : ================== Signature Check ====================
2024-11-24 15:34:46.622 : Author = paul di_Debug_OffLine
2024-11-24 15:34:46.622 : Version = 2024.0718.155524
2024-11-24 15:34:46.622 : ChangeLog = for debug/verify
2024-11-24 15:34:46.622 : Expiration = 2028-06-24
2024-11-24 15:41:24.222 : 
2024-11-24 15:41:24.223 : ================== Signature Check ====================
2024-11-24 15:41:24.223 : Author = paul di_Debug_OffLine
2024-11-24 15:41:24.223 : Version = 2024.0718.155524
2024-11-24 15:41:24.224 : ChangeLog = for debug/verify
2024-11-24 15:41:24.224 : Expiration = 2028-06-24
2024-11-24 15:47:33.452 : 
2024-11-24 15:47:33.452 : ================== Signature Check ====================
2024-11-24 15:47:33.453 : Author = paul di_Debug_OffLine
2024-11-24 15:47:33.453 : Version = 2024.0718.155524
2024-11-24 15:47:33.453 : ChangeLog = for debug/verify
2024-11-24 15:47:33.454 : Expiration = 2028-06-24
2024-11-24 15:49:43.614 : 
2024-11-24 15:49:43.614 : ================== Signature Check ====================
2024-11-24 15:49:43.615 : Author = paul di_Debug_OffLine
2024-11-24 15:49:43.616 : Version = 2024.0718.155524
2024-11-24 15:49:43.616 : ChangeLog = for debug/verify
2024-11-24 15:49:43.616 : Expiration = 2028-06-24
2024-11-24 15:55:18.734 : 
2024-11-24 15:55:18.734 : ================== Signature Check ====================
2024-11-24 15:55:18.735 : Author = paul di_Debug_OffLine
2024-11-24 15:55:18.736 : Version = 2024.0718.155524
2024-11-24 15:55:18.736 : ChangeLog = for debug/verify
2024-11-24 15:55:18.736 : Expiration = 2028-06-24
2024-11-24 15:55:39.149 : 
2024-11-24 15:55:39.149 : ================== Signature Check ====================
2024-11-24 15:55:39.150 : Author = paul di_Debug_OffLine
2024-11-24 15:55:39.151 : Version = 2024.0718.155524
2024-11-24 15:55:39.151 : ChangeLog = for debug/verify
2024-11-24 15:55:39.151 : Expiration = 2028-06-24
2024-11-24 16:02:30.125 : 
2024-11-24 16:02:30.125 : ================== Signature Check ====================
2024-11-24 16:02:30.126 : Author = paul di_Debug_OffLine
2024-11-24 16:02:30.127 : Version = 2024.0718.155524
2024-11-24 16:02:30.127 : ChangeLog = for debug/verify
2024-11-24 16:02:30.127 : Expiration = 2028-06-24
2024-11-24 16:06:50.276 : 
2024-11-24 16:06:50.277 : ================== Signature Check ====================
2024-11-24 16:06:50.277 : Author = paul di_Debug_OffLine
2024-11-24 16:06:50.278 : Version = 2024.0718.155524
2024-11-24 16:06:50.278 : ChangeLog = for debug/verify
2024-11-24 16:06:50.278 : Expiration = 2028-06-24
2024-11-24 16:08:11.115 : 
2024-11-24 16:08:11.116 : ================== Signature Check ====================
2024-11-24 16:08:11.117 : Author = paul di_Debug_OffLine
2024-11-24 16:08:11.117 : Version = 2024.0718.155524
2024-11-24 16:08:11.118 : ChangeLog = for debug/verify
2024-11-24 16:08:11.118 : Expiration = 2028-06-24
2024-11-24 16:11:39.683 : 
2024-11-24 16:11:39.684 : ================== Signature Check ====================
2024-11-24 16:11:39.684 : Author = paul di_Debug_OffLine
2024-11-24 16:11:39.684 : Version = 2024.0718.155524
2024-11-24 16:11:39.685 : ChangeLog = for debug/verify
2024-11-24 16:11:39.685 : Expiration = 2028-06-24
2024-11-24 16:13:27.767 : 
2024-11-24 16:13:27.768 : ================== Signature Check ====================
2024-11-24 16:13:27.768 : Author = paul di_Debug_OffLine
2024-11-24 16:13:27.769 : Version = 2024.0718.155524
2024-11-24 16:13:27.769 : ChangeLog = for debug/verify
2024-11-24 16:13:27.769 : Expiration = 2028-06-24
2024-11-24 16:18:41.845 : 
2024-11-24 16:18:41.846 : ================== Signature Check ====================
2024-11-24 16:18:41.846 : Author = paul di_Debug_OffLine
2024-11-24 16:18:41.847 : Version = 2024.0718.155524
2024-11-24 16:18:41.847 : ChangeLog = for debug/verify
2024-11-24 16:18:41.847 : Expiration = 2028-06-24
2024-11-24 16:26:23.258 : 
2024-11-24 16:26:23.259 : ================== Signature Check ====================
2024-11-24 16:26:23.259 : Author = paul di_Debug_OffLine
2024-11-24 16:26:23.259 : Version = 2024.0718.155524
2024-11-24 16:26:23.260 : ChangeLog = for debug/verify
2024-11-24 16:26:23.260 : Expiration = 2028-06-24
2024-11-24 16:31:24.463 : 
2024-11-24 16:31:24.463 : ================== Signature Check ====================
2024-11-24 16:31:24.464 : Author = paul di_Debug_OffLine
2024-11-24 16:31:24.464 : Version = 2024.0718.155524
2024-11-24 16:31:24.464 : ChangeLog = for debug/verify
2024-11-24 16:31:24.465 : Expiration = 2028-06-24
2024-11-24 16:35:57.157 : 
2024-11-24 16:35:57.158 : ================== Signature Check ====================
2024-11-24 16:35:57.159 : Author = paul di_Debug_OffLine
2024-11-24 16:35:57.159 : Version = 2024.0718.155524
2024-11-24 16:35:57.160 : ChangeLog = for debug/verify
2024-11-24 16:35:57.160 : Expiration = 2028-06-24
2024-11-24 16:44:51.632 : 
2024-11-24 16:44:51.633 : ================== Signature Check ====================
2024-11-24 16:44:51.634 : Author = paul di_Debug_OffLine
2024-11-24 16:44:51.634 : Version = 2024.0718.155524
2024-11-24 16:44:51.635 : ChangeLog = for debug/verify
2024-11-24 16:44:51.635 : Expiration = 2028-06-24
2024-11-24 16:45:18.923 : 
2024-11-24 16:45:18.923 : ================== Signature Check ====================
2024-11-24 16:45:18.924 : Author = paul di_Release_OffLine
2024-11-24 16:45:18.925 : Version = 2024.0718.155524
2024-11-24 16:45:18.925 : ChangeLog = for debug/verify
2024-11-24 16:45:18.925 : Expiration = 2028-06-24
2024-11-24 16:47:06.433 : 
2024-11-24 16:47:06.433 : ================== Signature Check ====================
2024-11-24 16:47:06.434 : Author = paul di_Release_OffLine
2024-11-24 16:47:06.434 : Version = 2024.0718.155524
2024-11-24 16:47:06.434 : ChangeLog = for debug/verify
2024-11-24 16:47:06.435 : Expiration = 2028-06-24
2024-11-24 16:53:58.661 : 
2024-11-24 16:53:58.661 : ================== Signature Check ====================
2024-11-24 16:53:58.662 : Author = paul di_Release_OffLine
2024-11-24 16:53:58.662 : Version = 2024.0718.155524
2024-11-24 16:53:58.662 : ChangeLog = for debug/verify
2024-11-24 16:53:58.663 : Expiration = 2028-06-24
2024-11-24 16:57:49.292 : 
2024-11-24 16:57:49.293 : ================== Signature Check ====================
2024-11-24 16:57:49.293 : Author = paul di_Release_OffLine
2024-11-24 16:57:49.294 : Version = 2024.0718.155524
2024-11-24 16:57:49.294 : ChangeLog = for debug/verify
2024-11-24 16:57:49.294 : Expiration = 2028-06-24
2024-11-24 17:02:08.830 : 
2024-11-24 17:02:08.830 : ================== Signature Check ====================
2024-11-24 17:02:08.831 : Author = paul di_Release_OffLine
2024-11-24 17:02:08.831 : Version = 2024.0718.155524
2024-11-24 17:02:08.832 : ChangeLog = for debug/verify
2024-11-24 17:02:08.832 : Expiration = 2028-06-24
2024-11-24 17:02:20.650 : 
2024-11-24 17:02:20.650 : ================== Signature Check ====================
2024-11-24 17:02:20.651 : Author = paul di_Release_OffLine
2024-11-24 17:02:20.652 : Version = 2024.0718.155524
2024-11-24 17:02:20.652 : ChangeLog = for debug/verify
2024-11-24 17:02:20.652 : Expiration = 2028-06-24
2024-11-24 17:04:08.292 : 
2024-11-24 17:04:08.292 : ================== Signature Check ====================
2024-11-24 17:04:08.292 : Author = paul di_Release_OffLine
2024-11-24 17:04:08.293 : Version = 2024.0718.155524
2024-11-24 17:04:08.293 : ChangeLog = for debug/verify
2024-11-24 17:04:08.293 : Expiration = 2028-06-24
2024-11-24 17:08:36.821 : 
2024-11-24 17:08:36.821 : ================== Signature Check ====================
2024-11-24 17:08:36.822 : Author = paul di_Release_OffLine
2024-11-24 17:08:36.822 : Version = 2024.0718.155524
2024-11-24 17:08:36.822 : ChangeLog = for debug/verify
2024-11-24 17:08:36.822 : Expiration = 2028-06-24
2024-11-24 17:09:06.879 : 
2024-11-24 17:09:06.880 : ================== Signature Check ====================
2024-11-24 17:09:06.881 : Author = paul di_Debug_OffLine
2024-11-24 17:09:06.881 : Version = 2024.0718.155524
2024-11-24 17:09:06.882 : ChangeLog = for debug/verify
2024-11-24 17:09:06.882 : Expiration = 2028-06-24
2024-11-24 17:10:33.741 : 
2024-11-24 17:10:33.742 : ================== Signature Check ====================
2024-11-24 17:10:33.742 : Author = paul di_Release_OffLine
2024-11-24 17:10:33.743 : Version = 2024.0718.155524
2024-11-24 17:10:33.743 : ChangeLog = for debug/verify
2024-11-24 17:10:33.743 : Expiration = 2028-06-24
2024-11-24 17:12:21.631 : 
2024-11-24 17:12:21.631 : ================== Signature Check ====================
2024-11-24 17:12:21.632 : Author = paul di_Release_OffLine
2024-11-24 17:12:21.632 : Version = 2024.0718.155524
2024-11-24 17:12:21.632 : ChangeLog = for debug/verify
2024-11-24 17:12:21.633 : Expiration = 2028-06-24
2024-11-24 17:16:39.320 : 
2024-11-24 17:16:39.320 : ================== Signature Check ====================
2024-11-24 17:16:39.321 : Author = paul di_Release_OffLine
2024-11-24 17:16:39.321 : Version = 2024.0718.155524
2024-11-24 17:16:39.321 : ChangeLog = for debug/verify
2024-11-24 17:16:39.322 : Expiration = 2028-06-24
2024-11-24 17:20:44.616 : 
2024-11-24 17:20:44.617 : ================== Signature Check ====================
2024-11-24 17:20:44.617 : Author = paul di_Release_OffLine
2024-11-24 17:20:44.617 : Version = 2024.0718.155524
2024-11-24 17:20:44.618 : ChangeLog = for debug/verify
2024-11-24 17:20:44.618 : Expiration = 2028-06-24
2024-11-24 17:23:39.206 : 
2024-11-24 17:23:39.206 : ================== Signature Check ====================
2024-11-24 17:23:39.207 : Author = paul di_Debug_OffLine
2024-11-24 17:23:39.208 : Version = 2024.0718.155524
2024-11-24 17:23:39.208 : ChangeLog = for debug/verify
2024-11-24 17:23:39.208 : Expiration = 2028-06-24
2024-11-24 17:34:33.934 : 
2024-11-24 17:34:33.935 : ================== Signature Check ====================
2024-11-24 17:34:33.936 : Author = paul di_Debug_OffLine
2024-11-24 17:34:33.936 : Version = 2024.0718.155524
2024-11-24 17:34:33.937 : ChangeLog = for debug/verify
2024-11-24 17:34:33.937 : Expiration = 2028-06-24
2024-11-24 17:39:54.310 : 
2024-11-24 17:39:54.310 : ================== Signature Check ====================
2024-11-24 17:39:54.311 : Author = paul di_Debug_OffLine
2024-11-24 17:39:54.312 : Version = 2024.0718.155524
2024-11-24 17:39:54.312 : ChangeLog = for debug/verify
2024-11-24 17:39:54.312 : Expiration = 2028-06-24
2024-11-24 17:41:04.097 : 
2024-11-24 17:41:04.097 : ================== Signature Check ====================
2024-11-24 17:41:04.098 : Author = paul di_Release_OffLine
2024-11-24 17:41:04.099 : Version = 2024.0718.155524
2024-11-24 17:41:04.099 : ChangeLog = for debug/verify
2024-11-24 17:41:04.099 : Expiration = 2028-06-24
2024-11-24 17:42:51.770 : 
2024-11-24 17:42:51.771 : ================== Signature Check ====================
2024-11-24 17:42:51.771 : Author = paul di_Release_OffLine
2024-11-24 17:42:51.771 : Version = 2024.0718.155524
2024-11-24 17:42:51.772 : ChangeLog = for debug/verify
2024-11-24 17:42:51.772 : Expiration = 2028-06-24
2024-11-24 17:46:57.334 : 
2024-11-24 17:46:57.335 : ================== Signature Check ====================
2024-11-24 17:46:57.335 : Author = paul di_Release_OffLine
2024-11-24 17:46:57.336 : Version = 2024.0718.155524
2024-11-24 17:46:57.336 : ChangeLog = for debug/verify
2024-11-24 17:46:57.336 : Expiration = 2028-06-24
2024-11-24 17:51:20.218 : 
2024-11-24 17:51:20.218 : ================== Signature Check ====================
2024-11-24 17:51:20.219 : Author = paul di_Release_OffLine
2024-11-24 17:51:20.219 : Version = 2024.0718.155524
2024-11-24 17:51:20.219 : ChangeLog = for debug/verify
2024-11-24 17:51:20.219 : Expiration = 2028-06-24
2024-11-24 17:55:28.224 : 
2024-11-24 17:55:28.225 : ================== Signature Check ====================
2024-11-24 17:55:28.225 : Author = paul di_Release_OffLine
2024-11-24 17:55:28.226 : Version = 2024.0718.155524
2024-11-24 17:55:28.226 : ChangeLog = for debug/verify
2024-11-24 17:55:28.226 : Expiration = 2028-06-24
2024-11-24 18:59:10.217 : 
2024-11-24 18:59:10.218 : ================== Signature Check ====================
2024-11-24 18:59:10.219 : Author = paul di_Release_OffLine
2024-11-24 18:59:10.219 : Version = 2024.0718.155524
2024-11-24 18:59:10.219 : ChangeLog = for debug/verify
2024-11-24 18:59:10.220 : Expiration = 2028-06-24
2024-11-24 19:00:58.064 : 
2024-11-24 19:00:58.065 : ================== Signature Check ====================
2024-11-24 19:00:58.065 : Author = paul di_Release_OffLine
2024-11-24 19:00:58.065 : Version = 2024.0718.155524
2024-11-24 19:00:58.066 : ChangeLog = for debug/verify
2024-11-24 19:00:58.066 : Expiration = 2028-06-24
2024-11-24 19:05:07.320 : 
2024-11-24 19:05:07.321 : ================== Signature Check ====================
2024-11-24 19:05:07.321 : Author = paul di_Release_OffLine
2024-11-24 19:05:07.322 : Version = 2024.0718.155524
2024-11-24 19:05:07.322 : ChangeLog = for debug/verify
2024-11-24 19:05:07.322 : Expiration = 2028-06-24
2024-11-24 19:09:17.296 : 
2024-11-24 19:09:17.296 : ================== Signature Check ====================
2024-11-24 19:09:17.297 : Author = paul di_Release_OffLine
2024-11-24 19:09:17.297 : Version = 2024.0718.155524
2024-11-24 19:09:17.298 : ChangeLog = for debug/verify
2024-11-24 19:09:17.298 : Expiration = 2028-06-24
2024-11-24 19:10:47.270 : 
2024-11-24 19:10:47.270 : ================== Signature Check ====================
2024-11-24 19:10:47.271 : Author = paul di_Release_OffLine
2024-11-24 19:10:47.271 : Version = 2024.0718.155524
2024-11-24 19:10:47.271 : ChangeLog = for debug/verify
2024-11-24 19:10:47.272 : Expiration = 2028-06-24
2024-11-24 19:34:35.656 : 
2024-11-24 19:34:35.658 : ================== Signature Check ====================
2024-11-24 19:34:35.659 : Author = paul di_Debug_OffLine
2024-11-24 19:34:35.660 : Version = 2024.0718.155524
2024-11-24 19:34:35.660 : ChangeLog = for debug/verify
2024-11-24 19:34:35.660 : Expiration = 2028-06-24
2024-11-24 19:40:37.985 : 
2024-11-24 19:40:37.986 : ================== Signature Check ====================
2024-11-24 19:40:37.987 : Author = paul di_Debug_OffLine
2024-11-24 19:40:37.987 : Version = 2024.0718.155524
2024-11-24 19:40:37.988 : ChangeLog = for debug/verify
2024-11-24 19:40:37.988 : Expiration = 2028-06-24
2024-11-24 19:45:16.613 : 
2024-11-24 19:45:16.614 : ================== Signature Check ====================
2024-11-24 19:45:16.615 : Author = paul di_Debug_OffLine
2024-11-24 19:45:16.615 : Version = 2024.0718.155524
2024-11-24 19:45:16.615 : ChangeLog = for debug/verify
2024-11-24 19:45:16.616 : Expiration = 2028-06-24
2024-11-24 19:55:54.963 : 
2024-11-24 19:55:54.964 : ================== Signature Check ====================
2024-11-24 19:55:54.965 : Author = paul di_Debug_OffLine
2024-11-24 19:55:54.965 : Version = 2024.0718.155524
2024-11-24 19:55:54.966 : ChangeLog = for debug/verify
2024-11-24 19:55:54.966 : Expiration = 2028-06-24
2024-11-24 20:29:09.438 : 
2024-11-24 20:29:09.438 : ================== Signature Check ====================
2024-11-24 20:29:09.439 : Author = paul di_Debug_OffLine
2024-11-24 20:29:09.439 : Version = 2024.0718.155524
2024-11-24 20:29:09.440 : ChangeLog = for debug/verify
2024-11-24 20:29:09.440 : Expiration = 2028-06-24
2024-11-24 20:29:31.840 : 
2024-11-24 20:29:31.840 : ================== Signature Check ====================
2024-11-24 20:29:31.841 : Author = paul di_Debug_OffLine
2024-11-24 20:29:31.842 : Version = 2024.0718.155524
2024-11-24 20:29:31.842 : ChangeLog = for debug/verify
2024-11-24 20:29:31.842 : Expiration = 2028-06-24
2024-11-24 20:35:39.720 : 
2024-11-24 20:35:39.721 : ================== Signature Check ====================
2024-11-24 20:35:39.721 : Author = paul di_Debug_OffLine
2024-11-24 20:35:39.721 : Version = 2024.0718.155524
2024-11-24 20:35:39.722 : ChangeLog = for debug/verify
2024-11-24 20:35:39.722 : Expiration = 2028-06-24
2024-11-24 20:40:43.697 : 
2024-11-24 20:40:43.698 : ================== Signature Check ====================
2024-11-24 20:40:43.698 : Author = paul di_Release_OffLine
2024-11-24 20:40:43.699 : Version = 2024.0718.155524
2024-11-24 20:40:43.699 : ChangeLog = for debug/verify
2024-11-24 20:40:43.699 : Expiration = 2028-06-24
2024-11-24 20:42:31.383 : 
2024-11-24 20:42:31.384 : ================== Signature Check ====================
2024-11-24 20:42:31.384 : Author = paul di_Release_OffLine
2024-11-24 20:42:31.385 : Version = 2024.0718.155524
2024-11-24 20:42:31.385 : ChangeLog = for debug/verify
2024-11-24 20:42:31.385 : Expiration = 2028-06-24
2024-11-24 20:46:43.738 : 
2024-11-24 20:46:43.738 : ================== Signature Check ====================
2024-11-24 20:46:43.738 : Author = paul di_Release_OffLine
2024-11-24 20:46:43.739 : Version = 2024.0718.155524
2024-11-24 20:46:43.739 : ChangeLog = for debug/verify
2024-11-24 20:46:43.739 : Expiration = 2028-06-24
