2024-11-12 09:08:22.842 : 
2024-11-12 09:08:22.857 : ================== Signature Check ====================
2024-11-12 09:08:22.866 : Author = paul di_Debug_OffLine
2024-11-12 09:08:22.876 : Version = 2024.0718.155524
2024-11-12 09:08:22.889 : ChangeLog = for debug/verify
2024-11-12 09:08:22.901 : Expiration = 2028-06-24
2024-11-12 09:10:15.632 : 
2024-11-12 09:10:15.636 : ================== Signature Check ====================
2024-11-12 09:10:15.639 : Author = paul di_Debug_OffLine
2024-11-12 09:10:15.641 : Version = 2024.0718.155524
2024-11-12 09:10:15.642 : ChangeLog = for debug/verify
2024-11-12 09:10:15.644 : Expiration = 2028-06-24
2024-11-12 09:11:01.701 : 
2024-11-12 09:11:01.704 : ================== Signature Check ====================
2024-11-12 09:11:01.708 : Author = paul di_Debug_OffLine
2024-11-12 09:11:01.709 : Version = 2024.0718.155524
2024-11-12 09:11:01.711 : ChangeLog = for debug/verify
2024-11-12 09:11:01.712 : Expiration = 2028-06-24
2024-11-12 09:57:51.271 : 
2024-11-12 09:57:51.274 : ================== Signature Check ====================
2024-11-12 09:57:51.275 : Author = paul di_Debug_OffLine
2024-11-12 09:57:51.275 : Version = 2024.0718.155524
2024-11-12 09:57:51.275 : ChangeLog = for debug/verify
2024-11-12 09:57:51.276 : Expiration = 2028-06-24
2024-11-12 10:24:21.279 : 
2024-11-12 10:24:21.279 : ================== Signature Check ====================
2024-11-12 10:24:21.280 : Author = paul di_Debug_OffLine
2024-11-12 10:24:21.280 : Version = 2024.0718.155524
2024-11-12 10:24:21.280 : ChangeLog = for debug/verify
2024-11-12 10:24:21.281 : Expiration = 2028-06-24
2024-11-12 10:27:56.255 : 
2024-11-12 10:27:56.255 : ================== Signature Check ====================
2024-11-12 10:27:56.256 : Author = paul di_Debug_OffLine
2024-11-12 10:27:56.257 : Version = 2024.0718.155524
2024-11-12 10:27:56.257 : ChangeLog = for debug/verify
2024-11-12 10:27:56.257 : Expiration = 2028-06-24
2024-11-12 10:29:13.204 : 
2024-11-12 10:29:13.205 : ================== Signature Check ====================
2024-11-12 10:29:13.206 : Author = paul di_Debug_OffLine
2024-11-12 10:29:13.206 : Version = 2024.0718.155524
2024-11-12 10:29:13.207 : ChangeLog = for debug/verify
2024-11-12 10:29:13.207 : Expiration = 2028-06-24
2024-11-12 10:49:51.782 : 
2024-11-12 10:49:51.782 : ================== Signature Check ====================
2024-11-12 10:49:51.783 : Author = paul di_Debug_OffLine
2024-11-12 10:49:51.783 : Version = 2024.0718.155524
2024-11-12 10:49:51.784 : ChangeLog = for debug/verify
2024-11-12 10:49:51.784 : Expiration = 2028-06-24
2024-11-12 10:53:25.675 : 
2024-11-12 10:53:25.676 : ================== Signature Check ====================
2024-11-12 10:53:25.677 : Author = paul di_Debug_OffLine
2024-11-12 10:53:25.677 : Version = 2024.0718.155524
2024-11-12 10:53:25.678 : ChangeLog = for debug/verify
2024-11-12 10:53:25.678 : Expiration = 2028-06-24
2024-11-12 11:13:06.932 : 
2024-11-12 11:13:06.932 : ================== Signature Check ====================
2024-11-12 11:13:06.933 : Author = paul di_Debug_OffLine
2024-11-12 11:13:06.933 : Version = 2024.0718.155524
2024-11-12 11:13:06.933 : ChangeLog = for debug/verify
2024-11-12 11:13:06.933 : Expiration = 2028-06-24
2024-11-12 11:14:00.985 : 
2024-11-12 11:14:00.986 : ================== Signature Check ====================
2024-11-12 11:14:00.987 : Author = paul di_Debug_OffLine
2024-11-12 11:14:00.987 : Version = 2024.0718.155524
2024-11-12 11:14:00.988 : ChangeLog = for debug/verify
2024-11-12 11:14:00.988 : Expiration = 2028-06-24
2024-11-12 13:03:39.740 : 
2024-11-12 13:03:39.741 : ================== Signature Check ====================
2024-11-12 13:03:39.742 : Author = paul di_Debug_OffLine
2024-11-12 13:03:39.742 : Version = 2024.0718.155524
2024-11-12 13:03:39.742 : ChangeLog = for debug/verify
2024-11-12 13:03:39.743 : Expiration = 2028-06-24
2024-11-12 13:24:26.555 : 
2024-11-12 13:24:26.556 : ================== Signature Check ====================
2024-11-12 13:24:26.557 : Author = paul di_Debug_OffLine
2024-11-12 13:24:26.557 : Version = 2024.0718.155524
2024-11-12 13:24:26.558 : ChangeLog = for debug/verify
2024-11-12 13:24:26.558 : Expiration = 2028-06-24
2024-11-12 13:31:08.876 : 
2024-11-12 13:31:08.877 : ================== Signature Check ====================
2024-11-12 13:31:08.878 : Author = paul di_Debug_OffLine
2024-11-12 13:31:08.878 : Version = 2024.0718.155524
2024-11-12 13:31:08.879 : ChangeLog = for debug/verify
2024-11-12 13:31:08.879 : Expiration = 2028-06-24
2024-11-12 13:32:39.861 : 
2024-11-12 13:32:39.862 : ================== Signature Check ====================
2024-11-12 13:32:39.863 : Author = paul di_Debug_OffLine
2024-11-12 13:32:39.863 : Version = 2024.0718.155524
2024-11-12 13:32:39.863 : ChangeLog = for debug/verify
2024-11-12 13:32:39.864 : Expiration = 2028-06-24
2024-11-12 13:38:11.803 : 
2024-11-12 13:38:11.804 : ================== Signature Check ====================
2024-11-12 13:38:11.805 : Author = paul di_Debug_OffLine
2024-11-12 13:38:11.805 : Version = 2024.0718.155524
2024-11-12 13:38:11.805 : ChangeLog = for debug/verify
2024-11-12 13:38:11.806 : Expiration = 2028-06-24
2024-11-12 13:39:41.554 : 
2024-11-12 13:39:41.555 : ================== Signature Check ====================
2024-11-12 13:39:41.556 : Author = paul di_Debug_OffLine
2024-11-12 13:39:41.556 : Version = 2024.0718.155524
2024-11-12 13:39:41.557 : ChangeLog = for debug/verify
2024-11-12 13:39:41.557 : Expiration = 2028-06-24
2024-11-12 13:42:16.258 : 
2024-11-12 13:42:16.259 : ================== Signature Check ====================
2024-11-12 13:42:16.260 : Author = paul di_Debug_OffLine
2024-11-12 13:42:16.260 : Version = 2024.0718.155524
2024-11-12 13:42:16.260 : ChangeLog = for debug/verify
2024-11-12 13:42:16.261 : Expiration = 2028-06-24
2024-11-12 13:49:39.919 : 
2024-11-12 13:49:39.920 : ================== Signature Check ====================
2024-11-12 13:49:39.921 : Author = paul di_Debug_OffLine
2024-11-12 13:49:39.922 : Version = 2024.0718.155524
2024-11-12 13:49:39.922 : ChangeLog = for debug/verify
2024-11-12 13:49:39.922 : Expiration = 2028-06-24
2024-11-12 13:59:44.116 : 
2024-11-12 13:59:44.117 : ================== Signature Check ====================
2024-11-12 13:59:44.117 : Author = paul di_Debug_OffLine
2024-11-12 13:59:44.118 : Version = 2024.0718.155524
2024-11-12 13:59:44.118 : ChangeLog = for debug/verify
2024-11-12 13:59:44.118 : Expiration = 2028-06-24
2024-11-12 14:11:16.487 : 
2024-11-12 14:11:16.487 : ================== Signature Check ====================
2024-11-12 14:11:16.488 : Author = paul di_Debug_OffLine
2024-11-12 14:11:16.488 : Version = 2024.0718.155524
2024-11-12 14:11:16.489 : ChangeLog = for debug/verify
2024-11-12 14:11:16.489 : Expiration = 2028-06-24
2024-11-12 14:27:04.654 : 
2024-11-12 14:27:04.655 : ================== Signature Check ====================
2024-11-12 14:27:04.656 : Author = paul di_Debug_OffLine
2024-11-12 14:27:04.656 : Version = 2024.0718.155524
2024-11-12 14:27:04.656 : ChangeLog = for debug/verify
2024-11-12 14:27:04.657 : Expiration = 2028-06-24
2024-11-12 14:29:29.167 : 
2024-11-12 14:29:29.168 : ================== Signature Check ====================
2024-11-12 14:29:29.169 : Author = paul di_Debug_OffLine
2024-11-12 14:29:29.170 : Version = 2024.0718.155524
2024-11-12 14:29:29.170 : ChangeLog = for debug/verify
2024-11-12 14:29:29.170 : Expiration = 2028-06-24
2024-11-12 15:36:54.747 : 
2024-11-12 15:36:54.748 : ================== Signature Check ====================
2024-11-12 15:36:54.749 : Author = paul di_Debug_OffLine
2024-11-12 15:36:54.749 : Version = 2024.0718.155524
2024-11-12 15:36:54.750 : ChangeLog = for debug/verify
2024-11-12 15:36:54.750 : Expiration = 2028-06-24
2024-11-12 15:42:19.087 : 
2024-11-12 15:42:19.087 : ================== Signature Check ====================
2024-11-12 15:42:19.088 : Author = paul di_Debug_OffLine
2024-11-12 15:42:19.089 : Version = 2024.0718.155524
2024-11-12 15:42:19.089 : ChangeLog = for debug/verify
2024-11-12 15:42:19.089 : Expiration = 2028-06-24
2024-11-12 16:05:06.789 : 
2024-11-12 16:05:06.790 : ================== Signature Check ====================
2024-11-12 16:05:06.790 : Author = paul di_Debug_OffLine
2024-11-12 16:05:06.791 : Version = 2024.0718.155524
2024-11-12 16:05:06.791 : ChangeLog = for debug/verify
2024-11-12 16:05:06.791 : Expiration = 2028-06-24
2024-11-12 16:07:28.679 : 
2024-11-12 16:07:28.679 : ================== Signature Check ====================
2024-11-12 16:07:28.680 : Author = paul di_Debug_OffLine
2024-11-12 16:07:28.680 : Version = 2024.0718.155524
2024-11-12 16:07:28.680 : ChangeLog = for debug/verify
2024-11-12 16:07:28.681 : Expiration = 2028-06-24
2024-11-12 16:07:47.239 : 
2024-11-12 16:07:47.239 : ================== Signature Check ====================
2024-11-12 16:07:47.239 : Author = paul di_Debug_OffLine
2024-11-12 16:07:47.239 : Version = 2024.0718.155524
2024-11-12 16:07:47.240 : ChangeLog = for debug/verify
2024-11-12 16:07:47.240 : Expiration = 2028-06-24
2024-11-12 16:09:11.188 : 
2024-11-12 16:09:11.189 : ================== Signature Check ====================
2024-11-12 16:09:11.189 : Author = paul di_Debug_OffLine
2024-11-12 16:09:11.190 : Version = 2024.0718.155524
2024-11-12 16:09:11.190 : ChangeLog = for debug/verify
2024-11-12 16:09:11.190 : Expiration = 2028-06-24
2024-11-12 16:30:12.424 : 
2024-11-12 16:30:12.432 : ================== Signature Check ====================
2024-11-12 16:30:12.433 : Author = paul di_Debug_OffLine
2024-11-12 16:30:12.433 : Version = 2024.0718.155524
2024-11-12 16:30:12.433 : ChangeLog = for debug/verify
2024-11-12 16:30:12.434 : Expiration = 2028-06-24
2024-11-12 16:39:51.584 : 
2024-11-12 16:39:51.585 : ================== Signature Check ====================
2024-11-12 16:39:51.586 : Author = paul di_Debug_OffLine
2024-11-12 16:39:51.586 : Version = 2024.0718.155524
2024-11-12 16:39:51.587 : ChangeLog = for debug/verify
2024-11-12 16:39:51.587 : Expiration = 2028-06-24
2024-11-12 16:59:07.682 : 
2024-11-12 16:59:07.683 : ================== Signature Check ====================
2024-11-12 16:59:07.684 : Author = paul di_Debug_OffLine
2024-11-12 16:59:07.685 : Version = 2024.0718.155524
2024-11-12 16:59:07.685 : ChangeLog = for debug/verify
2024-11-12 16:59:07.685 : Expiration = 2028-06-24
2024-11-12 18:03:19.981 : 
2024-11-12 18:03:19.982 : ================== Signature Check ====================
2024-11-12 18:03:19.982 : Author = paul di_Debug_OffLine
2024-11-12 18:03:19.983 : Version = 2024.0718.155524
2024-11-12 18:03:19.983 : ChangeLog = for debug/verify
2024-11-12 18:03:19.983 : Expiration = 2028-06-24
2024-11-12 18:05:45.082 : 
2024-11-12 18:05:45.083 : ================== Signature Check ====================
2024-11-12 18:05:45.083 : Author = paul di_Debug_OffLine
2024-11-12 18:05:45.083 : Version = 2024.0718.155524
2024-11-12 18:05:45.084 : ChangeLog = for debug/verify
2024-11-12 18:05:45.084 : Expiration = 2028-06-24
2024-11-12 18:15:41.144 : 
2024-11-12 18:15:41.144 : ================== Signature Check ====================
2024-11-12 18:15:41.145 : Author = paul di_Debug_OffLine
2024-11-12 18:15:41.145 : Version = 2024.0718.155524
2024-11-12 18:15:41.145 : ChangeLog = for debug/verify
2024-11-12 18:15:41.146 : Expiration = 2028-06-24
2024-11-12 18:16:10.917 : 
2024-11-12 18:16:10.918 : ================== Signature Check ====================
2024-11-12 18:16:10.919 : Author = paul di_Debug_OffLine
2024-11-12 18:16:10.919 : Version = 2024.0718.155524
2024-11-12 18:16:10.920 : ChangeLog = for debug/verify
2024-11-12 18:16:10.920 : Expiration = 2028-06-24
2024-11-12 18:22:56.324 : 
2024-11-12 18:22:56.325 : ================== Signature Check ====================
2024-11-12 18:22:56.325 : Author = paul di_Debug_OffLine
2024-11-12 18:22:56.326 : Version = 2024.0718.155524
2024-11-12 18:22:56.326 : ChangeLog = for debug/verify
2024-11-12 18:22:56.326 : Expiration = 2028-06-24
2024-11-12 18:23:16.172 : 
2024-11-12 18:23:16.173 : ================== Signature Check ====================
2024-11-12 18:23:16.174 : Author = paul di_Debug_OffLine
2024-11-12 18:23:16.175 : Version = 2024.0718.155524
2024-11-12 18:23:16.175 : ChangeLog = for debug/verify
2024-11-12 18:23:16.175 : Expiration = 2028-06-24
2024-11-12 18:24:23.589 : 
2024-11-12 18:24:23.590 : ================== Signature Check ====================
2024-11-12 18:24:23.591 : Author = paul di_Debug_OffLine
2024-11-12 18:24:23.592 : Version = 2024.0718.155524
2024-11-12 18:24:23.592 : ChangeLog = for debug/verify
2024-11-12 18:24:23.592 : Expiration = 2028-06-24
2024-11-12 18:25:02.382 : 
2024-11-12 18:25:02.383 : ================== Signature Check ====================
2024-11-12 18:25:02.384 : Author = paul di_Debug_OffLine
2024-11-12 18:25:02.384 : Version = 2024.0718.155524
2024-11-12 18:25:02.384 : ChangeLog = for debug/verify
2024-11-12 18:25:02.385 : Expiration = 2028-06-24
2024-11-12 18:28:10.369 : 
2024-11-12 18:28:10.370 : ================== Signature Check ====================
2024-11-12 18:28:10.371 : Author = paul di_Debug_OffLine
2024-11-12 18:28:10.371 : Version = 2024.0718.155524
2024-11-12 18:28:10.371 : ChangeLog = for debug/verify
2024-11-12 18:28:10.372 : Expiration = 2028-06-24
2024-11-12 18:28:27.506 : 
2024-11-12 18:28:27.506 : ================== Signature Check ====================
2024-11-12 18:28:27.507 : Author = paul di_Debug_OffLine
2024-11-12 18:28:27.508 : Version = 2024.0718.155524
2024-11-12 18:28:27.508 : ChangeLog = for debug/verify
2024-11-12 18:28:27.508 : Expiration = 2028-06-24
2024-11-12 18:29:33.213 : 
2024-11-12 18:29:33.214 : ================== Signature Check ====================
2024-11-12 18:29:33.215 : Author = paul di_Debug_OffLine
2024-11-12 18:29:33.216 : Version = 2024.0718.155524
2024-11-12 18:29:33.216 : ChangeLog = for debug/verify
2024-11-12 18:29:33.216 : Expiration = 2028-06-24
2024-11-12 18:31:46.691 : 
2024-11-12 18:31:46.691 : ================== Signature Check ====================
2024-11-12 18:31:46.692 : Author = paul di_Debug_OffLine
2024-11-12 18:31:46.692 : Version = 2024.0718.155524
2024-11-12 18:31:46.692 : ChangeLog = for debug/verify
2024-11-12 18:31:46.693 : Expiration = 2028-06-24
2024-11-12 18:32:00.229 : 
2024-11-12 18:32:00.230 : ================== Signature Check ====================
2024-11-12 18:32:00.231 : Author = paul di_Debug_OffLine
2024-11-12 18:32:00.232 : Version = 2024.0718.155524
2024-11-12 18:32:00.232 : ChangeLog = for debug/verify
2024-11-12 18:32:00.232 : Expiration = 2028-06-24
