2024-11-09 07:39:57.562 : 
2024-11-09 07:39:57.564 : ================== Signature Check ====================
2024-11-09 07:39:57.565 : Author = paul di_Debug_OffLine
2024-11-09 07:39:57.566 : Version = 2024.0718.155524
2024-11-09 07:39:57.566 : ChangeLog = for debug/verify
2024-11-09 07:39:57.567 : Expiration = 2028-06-24
2024-11-09 13:46:14.840 : 
2024-11-09 13:46:14.845 : ================== Signature Check ====================
2024-11-09 13:46:14.850 : Author = paul di_Debug_OffLine
2024-11-09 13:46:14.852 : Version = 2024.0718.155524
2024-11-09 13:46:14.853 : ChangeLog = for debug/verify
2024-11-09 13:46:14.856 : Expiration = 2028-06-24
2024-11-09 15:49:48.717 : 
2024-11-09 15:49:48.719 : ================== Signature Check ====================
2024-11-09 15:49:48.721 : Author = paul di_Debug_OffLine
2024-11-09 15:49:48.721 : Version = 2024.0718.155524
2024-11-09 15:49:48.722 : ChangeLog = for debug/verify
2024-11-09 15:49:48.723 : Expiration = 2028-06-24
2024-11-09 16:31:37.898 : 
2024-11-09 16:31:37.901 : ================== Signature Check ====================
2024-11-09 16:31:37.901 : Author = paul di_Debug_OffLine
2024-11-09 16:31:37.902 : Version = 2024.0718.155524
2024-11-09 16:31:37.902 : ChangeLog = for debug/verify
2024-11-09 16:31:37.902 : Expiration = 2028-06-24
2024-11-09 16:46:08.098 : 
2024-11-09 16:46:08.100 : ================== Signature Check ====================
2024-11-09 16:46:08.101 : Author = paul di_Debug_OffLine
2024-11-09 16:46:08.101 : Version = 2024.0718.155524
2024-11-09 16:46:08.101 : ChangeLog = for debug/verify
2024-11-09 16:46:08.102 : Expiration = 2028-06-24
2024-11-09 19:58:22.937 : 
2024-11-09 19:58:22.939 : ================== Signature Check ====================
2024-11-09 19:58:22.940 : Author = paul di_Debug_OffLine
2024-11-09 19:58:22.941 : Version = 2024.0718.155524
2024-11-09 19:58:22.942 : ChangeLog = for debug/verify
2024-11-09 19:58:22.942 : Expiration = 2028-06-24
