2024-11-19 10:51:48.528 : 
2024-11-19 10:51:48.528 : ================== Signature Check ====================
2024-11-19 10:51:48.529 : Author = paul di_Debug_OffLine
2024-11-19 10:51:48.529 : Version = 2024.0718.155524
2024-11-19 10:51:48.529 : ChangeLog = for debug/verify
2024-11-19 10:51:48.529 : Expiration = 2028-06-24
2024-11-19 13:10:07.691 : 
2024-11-19 13:10:07.692 : ================== Signature Check ====================
2024-11-19 13:10:07.692 : Author = paul di_Debug_OffLine
2024-11-19 13:10:07.692 : Version = 2024.0718.155524
2024-11-19 13:10:07.692 : ChangeLog = for debug/verify
2024-11-19 13:10:07.692 : Expiration = 2028-06-24
2024-11-19 13:13:13.528 : 
2024-11-19 13:13:13.528 : ================== Signature Check ====================
2024-11-19 13:13:13.529 : Author = paul di_Debug_OffLine
2024-11-19 13:13:13.529 : Version = 2024.0718.155524
2024-11-19 13:13:13.529 : ChangeLog = for debug/verify
2024-11-19 13:13:13.529 : Expiration = 2028-06-24
2024-11-19 13:57:00.685 : 
2024-11-19 13:57:00.686 : ================== Signature Check ====================
2024-11-19 13:57:00.686 : Author = paul di_Debug_OffLine
2024-11-19 13:57:00.687 : Version = 2024.0718.155524
2024-11-19 13:57:00.687 : ChangeLog = for debug/verify
2024-11-19 13:57:00.687 : Expiration = 2028-06-24
2024-11-19 13:59:45.645 : 
2024-11-19 13:59:45.646 : ================== Signature Check ====================
2024-11-19 13:59:45.646 : Author = paul di_Debug_OffLine
2024-11-19 13:59:45.646 : Version = 2024.0718.155524
2024-11-19 13:59:45.647 : ChangeLog = for debug/verify
2024-11-19 13:59:45.647 : Expiration = 2028-06-24
2024-11-19 14:03:38.239 : 
2024-11-19 14:03:38.239 : ================== Signature Check ====================
2024-11-19 14:03:38.240 : Author = paul di_Debug_OffLine
2024-11-19 14:03:38.240 : Version = 2024.0718.155524
2024-11-19 14:03:38.240 : ChangeLog = for debug/verify
2024-11-19 14:03:38.241 : Expiration = 2028-06-24
2024-11-19 14:10:35.326 : 
2024-11-19 14:10:35.326 : ================== Signature Check ====================
2024-11-19 14:10:35.326 : Author = paul di_Debug_OffLine
2024-11-19 14:10:35.327 : Version = 2024.0718.155524
2024-11-19 14:10:35.327 : ChangeLog = for debug/verify
2024-11-19 14:10:35.327 : Expiration = 2028-06-24
2024-11-19 14:15:04.930 : 
2024-11-19 14:15:04.930 : ================== Signature Check ====================
2024-11-19 14:15:04.931 : Author = paul di_Debug_OffLine
2024-11-19 14:15:04.931 : Version = 2024.0718.155524
2024-11-19 14:15:04.931 : ChangeLog = for debug/verify
2024-11-19 14:15:04.931 : Expiration = 2028-06-24
2024-11-19 14:16:39.176 : 
2024-11-19 14:16:39.176 : ================== Signature Check ====================
2024-11-19 14:16:39.177 : Author = paul di_Debug_OffLine
2024-11-19 14:16:39.177 : Version = 2024.0718.155524
2024-11-19 14:16:39.177 : ChangeLog = for debug/verify
2024-11-19 14:16:39.177 : Expiration = 2028-06-24
2024-11-19 14:17:48.013 : 
2024-11-19 14:17:48.013 : ================== Signature Check ====================
2024-11-19 14:17:48.014 : Author = paul di_Debug_OffLine
2024-11-19 14:17:48.014 : Version = 2024.0718.155524
2024-11-19 14:17:48.014 : ChangeLog = for debug/verify
2024-11-19 14:17:48.014 : Expiration = 2028-06-24
2024-11-19 14:35:10.483 : 
2024-11-19 14:35:10.483 : ================== Signature Check ====================
2024-11-19 14:35:10.483 : Author = paul di_Debug_OffLine
2024-11-19 14:35:10.483 : Version = 2024.0718.155524
2024-11-19 14:35:10.483 : ChangeLog = for debug/verify
2024-11-19 14:35:10.484 : Expiration = 2028-06-24
2024-11-19 14:42:18.517 : 
2024-11-19 14:42:18.517 : ================== Signature Check ====================
2024-11-19 14:42:18.517 : Author = paul di_Debug_OffLine
2024-11-19 14:42:18.517 : Version = 2024.0718.155524
2024-11-19 14:42:18.518 : ChangeLog = for debug/verify
2024-11-19 14:42:18.518 : Expiration = 2028-06-24
2024-11-19 14:45:46.030 : 
2024-11-19 14:45:46.031 : ================== Signature Check ====================
2024-11-19 14:45:46.031 : Author = paul di_Debug_OffLine
2024-11-19 14:45:46.032 : Version = 2024.0718.155524
2024-11-19 14:45:46.032 : ChangeLog = for debug/verify
2024-11-19 14:45:46.032 : Expiration = 2028-06-24
2024-11-19 14:54:57.956 : 
2024-11-19 14:54:57.968 : ================== Signature Check ====================
2024-11-19 14:54:57.969 : Author = paul di_Debug_OffLine
2024-11-19 14:54:57.969 : Version = 2024.0718.155524
2024-11-19 14:54:57.969 : ChangeLog = for debug/verify
2024-11-19 14:54:57.969 : Expiration = 2028-06-24
2024-11-19 15:55:48.769 : 
2024-11-19 15:55:48.770 : ================== Signature Check ====================
2024-11-19 15:55:48.770 : Author = paul di_Debug_OffLine
2024-11-19 15:55:48.771 : Version = 2024.0718.155524
2024-11-19 15:55:48.771 : ChangeLog = for debug/verify
2024-11-19 15:55:48.771 : Expiration = 2028-06-24
2024-11-19 19:52:30.139 : 
2024-11-19 19:52:30.139 : ================== Signature Check ====================
2024-11-19 19:52:30.140 : Author = paul di_Debug_OffLine
2024-11-19 19:52:30.140 : Version = 2024.0718.155524
2024-11-19 19:52:30.140 : ChangeLog = for debug/verify
2024-11-19 19:52:30.140 : Expiration = 2028-06-24
2024-11-19 19:55:54.485 : 
2024-11-19 19:55:54.485 : ================== Signature Check ====================
2024-11-19 19:55:54.486 : Author = paul di_Debug_OffLine
2024-11-19 19:55:54.486 : Version = 2024.0718.155524
2024-11-19 19:55:54.486 : ChangeLog = for debug/verify
2024-11-19 19:55:54.486 : Expiration = 2028-06-24
2024-11-19 20:11:32.421 : 
2024-11-19 20:11:32.422 : ================== Signature Check ====================
2024-11-19 20:11:32.423 : Author = paul di_Debug_OffLine
2024-11-19 20:11:32.423 : Version = 2024.0718.155524
2024-11-19 20:11:32.423 : ChangeLog = for debug/verify
2024-11-19 20:11:32.424 : Expiration = 2028-06-24
2024-11-19 20:19:36.136 : 
2024-11-19 20:19:36.137 : ================== Signature Check ====================
2024-11-19 20:19:36.138 : Author = paul di_Debug_OffLine
2024-11-19 20:19:36.138 : Version = 2024.0718.155524
2024-11-19 20:19:36.138 : ChangeLog = for debug/verify
2024-11-19 20:19:36.138 : Expiration = 2028-06-24
2024-11-19 20:25:21.771 : 
2024-11-19 20:25:21.772 : ================== Signature Check ====================
2024-11-19 20:25:21.772 : Author = paul di_Debug_OffLine
2024-11-19 20:25:21.772 : Version = 2024.0718.155524
2024-11-19 20:25:21.773 : ChangeLog = for debug/verify
2024-11-19 20:25:21.773 : Expiration = 2028-06-24
2024-11-19 21:12:03.711 : 
2024-11-19 21:12:03.712 : ================== Signature Check ====================
2024-11-19 21:12:03.712 : Author = paul di_Debug_OffLine
2024-11-19 21:12:03.715 : Version = 2024.0718.155524
2024-11-19 21:12:03.715 : ChangeLog = for debug/verify
2024-11-19 21:12:03.715 : Expiration = 2028-06-24
2024-11-19 21:12:51.993 : 
2024-11-19 21:12:51.993 : ================== Signature Check ====================
2024-11-19 21:12:51.994 : Author = paul di_Debug_OffLine
2024-11-19 21:12:51.994 : Version = 2024.0718.155524
2024-11-19 21:12:51.994 : ChangeLog = for debug/verify
2024-11-19 21:12:51.995 : Expiration = 2028-06-24
2024-11-19 21:14:52.788 : 
2024-11-19 21:14:52.789 : ================== Signature Check ====================
2024-11-19 21:14:52.790 : Author = paul di_Debug_OffLine
2024-11-19 21:14:52.790 : Version = 2024.0718.155524
2024-11-19 21:14:52.790 : ChangeLog = for debug/verify
2024-11-19 21:14:52.791 : Expiration = 2028-06-24
2024-11-19 21:17:47.692 : 
2024-11-19 21:17:47.693 : ================== Signature Check ====================
2024-11-19 21:17:47.694 : Author = paul di_Debug_OffLine
2024-11-19 21:17:47.694 : Version = 2024.0718.155524
2024-11-19 21:17:47.694 : ChangeLog = for debug/verify
2024-11-19 21:17:47.695 : Expiration = 2028-06-24
2024-11-19 21:42:46.212 : 
2024-11-19 21:42:46.212 : ================== Signature Check ====================
2024-11-19 21:42:46.213 : Author = paul di_Debug_OffLine
2024-11-19 21:42:46.213 : Version = 2024.0718.155524
2024-11-19 21:42:46.213 : ChangeLog = for debug/verify
2024-11-19 21:42:46.213 : Expiration = 2028-06-24
2024-11-19 21:56:15.687 : 
2024-11-19 21:56:15.687 : ================== Signature Check ====================
2024-11-19 21:56:15.687 : Author = paul di_Debug_OffLine
2024-11-19 21:56:15.688 : Version = 2024.0718.155524
2024-11-19 21:56:15.688 : ChangeLog = for debug/verify
2024-11-19 21:56:15.688 : Expiration = 2028-06-24
2024-11-19 22:53:19.835 : 
2024-11-19 22:53:19.836 : ================== Signature Check ====================
2024-11-19 22:53:19.836 : Author = paul di_Debug_OffLine
2024-11-19 22:53:19.844 : Version = 2024.0718.155524
2024-11-19 22:53:19.844 : ChangeLog = for debug/verify
2024-11-19 22:53:19.845 : Expiration = 2028-06-24
2024-11-19 23:01:02.011 : 
2024-11-19 23:01:02.011 : ================== Signature Check ====================
2024-11-19 23:01:02.011 : Author = paul di_Debug_OffLine
2024-11-19 23:01:02.021 : Version = 2024.0718.155524
2024-11-19 23:01:02.021 : ChangeLog = for debug/verify
2024-11-19 23:01:02.021 : Expiration = 2028-06-24
