2024-09-12 13:04:18.074 : 
2024-09-12 13:04:18.075 : ================== Signature Check ====================
2024-09-12 13:04:18.076 : Author = paul di_Debug_OffLine
2024-09-12 13:04:18.076 : Version = 2024.0718.155524
2024-09-12 13:04:18.077 : ChangeLog = for debug/verify
2024-09-12 13:04:18.077 : Expiration = 2028-06-24
2024-09-12 13:08:49.338 : 
2024-09-12 13:08:49.338 : ================== Signature Check ====================
2024-09-12 13:08:49.340 : Author = paul di_Debug_OffLine
2024-09-12 13:08:49.340 : Version = 2024.0718.155524
2024-09-12 13:08:49.340 : ChangeLog = for debug/verify
2024-09-12 13:08:49.342 : Expiration = 2028-06-24
2024-09-12 14:28:08.395 : 
2024-09-12 14:28:08.396 : ================== Signature Check ====================
2024-09-12 14:28:08.397 : Author = paul di_Debug_OffLine
2024-09-12 14:28:08.398 : Version = 2024.0718.155524
2024-09-12 14:28:08.398 : ChangeLog = for debug/verify
2024-09-12 14:28:08.399 : Expiration = 2028-06-24
2024-09-12 14:31:43.086 : 
2024-09-12 14:31:43.087 : ================== Signature Check ====================
2024-09-12 14:31:43.088 : Author = paul di_Debug_OffLine
2024-09-12 14:31:43.089 : Version = 2024.0718.155524
2024-09-12 14:31:43.089 : ChangeLog = for debug/verify
2024-09-12 14:31:43.090 : Expiration = 2028-06-24
2024-09-12 14:32:42.157 : 
2024-09-12 14:32:42.158 : ================== Signature Check ====================
2024-09-12 14:32:42.159 : Author = paul di_Debug_OffLine
2024-09-12 14:32:42.160 : Version = 2024.0718.155524
2024-09-12 14:32:42.160 : ChangeLog = for debug/verify
2024-09-12 14:32:42.161 : Expiration = 2028-06-24
2024-09-12 14:41:30.420 : 
2024-09-12 14:41:30.421 : ================== Signature Check ====================
2024-09-12 14:41:30.422 : Author = paul di_Debug_OffLine
2024-09-12 14:41:30.423 : Version = 2024.0718.155524
2024-09-12 14:41:30.423 : ChangeLog = for debug/verify
2024-09-12 14:41:30.424 : Expiration = 2028-06-24
2024-09-12 15:12:57.997 : 
2024-09-12 15:12:57.998 : ================== Signature Check ====================
2024-09-12 15:12:57.998 : Author = paul di_Debug_OffLine
2024-09-12 15:12:57.998 : Version = 2024.0718.155524
2024-09-12 15:12:58.000 : ChangeLog = for debug/verify
2024-09-12 15:12:58.000 : Expiration = 2028-06-24
2024-09-12 15:18:41.568 : 
2024-09-12 15:18:41.569 : ================== Signature Check ====================
2024-09-12 15:18:41.570 : Author = paul di_Debug_OffLine
2024-09-12 15:18:41.570 : Version = 2024.0718.155524
2024-09-12 15:18:41.570 : ChangeLog = for debug/verify
2024-09-12 15:18:41.572 : Expiration = 2028-06-24
2024-09-12 15:31:06.163 : 
2024-09-12 15:31:06.164 : ================== Signature Check ====================
2024-09-12 15:31:06.164 : Author = paul di_Debug_OffLine
2024-09-12 15:31:06.164 : Version = 2024.0718.155524
2024-09-12 15:31:06.165 : ChangeLog = for debug/verify
2024-09-12 15:31:06.165 : Expiration = 2028-06-24
2024-09-12 15:52:57.543 : 
2024-09-12 15:52:57.543 : ================== Signature Check ====================
2024-09-12 15:52:57.545 : Author = paul di_Debug_OffLine
2024-09-12 15:52:57.545 : Version = 2024.0718.155524
2024-09-12 15:52:57.545 : ChangeLog = for debug/verify
2024-09-12 15:52:57.546 : Expiration = 2028-06-24
2024-09-12 16:12:48.242 : 
2024-09-12 16:12:48.242 : ================== Signature Check ====================
2024-09-12 16:12:48.242 : Author = paul di_Debug_OffLine
2024-09-12 16:12:48.243 : Version = 2024.0718.155524
2024-09-12 16:12:48.243 : ChangeLog = for debug/verify
2024-09-12 16:12:48.244 : Expiration = 2028-06-24
