2024-09-24 10:28:00.559 : 
2024-09-24 10:28:00.561 : ================== Signature Check ====================
2024-09-24 10:28:00.562 : Author = paul di
2024-09-24 10:28:00.563 : Version = 2024.0718.155524
2024-09-24 10:28:00.564 : ChangeLog = Achieve_20240718_1555 x64.
2024-09-24 10:28:00.565 : Expiration = 2028-06-24
2024-09-24 10:28:00.567 : Checked Files = 1
2024-09-24 10:28:00.569 : 
2024-09-24 10:28:00.570 : ------- Compare MD5 -------
2024-09-24 10:28:00.571 : Local Root = D:\CYG\SW_Platform\Caesar\Caesar_Demo_202400724_1752_Example_password_is_meta\
2024-09-24 10:28;00.573 : D:\CYG\SW_Platform\Caesar\Caesar_Demo_202400724_1752_Example_password_is_meta\Caesar.exe
2024-09-24 10:28;00.576 : MD5 = bf17e9a91e2b6cf3697fc549ea251b33  Pass

2024-09-24 10:28:00.579 : seconds = 0.009825
2024-09-24 10:28:00.580 : ------- Compare MD5 Done -------
2024-09-24 10:29:05.903 : 
2024-09-24 10:29:05.904 : ================== Signature Check ====================
2024-09-24 10:29:05.906 : Author = paul di_Release_OffLine
2024-09-24 10:29:05.908 : Version = 2024.0718.155524
2024-09-24 10:29:05.908 : ChangeLog = for debug/verify
2024-09-24 10:29:05.909 : Expiration = 2028-06-24
2024-09-24 10:29:13.280 : 
2024-09-24 10:29:13.282 : ================== Signature Check ====================
2024-09-24 10:29:13.283 : Author = paul di
2024-09-24 10:29:13.285 : Version = 2024.0718.155524
2024-09-24 10:29:13.286 : ChangeLog = Achieve_20240718_1555 x64.
2024-09-24 10:29:13.286 : Expiration = 2028-06-24
2024-09-24 10:29:13.289 : Checked Files = 1
2024-09-24 10:29:13.291 : 
2024-09-24 10:29:13.292 : ------- Compare MD5 -------
2024-09-24 10:29:13.293 : Local Root = D:\CYG\SW_Platform\Caesar\Caesar_Demo_202400724_1752_Example_password_is_meta\
2024-09-24 10:29;13.295 : D:\CYG\SW_Platform\Caesar\Caesar_Demo_202400724_1752_Example_password_is_meta\Caesar.exe
2024-09-24 10:29;13.298 : MD5 = bf17e9a91e2b6cf3697fc549ea251b33  Pass

2024-09-24 10:29:13.300 : seconds = 0.0090962
2024-09-24 10:29:13.301 : ------- Compare MD5 Done -------
2024-09-24 10:29:41.438 : 
2024-09-24 10:29:41.440 : ================== Signature Check ====================
2024-09-24 10:29:41.441 : Author = paul di_Debug_OffLine
2024-09-24 10:29:41.442 : Version = 2024.0718.155524
2024-09-24 10:29:41.443 : ChangeLog = for debug/verify
2024-09-24 10:29:41.444 : Expiration = 2028-06-24
2024-09-24 11:15:24.200 : 
2024-09-24 11:15:24.201 : ================== Signature Check ====================
2024-09-24 11:15:24.203 : Author = paul di_Debug_OffLine
2024-09-24 11:15:24.204 : Version = 2024.0718.155524
2024-09-24 11:15:24.205 : ChangeLog = for debug/verify
2024-09-24 11:15:24.206 : Expiration = 2028-06-24
