2024-12-01 10:51:21.907 : 
2024-12-01 10:51:21.908 : ================== Signature Check ====================
2024-12-01 10:51:21.909 : Author = paul di_Debug_OffLine
2024-12-01 10:51:21.909 : Version = 2024.0718.155524
2024-12-01 10:51:21.909 : ChangeLog = for debug/verify
2024-12-01 10:51:21.910 : Expiration = 2028-06-24
2024-12-01 10:58:29.607 : 
2024-12-01 10:58:29.608 : ================== Signature Check ====================
2024-12-01 10:58:29.609 : Author = paul di_Debug_OffLine
2024-12-01 10:58:29.609 : Version = 2024.0718.155524
2024-12-01 10:58:29.609 : ChangeLog = for debug/verify
2024-12-01 10:58:29.610 : Expiration = 2028-06-24
2024-12-01 10:59:12.649 : 
2024-12-01 10:59:12.650 : ================== Signature Check ====================
2024-12-01 10:59:12.651 : Author = paul di_Debug_OffLine
2024-12-01 10:59:12.651 : Version = 2024.0718.155524
2024-12-01 10:59:12.652 : ChangeLog = for debug/verify
2024-12-01 10:59:12.652 : Expiration = 2028-06-24
2024-12-01 11:00:10.196 : 
2024-12-01 11:00:10.197 : ================== Signature Check ====================
2024-12-01 11:00:10.198 : Author = paul di_Debug_OffLine
2024-12-01 11:00:10.198 : Version = 2024.0718.155524
2024-12-01 11:00:10.198 : ChangeLog = for debug/verify
2024-12-01 11:00:10.198 : Expiration = 2028-06-24
2024-12-01 11:04:11.233 : 
2024-12-01 11:04:11.234 : ================== Signature Check ====================
2024-12-01 11:04:11.235 : Author = paul di_Debug_OffLine
2024-12-01 11:04:11.235 : Version = 2024.0718.155524
2024-12-01 11:04:11.235 : ChangeLog = for debug/verify
2024-12-01 11:04:11.235 : Expiration = 2028-06-24
2024-12-01 11:04:31.715 : 
2024-12-01 11:04:31.716 : ================== Signature Check ====================
2024-12-01 11:04:31.716 : Author = paul di_Debug_OffLine
2024-12-01 11:04:31.717 : Version = 2024.0718.155524
2024-12-01 11:04:31.717 : ChangeLog = for debug/verify
2024-12-01 11:04:31.717 : Expiration = 2028-06-24
2024-12-01 11:08:18.303 : 
2024-12-01 11:08:18.304 : ================== Signature Check ====================
2024-12-01 11:08:18.305 : Author = paul di_Debug_OffLine
2024-12-01 11:08:18.305 : Version = 2024.0718.155524
2024-12-01 11:08:18.305 : ChangeLog = for debug/verify
2024-12-01 11:08:18.306 : Expiration = 2028-06-24
2024-12-01 11:08:35.180 : 
2024-12-01 11:08:35.180 : ================== Signature Check ====================
2024-12-01 11:08:35.181 : Author = paul di_Debug_OffLine
2024-12-01 11:08:35.181 : Version = 2024.0718.155524
2024-12-01 11:08:35.182 : ChangeLog = for debug/verify
2024-12-01 11:08:35.182 : Expiration = 2028-06-24
2024-12-01 11:12:55.820 : 
2024-12-01 11:12:55.820 : ================== Signature Check ====================
2024-12-01 11:12:55.820 : Author = paul di_Debug_OffLine
2024-12-01 11:12:55.821 : Version = 2024.0718.155524
2024-12-01 11:12:55.821 : ChangeLog = for debug/verify
2024-12-01 11:12:55.821 : Expiration = 2028-06-24
2024-12-01 11:17:01.188 : 
2024-12-01 11:17:01.189 : ================== Signature Check ====================
2024-12-01 11:17:01.189 : Author = paul di_Debug_OffLine
2024-12-01 11:17:01.189 : Version = 2024.0718.155524
2024-12-01 11:17:01.190 : ChangeLog = for debug/verify
2024-12-01 11:17:01.190 : Expiration = 2028-06-24
2024-12-01 11:23:37.138 : 
2024-12-01 11:23:37.138 : ================== Signature Check ====================
2024-12-01 11:23:37.138 : Author = paul di_Debug_OffLine
2024-12-01 11:23:37.139 : Version = 2024.0718.155524
2024-12-01 11:23:37.139 : ChangeLog = for debug/verify
2024-12-01 11:23:37.139 : Expiration = 2028-06-24
2024-12-01 11:26:20.723 : 
2024-12-01 11:26:20.723 : ================== Signature Check ====================
2024-12-01 11:26:20.724 : Author = paul di_Debug_OffLine
2024-12-01 11:26:20.724 : Version = 2024.0718.155524
2024-12-01 11:26:20.724 : ChangeLog = for debug/verify
2024-12-01 11:26:20.724 : Expiration = 2028-06-24
2024-12-01 11:29:10.858 : 
2024-12-01 11:29:10.858 : ================== Signature Check ====================
2024-12-01 11:29:10.859 : Author = paul di_Debug_OffLine
2024-12-01 11:29:10.859 : Version = 2024.0718.155524
2024-12-01 11:29:10.859 : ChangeLog = for debug/verify
2024-12-01 11:29:10.859 : Expiration = 2028-06-24
2024-12-01 11:33:07.074 : 
2024-12-01 11:33:07.074 : ================== Signature Check ====================
2024-12-01 11:33:07.075 : Author = paul di_Debug_OffLine
2024-12-01 11:33:07.075 : Version = 2024.0718.155524
2024-12-01 11:33:07.076 : ChangeLog = for debug/verify
2024-12-01 11:33:07.076 : Expiration = 2028-06-24
2024-12-01 11:39:21.556 : 
2024-12-01 11:39:21.557 : ================== Signature Check ====================
2024-12-01 11:39:21.558 : Author = paul di_Debug_OffLine
2024-12-01 11:39:21.558 : Version = 2024.0718.155524
2024-12-01 11:39:21.558 : ChangeLog = for debug/verify
2024-12-01 11:39:21.559 : Expiration = 2028-06-24
2024-12-01 13:13:30.556 : 
2024-12-01 13:13:30.565 : ================== Signature Check ====================
2024-12-01 13:13:30.565 : Author = paul di_Debug_OffLine
2024-12-01 13:13:30.565 : Version = 2024.0718.155524
2024-12-01 13:13:30.565 : ChangeLog = for debug/verify
2024-12-01 13:13:30.566 : Expiration = 2028-06-24
2024-12-01 13:14:36.928 : 
2024-12-01 13:14:36.928 : ================== Signature Check ====================
2024-12-01 13:14:36.928 : Author = paul di_Debug_OffLine
2024-12-01 13:14:36.937 : Version = 2024.0718.155524
2024-12-01 13:14:36.937 : ChangeLog = for debug/verify
2024-12-01 13:14:36.938 : Expiration = 2028-06-24
2024-12-01 13:18:51.692 : 
2024-12-01 13:18:51.693 : ================== Signature Check ====================
2024-12-01 13:18:51.693 : Author = paul di_Debug_OffLine
2024-12-01 13:18:51.698 : Version = 2024.0718.155524
2024-12-01 13:18:51.698 : ChangeLog = for debug/verify
2024-12-01 13:18:51.698 : Expiration = 2028-06-24
2024-12-01 13:22:51.186 : 
2024-12-01 13:22:51.186 : ================== Signature Check ====================
2024-12-01 13:22:51.186 : Author = paul di_Debug_OffLine
2024-12-01 13:22:51.191 : Version = 2024.0718.155524
2024-12-01 13:22:51.191 : ChangeLog = for debug/verify
2024-12-01 13:22:51.192 : Expiration = 2028-06-24
2024-12-01 13:24:03.022 : 
2024-12-01 13:24:03.022 : ================== Signature Check ====================
2024-12-01 13:24:03.023 : Author = paul di_Debug_OffLine
2024-12-01 13:24:03.023 : Version = 2024.0718.155524
2024-12-01 13:24:03.023 : ChangeLog = for debug/verify
2024-12-01 13:24:03.023 : Expiration = 2028-06-24
2024-12-01 13:26:32.214 : 
2024-12-01 13:26:32.214 : ================== Signature Check ====================
2024-12-01 13:26:32.215 : Author = paul di_Debug_OffLine
2024-12-01 13:26:32.215 : Version = 2024.0718.155524
2024-12-01 13:26:32.215 : ChangeLog = for debug/verify
2024-12-01 13:26:32.215 : Expiration = 2028-06-24
2024-12-01 13:28:41.006 : 
2024-12-01 13:28:41.007 : ================== Signature Check ====================
2024-12-01 13:28:41.008 : Author = paul di_Debug_OffLine
2024-12-01 13:28:41.008 : Version = 2024.0718.155524
2024-12-01 13:28:41.008 : ChangeLog = for debug/verify
2024-12-01 13:28:41.008 : Expiration = 2028-06-24
2024-12-01 13:30:25.841 : 
2024-12-01 13:30:25.842 : ================== Signature Check ====================
2024-12-01 13:30:25.842 : Author = paul di_Debug_OffLine
2024-12-01 13:30:25.842 : Version = 2024.0718.155524
2024-12-01 13:30:25.843 : ChangeLog = for debug/verify
2024-12-01 13:30:25.843 : Expiration = 2028-06-24
2024-12-01 13:31:26.170 : 
2024-12-01 13:31:26.171 : ================== Signature Check ====================
2024-12-01 13:31:26.171 : Author = paul di_Debug_OffLine
2024-12-01 13:31:26.172 : Version = 2024.0718.155524
2024-12-01 13:31:26.172 : ChangeLog = for debug/verify
2024-12-01 13:31:26.172 : Expiration = 2028-06-24
2024-12-01 13:32:46.875 : 
2024-12-01 13:32:46.875 : ================== Signature Check ====================
2024-12-01 13:32:46.875 : Author = paul di_Debug_OffLine
2024-12-01 13:32:46.876 : Version = 2024.0718.155524
2024-12-01 13:32:46.876 : ChangeLog = for debug/verify
2024-12-01 13:32:46.876 : Expiration = 2028-06-24
2024-12-01 13:33:51.328 : 
2024-12-01 13:33:51.329 : ================== Signature Check ====================
2024-12-01 13:33:51.329 : Author = paul di_Debug_OffLine
2024-12-01 13:33:51.329 : Version = 2024.0718.155524
2024-12-01 13:33:51.329 : ChangeLog = for debug/verify
2024-12-01 13:33:51.330 : Expiration = 2028-06-24
2024-12-01 13:39:34.001 : 
2024-12-01 13:39:34.002 : ================== Signature Check ====================
2024-12-01 13:39:34.002 : Author = paul di_Debug_OffLine
2024-12-01 13:39:34.002 : Version = 2024.0718.155524
2024-12-01 13:39:34.002 : ChangeLog = for debug/verify
2024-12-01 13:39:34.002 : Expiration = 2028-06-24
2024-12-01 13:40:54.401 : 
2024-12-01 13:40:54.401 : ================== Signature Check ====================
2024-12-01 13:40:54.402 : Author = paul di_Debug_OffLine
2024-12-01 13:40:54.402 : Version = 2024.0718.155524
2024-12-01 13:40:54.402 : ChangeLog = for debug/verify
2024-12-01 13:40:54.402 : Expiration = 2028-06-24
2024-12-01 13:44:31.413 : 
2024-12-01 13:44:31.414 : ================== Signature Check ====================
2024-12-01 13:44:31.414 : Author = paul di_Debug_OffLine
2024-12-01 13:44:31.414 : Version = 2024.0718.155524
2024-12-01 13:44:31.415 : ChangeLog = for debug/verify
2024-12-01 13:44:31.415 : Expiration = 2028-06-24
2024-12-01 13:46:19.902 : 
2024-12-01 13:46:19.903 : ================== Signature Check ====================
2024-12-01 13:46:19.903 : Author = paul di_Debug_OffLine
2024-12-01 13:46:19.903 : Version = 2024.0718.155524
2024-12-01 13:46:19.904 : ChangeLog = for debug/verify
2024-12-01 13:46:19.904 : Expiration = 2028-06-24
2024-12-01 13:52:39.317 : 
2024-12-01 13:52:39.318 : ================== Signature Check ====================
2024-12-01 13:52:39.320 : Author = paul di_Debug_OffLine
2024-12-01 13:52:39.321 : Version = 2024.0718.155524
2024-12-01 13:52:39.321 : ChangeLog = for debug/verify
2024-12-01 13:52:39.321 : Expiration = 2028-06-24
2024-12-01 13:59:41.985 : 
2024-12-01 13:59:41.986 : ================== Signature Check ====================
2024-12-01 13:59:41.987 : Author = paul di_Debug_OffLine
2024-12-01 13:59:41.987 : Version = 2024.0718.155524
2024-12-01 13:59:41.987 : ChangeLog = for debug/verify
2024-12-01 13:59:41.988 : Expiration = 2028-06-24
2024-12-01 17:10:09.887 : 
2024-12-01 17:10:09.888 : ================== Signature Check ====================
2024-12-01 17:10:09.889 : Author = paul di_Debug_OffLine
2024-12-01 17:10:09.889 : Version = 2024.0718.155524
2024-12-01 17:10:09.889 : ChangeLog = for debug/verify
2024-12-01 17:10:09.889 : Expiration = 2028-06-24
2024-12-01 17:10:27.803 : 
2024-12-01 17:10:27.804 : ================== Signature Check ====================
2024-12-01 17:10:27.805 : Author = paul di_Debug_OffLine
2024-12-01 17:10:27.805 : Version = 2024.0718.155524
2024-12-01 17:10:27.805 : ChangeLog = for debug/verify
2024-12-01 17:10:27.805 : Expiration = 2028-06-24
2024-12-01 18:13:01.092 : 
2024-12-01 18:13:01.093 : ================== Signature Check ====================
2024-12-01 18:13:01.093 : Author = paul di_Debug_OffLine
2024-12-01 18:13:01.094 : Version = 2024.0718.155524
2024-12-01 18:13:01.094 : ChangeLog = for debug/verify
2024-12-01 18:13:01.094 : Expiration = 2028-06-24
2024-12-01 18:17:14.735 : 
2024-12-01 18:17:14.735 : ================== Signature Check ====================
2024-12-01 18:17:14.735 : Author = paul di_Debug_OffLine
2024-12-01 18:17:14.735 : Version = 2024.0718.155524
2024-12-01 18:17:14.736 : ChangeLog = for debug/verify
2024-12-01 18:17:14.736 : Expiration = 2028-06-24
2024-12-01 18:21:10.961 : 
2024-12-01 18:21:10.961 : ================== Signature Check ====================
2024-12-01 18:21:10.961 : Author = paul di_Debug_OffLine
2024-12-01 18:21:10.962 : Version = 2024.0718.155524
2024-12-01 18:21:10.962 : ChangeLog = for debug/verify
2024-12-01 18:21:10.962 : Expiration = 2028-06-24
2024-12-01 18:25:09.113 : 
2024-12-01 18:25:09.114 : ================== Signature Check ====================
2024-12-01 18:25:09.114 : Author = paul di_Debug_OffLine
2024-12-01 18:25:09.114 : Version = 2024.0718.155524
2024-12-01 18:25:09.114 : ChangeLog = for debug/verify
2024-12-01 18:25:09.114 : Expiration = 2028-06-24
2024-12-01 18:30:06.868 : 
2024-12-01 18:30:06.869 : ================== Signature Check ====================
2024-12-01 18:30:06.869 : Author = paul di_Release_OffLine
2024-12-01 18:30:06.869 : Version = 2024.0718.155524
2024-12-01 18:30:06.870 : ChangeLog = for debug/verify
2024-12-01 18:30:06.870 : Expiration = 2028-06-24
2024-12-01 18:33:57.590 : 
2024-12-01 18:33:57.591 : ================== Signature Check ====================
2024-12-01 18:33:57.591 : Author = paul di_Release_OffLine
2024-12-01 18:33:57.591 : Version = 2024.0718.155524
2024-12-01 18:33:57.591 : ChangeLog = for debug/verify
2024-12-01 18:33:57.591 : Expiration = 2028-06-24
2024-12-01 18:37:37.306 : 
2024-12-01 18:37:37.306 : ================== Signature Check ====================
2024-12-01 18:37:37.307 : Author = paul di_Release_OffLine
2024-12-01 18:37:37.307 : Version = 2024.0718.155524
2024-12-01 18:37:37.307 : ChangeLog = for debug/verify
2024-12-01 18:37:37.307 : Expiration = 2028-06-24
2024-12-01 18:41:25.487 : 
2024-12-01 18:41:25.487 : ================== Signature Check ====================
2024-12-01 18:41:25.487 : Author = paul di_Release_OffLine
2024-12-01 18:41:25.487 : Version = 2024.0718.155524
2024-12-01 18:41:25.488 : ChangeLog = for debug/verify
2024-12-01 18:41:25.488 : Expiration = 2028-06-24
2024-12-01 18:45:04.869 : 
2024-12-01 18:45:04.870 : ================== Signature Check ====================
2024-12-01 18:45:04.870 : Author = paul di_Release_OffLine
2024-12-01 18:45:04.870 : Version = 2024.0718.155524
2024-12-01 18:45:04.870 : ChangeLog = for debug/verify
2024-12-01 18:45:04.871 : Expiration = 2028-06-24
2024-12-01 18:50:30.127 : 
2024-12-01 18:50:30.127 : ================== Signature Check ====================
2024-12-01 18:50:30.127 : Author = paul di_Release_OffLine
2024-12-01 18:50:30.128 : Version = 2024.0718.155524
2024-12-01 18:50:30.128 : ChangeLog = for debug/verify
2024-12-01 18:50:30.128 : Expiration = 2028-06-24
2024-12-01 18:54:10.559 : 
2024-12-01 18:54:10.559 : ================== Signature Check ====================
2024-12-01 18:54:10.559 : Author = paul di_Release_OffLine
2024-12-01 18:54:10.559 : Version = 2024.0718.155524
2024-12-01 18:54:10.559 : ChangeLog = for debug/verify
2024-12-01 18:54:10.559 : Expiration = 2028-06-24
2024-12-01 18:57:57.604 : 
2024-12-01 18:57:57.604 : ================== Signature Check ====================
2024-12-01 18:57:57.604 : Author = paul di_Release_OffLine
2024-12-01 18:57:57.604 : Version = 2024.0718.155524
2024-12-01 18:57:57.604 : ChangeLog = for debug/verify
2024-12-01 18:57:57.604 : Expiration = 2028-06-24
2024-12-01 19:03:00.322 : 
2024-12-01 19:03:00.322 : ================== Signature Check ====================
2024-12-01 19:03:00.323 : Author = paul di_Release_OffLine
2024-12-01 19:03:00.323 : Version = 2024.0718.155524
2024-12-01 19:03:00.323 : ChangeLog = for debug/verify
2024-12-01 19:03:00.323 : Expiration = 2028-06-24
2024-12-01 19:09:58.611 : 
2024-12-01 19:09:58.611 : ================== Signature Check ====================
2024-12-01 19:09:58.611 : Author = paul di_Release_OffLine
2024-12-01 19:09:58.612 : Version = 2024.0718.155524
2024-12-01 19:09:58.612 : ChangeLog = for debug/verify
2024-12-01 19:09:58.612 : Expiration = 2028-06-24
2024-12-01 19:22:46.747 : 
2024-12-01 19:22:46.747 : ================== Signature Check ====================
2024-12-01 19:22:46.747 : Author = paul di_Release_OffLine
2024-12-01 19:22:46.747 : Version = 2024.0718.155524
2024-12-01 19:22:46.748 : ChangeLog = for debug/verify
2024-12-01 19:22:46.748 : Expiration = 2028-06-24
2024-12-01 19:49:57.319 : 
2024-12-01 19:49:57.319 : ================== Signature Check ====================
2024-12-01 19:49:57.319 : Author = paul di_Release_OffLine
2024-12-01 19:49:57.319 : Version = 2024.0718.155524
2024-12-01 19:49:57.319 : ChangeLog = for debug/verify
2024-12-01 19:49:57.320 : Expiration = 2028-06-24
