2024-11-11 09:20:04.914 : 
2024-11-11 09:20:04.919 : ================== Signature Check ====================
2024-11-11 09:20:04.923 : Author = paul di_Debug_OffLine
2024-11-11 09:20:04.925 : Version = 2024.0718.155524
2024-11-11 09:20:04.926 : ChangeLog = for debug/verify
2024-11-11 09:20:04.928 : Expiration = 2028-06-24
2024-11-11 10:08:39.802 : 
2024-11-11 10:08:39.804 : ================== Signature Check ====================
2024-11-11 10:08:39.805 : Author = paul di_Debug_OffLine
2024-11-11 10:08:39.805 : Version = 2024.0718.155524
2024-11-11 10:08:39.806 : ChangeLog = for debug/verify
2024-11-11 10:08:39.806 : Expiration = 2028-06-24
2024-11-11 15:57:27.668 : 
2024-11-11 15:57:27.670 : ================== Signature Check ====================
2024-11-11 15:57:27.672 : Author = paul di_Debug_OffLine
2024-11-11 15:57:27.672 : Version = 2024.0718.155524
2024-11-11 15:57:27.673 : ChangeLog = for debug/verify
2024-11-11 15:57:27.673 : Expiration = 2028-06-24
2024-11-11 16:03:23.002 : 
2024-11-11 16:03:23.003 : ================== Signature Check ====================
2024-11-11 16:03:23.004 : Author = paul di_Debug_OffLine
2024-11-11 16:03:23.004 : Version = 2024.0718.155524
2024-11-11 16:03:23.005 : ChangeLog = for debug/verify
2024-11-11 16:03:23.005 : Expiration = 2028-06-24
2024-11-11 16:36:13.038 : 
2024-11-11 16:36:13.039 : ================== Signature Check ====================
2024-11-11 16:36:13.040 : Author = paul di_Debug_OffLine
2024-11-11 16:36:13.040 : Version = 2024.0718.155524
2024-11-11 16:36:13.041 : ChangeLog = for debug/verify
2024-11-11 16:36:13.041 : Expiration = 2028-06-24
2024-11-11 18:16:05.256 : 
2024-11-11 18:16:05.272 : ================== Signature Check ====================
2024-11-11 18:16:05.273 : Author = paul di_Debug_OffLine
2024-11-11 18:16:05.273 : Version = 2024.0718.155524
2024-11-11 18:16:05.273 : ChangeLog = for debug/verify
2024-11-11 18:16:05.274 : Expiration = 2028-06-24
2024-11-11 18:16:52.694 : 
2024-11-11 18:16:52.695 : ================== Signature Check ====================
2024-11-11 18:16:52.696 : Author = paul di_Debug_OffLine
2024-11-11 18:16:52.696 : Version = 2024.0718.155524
2024-11-11 18:16:52.696 : ChangeLog = for debug/verify
2024-11-11 18:16:52.697 : Expiration = 2028-06-24
2024-11-11 18:22:06.828 : 
2024-11-11 18:22:06.829 : ================== Signature Check ====================
2024-11-11 18:22:06.830 : Author = paul di_Debug_OffLine
2024-11-11 18:22:06.830 : Version = 2024.0718.155524
2024-11-11 18:22:06.831 : ChangeLog = for debug/verify
2024-11-11 18:22:06.831 : Expiration = 2028-06-24
2024-11-11 18:32:04.376 : 
2024-11-11 18:32:04.377 : ================== Signature Check ====================
2024-11-11 18:32:04.378 : Author = paul di_Debug_OffLine
2024-11-11 18:32:04.379 : Version = 2024.0718.155524
2024-11-11 18:32:04.379 : ChangeLog = for debug/verify
2024-11-11 18:32:04.379 : Expiration = 2028-06-24
2024-11-11 18:35:28.528 : 
2024-11-11 18:35:28.528 : ================== Signature Check ====================
2024-11-11 18:35:28.529 : Author = paul di_Debug_OffLine
2024-11-11 18:35:28.530 : Version = 2024.0718.155524
2024-11-11 18:35:28.530 : ChangeLog = for debug/verify
2024-11-11 18:35:28.530 : Expiration = 2028-06-24
2024-11-11 18:47:55.974 : 
2024-11-11 18:47:55.975 : ================== Signature Check ====================
2024-11-11 18:47:55.976 : Author = paul di_Debug_OffLine
2024-11-11 18:47:55.976 : Version = 2024.0718.155524
2024-11-11 18:47:55.976 : ChangeLog = for debug/verify
2024-11-11 18:47:55.977 : Expiration = 2028-06-24
2024-11-11 18:48:40.110 : 
2024-11-11 18:48:40.112 : ================== Signature Check ====================
2024-11-11 18:48:40.112 : Author = paul di_Debug_OffLine
2024-11-11 18:48:40.113 : Version = 2024.0718.155524
2024-11-11 18:48:40.113 : ChangeLog = for debug/verify
2024-11-11 18:48:40.113 : Expiration = 2028-06-24
2024-11-11 18:54:15.360 : 
2024-11-11 18:54:15.361 : ================== Signature Check ====================
2024-11-11 18:54:15.361 : Author = paul di_Debug_OffLine
2024-11-11 18:54:15.362 : Version = 2024.0718.155524
2024-11-11 18:54:15.362 : ChangeLog = for debug/verify
2024-11-11 18:54:15.362 : Expiration = 2028-06-24
2024-11-11 19:00:46.320 : 
2024-11-11 19:00:46.321 : ================== Signature Check ====================
2024-11-11 19:00:46.322 : Author = paul di_Debug_OffLine
2024-11-11 19:00:46.322 : Version = 2024.0718.155524
2024-11-11 19:00:46.323 : ChangeLog = for debug/verify
2024-11-11 19:00:46.323 : Expiration = 2028-06-24
