2024-10-22 09:39:27.374 : 
2024-10-22 09:39:27.375 : ================== Signature Check ====================
2024-10-22 09:39:27.376 : Author = paul di_Debug_OffLine
2024-10-22 09:39:27.376 : Version = 2024.0718.155524
2024-10-22 09:39:27.376 : ChangeLog = for debug/verify
2024-10-22 09:39:27.376 : Expiration = 2028-06-24
2024-10-22 13:18:45.297 : 
2024-10-22 13:18:45.307 : ================== Signature Check ====================
2024-10-22 13:18:45.307 : Author = paul di_Debug_OffLine
2024-10-22 13:18:45.307 : Version = 2024.0718.155524
2024-10-22 13:18:45.307 : ChangeLog = for debug/verify
2024-10-22 13:18:45.307 : Expiration = 2028-06-24
2024-10-22 16:19:30.973 : 
2024-10-22 16:19:30.984 : ================== Signature Check ====================
2024-10-22 16:19:30.985 : Author = paul di_Debug_OffLine
2024-10-22 16:19:30.985 : Version = 2024.0718.155524
2024-10-22 16:19:30.985 : ChangeLog = for debug/verify
2024-10-22 16:19:30.986 : Expiration = 2028-06-24
2024-10-22 18:42:52.334 : 
2024-10-22 18:42:52.334 : ================== Signature Check ====================
2024-10-22 18:42:52.334 : Author = paul di_Debug_OffLine
2024-10-22 18:42:52.335 : Version = 2024.0718.155524
2024-10-22 18:42:52.335 : ChangeLog = for debug/verify
2024-10-22 18:42:52.335 : Expiration = 2028-06-24
2024-10-22 19:23:19.609 : 
2024-10-22 19:23:19.609 : ================== Signature Check ====================
2024-10-22 19:23:19.610 : Author = paul di_Debug_OffLine
2024-10-22 19:23:19.610 : Version = 2024.0718.155524
2024-10-22 19:23:19.610 : ChangeLog = for debug/verify
2024-10-22 19:23:19.610 : Expiration = 2028-06-24
2024-10-22 19:24:46.800 : 
2024-10-22 19:24:46.800 : ================== Signature Check ====================
2024-10-22 19:24:46.801 : Author = paul di_Debug_OffLine
2024-10-22 19:24:46.801 : Version = 2024.0718.155524
2024-10-22 19:24:46.801 : ChangeLog = for debug/verify
2024-10-22 19:24:46.801 : Expiration = 2028-06-24
2024-10-22 19:31:32.233 : 
2024-10-22 19:31:32.233 : ================== Signature Check ====================
2024-10-22 19:31:32.233 : Author = paul di_Debug_OffLine
2024-10-22 19:31:32.233 : Version = 2024.0718.155524
2024-10-22 19:31:32.233 : ChangeLog = for debug/verify
2024-10-22 19:31:32.233 : Expiration = 2028-06-24
2024-10-22 19:34:10.136 : 
2024-10-22 19:34:10.137 : ================== Signature Check ====================
2024-10-22 19:34:10.137 : Author = paul di_Debug_OffLine
2024-10-22 19:34:10.137 : Version = 2024.0718.155524
2024-10-22 19:34:10.137 : ChangeLog = for debug/verify
2024-10-22 19:34:10.137 : Expiration = 2028-06-24
2024-10-22 19:37:17.484 : 
2024-10-22 19:37:17.485 : ================== Signature Check ====================
2024-10-22 19:37:17.485 : Author = paul di_Debug_OffLine
2024-10-22 19:37:17.485 : Version = 2024.0718.155524
2024-10-22 19:37:17.485 : ChangeLog = for debug/verify
2024-10-22 19:37:17.485 : Expiration = 2028-06-24
