2024-11-20 01:28:03.561 : 
2024-11-20 01:28:03.563 : ================== Signature Check ====================
2024-11-20 01:28:03.565 : Author = paul di_Debug_OffLine
2024-11-20 01:28:03.566 : Version = 2024.0718.155524
2024-11-20 01:28:03.566 : ChangeLog = for debug/verify
2024-11-20 01:28:03.566 : Expiration = 2028-06-24
2024-11-20 09:06:30.767 : 
2024-11-20 09:06:30.769 : ================== Signature Check ====================
2024-11-20 09:06:30.772 : Author = paul di_Debug_OffLine
2024-11-20 09:06:30.773 : Version = 2024.0718.155524
2024-11-20 09:06:30.774 : ChangeLog = for debug/verify
2024-11-20 09:06:30.775 : Expiration = 2028-06-24
2024-11-20 11:03:02.407 : 
2024-11-20 11:03:02.409 : ================== Signature Check ====================
2024-11-20 11:03:02.411 : Author = paul di_Debug_OffLine
2024-11-20 11:03:02.411 : Version = 2024.0718.155524
2024-11-20 11:03:02.412 : ChangeLog = for debug/verify
2024-11-20 11:03:02.412 : Expiration = 2028-06-24
2024-11-20 11:07:24.982 : 
2024-11-20 11:07:24.983 : ================== Signature Check ====================
2024-11-20 11:07:24.984 : Author = paul di_Debug_OffLine
2024-11-20 11:07:24.985 : Version = 2024.0718.155524
2024-11-20 11:07:24.985 : ChangeLog = for debug/verify
2024-11-20 11:07:24.986 : Expiration = 2028-06-24
2024-11-20 11:08:30.618 : 
2024-11-20 11:08:30.620 : ================== Signature Check ====================
2024-11-20 11:08:30.620 : Author = paul di_Debug_OffLine
2024-11-20 11:08:30.620 : Version = 2024.0718.155524
2024-11-20 11:08:30.621 : ChangeLog = for debug/verify
2024-11-20 11:08:30.622 : Expiration = 2028-06-24
2024-11-20 13:19:06.016 : 
2024-11-20 13:19:06.016 : ================== Signature Check ====================
2024-11-20 13:19:06.017 : Author = paul di_Debug_OffLine
2024-11-20 13:19:06.017 : Version = 2024.0718.155524
2024-11-20 13:19:06.017 : ChangeLog = for debug/verify
2024-11-20 13:19:06.017 : Expiration = 2028-06-24
2024-11-20 13:21:15.983 : 
2024-11-20 13:21:15.984 : ================== Signature Check ====================
2024-11-20 13:21:15.985 : Author = paul di_Debug_OffLine
2024-11-20 13:21:15.985 : Version = 2024.0718.155524
2024-11-20 13:21:15.985 : ChangeLog = for debug/verify
2024-11-20 13:21:15.985 : Expiration = 2028-06-24
2024-11-20 13:21:43.686 : 
2024-11-20 13:21:43.687 : ================== Signature Check ====================
2024-11-20 13:21:43.687 : Author = paul di_Debug_OffLine
2024-11-20 13:21:43.688 : Version = 2024.0718.155524
2024-11-20 13:21:43.688 : ChangeLog = for debug/verify
2024-11-20 13:21:43.688 : Expiration = 2028-06-24
2024-11-20 13:26:14.146 : 
2024-11-20 13:26:14.146 : ================== Signature Check ====================
2024-11-20 13:26:14.146 : Author = paul di_Debug_OffLine
2024-11-20 13:26:14.147 : Version = 2024.0718.155524
2024-11-20 13:26:14.147 : ChangeLog = for debug/verify
2024-11-20 13:26:14.147 : Expiration = 2028-06-24
2024-11-20 14:32:53.286 : 
2024-11-20 14:32:53.286 : ================== Signature Check ====================
2024-11-20 14:32:53.286 : Author = paul di_Debug_OffLine
2024-11-20 14:32:53.286 : Version = 2024.0718.155524
2024-11-20 14:32:53.286 : ChangeLog = for debug/verify
2024-11-20 14:32:53.286 : Expiration = 2028-06-24
2024-11-20 14:40:43.826 : 
2024-11-20 14:40:43.826 : ================== Signature Check ====================
2024-11-20 14:40:43.826 : Author = paul di_Debug_OffLine
2024-11-20 14:40:43.826 : Version = 2024.0718.155524
2024-11-20 14:40:43.826 : ChangeLog = for debug/verify
2024-11-20 14:40:43.826 : Expiration = 2028-06-24
2024-11-20 14:50:08.117 : 
2024-11-20 14:50:08.118 : ================== Signature Check ====================
2024-11-20 14:50:08.119 : Author = paul di_Debug_OffLine
2024-11-20 14:50:08.119 : Version = 2024.0718.155524
2024-11-20 14:50:08.119 : ChangeLog = for debug/verify
2024-11-20 14:50:08.119 : Expiration = 2028-06-24
2024-11-20 15:03:59.937 : 
2024-11-20 15:03:59.937 : ================== Signature Check ====================
2024-11-20 15:03:59.938 : Author = paul di_Debug_OffLine
2024-11-20 15:03:59.938 : Version = 2024.0718.155524
2024-11-20 15:03:59.938 : ChangeLog = for debug/verify
2024-11-20 15:03:59.938 : Expiration = 2028-06-24
2024-11-20 16:40:02.424 : 
2024-11-20 16:40:02.425 : ================== Signature Check ====================
2024-11-20 16:40:02.425 : Author = paul di_Debug_OffLine
2024-11-20 16:40:02.426 : Version = 2024.0718.155524
2024-11-20 16:40:02.426 : ChangeLog = for debug/verify
2024-11-20 16:40:02.426 : Expiration = 2028-06-24
2024-11-20 16:44:40.346 : 
2024-11-20 16:44:40.346 : ================== Signature Check ====================
2024-11-20 16:44:40.347 : Author = paul di_Debug_OffLine
2024-11-20 16:44:40.347 : Version = 2024.0718.155524
2024-11-20 16:44:40.347 : ChangeLog = for debug/verify
2024-11-20 16:44:40.347 : Expiration = 2028-06-24
2024-11-20 16:49:37.201 : 
2024-11-20 16:49:37.201 : ================== Signature Check ====================
2024-11-20 16:49:37.202 : Author = paul di_Debug_OffLine
2024-11-20 16:49:37.202 : Version = 2024.0718.155524
2024-11-20 16:49:37.202 : ChangeLog = for debug/verify
2024-11-20 16:49:37.203 : Expiration = 2028-06-24
2024-11-20 16:56:12.862 : 
2024-11-20 16:56:12.862 : ================== Signature Check ====================
2024-11-20 16:56:12.863 : Author = paul di_Debug_OffLine
2024-11-20 16:56:12.863 : Version = 2024.0718.155524
2024-11-20 16:56:12.863 : ChangeLog = for debug/verify
2024-11-20 16:56:12.863 : Expiration = 2028-06-24
2024-11-20 16:57:56.981 : 
2024-11-20 16:57:56.982 : ================== Signature Check ====================
2024-11-20 16:57:56.983 : Author = paul di_Debug_OffLine
2024-11-20 16:57:56.983 : Version = 2024.0718.155524
2024-11-20 16:57:56.983 : ChangeLog = for debug/verify
2024-11-20 16:57:56.983 : Expiration = 2028-06-24
2024-11-20 17:03:51.763 : 
2024-11-20 17:03:51.764 : ================== Signature Check ====================
2024-11-20 17:03:51.764 : Author = paul di_Debug_OffLine
2024-11-20 17:03:51.764 : Version = 2024.0718.155524
2024-11-20 17:03:51.764 : ChangeLog = for debug/verify
2024-11-20 17:03:51.765 : Expiration = 2028-06-24
2024-11-20 17:12:50.876 : 
2024-11-20 17:12:50.877 : ================== Signature Check ====================
2024-11-20 17:12:50.877 : Author = paul di_Debug_OffLine
2024-11-20 17:12:50.877 : Version = 2024.0718.155524
2024-11-20 17:12:50.878 : ChangeLog = for debug/verify
2024-11-20 17:12:50.878 : Expiration = 2028-06-24
2024-11-20 17:49:10.599 : 
2024-11-20 17:49:10.600 : ================== Signature Check ====================
2024-11-20 17:49:10.600 : Author = paul di_Debug_OffLine
2024-11-20 17:49:10.600 : Version = 2024.0718.155524
2024-11-20 17:49:10.600 : ChangeLog = for debug/verify
2024-11-20 17:49:10.601 : Expiration = 2028-06-24
2024-11-20 19:52:19.569 : 
2024-11-20 19:52:19.569 : ================== Signature Check ====================
2024-11-20 19:52:19.570 : Author = paul di_Debug_OffLine
2024-11-20 19:52:19.570 : Version = 2024.0718.155524
2024-11-20 19:52:19.570 : ChangeLog = for debug/verify
2024-11-20 19:52:19.571 : Expiration = 2028-06-24
2024-11-20 20:14:48.406 : 
2024-11-20 20:14:48.407 : ================== Signature Check ====================
2024-11-20 20:14:48.407 : Author = paul di_Debug_OffLine
2024-11-20 20:14:48.407 : Version = 2024.0718.155524
2024-11-20 20:14:48.408 : ChangeLog = for debug/verify
2024-11-20 20:14:48.408 : Expiration = 2028-06-24
2024-11-20 20:48:22.376 : 
2024-11-20 20:48:22.377 : ================== Signature Check ====================
2024-11-20 20:48:22.378 : Author = paul di_Debug_OffLine
2024-11-20 20:48:22.378 : Version = 2024.0718.155524
2024-11-20 20:48:22.378 : ChangeLog = for debug/verify
2024-11-20 20:48:22.378 : Expiration = 2028-06-24
2024-11-20 20:49:10.821 : 
2024-11-20 20:49:10.822 : ================== Signature Check ====================
2024-11-20 20:49:10.822 : Author = paul di_Debug_OffLine
2024-11-20 20:49:10.823 : Version = 2024.0718.155524
2024-11-20 20:49:10.823 : ChangeLog = for debug/verify
2024-11-20 20:49:10.823 : Expiration = 2028-06-24
2024-11-20 20:55:53.125 : 
2024-11-20 20:55:53.126 : ================== Signature Check ====================
2024-11-20 20:55:53.126 : Author = paul di_Debug_OffLine
2024-11-20 20:55:53.127 : Version = 2024.0718.155524
2024-11-20 20:55:53.127 : ChangeLog = for debug/verify
2024-11-20 20:55:53.127 : Expiration = 2028-06-24
