2024-09-09 17:58:26.066 : 
2024-09-09 17:58:26.072 : ================== Signature Check ====================
2024-09-09 17:58:26.075 : Author = paul di
2024-09-09 17:58:26.075 : Version = 2024.0718.155524
2024-09-09 17:58:26.076 : ChangeLog = Achieve_20240718_1555 x64.
2024-09-09 17:58:26.076 : Expiration = 2028-06-24
2024-09-09 17:58:26.077 : Checked Files = 1
2024-09-09 17:58:26.079 : 
2024-09-09 17:58:26.080 : ------- Compare MD5 -------
2024-09-09 17:58:26.080 : Local Root = D:\CYG\SW_Platform\Caesar\Caesar_Demo_202400724_1752_Example_password_is_meta\
2024-09-09 17:58;26.086 : D:\CYG\SW_Platform\Caesar\Caesar_Demo_202400724_1752_Example_password_is_meta\Caesar.exe
2024-09-09 17:58;26.088 : MD5 = bf17e9a91e2b6cf3697fc549ea251b33  Pass

2024-09-09 17:58:26.090 : seconds = 0.0099569
2024-09-09 17:58:26.090 : ------- Compare MD5 Done -------
2024-09-09 17:59:36.521 : 
2024-09-09 17:59:36.522 : ================== Signature Check ====================
2024-09-09 17:59:36.523 : Author = paul di
2024-09-09 17:59:36.524 : Version = 2024.0718.155524
2024-09-09 17:59:36.524 : ChangeLog = Achieve_20240718_1555 x64.
2024-09-09 17:59:36.526 : Expiration = 2028-06-24
2024-09-09 17:59:36.526 : Checked Files = 1
2024-09-09 17:59:36.527 : 
2024-09-09 17:59:36.527 : ------- Compare MD5 -------
2024-09-09 17:59:36.528 : Local Root = D:\CYG\SW_Platform\Caesar\Caesar_Demo_202400724_1752_Example_password_is_meta\
2024-09-09 17:59;36.528 : D:\CYG\SW_Platform\Caesar\Caesar_Demo_202400724_1752_Example_password_is_meta\Caesar.exe
2024-09-09 17:59;36.531 : MD5 = bf17e9a91e2b6cf3697fc549ea251b33  Pass

2024-09-09 17:59:36.531 : seconds = 0.0041609
2024-09-09 17:59:36.532 : ------- Compare MD5 Done -------
2024-09-09 18:00:00.412 : 
2024-09-09 18:00:00.414 : ================== Signature Check ====================
2024-09-09 18:00:00.416 : Author = paul di_Release_OffLine
2024-09-09 18:00:00.416 : Version = 2024.0718.155524
2024-09-09 18:00:00.417 : ChangeLog = for debug/verify
2024-09-09 18:00:00.417 : Expiration = 2028-06-24
2024-09-09 18:00:48.471 : 
2024-09-09 18:00:48.472 : ================== Signature Check ====================
2024-09-09 18:00:48.473 : Author = paul di_Debug_OffLine
2024-09-09 18:00:48.474 : Version = 2024.0718.155524
2024-09-09 18:00:48.474 : ChangeLog = for debug/verify
2024-09-09 18:00:48.475 : Expiration = 2028-06-24
2024-09-09 18:03:21.294 : 
2024-09-09 18:03:21.295 : ================== Signature Check ====================
2024-09-09 18:03:21.296 : Author = paul di_Debug_OffLine
2024-09-09 18:03:21.297 : Version = 2024.0718.155524
2024-09-09 18:03:21.297 : ChangeLog = for debug/verify
2024-09-09 18:03:21.297 : Expiration = 2028-06-24
2024-09-09 18:04:01.076 : 
2024-09-09 18:04:01.078 : ================== Signature Check ====================
2024-09-09 18:04:01.079 : Author = paul di
2024-09-09 18:04:01.079 : Version = 2024.0718.155524
2024-09-09 18:04:01.080 : ChangeLog = Achieve_20240718_1555 x64.
2024-09-09 18:04:01.080 : Expiration = 2028-06-24
2024-09-09 18:04:01.081 : Checked Files = 1
2024-09-09 18:04:01.082 : 
2024-09-09 18:04:01.083 : ------- Compare MD5 -------
2024-09-09 18:04:01.084 : Local Root = D:\CYG\SW_Platform\Caesar\Caesar_Demo_202400724_1752_Example_password_is_meta\
2024-09-09 18:04;01.085 : D:\CYG\SW_Platform\Caesar\Caesar_Demo_202400724_1752_Example_password_is_meta\Caesar.exe
2024-09-09 18:04;01.088 : MD5 = bf17e9a91e2b6cf3697fc549ea251b33  Pass

2024-09-09 18:04:01.089 : seconds = 0.0069984
2024-09-09 18:04:01.089 : ------- Compare MD5 Done -------
2024-09-09 18:04:30.946 : 
2024-09-09 18:04:30.948 : ================== Signature Check ====================
2024-09-09 18:04:30.950 : Author = paul di_Debug_OffLine
2024-09-09 18:04:30.951 : Version = 2024.0718.155524
2024-09-09 18:04:30.953 : ChangeLog = for debug/verify
2024-09-09 18:04:30.953 : Expiration = 2028-06-24
2024-09-09 18:27:10.631 : 
2024-09-09 18:27:10.632 : ================== Signature Check ====================
2024-09-09 18:27:10.633 : Author = paul di_Debug_OffLine
2024-09-09 18:27:10.633 : Version = 2024.0718.155524
2024-09-09 18:27:10.633 : ChangeLog = for debug/verify
2024-09-09 18:27:10.635 : Expiration = 2028-06-24
2024-09-09 18:29:29.639 : 
2024-09-09 18:29:29.640 : ================== Signature Check ====================
2024-09-09 18:29:29.642 : Author = paul di_Debug_OffLine
2024-09-09 18:29:29.643 : Version = 2024.0718.155524
2024-09-09 18:29:29.644 : ChangeLog = for debug/verify
2024-09-09 18:29:29.645 : Expiration = 2028-06-24
2024-09-09 18:31:16.276 : 
2024-09-09 18:31:16.277 : ================== Signature Check ====================
2024-09-09 18:31:16.278 : Author = paul di_Debug_OffLine
2024-09-09 18:31:16.280 : Version = 2024.0718.155524
2024-09-09 18:31:16.280 : ChangeLog = for debug/verify
2024-09-09 18:31:16.280 : Expiration = 2028-06-24
2024-09-09 18:31:28.501 : 
2024-09-09 18:31:28.502 : ================== Signature Check ====================
2024-09-09 18:31:28.504 : Author = paul di_Debug_OffLine
2024-09-09 18:31:28.504 : Version = 2024.0718.155524
2024-09-09 18:31:28.505 : ChangeLog = for debug/verify
2024-09-09 18:31:28.505 : Expiration = 2028-06-24
2024-09-09 18:32:13.810 : 
2024-09-09 18:32:13.812 : ================== Signature Check ====================
2024-09-09 18:32:13.812 : Author = paul di
2024-09-09 18:32:13.813 : Version = 2024.0718.155524
2024-09-09 18:32:13.814 : ChangeLog = Achieve_20240718_1555 x64.
2024-09-09 18:32:13.814 : Expiration = 2028-06-24
2024-09-09 18:32:13.814 : Checked Files = 1
2024-09-09 18:32:13.816 : 
2024-09-09 18:32:13.817 : ------- Compare MD5 -------
2024-09-09 18:32:13.818 : Local Root = D:\CYG\SW_Platform\Caesar\Caesar_Demo_202400724_1752_Example_password_is_meta\
2024-09-09 18:32;13.819 : D:\CYG\SW_Platform\Caesar\Caesar_Demo_202400724_1752_Example_password_is_meta\Caesar.exe
2024-09-09 18:32;13.821 : MD5 = bf17e9a91e2b6cf3697fc549ea251b33  Pass

2024-09-09 18:32:13.823 : seconds = 0.006077
2024-09-09 18:32:13.823 : ------- Compare MD5 Done -------
2024-09-09 18:34:24.417 : 
2024-09-09 18:34:24.419 : ================== Signature Check ====================
2024-09-09 18:34:24.421 : Author = paul di_Debug_OffLine
2024-09-09 18:34:24.422 : Version = 2024.0718.155524
2024-09-09 18:34:24.422 : ChangeLog = for debug/verify
2024-09-09 18:34:24.423 : Expiration = 2028-06-24
2024-09-09 18:43:52.209 : 
2024-09-09 18:43:52.210 : ================== Signature Check ====================
2024-09-09 18:43:52.211 : Author = paul di_Debug_OffLine
2024-09-09 18:43:52.212 : Version = 2024.0718.155524
2024-09-09 18:43:52.212 : ChangeLog = for debug/verify
2024-09-09 18:43:52.212 : Expiration = 2028-06-24
2024-09-09 18:44:34.664 : 
2024-09-09 18:44:34.665 : ================== Signature Check ====================
2024-09-09 18:44:34.666 : Author = paul di_Debug_OffLine
2024-09-09 18:44:34.666 : Version = 2024.0718.155524
2024-09-09 18:44:34.667 : ChangeLog = for debug/verify
2024-09-09 18:44:34.667 : Expiration = 2028-06-24
2024-09-09 18:46:50.169 : 
2024-09-09 18:46:50.170 : ================== Signature Check ====================
2024-09-09 18:46:50.172 : Author = paul di
2024-09-09 18:46:50.172 : Version = 2024.0718.155524
2024-09-09 18:46:50.173 : ChangeLog = Achieve_20240718_1555 x64.
2024-09-09 18:46:50.173 : Expiration = 2028-06-24
2024-09-09 18:46:50.174 : Checked Files = 1
2024-09-09 18:46:50.176 : 
2024-09-09 18:46:50.177 : ------- Compare MD5 -------
2024-09-09 18:46:50.177 : Local Root = D:\CYG\SW_Platform\Caesar\Caesar_Demo_202400724_1752_Example_password_is_meta\
2024-09-09 18:46;50.178 : D:\CYG\SW_Platform\Caesar\Caesar_Demo_202400724_1752_Example_password_is_meta\Caesar.exe
2024-09-09 18:46;50.180 : MD5 = bf17e9a91e2b6cf3697fc549ea251b33  Pass

2024-09-09 18:46:50.181 : seconds = 0.0052402
2024-09-09 18:46:50.182 : ------- Compare MD5 Done -------
