2024-10-15 10:58:17.269 : 
2024-10-15 10:58:17.270 : ================== Signature Check ====================
2024-10-15 10:58:17.272 : Author = paul di_Debug_OffLine
2024-10-15 10:58:17.272 : Version = 2024.0718.155524
2024-10-15 10:58:17.272 : ChangeLog = for debug/verify
2024-10-15 10:58:17.272 : Expiration = 2028-06-24
2024-10-15 10:59:03.306 : 
2024-10-15 10:59:03.306 : ================== Signature Check ====================
2024-10-15 10:59:03.307 : Author = paul di_Debug_OffLine
2024-10-15 10:59:03.307 : Version = 2024.0718.155524
2024-10-15 10:59:03.308 : ChangeLog = for debug/verify
2024-10-15 10:59:03.308 : Expiration = 2028-06-24
2024-10-15 11:21:50.401 : 
2024-10-15 11:21:50.402 : ================== Signature Check ====================
2024-10-15 11:21:50.403 : Author = paul di_Debug_OffLine
2024-10-15 11:21:50.404 : Version = 2024.0718.155524
2024-10-15 11:21:50.404 : ChangeLog = for debug/verify
2024-10-15 11:21:50.404 : Expiration = 2028-06-24
2024-10-15 11:46:31.635 : 
2024-10-15 11:46:31.636 : ================== Signature Check ====================
2024-10-15 11:46:31.637 : Author = paul di_Debug_OffLine
2024-10-15 11:46:31.637 : Version = 2024.0718.155524
2024-10-15 11:46:31.637 : ChangeLog = for debug/verify
2024-10-15 11:46:31.638 : Expiration = 2028-06-24
2024-10-15 11:47:07.311 : 
2024-10-15 11:47:07.312 : ================== Signature Check ====================
2024-10-15 11:47:07.313 : Author = paul di_Debug_OffLine
2024-10-15 11:47:07.313 : Version = 2024.0718.155524
2024-10-15 11:47:07.313 : ChangeLog = for debug/verify
2024-10-15 11:47:07.314 : Expiration = 2028-06-24
2024-10-15 12:13:59.288 : 
2024-10-15 12:13:59.289 : ================== Signature Check ====================
2024-10-15 12:13:59.290 : Author = paul di_Debug_OffLine
2024-10-15 12:13:59.291 : Version = 2024.0718.155524
2024-10-15 12:13:59.291 : ChangeLog = for debug/verify
2024-10-15 12:13:59.291 : Expiration = 2028-06-24
2024-10-15 12:14:17.915 : 
2024-10-15 12:14:17.916 : ================== Signature Check ====================
2024-10-15 12:14:17.917 : Author = paul di_Debug_OffLine
2024-10-15 12:14:17.918 : Version = 2024.0718.155524
2024-10-15 12:14:17.918 : ChangeLog = for debug/verify
2024-10-15 12:14:17.918 : Expiration = 2028-06-24
2024-10-15 12:14:49.959 : 
2024-10-15 12:14:49.960 : ================== Signature Check ====================
2024-10-15 12:14:49.960 : Author = paul di_Debug_OffLine
2024-10-15 12:14:49.961 : Version = 2024.0718.155524
2024-10-15 12:14:49.961 : ChangeLog = for debug/verify
2024-10-15 12:14:49.961 : Expiration = 2028-06-24
2024-10-15 12:15:42.155 : 
2024-10-15 12:15:42.155 : ================== Signature Check ====================
2024-10-15 12:15:42.156 : Author = paul di_Debug_OffLine
2024-10-15 12:15:42.156 : Version = 2024.0718.155524
2024-10-15 12:15:42.157 : ChangeLog = for debug/verify
2024-10-15 12:15:42.157 : Expiration = 2028-06-24
2024-10-15 12:16:05.613 : 
2024-10-15 12:16:05.614 : ================== Signature Check ====================
2024-10-15 12:16:05.615 : Author = paul di_Debug_OffLine
2024-10-15 12:16:05.615 : Version = 2024.0718.155524
2024-10-15 12:16:05.616 : ChangeLog = for debug/verify
2024-10-15 12:16:05.616 : Expiration = 2028-06-24
2024-10-15 12:17:03.527 : 
2024-10-15 12:17:03.528 : ================== Signature Check ====================
2024-10-15 12:17:03.529 : Author = paul di_Debug_OffLine
2024-10-15 12:17:03.529 : Version = 2024.0718.155524
2024-10-15 12:17:03.530 : ChangeLog = for debug/verify
2024-10-15 12:17:03.530 : Expiration = 2028-06-24
2024-10-15 12:18:02.982 : 
2024-10-15 12:18:02.983 : ================== Signature Check ====================
2024-10-15 12:18:02.983 : Author = paul di_Debug_OffLine
2024-10-15 12:18:02.984 : Version = 2024.0718.155524
2024-10-15 12:18:02.984 : ChangeLog = for debug/verify
2024-10-15 12:18:02.984 : Expiration = 2028-06-24
2024-10-15 12:20:02.767 : 
2024-10-15 12:20:02.768 : ================== Signature Check ====================
2024-10-15 12:20:02.769 : Author = paul di_Debug_OffLine
2024-10-15 12:20:02.769 : Version = 2024.0718.155524
2024-10-15 12:20:02.770 : ChangeLog = for debug/verify
2024-10-15 12:20:02.770 : Expiration = 2028-06-24
2024-10-15 12:33:43.232 : 
2024-10-15 12:33:43.233 : ================== Signature Check ====================
2024-10-15 12:33:43.234 : Author = paul di_Debug_OffLine
2024-10-15 12:33:43.234 : Version = 2024.0718.155524
2024-10-15 12:33:43.235 : ChangeLog = for debug/verify
2024-10-15 12:33:43.235 : Expiration = 2028-06-24
2024-10-15 12:35:16.034 : 
2024-10-15 12:35:16.034 : ================== Signature Check ====================
2024-10-15 12:35:16.035 : Author = paul di_Debug_OffLine
2024-10-15 12:35:16.035 : Version = 2024.0718.155524
2024-10-15 12:35:16.036 : ChangeLog = for debug/verify
2024-10-15 12:35:16.036 : Expiration = 2028-06-24
2024-10-15 12:38:59.311 : 
2024-10-15 12:38:59.311 : ================== Signature Check ====================
2024-10-15 12:38:59.313 : Author = paul di_Debug_OffLine
2024-10-15 12:38:59.313 : Version = 2024.0718.155524
2024-10-15 12:38:59.313 : ChangeLog = for debug/verify
2024-10-15 12:38:59.314 : Expiration = 2028-06-24
2024-10-15 12:39:10.647 : 
2024-10-15 12:39:10.648 : ================== Signature Check ====================
2024-10-15 12:39:10.649 : Author = paul di_Debug_OffLine
2024-10-15 12:39:10.649 : Version = 2024.0718.155524
2024-10-15 12:39:10.650 : ChangeLog = for debug/verify
2024-10-15 12:39:10.650 : Expiration = 2028-06-24
2024-10-15 12:45:06.236 : 
2024-10-15 12:45:06.237 : ================== Signature Check ====================
2024-10-15 12:45:06.238 : Author = paul di_Debug_OffLine
2024-10-15 12:45:06.238 : Version = 2024.0718.155524
2024-10-15 12:45:06.238 : ChangeLog = for debug/verify
2024-10-15 12:45:06.239 : Expiration = 2028-06-24
2024-10-15 13:09:15.088 : 
2024-10-15 13:09:15.088 : ================== Signature Check ====================
2024-10-15 13:09:15.088 : Author = paul di_Debug_OffLine
2024-10-15 13:09:15.088 : Version = 2024.0718.155524
2024-10-15 13:09:15.088 : ChangeLog = for debug/verify
2024-10-15 13:09:15.089 : Expiration = 2028-06-24
2024-10-15 13:09:49.948 : 
2024-10-15 13:09:49.949 : ================== Signature Check ====================
2024-10-15 13:09:49.950 : Author = paul di_Debug_OffLine
2024-10-15 13:09:49.950 : Version = 2024.0718.155524
2024-10-15 13:09:49.950 : ChangeLog = for debug/verify
2024-10-15 13:09:49.950 : Expiration = 2028-06-24
