2024-11-30 10:10:00.690 : 
2024-11-30 10:10:00.691 : ================== Signature Check ====================
2024-11-30 10:10:00.692 : Author = paul di_Debug_OffLine
2024-11-30 10:10:00.693 : Version = 2024.0718.155524
2024-11-30 10:10:00.693 : ChangeLog = for debug/verify
2024-11-30 10:10:00.693 : Expiration = 2028-06-24
2024-11-30 10:12:53.389 : 
2024-11-30 10:12:53.390 : ================== Signature Check ====================
2024-11-30 10:12:53.390 : Author = paul di_Debug_OffLine
2024-11-30 10:12:53.390 : Version = 2024.0718.155524
2024-11-30 10:12:53.391 : ChangeLog = for debug/verify
2024-11-30 10:12:53.391 : Expiration = 2028-06-24
2024-11-30 10:14:39.503 : 
2024-11-30 10:14:39.504 : ================== Signature Check ====================
2024-11-30 10:14:39.505 : Author = paul di_Debug_OffLine
2024-11-30 10:14:39.505 : Version = 2024.0718.155524
2024-11-30 10:14:39.506 : ChangeLog = for debug/verify
2024-11-30 10:14:39.506 : Expiration = 2028-06-24
2024-11-30 10:16:11.326 : 
2024-11-30 10:16:11.327 : ================== Signature Check ====================
2024-11-30 10:16:11.327 : Author = paul di_Debug_OffLine
2024-11-30 10:16:11.327 : Version = 2024.0718.155524
2024-11-30 10:16:11.328 : ChangeLog = for debug/verify
2024-11-30 10:16:11.328 : Expiration = 2028-06-24
2024-11-30 15:43:10.550 : 
2024-11-30 15:43:10.553 : ================== Signature Check ====================
2024-11-30 15:43:10.554 : Author = paul di_Debug_OffLine
2024-11-30 15:43:10.554 : Version = 2024.0718.155524
2024-11-30 15:43:10.554 : ChangeLog = for debug/verify
2024-11-30 15:43:10.555 : Expiration = 2028-06-24
2024-11-30 15:48:09.011 : 
2024-11-30 15:48:09.012 : ================== Signature Check ====================
2024-11-30 15:48:09.012 : Author = paul di_Debug_OffLine
2024-11-30 15:48:09.012 : Version = 2024.0718.155524
2024-11-30 15:48:09.013 : ChangeLog = for debug/verify
2024-11-30 15:48:09.013 : Expiration = 2028-06-24
2024-11-30 15:48:44.774 : 
2024-11-30 15:48:44.774 : ================== Signature Check ====================
2024-11-30 15:48:44.775 : Author = paul di_Debug_OffLine
2024-11-30 15:48:44.776 : Version = 2024.0718.155524
2024-11-30 15:48:44.776 : ChangeLog = for debug/verify
2024-11-30 15:48:44.776 : Expiration = 2028-06-24
2024-11-30 15:49:50.185 : 
2024-11-30 15:49:50.186 : ================== Signature Check ====================
2024-11-30 15:49:50.186 : Author = paul di_Debug_OffLine
2024-11-30 15:49:50.187 : Version = 2024.0718.155524
2024-11-30 15:49:50.187 : ChangeLog = for debug/verify
2024-11-30 15:49:50.187 : Expiration = 2028-06-24
2024-11-30 15:52:50.886 : 
2024-11-30 15:52:50.886 : ================== Signature Check ====================
2024-11-30 15:52:50.887 : Author = paul di_Debug_OffLine
2024-11-30 15:52:50.887 : Version = 2024.0718.155524
2024-11-30 15:52:50.887 : ChangeLog = for debug/verify
2024-11-30 15:52:50.888 : Expiration = 2028-06-24
2024-11-30 15:53:52.729 : 
2024-11-30 15:53:52.729 : ================== Signature Check ====================
2024-11-30 15:53:52.729 : Author = paul di_Debug_OffLine
2024-11-30 15:53:52.730 : Version = 2024.0718.155524
2024-11-30 15:53:52.730 : ChangeLog = for debug/verify
2024-11-30 15:53:52.730 : Expiration = 2028-06-24
2024-11-30 15:55:09.083 : 
2024-11-30 15:55:09.084 : ================== Signature Check ====================
2024-11-30 15:55:09.084 : Author = paul di_Debug_OffLine
2024-11-30 15:55:09.085 : Version = 2024.0718.155524
2024-11-30 15:55:09.085 : ChangeLog = for debug/verify
2024-11-30 15:55:09.085 : Expiration = 2028-06-24
2024-11-30 16:00:37.480 : 
2024-11-30 16:00:37.481 : ================== Signature Check ====================
2024-11-30 16:00:37.481 : Author = paul di_Debug_OffLine
2024-11-30 16:00:37.481 : Version = 2024.0718.155524
2024-11-30 16:00:37.481 : ChangeLog = for debug/verify
2024-11-30 16:00:37.481 : Expiration = 2028-06-24
2024-11-30 16:17:00.749 : 
2024-11-30 16:17:00.750 : ================== Signature Check ====================
2024-11-30 16:17:00.751 : Author = paul di_Debug_OffLine
2024-11-30 16:17:00.751 : Version = 2024.0718.155524
2024-11-30 16:17:00.751 : ChangeLog = for debug/verify
2024-11-30 16:17:00.752 : Expiration = 2028-06-24
2024-11-30 16:30:56.500 : 
2024-11-30 16:30:56.503 : ================== Signature Check ====================
2024-11-30 16:30:56.504 : Author = paul di_Debug_OffLine
2024-11-30 16:30:56.504 : Version = 2024.0718.155524
2024-11-30 16:30:56.504 : ChangeLog = for debug/verify
2024-11-30 16:30:56.505 : Expiration = 2028-06-24
2024-11-30 19:53:05.916 : 
2024-11-30 19:53:05.934 : ================== Signature Check ====================
2024-11-30 19:53:05.935 : Author = paul di_Debug_OffLine
2024-11-30 19:53:05.936 : Version = 2024.0718.155524
2024-11-30 19:53:05.936 : ChangeLog = for debug/verify
2024-11-30 19:53:05.936 : Expiration = 2028-06-24
