2024-11-10 15:57:50.988 : 
2024-11-10 15:57:50.992 : ================== Signature Check ====================
2024-11-10 15:57:50.994 : Author = paul di_Debug_OffLine
2024-11-10 15:57:50.995 : Version = 2024.0718.155524
2024-11-10 15:57:50.997 : ChangeLog = for debug/verify
2024-11-10 15:57:50.999 : Expiration = 2028-06-24
2024-11-10 20:58:43.714 : 
2024-11-10 20:58:43.719 : ================== Signature Check ====================
2024-11-10 20:58:43.723 : Author = paul di_Debug_OffLine
2024-11-10 20:58:43.725 : Version = 2024.0718.155524
2024-11-10 20:58:43.727 : ChangeLog = for debug/verify
2024-11-10 20:58:43.730 : Expiration = 2028-06-24
2024-11-10 20:59:09.581 : 
2024-11-10 20:59:09.585 : ================== Signature Check ====================
2024-11-10 20:59:09.592 : Author = paul di_Debug_OffLine
2024-11-10 20:59:09.597 : Version = 2024.0718.155524
2024-11-10 20:59:09.598 : ChangeLog = for debug/verify
2024-11-10 20:59:09.601 : Expiration = 2028-06-24
2024-11-10 22:42:30.619 : 
2024-11-10 22:42:30.626 : ================== Signature Check ====================
2024-11-10 22:42:30.631 : Author = paul di_Debug_OffLine
2024-11-10 22:42:30.633 : Version = 2024.0718.155524
2024-11-10 22:42:30.636 : ChangeLog = for debug/verify
2024-11-10 22:42:30.637 : Expiration = 2028-06-24
2024-11-10 22:43:48.082 : 
2024-11-10 22:43:48.087 : ================== Signature Check ====================
2024-11-10 22:43:48.091 : Author = paul di_Debug_OffLine
2024-11-10 22:43:48.093 : Version = 2024.0718.155524
2024-11-10 22:43:48.094 : ChangeLog = for debug/verify
2024-11-10 22:43:48.098 : Expiration = 2028-06-24
2024-11-10 22:53:13.706 : 
2024-11-10 22:53:13.710 : ================== Signature Check ====================
2024-11-10 22:53:13.715 : Author = paul di_Debug_OffLine
2024-11-10 22:53:13.718 : Version = 2024.0718.155524
2024-11-10 22:53:13.720 : ChangeLog = for debug/verify
2024-11-10 22:53:13.721 : Expiration = 2028-06-24
