2024-10-08 11:59:13.935 : 
2024-10-08 11:59:13.936 : ================== Signature Check ====================
2024-10-08 11:59:13.937 : Author = paul di_Debug_OffLine
2024-10-08 11:59:13.938 : Version = 2024.0718.155524
2024-10-08 11:59:13.938 : ChangeLog = for debug/verify
2024-10-08 11:59:13.938 : Expiration = 2028-06-24
2024-10-08 12:00:01.945 : 
2024-10-08 12:00:01.946 : ================== Signature Check ====================
2024-10-08 12:00:01.948 : Author = paul di_Debug_OffLine
2024-10-08 12:00:01.948 : Version = 2024.0718.155524
2024-10-08 12:00:01.948 : ChangeLog = for debug/verify
2024-10-08 12:00:01.950 : Expiration = 2028-06-24
2024-10-08 12:01:36.818 : 
2024-10-08 12:01:36.819 : ================== Signature Check ====================
2024-10-08 12:01:36.821 : Author = paul di
2024-10-08 12:01:36.821 : Version = 2024.0718.155524
2024-10-08 12:01:36.822 : ChangeLog = Achieve_20240718_1555 x64.
2024-10-08 12:01:36.822 : Expiration = 2028-06-24
2024-10-08 12:01:36.823 : Checked Files = 1
2024-10-08 12:01:36.824 : 
2024-10-08 12:01:36.824 : ------- Compare MD5 -------
2024-10-08 12:01:36.824 : Local Root = D:\CYG\SW_Platform\Caesar\Caesar_Demo_202400724_1752_Example_password_is_meta\
2024-10-08 12:01;36.826 : D:\CYG\SW_Platform\Caesar\Caesar_Demo_202400724_1752_Example_password_is_meta\Caesar.exe
2024-10-08 12:01;36.827 : MD5 = bf17e9a91e2b6cf3697fc549ea251b33  Pass

2024-10-08 12:01:36.828 : seconds = 0.0043495
2024-10-08 12:01:36.828 : ------- Compare MD5 Done -------
2024-10-08 12:03:25.703 : 
2024-10-08 12:03:25.705 : ================== Signature Check ====================
2024-10-08 12:03:25.706 : Author = paul di
2024-10-08 12:03:25.706 : Version = 2024.0718.155524
2024-10-08 12:03:25.707 : ChangeLog = Achieve_20240718_1555 x64.
2024-10-08 12:03:25.707 : Expiration = 2028-06-24
2024-10-08 12:03:25.708 : Checked Files = 1
2024-10-08 12:03:25.709 : 
2024-10-08 12:03:25.709 : ------- Compare MD5 -------
2024-10-08 12:03:25.709 : Local Root = D:\CYG\SW_Platform\Caesar\Caesar_Demo_202400724_1752_Example_password_is_meta\
2024-10-08 12:03;25.711 : D:\CYG\SW_Platform\Caesar\Caesar_Demo_202400724_1752_Example_password_is_meta\Caesar.exe
2024-10-08 12:03;25.713 : MD5 = bf17e9a91e2b6cf3697fc549ea251b33  Pass

2024-10-08 12:03:25.714 : seconds = 0.0044237
2024-10-08 12:03:25.714 : ------- Compare MD5 Done -------
2024-10-08 12:04:22.900 : 
2024-10-08 12:04:22.901 : ================== Signature Check ====================
2024-10-08 12:04:22.902 : Author = paul di
2024-10-08 12:04:22.902 : Version = 2024.0718.155524
2024-10-08 12:04:22.903 : ChangeLog = Achieve_20240718_1555 x64.
2024-10-08 12:04:22.903 : Expiration = 2028-06-24
2024-10-08 12:04:22.904 : Checked Files = 1
2024-10-08 12:04:22.905 : 
2024-10-08 12:04:22.905 : ------- Compare MD5 -------
2024-10-08 12:04:22.906 : Local Root = D:\CYG\SW_Platform\Caesar\Caesar_Demo_202400724_1752_Example_password_is_meta\
2024-10-08 12:04;22.907 : D:\CYG\SW_Platform\Caesar\Caesar_Demo_202400724_1752_Example_password_is_meta\Caesar.exe
2024-10-08 12:04;22.909 : MD5 = bf17e9a91e2b6cf3697fc549ea251b33  Pass

2024-10-08 12:04:22.910 : seconds = 0.0048517
2024-10-08 12:04:22.910 : ------- Compare MD5 Done -------
2024-10-08 12:05:05.600 : 
2024-10-08 12:05:05.602 : ================== Signature Check ====================
2024-10-08 12:05:05.602 : Author = paul di
2024-10-08 12:05:05.603 : Version = 2024.0718.155524
2024-10-08 12:05:05.603 : ChangeLog = Achieve_20240718_1555 x64.
2024-10-08 12:05:05.603 : Expiration = 2028-06-24
2024-10-08 12:05:05.604 : Checked Files = 1
2024-10-08 12:05:05.605 : 
2024-10-08 12:05:05.606 : ------- Compare MD5 -------
2024-10-08 12:05:05.606 : Local Root = D:\CYG\SW_Platform\Caesar\Caesar_Demo_202400724_1752_Example_password_is_meta\
2024-10-08 12:05;05.608 : D:\CYG\SW_Platform\Caesar\Caesar_Demo_202400724_1752_Example_password_is_meta\Caesar.exe
2024-10-08 12:05;05.609 : MD5 = bf17e9a91e2b6cf3697fc549ea251b33  Pass

2024-10-08 12:05:05.610 : seconds = 0.0049996
2024-10-08 12:05:05.610 : ------- Compare MD5 Done -------
2024-10-08 12:05:49.874 : 
2024-10-08 12:05:49.874 : ================== Signature Check ====================
2024-10-08 12:05:49.875 : Author = paul di
2024-10-08 12:05:49.875 : Version = 2024.0718.155524
2024-10-08 12:05:49.876 : ChangeLog = Achieve_20240718_1555 x64.
2024-10-08 12:05:49.876 : Expiration = 2028-06-24
2024-10-08 12:05:49.877 : Checked Files = 1
2024-10-08 12:05:49.878 : 
2024-10-08 12:05:49.878 : ------- Compare MD5 -------
2024-10-08 12:05:49.879 : Local Root = D:\CYG\SW_Platform\Caesar\Caesar_Demo_202400724_1752_Example_password_is_meta\
2024-10-08 12:05;49.880 : D:\CYG\SW_Platform\Caesar\Caesar_Demo_202400724_1752_Example_password_is_meta\Caesar.exe
2024-10-08 12:05;49.882 : MD5 = bf17e9a91e2b6cf3697fc549ea251b33  Pass

2024-10-08 12:05:49.883 : seconds = 0.0050009
2024-10-08 12:05:49.883 : ------- Compare MD5 Done -------
2024-10-08 12:42:24.435 : 
2024-10-08 12:42:24.436 : ================== Signature Check ====================
2024-10-08 12:42:24.437 : Author = paul di
2024-10-08 12:42:24.437 : Version = 2024.0718.155524
2024-10-08 12:42:24.438 : ChangeLog = Achieve_20240718_1555 x64.
2024-10-08 12:42:24.438 : Expiration = 2028-06-24
2024-10-08 12:42:24.439 : Checked Files = 1
2024-10-08 12:42:24.440 : 
2024-10-08 12:42:24.440 : ------- Compare MD5 -------
2024-10-08 12:42:24.440 : Local Root = D:\CYG\SW_Platform\Caesar\Caesar_Demo_202400724_1752_Example_password_is_meta\
2024-10-08 12:42;24.442 : D:\CYG\SW_Platform\Caesar\Caesar_Demo_202400724_1752_Example_password_is_meta\Caesar.exe
2024-10-08 12:42;24.444 : MD5 = bf17e9a91e2b6cf3697fc549ea251b33  Pass

2024-10-08 12:42:24.445 : seconds = 0.0050181
2024-10-08 12:42:24.445 : ------- Compare MD5 Done -------
2024-10-08 12:44:37.285 : 
2024-10-08 12:44:37.286 : ================== Signature Check ====================
2024-10-08 12:44:37.287 : Author = paul di
2024-10-08 12:44:37.287 : Version = 2024.0718.155524
2024-10-08 12:44:37.287 : ChangeLog = Achieve_20240718_1555 x64.
2024-10-08 12:44:37.288 : Expiration = 2028-06-24
2024-10-08 12:44:37.288 : Checked Files = 1
2024-10-08 12:44:37.290 : 
2024-10-08 12:44:37.290 : ------- Compare MD5 -------
2024-10-08 12:44:37.290 : Local Root = D:\CYG\SW_Platform\Caesar\Caesar_Demo_202400724_1752_Example_password_is_meta\
2024-10-08 12:44;37.292 : D:\CYG\SW_Platform\Caesar\Caesar_Demo_202400724_1752_Example_password_is_meta\Caesar.exe
2024-10-08 12:44;37.294 : MD5 = bf17e9a91e2b6cf3697fc549ea251b33  Pass

2024-10-08 12:44:37.295 : seconds = 0.0050827
2024-10-08 12:44:37.295 : ------- Compare MD5 Done -------
2024-10-08 12:44:57.057 : 
2024-10-08 12:44:57.058 : ================== Signature Check ====================
2024-10-08 12:44:57.059 : Author = paul di
2024-10-08 12:44:57.060 : Version = 2024.0718.155524
2024-10-08 12:44:57.060 : ChangeLog = Achieve_20240718_1555 x64.
2024-10-08 12:44:57.061 : Expiration = 2028-06-24
2024-10-08 12:44:57.061 : Checked Files = 1
2024-10-08 12:44:57.062 : 
2024-10-08 12:44:57.063 : ------- Compare MD5 -------
2024-10-08 12:44:57.063 : Local Root = D:\CYG\SW_Platform\Caesar\Caesar_Demo_202400724_1752_Example_password_is_meta\
2024-10-08 12:44;57.065 : D:\CYG\SW_Platform\Caesar\Caesar_Demo_202400724_1752_Example_password_is_meta\Caesar.exe
2024-10-08 12:44;57.066 : MD5 = bf17e9a91e2b6cf3697fc549ea251b33  Pass

2024-10-08 12:44:57.067 : seconds = 0.0049884
2024-10-08 12:44:57.067 : ------- Compare MD5 Done -------
2024-10-08 12:45:58.734 : 
2024-10-08 12:45:58.735 : ================== Signature Check ====================
2024-10-08 12:45:58.736 : Author = paul di
2024-10-08 12:45:58.737 : Version = 2024.0718.155524
2024-10-08 12:45:58.737 : ChangeLog = Achieve_20240718_1555 x64.
2024-10-08 12:45:58.737 : Expiration = 2028-06-24
2024-10-08 12:45:58.738 : Checked Files = 1
2024-10-08 12:45:58.739 : 
2024-10-08 12:45:58.739 : ------- Compare MD5 -------
2024-10-08 12:45:58.740 : Local Root = D:\CYG\SW_Platform\Caesar\Caesar_Demo_202400724_1752_Example_password_is_meta\
2024-10-08 12:45;58.741 : D:\CYG\SW_Platform\Caesar\Caesar_Demo_202400724_1752_Example_password_is_meta\Caesar.exe
2024-10-08 12:45;58.743 : MD5 = bf17e9a91e2b6cf3697fc549ea251b33  Pass

2024-10-08 12:45:58.744 : seconds = 0.0049938
2024-10-08 12:45:58.744 : ------- Compare MD5 Done -------
2024-10-08 12:46:36.379 : 
2024-10-08 12:46:36.380 : ================== Signature Check ====================
2024-10-08 12:46:36.382 : Author = paul di
2024-10-08 12:46:36.382 : Version = 2024.0718.155524
2024-10-08 12:46:36.382 : ChangeLog = Achieve_20240718_1555 x64.
2024-10-08 12:46:36.383 : Expiration = 2028-06-24
2024-10-08 12:46:36.383 : Checked Files = 1
2024-10-08 12:46:36.384 : 
2024-10-08 12:46:36.385 : ------- Compare MD5 -------
2024-10-08 12:46:36.385 : Local Root = D:\CYG\SW_Platform\Caesar\Caesar_Demo_202400724_1752_Example_password_is_meta\
2024-10-08 12:46;36.387 : D:\CYG\SW_Platform\Caesar\Caesar_Demo_202400724_1752_Example_password_is_meta\Caesar.exe
2024-10-08 12:46;36.388 : MD5 = bf17e9a91e2b6cf3697fc549ea251b33  Pass

2024-10-08 12:46:36.389 : seconds = 0.0050781
2024-10-08 12:46:36.390 : ------- Compare MD5 Done -------
2024-10-08 12:47:23.880 : 
2024-10-08 12:47:23.881 : ================== Signature Check ====================
2024-10-08 12:47:23.882 : Author = paul di
2024-10-08 12:47:23.882 : Version = 2024.0718.155524
2024-10-08 12:47:23.883 : ChangeLog = Achieve_20240718_1555 x64.
2024-10-08 12:47:23.883 : Expiration = 2028-06-24
2024-10-08 12:47:23.884 : Checked Files = 1
2024-10-08 12:47:23.885 : 
2024-10-08 12:47:23.885 : ------- Compare MD5 -------
2024-10-08 12:47:23.886 : Local Root = D:\CYG\SW_Platform\Caesar\Caesar_Demo_202400724_1752_Example_password_is_meta\
2024-10-08 12:47;23.887 : D:\CYG\SW_Platform\Caesar\Caesar_Demo_202400724_1752_Example_password_is_meta\Caesar.exe
2024-10-08 12:47;23.890 : MD5 = bf17e9a91e2b6cf3697fc549ea251b33  Pass

2024-10-08 12:47:23.891 : seconds = 0.0059878
2024-10-08 12:47:23.891 : ------- Compare MD5 Done -------
2024-10-08 12:47:58.575 : 
2024-10-08 12:47:58.576 : ================== Signature Check ====================
2024-10-08 12:47:58.577 : Author = paul di
2024-10-08 12:47:58.578 : Version = 2024.0718.155524
2024-10-08 12:47:58.578 : ChangeLog = Achieve_20240718_1555 x64.
2024-10-08 12:47:58.579 : Expiration = 2028-06-24
2024-10-08 12:47:58.579 : Checked Files = 1
2024-10-08 12:47:58.581 : 
2024-10-08 12:47:58.581 : ------- Compare MD5 -------
2024-10-08 12:47:58.581 : Local Root = D:\CYG\SW_Platform\Caesar\Caesar_Demo_202400724_1752_Example_password_is_meta\
2024-10-08 12:47;58.583 : D:\CYG\SW_Platform\Caesar\Caesar_Demo_202400724_1752_Example_password_is_meta\Caesar.exe
2024-10-08 12:47;58.586 : MD5 = bf17e9a91e2b6cf3697fc549ea251b33  Pass

2024-10-08 12:47:58.587 : seconds = 0.0061185
2024-10-08 12:47:58.587 : ------- Compare MD5 Done -------
2024-10-08 12:49:02.650 : 
2024-10-08 12:49:02.651 : ================== Signature Check ====================
2024-10-08 12:49:02.652 : Author = paul di
2024-10-08 12:49:02.653 : Version = 2024.0718.155524
2024-10-08 12:49:02.653 : ChangeLog = Achieve_20240718_1555 x64.
2024-10-08 12:49:02.653 : Expiration = 2028-06-24
2024-10-08 12:49:02.654 : Checked Files = 1
2024-10-08 12:49:02.655 : 
2024-10-08 12:49:02.655 : ------- Compare MD5 -------
2024-10-08 12:49:02.656 : Local Root = D:\CYG\SW_Platform\Caesar\Caesar_Demo_202400724_1752_Example_password_is_meta\
2024-10-08 12:49;02.657 : D:\CYG\SW_Platform\Caesar\Caesar_Demo_202400724_1752_Example_password_is_meta\Caesar.exe
2024-10-08 12:49;02.659 : MD5 = bf17e9a91e2b6cf3697fc549ea251b33  Pass

2024-10-08 12:49:02.660 : seconds = 0.0049998
2024-10-08 12:49:02.660 : ------- Compare MD5 Done -------
2024-10-08 12:50:03.895 : 
2024-10-08 12:50:03.896 : ================== Signature Check ====================
2024-10-08 12:50:03.897 : Author = paul di
2024-10-08 12:50:03.897 : Version = 2024.0718.155524
2024-10-08 12:50:03.898 : ChangeLog = Achieve_20240718_1555 x64.
2024-10-08 12:50:03.898 : Expiration = 2028-06-24
2024-10-08 12:50:03.899 : Checked Files = 1
2024-10-08 12:50:03.900 : 
2024-10-08 12:50:03.900 : ------- Compare MD5 -------
2024-10-08 12:50:03.901 : Local Root = D:\CYG\SW_Platform\Caesar\Caesar_Demo_202400724_1752_Example_password_is_meta\
2024-10-08 12:50;03.902 : D:\CYG\SW_Platform\Caesar\Caesar_Demo_202400724_1752_Example_password_is_meta\Caesar.exe
2024-10-08 12:50;03.904 : MD5 = bf17e9a91e2b6cf3697fc549ea251b33  Pass

2024-10-08 12:50:03.905 : seconds = 0.0049934
2024-10-08 12:50:03.905 : ------- Compare MD5 Done -------
2024-10-08 12:51:03.955 : 
2024-10-08 12:51:03.956 : ================== Signature Check ====================
2024-10-08 12:51:03.957 : Author = paul di
2024-10-08 12:51:03.957 : Version = 2024.0718.155524
2024-10-08 12:51:03.958 : ChangeLog = Achieve_20240718_1555 x64.
2024-10-08 12:51:03.958 : Expiration = 2028-06-24
2024-10-08 12:51:03.959 : Checked Files = 1
2024-10-08 12:51:03.960 : 
2024-10-08 12:51:03.960 : ------- Compare MD5 -------
2024-10-08 12:51:03.961 : Local Root = D:\CYG\SW_Platform\Caesar\Caesar_Demo_202400724_1752_Example_password_is_meta\
2024-10-08 12:51;03.962 : D:\CYG\SW_Platform\Caesar\Caesar_Demo_202400724_1752_Example_password_is_meta\Caesar.exe
2024-10-08 12:51;03.964 : MD5 = bf17e9a91e2b6cf3697fc549ea251b33  Pass

2024-10-08 12:51:03.965 : seconds = 0.0049999
2024-10-08 12:51:03.965 : ------- Compare MD5 Done -------
2024-10-08 12:52:44.681 : 
2024-10-08 12:52:44.682 : ================== Signature Check ====================
2024-10-08 12:52:44.683 : Author = paul di
2024-10-08 12:52:44.683 : Version = 2024.0718.155524
2024-10-08 12:52:44.684 : ChangeLog = Achieve_20240718_1555 x64.
2024-10-08 12:52:44.684 : Expiration = 2028-06-24
2024-10-08 12:52:44.685 : Checked Files = 1
2024-10-08 12:52:44.686 : 
2024-10-08 12:52:44.686 : ------- Compare MD5 -------
2024-10-08 12:52:44.687 : Local Root = D:\CYG\SW_Platform\Caesar\Caesar_Demo_202400724_1752_Example_password_is_meta\
2024-10-08 12:52;44.688 : D:\CYG\SW_Platform\Caesar\Caesar_Demo_202400724_1752_Example_password_is_meta\Caesar.exe
2024-10-08 12:52;44.690 : MD5 = bf17e9a91e2b6cf3697fc549ea251b33  Pass

2024-10-08 12:52:44.691 : seconds = 0.0049896
2024-10-08 12:52:44.692 : ------- Compare MD5 Done -------
2024-10-08 12:53:29.309 : 
2024-10-08 12:53:29.310 : ================== Signature Check ====================
2024-10-08 12:53:29.311 : Author = paul di
2024-10-08 12:53:29.312 : Version = 2024.0718.155524
2024-10-08 12:53:29.312 : ChangeLog = Achieve_20240718_1555 x64.
2024-10-08 12:53:29.313 : Expiration = 2028-06-24
2024-10-08 12:53:29.313 : Checked Files = 1
2024-10-08 12:53:29.315 : 
2024-10-08 12:53:29.315 : ------- Compare MD5 -------
2024-10-08 12:53:29.315 : Local Root = D:\CYG\SW_Platform\Caesar\Caesar_Demo_202400724_1752_Example_password_is_meta\
2024-10-08 12:53;29.317 : D:\CYG\SW_Platform\Caesar\Caesar_Demo_202400724_1752_Example_password_is_meta\Caesar.exe
2024-10-08 12:53;29.319 : MD5 = bf17e9a91e2b6cf3697fc549ea251b33  Pass

2024-10-08 12:53:29.319 : seconds = 0.0041325
2024-10-08 12:53:29.320 : ------- Compare MD5 Done -------
2024-10-08 13:43:03.089 : 
2024-10-08 13:43:03.090 : ================== Signature Check ====================
2024-10-08 13:43:03.093 : Author = paul di
2024-10-08 13:43:03.094 : Version = 2024.0718.155524
2024-10-08 13:43:03.096 : ChangeLog = Achieve_20240718_1555 x64.
2024-10-08 13:43:03.096 : Expiration = 2028-06-24
2024-10-08 13:43:03.098 : Checked Files = 1
2024-10-08 13:43:03.100 : 
2024-10-08 13:43:03.100 : ------- Compare MD5 -------
2024-10-08 13:43:03.101 : Local Root = D:\CYG\SW_Platform\Caesar\Caesar_Demo_202400724_1752_Example_password_is_meta\
2024-10-08 13:43;03.103 : D:\CYG\SW_Platform\Caesar\Caesar_Demo_202400724_1752_Example_password_is_meta\Caesar.exe
2024-10-08 13:43;03.105 : MD5 = bf17e9a91e2b6cf3697fc549ea251b33  Pass

2024-10-08 13:43:03.106 : seconds = 0.00605
2024-10-08 13:43:03.107 : ------- Compare MD5 Done -------
2024-10-08 13:43:33.951 : 
2024-10-08 13:43:33.952 : ================== Signature Check ====================
2024-10-08 13:43:33.953 : Author = paul di
2024-10-08 13:43:33.954 : Version = 2024.0718.155524
2024-10-08 13:43:33.955 : ChangeLog = Achieve_20240718_1555 x64.
2024-10-08 13:43:33.956 : Expiration = 2028-06-24
2024-10-08 13:43:33.957 : Checked Files = 1
2024-10-08 13:43:33.958 : 
2024-10-08 13:43:33.958 : ------- Compare MD5 -------
2024-10-08 13:43:33.960 : Local Root = D:\CYG\SW_Platform\Caesar\Caesar_Demo_202400724_1752_Example_password_is_meta\
2024-10-08 13:43;33.961 : D:\CYG\SW_Platform\Caesar\Caesar_Demo_202400724_1752_Example_password_is_meta\Caesar.exe
2024-10-08 13:43;33.963 : MD5 = bf17e9a91e2b6cf3697fc549ea251b33  Pass

2024-10-08 13:43:33.965 : seconds = 0.0062589
2024-10-08 13:43:33.966 : ------- Compare MD5 Done -------
2024-10-08 14:18:28.634 : 
2024-10-08 14:18:28.635 : ================== Signature Check ====================
2024-10-08 14:18:28.636 : Author = paul di
2024-10-08 14:18:28.637 : Version = 2024.0718.155524
2024-10-08 14:18:28.637 : ChangeLog = Achieve_20240718_1555 x64.
2024-10-08 14:18:28.637 : Expiration = 2028-06-24
2024-10-08 14:18:28.640 : Checked Files = 1
2024-10-08 14:18:28.641 : 
2024-10-08 14:18:28.641 : ------- Compare MD5 -------
2024-10-08 14:18:28.643 : Local Root = D:\CYG\SW_Platform\Caesar\Caesar_Demo_202400724_1752_Example_password_is_meta\
2024-10-08 14:18;28.644 : D:\CYG\SW_Platform\Caesar\Caesar_Demo_202400724_1752_Example_password_is_meta\Caesar.exe
2024-10-08 14:18;28.646 : MD5 = bf17e9a91e2b6cf3697fc549ea251b33  Pass

2024-10-08 14:18:28.647 : seconds = 0.0061946
2024-10-08 14:18:28.648 : ------- Compare MD5 Done -------
2024-10-08 14:19:40.743 : 
2024-10-08 14:19:40.744 : ================== Signature Check ====================
2024-10-08 14:19:40.745 : Author = paul di
2024-10-08 14:19:40.747 : Version = 2024.0718.155524
2024-10-08 14:19:40.748 : ChangeLog = Achieve_20240718_1555 x64.
2024-10-08 14:19:40.748 : Expiration = 2028-06-24
2024-10-08 14:19:40.751 : Checked Files = 1
2024-10-08 14:19:40.752 : 
2024-10-08 14:19:40.753 : ------- Compare MD5 -------
2024-10-08 14:19:40.753 : Local Root = D:\CYG\SW_Platform\Caesar\Caesar_Demo_202400724_1752_Example_password_is_meta\
2024-10-08 14:19;40.756 : D:\CYG\SW_Platform\Caesar\Caesar_Demo_202400724_1752_Example_password_is_meta\Caesar.exe
2024-10-08 14:19;40.758 : MD5 = bf17e9a91e2b6cf3697fc549ea251b33  Pass

2024-10-08 14:19:40.759 : seconds = 0.0064565
2024-10-08 14:19:40.760 : ------- Compare MD5 Done -------
2024-10-08 14:20:14.480 : 
2024-10-08 14:20:14.481 : ================== Signature Check ====================
2024-10-08 14:20:14.483 : Author = paul di
2024-10-08 14:20:14.485 : Version = 2024.0718.155524
2024-10-08 14:20:14.485 : ChangeLog = Achieve_20240718_1555 x64.
2024-10-08 14:20:14.487 : Expiration = 2028-06-24
2024-10-08 14:20:14.488 : Checked Files = 1
2024-10-08 14:20:14.489 : 
2024-10-08 14:20:14.490 : ------- Compare MD5 -------
2024-10-08 14:20:14.491 : Local Root = D:\CYG\SW_Platform\Caesar\Caesar_Demo_202400724_1752_Example_password_is_meta\
2024-10-08 14:20;14.493 : D:\CYG\SW_Platform\Caesar\Caesar_Demo_202400724_1752_Example_password_is_meta\Caesar.exe
2024-10-08 14:20;14.497 : MD5 = bf17e9a91e2b6cf3697fc549ea251b33  Pass

2024-10-08 14:20:14.499 : seconds = 0.0102707
2024-10-08 14:20:14.500 : ------- Compare MD5 Done -------
2024-10-08 14:20:57.613 : 
2024-10-08 14:20:57.614 : ================== Signature Check ====================
2024-10-08 14:20:57.615 : Author = paul di
2024-10-08 14:20:57.616 : Version = 2024.0718.155524
2024-10-08 14:20:57.617 : ChangeLog = Achieve_20240718_1555 x64.
2024-10-08 14:20:57.618 : Expiration = 2028-06-24
2024-10-08 14:20:57.620 : Checked Files = 1
2024-10-08 14:20:57.622 : 
2024-10-08 14:20:57.623 : ------- Compare MD5 -------
2024-10-08 14:20:57.625 : Local Root = D:\CYG\SW_Platform\Caesar\Caesar_Demo_202400724_1752_Example_password_is_meta\
2024-10-08 14:20;57.627 : D:\CYG\SW_Platform\Caesar\Caesar_Demo_202400724_1752_Example_password_is_meta\Caesar.exe
2024-10-08 14:20;57.629 : MD5 = bf17e9a91e2b6cf3697fc549ea251b33  Pass

2024-10-08 14:20:57.630 : seconds = 0.0081584
2024-10-08 14:20:57.631 : ------- Compare MD5 Done -------
2024-10-08 15:47:20.082 : 
2024-10-08 15:47:20.083 : ================== Signature Check ====================
2024-10-08 15:47:20.085 : Author = paul di
2024-10-08 15:47:20.085 : Version = 2024.0718.155524
2024-10-08 15:47:20.086 : ChangeLog = Achieve_20240718_1555 x64.
2024-10-08 15:47:20.086 : Expiration = 2028-06-24
2024-10-08 15:47:20.088 : Checked Files = 1
2024-10-08 15:47:20.090 : 
2024-10-08 15:47:20.091 : ------- Compare MD5 -------
2024-10-08 15:47:20.092 : Local Root = D:\CYG\SW_Platform\Caesar\Caesar_Demo_202400724_1752_Example_password_is_meta\
2024-10-08 15:47;20.095 : D:\CYG\SW_Platform\Caesar\Caesar_Demo_202400724_1752_Example_password_is_meta\Caesar.exe
2024-10-08 15:47;20.097 : MD5 = bf17e9a91e2b6cf3697fc549ea251b33  Pass

2024-10-08 15:47:20.098 : seconds = 0.0080761
2024-10-08 15:47:20.099 : ------- Compare MD5 Done -------
2024-10-08 17:43:08.979 : 
2024-10-08 17:43:08.982 : ================== Signature Check ====================
2024-10-08 17:43:08.982 : Author = paul di
2024-10-08 17:43:08.983 : Version = 2024.0718.155524
2024-10-08 17:43:08.984 : ChangeLog = Achieve_20240718_1555 x64.
2024-10-08 17:43:08.986 : Expiration = 2028-06-24
2024-10-08 17:43:08.986 : Checked Files = 1
2024-10-08 17:43:08.989 : 
2024-10-08 17:43:08.989 : ------- Compare MD5 -------
2024-10-08 17:43:08.990 : Local Root = D:\CYG\SW_Platform\Caesar\Caesar_Demo_202400724_1752_Example_password_is_meta\
2024-10-08 17:43;08.992 : D:\CYG\SW_Platform\Caesar\Caesar_Demo_202400724_1752_Example_password_is_meta\Caesar.exe
2024-10-08 17:43;08.993 : MD5 = bf17e9a91e2b6cf3697fc549ea251b33  Pass

2024-10-08 17:43:08.995 : seconds = 0.0060293
2024-10-08 17:43:08.995 : ------- Compare MD5 Done -------
