2024-11-26 09:13:29.805 : 
2024-11-26 09:13:29.806 : ================== Signature Check ====================
2024-11-26 09:13:29.807 : Author = paul di_Debug_OffLine
2024-11-26 09:13:29.807 : Version = 2024.0718.155524
2024-11-26 09:13:29.807 : ChangeLog = for debug/verify
2024-11-26 09:13:29.808 : Expiration = 2028-06-24
2024-11-26 09:16:36.034 : 
2024-11-26 09:16:36.037 : ================== Signature Check ====================
2024-11-26 09:16:36.038 : Author = paul di
2024-11-26 09:16:36.038 : Version = 2024.0718.155524
2024-11-26 09:16:36.038 : ChangeLog = Achieve_20240718_1555 x64.
2024-11-26 09:16:36.038 : Expiration = 2028-06-24
2024-11-26 09:16:36.039 : Checked Files = 1
2024-11-26 09:16:36.040 : 
2024-11-26 09:16:36.041 : ------- Compare MD5 -------
2024-11-26 09:16:36.041 : Local Root = D:\tmp\Barista_DUT_2up_dual_new_command_20241126_mes\
2024-11-26 09:16;36.043 : D:\tmp\Barista_DUT_2up_dual_new_command_20241126_mes\Caesar.exe
2024-11-26 09:16;36.044 : MD5 = bf17e9a91e2b6cf3697fc549ea251b33  Pass

2024-11-26 09:16:36.045 : seconds = 0.0049864
2024-11-26 09:16:36.045 : ------- Compare MD5 Done -------
2024-11-26 09:18:24.873 : 
2024-11-26 09:18:24.873 : ================== Signature Check ====================
2024-11-26 09:18:24.873 : Author = paul di
2024-11-26 09:18:24.874 : Version = 2024.0718.155524
2024-11-26 09:18:24.874 : ChangeLog = Achieve_20240718_1555 x64.
2024-11-26 09:18:24.874 : Expiration = 2028-06-24
2024-11-26 09:18:24.874 : Checked Files = 1
2024-11-26 09:18:24.875 : 
2024-11-26 09:18:24.875 : ------- Compare MD5 -------
2024-11-26 09:18:24.875 : Local Root = D:\tmp\Barista_DUT_2up_dual_new_command_20241126_mes\
2024-11-26 09:18;24.876 : D:\tmp\Barista_DUT_2up_dual_new_command_20241126_mes\Caesar.exe
2024-11-26 09:18;24.877 : MD5 = bf17e9a91e2b6cf3697fc549ea251b33  Pass

2024-11-26 09:18:24.877 : seconds = 0.0019941
2024-11-26 09:18:24.976 : ------- Compare MD5 Done -------
2024-11-26 09:23:00.928 : 
2024-11-26 09:23:00.929 : ================== Signature Check ====================
2024-11-26 09:23:00.929 : Author = paul di
2024-11-26 09:23:00.929 : Version = 2024.0718.155524
2024-11-26 09:23:00.929 : ChangeLog = Achieve_20240718_1555 x64.
2024-11-26 09:23:00.930 : Expiration = 2028-06-24
2024-11-26 09:23:00.930 : Checked Files = 1
2024-11-26 09:23:00.930 : 
2024-11-26 09:23:00.931 : ------- Compare MD5 -------
2024-11-26 09:23:00.931 : Local Root = D:\tmp\Barista_DUT_2up_dual_new_command_20241126_mes\
2024-11-26 09:23;00.931 : D:\tmp\Barista_DUT_2up_dual_new_command_20241126_mes\Caesar.exe
2024-11-26 09:23;00.932 : MD5 = bf17e9a91e2b6cf3697fc549ea251b33  Pass

2024-11-26 09:23:00.933 : seconds = 0.0029916
2024-11-26 09:23:00.933 : ------- Compare MD5 Done -------
2024-11-26 09:23:05.075 : 
2024-11-26 09:23:05.076 : ================== Signature Check ====================
2024-11-26 09:23:05.076 : Author = paul di_Debug_OffLine
2024-11-26 09:23:05.077 : Version = 2024.0718.155524
2024-11-26 09:23:05.077 : ChangeLog = for debug/verify
2024-11-26 09:23:05.077 : Expiration = 2028-06-24
2024-11-26 09:23:53.261 : 
2024-11-26 09:23:53.262 : ================== Signature Check ====================
2024-11-26 09:23:53.263 : Author = paul di_Debug_OffLine
2024-11-26 09:23:53.264 : Version = 2024.0718.155524
2024-11-26 09:23:53.264 : ChangeLog = for debug/verify
2024-11-26 09:23:53.264 : Expiration = 2028-06-24
2024-11-26 09:38:23.725 : 
2024-11-26 09:38:23.726 : ================== Signature Check ====================
2024-11-26 09:38:23.727 : Author = paul di_Release_OffLine
2024-11-26 09:38:23.727 : Version = 2024.0718.155524
2024-11-26 09:38:23.728 : ChangeLog = for debug/verify
2024-11-26 09:38:23.728 : Expiration = 2028-06-24
2024-11-26 09:40:10.156 : 
2024-11-26 09:40:10.157 : ================== Signature Check ====================
2024-11-26 09:40:10.157 : Author = paul di_Release_OffLine
2024-11-26 09:40:10.158 : Version = 2024.0718.155524
2024-11-26 09:40:10.158 : ChangeLog = for debug/verify
2024-11-26 09:40:10.158 : Expiration = 2028-06-24
2024-11-26 09:40:43.793 : 
2024-11-26 09:40:43.794 : ================== Signature Check ====================
2024-11-26 09:40:43.795 : Author = paul di
2024-11-26 09:40:43.796 : Version = 2024.0718.155524
2024-11-26 09:40:43.796 : ChangeLog = Achieve_20240718_1555 x64.
2024-11-26 09:40:43.796 : Expiration = 2028-06-24
2024-11-26 09:40:43.797 : Checked Files = 1
2024-11-26 09:40:43.798 : 
2024-11-26 09:40:43.799 : ------- Compare MD5 -------
2024-11-26 09:40:43.799 : Local Root = D:\tmp\Barista_DUT_2up_dual_new_command_20241126_mes\
2024-11-26 09:40;43.801 : D:\tmp\Barista_DUT_2up_dual_new_command_20241126_mes\Caesar.exe
2024-11-26 09:40;43.802 : MD5 = bf17e9a91e2b6cf3697fc549ea251b33  Pass

2024-11-26 09:40:43.803 : seconds = 0.0049861
2024-11-26 09:40:43.803 : ------- Compare MD5 Done -------
2024-11-26 09:42:29.868 : 
2024-11-26 09:42:29.869 : ================== Signature Check ====================
2024-11-26 09:42:29.869 : Author = paul di
2024-11-26 09:42:29.869 : Version = 2024.0718.155524
2024-11-26 09:42:29.870 : ChangeLog = Achieve_20240718_1555 x64.
2024-11-26 09:42:29.870 : Expiration = 2028-06-24
2024-11-26 09:42:29.870 : Checked Files = 1
2024-11-26 09:42:29.871 : 
2024-11-26 09:42:29.871 : ------- Compare MD5 -------
2024-11-26 09:42:29.871 : Local Root = D:\tmp\Barista_DUT_2up_dual_new_command_20241126_mes\
2024-11-26 09:42;29.872 : D:\tmp\Barista_DUT_2up_dual_new_command_20241126_mes\Caesar.exe
2024-11-26 09:42;29.873 : MD5 = bf17e9a91e2b6cf3697fc549ea251b33  Pass

2024-11-26 09:42:29.974 : seconds = 0.1037232
2024-11-26 09:42:29.974 : ------- Compare MD5 Done -------
2024-11-26 09:47:17.997 : 
2024-11-26 09:47:18.011 : ================== Signature Check ====================
2024-11-26 09:47:18.012 : Author = paul di
2024-11-26 09:47:18.012 : Version = 2024.0718.155524
2024-11-26 09:47:18.012 : ChangeLog = Achieve_20240718_1555 x64.
2024-11-26 09:47:18.012 : Expiration = 2028-06-24
2024-11-26 09:47:18.013 : Checked Files = 1
2024-11-26 09:47:18.013 : 
2024-11-26 09:47:18.013 : ------- Compare MD5 -------
2024-11-26 09:47:18.014 : Local Root = D:\tmp\Barista_DUT_2up_dual_new_command_20241126_mes\
2024-11-26 09:47;18.014 : D:\tmp\Barista_DUT_2up_dual_new_command_20241126_mes\Caesar.exe
2024-11-26 09:47;18.015 : MD5 = bf17e9a91e2b6cf3697fc549ea251b33  Pass

2024-11-26 09:47:18.015 : seconds = 0.0019947
2024-11-26 09:47:18.016 : ------- Compare MD5 Done -------
2024-11-26 10:01:24.004 : 
2024-11-26 10:01:24.005 : ================== Signature Check ====================
2024-11-26 10:01:24.005 : Author = paul di_Debug_OffLine
2024-11-26 10:01:24.006 : Version = 2024.0718.155524
2024-11-26 10:01:24.006 : ChangeLog = for debug/verify
2024-11-26 10:01:24.006 : Expiration = 2028-06-24
2024-11-26 10:03:23.757 : 
2024-11-26 10:03:23.757 : ================== Signature Check ====================
2024-11-26 10:03:23.758 : Author = paul di_Debug_OffLine
2024-11-26 10:03:23.759 : Version = 2024.0718.155524
2024-11-26 10:03:23.759 : ChangeLog = for debug/verify
2024-11-26 10:03:23.759 : Expiration = 2028-06-24
2024-11-26 10:09:50.557 : 
2024-11-26 10:09:50.558 : ================== Signature Check ====================
2024-11-26 10:09:50.559 : Author = paul di_Debug_OffLine
2024-11-26 10:09:50.559 : Version = 2024.0718.155524
2024-11-26 10:09:50.559 : ChangeLog = for debug/verify
2024-11-26 10:09:50.560 : Expiration = 2028-06-24
2024-11-26 10:11:12.828 : 
2024-11-26 10:11:12.829 : ================== Signature Check ====================
2024-11-26 10:11:12.829 : Author = paul di
2024-11-26 10:11:12.830 : Version = 2024.0718.155524
2024-11-26 10:11:12.830 : ChangeLog = Achieve_20240718_1555 x64.
2024-11-26 10:11:12.830 : Expiration = 2028-06-24
2024-11-26 10:11:12.831 : Checked Files = 1
2024-11-26 10:11:12.833 : 
2024-11-26 10:11:12.833 : ------- Compare MD5 -------
2024-11-26 10:11:12.833 : Local Root = D:\tmp\Barista_DUT_2up_dual_new_command_20241126_mes\
2024-11-26 10:11;12.835 : D:\tmp\Barista_DUT_2up_dual_new_command_20241126_mes\Caesar.exe
2024-11-26 10:11;12.836 : MD5 = bf17e9a91e2b6cf3697fc549ea251b33  Pass

2024-11-26 10:11:12.837 : seconds = 0.0039892
2024-11-26 10:11:12.837 : ------- Compare MD5 Done -------
2024-11-26 10:12:58.973 : 
2024-11-26 10:12:58.974 : ================== Signature Check ====================
2024-11-26 10:12:58.974 : Author = paul di
2024-11-26 10:12:58.974 : Version = 2024.0718.155524
2024-11-26 10:12:58.975 : ChangeLog = Achieve_20240718_1555 x64.
2024-11-26 10:12:58.975 : Expiration = 2028-06-24
2024-11-26 10:12:58.975 : Checked Files = 1
2024-11-26 10:12:58.975 : 
2024-11-26 10:12:58.976 : ------- Compare MD5 -------
2024-11-26 10:12:58.976 : Local Root = D:\tmp\Barista_DUT_2up_dual_new_command_20241126_mes\
2024-11-26 10:12;58.976 : D:\tmp\Barista_DUT_2up_dual_new_command_20241126_mes\Caesar.exe
2024-11-26 10:12;58.978 : MD5 = bf17e9a91e2b6cf3697fc549ea251b33  Pass

2024-11-26 10:12:58.978 : seconds = 0.0029918
2024-11-26 10:12:58.978 : ------- Compare MD5 Done -------
2024-11-26 10:20:52.723 : 
2024-11-26 10:20:52.724 : ================== Signature Check ====================
2024-11-26 10:20:52.725 : Author = paul di_Debug_OffLine
2024-11-26 10:20:52.725 : Version = 2024.0718.155524
2024-11-26 10:20:52.726 : ChangeLog = for debug/verify
2024-11-26 10:20:52.726 : Expiration = 2028-06-24
2024-11-26 10:21:56.193 : 
2024-11-26 10:21:56.193 : ================== Signature Check ====================
2024-11-26 10:21:56.194 : Author = paul di_Debug_OffLine
2024-11-26 10:21:56.195 : Version = 2024.0718.155524
2024-11-26 10:21:56.195 : ChangeLog = for debug/verify
2024-11-26 10:21:56.195 : Expiration = 2028-06-24
2024-11-26 10:33:09.162 : 
2024-11-26 10:33:09.162 : ================== Signature Check ====================
2024-11-26 10:33:09.163 : Author = paul di_Debug_OffLine
2024-11-26 10:33:09.164 : Version = 2024.0718.155524
2024-11-26 10:33:09.164 : ChangeLog = for debug/verify
2024-11-26 10:33:09.164 : Expiration = 2028-06-24
2024-11-26 10:33:24.259 : 
2024-11-26 10:33:24.260 : ================== Signature Check ====================
2024-11-26 10:33:24.261 : Author = paul di
2024-11-26 10:33:24.261 : Version = 2024.0718.155524
2024-11-26 10:33:24.261 : ChangeLog = Achieve_20240718_1555 x64.
2024-11-26 10:33:24.261 : Expiration = 2028-06-24
2024-11-26 10:33:24.262 : Checked Files = 1
2024-11-26 10:33:24.263 : 
2024-11-26 10:33:24.264 : ------- Compare MD5 -------
2024-11-26 10:33:24.264 : Local Root = D:\tmp\Barista_DUT_2up_dual_new_command_20241126_mes\
2024-11-26 10:33;24.265 : D:\tmp\Barista_DUT_2up_dual_new_command_20241126_mes\Caesar.exe
2024-11-26 10:33;24.267 : MD5 = bf17e9a91e2b6cf3697fc549ea251b33  Pass

2024-11-26 10:33:24.267 : seconds = 0.0039893
2024-11-26 10:33:24.268 : ------- Compare MD5 Done -------
2024-11-26 10:35:12.586 : 
2024-11-26 10:35:12.587 : ================== Signature Check ====================
2024-11-26 10:35:12.587 : Author = paul di
2024-11-26 10:35:12.587 : Version = 2024.0718.155524
2024-11-26 10:35:12.588 : ChangeLog = Achieve_20240718_1555 x64.
2024-11-26 10:35:12.588 : Expiration = 2028-06-24
2024-11-26 10:35:12.588 : Checked Files = 1
2024-11-26 10:35:12.588 : 
2024-11-26 10:35:12.588 : ------- Compare MD5 -------
2024-11-26 10:35:12.589 : Local Root = D:\tmp\Barista_DUT_2up_dual_new_command_20241126_mes\
2024-11-26 10:35;12.589 : D:\tmp\Barista_DUT_2up_dual_new_command_20241126_mes\Caesar.exe
2024-11-26 10:35;12.590 : MD5 = bf17e9a91e2b6cf3697fc549ea251b33  Pass

2024-11-26 10:35:12.590 : seconds = 0.0019945
2024-11-26 10:35:12.591 : ------- Compare MD5 Done -------
2024-11-26 10:40:09.757 : 
2024-11-26 10:40:09.758 : ================== Signature Check ====================
2024-11-26 10:40:09.758 : Author = paul di
2024-11-26 10:40:09.758 : Version = 2024.0718.155524
2024-11-26 10:40:09.759 : ChangeLog = Achieve_20240718_1555 x64.
2024-11-26 10:40:09.759 : Expiration = 2028-06-24
2024-11-26 10:40:09.759 : Checked Files = 1
2024-11-26 10:40:09.760 : 
2024-11-26 10:40:09.760 : ------- Compare MD5 -------
2024-11-26 10:40:09.760 : Local Root = D:\tmp\Barista_DUT_2up_dual_new_command_20241126_mes\
2024-11-26 10:40;09.760 : D:\tmp\Barista_DUT_2up_dual_new_command_20241126_mes\Caesar.exe
2024-11-26 10:40;09.761 : MD5 = bf17e9a91e2b6cf3697fc549ea251b33  Pass

2024-11-26 10:40:09.761 : seconds = 0.0009972
2024-11-26 10:40:09.761 : ------- Compare MD5 Done -------
2024-11-26 10:40:36.826 : 
2024-11-26 10:40:36.827 : ================== Signature Check ====================
2024-11-26 10:40:36.827 : Author = paul di
2024-11-26 10:40:36.828 : Version = 2024.0718.155524
2024-11-26 10:40:36.828 : ChangeLog = Achieve_20240718_1555 x64.
2024-11-26 10:40:36.828 : Expiration = 2028-06-24
2024-11-26 10:40:36.829 : Checked Files = 1
2024-11-26 10:40:36.830 : 
2024-11-26 10:40:36.830 : ------- Compare MD5 -------
2024-11-26 10:40:36.831 : Local Root = D:\tmp\Barista_DUT_2up_dual_new_command_20241126_mes\
2024-11-26 10:40;36.832 : D:\tmp\Barista_DUT_2up_dual_new_command_20241126_mes\Caesar.exe
2024-11-26 10:40;36.833 : MD5 = bf17e9a91e2b6cf3697fc549ea251b33  Pass

2024-11-26 10:40:36.834 : seconds = 0.003989
2024-11-26 10:40:36.834 : ------- Compare MD5 Done -------
2024-11-26 10:42:23.323 : 
2024-11-26 10:42:23.324 : ================== Signature Check ====================
2024-11-26 10:42:23.324 : Author = paul di
2024-11-26 10:42:23.324 : Version = 2024.0718.155524
2024-11-26 10:42:23.325 : ChangeLog = Achieve_20240718_1555 x64.
2024-11-26 10:42:23.325 : Expiration = 2028-06-24
2024-11-26 10:42:23.325 : Checked Files = 1
2024-11-26 10:42:23.325 : 
2024-11-26 10:42:23.325 : ------- Compare MD5 -------
2024-11-26 10:42:23.325 : Local Root = D:\tmp\Barista_DUT_2up_dual_new_command_20241126_mes\
2024-11-26 10:42;23.326 : D:\tmp\Barista_DUT_2up_dual_new_command_20241126_mes\Caesar.exe
2024-11-26 10:42;23.327 : MD5 = bf17e9a91e2b6cf3697fc549ea251b33  Pass

2024-11-26 10:42:23.327 : seconds = 0.0019947
2024-11-26 10:42:23.327 : ------- Compare MD5 Done -------
2024-11-26 10:44:00.607 : 
2024-11-26 10:44:00.608 : ================== Signature Check ====================
2024-11-26 10:44:00.609 : Author = paul di
2024-11-26 10:44:00.609 : Version = 2024.0718.155524
2024-11-26 10:44:00.609 : ChangeLog = Achieve_20240718_1555 x64.
2024-11-26 10:44:00.610 : Expiration = 2028-06-24
2024-11-26 10:44:00.610 : Checked Files = 1
2024-11-26 10:44:00.611 : 
2024-11-26 10:44:00.611 : ------- Compare MD5 -------
2024-11-26 10:44:00.612 : Local Root = D:\tmp\Barista_DUT_2up_dual_new_command_20241126_mes\
2024-11-26 10:44;00.613 : D:\tmp\Barista_DUT_2up_dual_new_command_20241126_mes\Caesar.exe
2024-11-26 10:44;00.615 : MD5 = bf17e9a91e2b6cf3697fc549ea251b33  Pass

2024-11-26 10:44:00.616 : seconds = 0.0049884
2024-11-26 10:44:00.616 : ------- Compare MD5 Done -------
2024-11-26 10:45:47.348 : 
2024-11-26 10:45:47.349 : ================== Signature Check ====================
2024-11-26 10:45:47.350 : Author = paul di
2024-11-26 10:45:47.350 : Version = 2024.0718.155524
2024-11-26 10:45:47.350 : ChangeLog = Achieve_20240718_1555 x64.
2024-11-26 10:45:47.350 : Expiration = 2028-06-24
2024-11-26 10:45:47.351 : Checked Files = 1
2024-11-26 10:45:47.352 : 
2024-11-26 10:45:47.352 : ------- Compare MD5 -------
2024-11-26 10:45:47.352 : Local Root = D:\tmp\Barista_DUT_2up_dual_new_command_20241126_mes\
2024-11-26 10:45;47.354 : D:\tmp\Barista_DUT_2up_dual_new_command_20241126_mes\Caesar.exe
2024-11-26 10:45;47.355 : MD5 = bf17e9a91e2b6cf3697fc549ea251b33  Pass

2024-11-26 10:45:47.356 : seconds = 0.0039894
2024-11-26 10:45:47.356 : ------- Compare MD5 Done -------
2024-11-26 10:47:33.686 : 
2024-11-26 10:47:33.686 : ================== Signature Check ====================
2024-11-26 10:47:33.687 : Author = paul di
2024-11-26 10:47:33.687 : Version = 2024.0718.155524
2024-11-26 10:47:33.687 : ChangeLog = Achieve_20240718_1555 x64.
2024-11-26 10:47:33.687 : Expiration = 2028-06-24
2024-11-26 10:47:33.688 : Checked Files = 1
2024-11-26 10:47:33.688 : 
2024-11-26 10:47:33.688 : ------- Compare MD5 -------
2024-11-26 10:47:33.688 : Local Root = D:\tmp\Barista_DUT_2up_dual_new_command_20241126_mes\
2024-11-26 10:47;33.688 : D:\tmp\Barista_DUT_2up_dual_new_command_20241126_mes\Caesar.exe
2024-11-26 10:47;33.689 : MD5 = bf17e9a91e2b6cf3697fc549ea251b33  Pass

2024-11-26 10:47:33.690 : seconds = 0.0019943
2024-11-26 10:47:33.690 : ------- Compare MD5 Done -------
2024-11-26 10:52:52.459 : 
2024-11-26 10:52:52.459 : ================== Signature Check ====================
2024-11-26 10:52:52.460 : Author = paul di
2024-11-26 10:52:52.460 : Version = 2024.0718.155524
2024-11-26 10:52:52.461 : ChangeLog = Achieve_20240718_1555 x64.
2024-11-26 10:52:52.461 : Expiration = 2028-06-24
2024-11-26 10:52:52.462 : Checked Files = 1
2024-11-26 10:52:52.463 : 
2024-11-26 10:52:52.463 : ------- Compare MD5 -------
2024-11-26 10:52:52.463 : Local Root = D:\tmp\Barista_DUT_2up_dual_new_command_20241126_mes\
2024-11-26 10:52;52.465 : D:\tmp\Barista_DUT_2up_dual_new_command_20241126_mes\Caesar.exe
2024-11-26 10:52;52.466 : MD5 = bf17e9a91e2b6cf3697fc549ea251b33  Pass

2024-11-26 10:52:52.467 : seconds = 0.0039885
2024-11-26 10:52:52.467 : ------- Compare MD5 Done -------
2024-11-26 11:10:11.957 : 
2024-11-26 11:10:11.958 : ================== Signature Check ====================
2024-11-26 11:10:11.959 : Author = paul di
2024-11-26 11:10:11.959 : Version = 2024.0718.155524
2024-11-26 11:10:11.959 : ChangeLog = Achieve_20240718_1555 x64.
2024-11-26 11:10:11.960 : Expiration = 2028-06-24
2024-11-26 11:10:11.960 : Checked Files = 1
2024-11-26 11:10:11.961 : 
2024-11-26 11:10:11.961 : ------- Compare MD5 -------
2024-11-26 11:10:11.962 : Local Root = D:\tmp\Barista_DUT_2up_dual_new_command_20241126_mes\
2024-11-26 11:10;11.963 : D:\tmp\Barista_DUT_2up_dual_new_command_20241126_mes\Caesar.exe
2024-11-26 11:10;11.965 : MD5 = bf17e9a91e2b6cf3697fc549ea251b33  Pass

2024-11-26 11:10:11.966 : seconds = 0.0049876
2024-11-26 11:10:11.966 : ------- Compare MD5 Done -------
2024-11-26 11:12:35.942 : 
2024-11-26 11:12:35.943 : ================== Signature Check ====================
2024-11-26 11:12:35.944 : Author = paul di_Debug_OffLine
2024-11-26 11:12:35.944 : Version = 2024.0718.155524
2024-11-26 11:12:35.944 : ChangeLog = for debug/verify
2024-11-26 11:12:35.945 : Expiration = 2028-06-24
2024-11-26 11:28:15.751 : 
2024-11-26 11:28:15.751 : ================== Signature Check ====================
2024-11-26 11:28:15.752 : Author = paul di
2024-11-26 11:28:15.753 : Version = 2024.0718.155524
2024-11-26 11:28:15.753 : ChangeLog = Achieve_20240718_1555 x64.
2024-11-26 11:28:15.753 : Expiration = 2028-06-24
2024-11-26 11:28:15.754 : Checked Files = 1
2024-11-26 11:28:15.755 : 
2024-11-26 11:28:15.755 : ------- Compare MD5 -------
2024-11-26 11:28:15.755 : Local Root = D:\tmp\Barista_DUT_2up_dual_new_command_20241126_mes\
2024-11-26 11:28;15.757 : D:\tmp\Barista_DUT_2up_dual_new_command_20241126_mes\Caesar.exe
2024-11-26 11:28;15.758 : MD5 = bf17e9a91e2b6cf3697fc549ea251b33  Pass

2024-11-26 11:28:15.759 : seconds = 0.0039892
2024-11-26 11:28:15.759 : ------- Compare MD5 Done -------
2024-11-26 11:30:02.176 : 
2024-11-26 11:30:02.177 : ================== Signature Check ====================
2024-11-26 11:30:02.177 : Author = paul di
2024-11-26 11:30:02.177 : Version = 2024.0718.155524
2024-11-26 11:30:02.178 : ChangeLog = Achieve_20240718_1555 x64.
2024-11-26 11:30:02.178 : Expiration = 2028-06-24
2024-11-26 11:30:02.178 : Checked Files = 1
2024-11-26 11:30:02.178 : 
2024-11-26 11:30:02.178 : ------- Compare MD5 -------
2024-11-26 11:30:02.179 : Local Root = D:\tmp\Barista_DUT_2up_dual_new_command_20241126_mes\
2024-11-26 11:30;02.179 : D:\tmp\Barista_DUT_2up_dual_new_command_20241126_mes\Caesar.exe
2024-11-26 11:30;02.180 : MD5 = bf17e9a91e2b6cf3697fc549ea251b33  Pass

2024-11-26 11:30:02.180 : seconds = 0.0019937
2024-11-26 11:30:02.181 : ------- Compare MD5 Done -------
2024-11-26 11:32:37.752 : 
2024-11-26 11:32:37.753 : ================== Signature Check ====================
2024-11-26 11:32:37.754 : Author = paul di
2024-11-26 11:32:37.754 : Version = 2024.0718.155524
2024-11-26 11:32:37.754 : ChangeLog = Achieve_20240718_1555 x64.
2024-11-26 11:32:37.755 : Expiration = 2028-06-24
2024-11-26 11:32:37.755 : Checked Files = 1
2024-11-26 11:32:37.756 : 
2024-11-26 11:32:37.757 : ------- Compare MD5 -------
2024-11-26 11:32:37.757 : Local Root = D:\tmp\Barista_DUT_2up_dual_new_command_20241126_mes\
2024-11-26 11:32;37.758 : D:\tmp\Barista_DUT_2up_dual_new_command_20241126_mes\Caesar.exe
2024-11-26 11:32;37.760 : MD5 = bf17e9a91e2b6cf3697fc549ea251b33  Pass

2024-11-26 11:32:37.761 : seconds = 0.0049873
2024-11-26 11:32:37.761 : ------- Compare MD5 Done -------
2024-11-26 11:39:53.148 : 
2024-11-26 11:39:53.149 : ================== Signature Check ====================
2024-11-26 11:39:53.150 : Author = paul di
2024-11-26 11:39:53.150 : Version = 2024.0718.155524
2024-11-26 11:39:53.150 : ChangeLog = Achieve_20240718_1555 x64.
2024-11-26 11:39:53.150 : Expiration = 2028-06-24
2024-11-26 11:39:53.151 : Checked Files = 1
2024-11-26 11:39:53.152 : 
2024-11-26 11:39:53.152 : ------- Compare MD5 -------
2024-11-26 11:39:53.152 : Local Root = D:\tmp\Barista_DUT_2up_dual_new_command_20241126_mes\
2024-11-26 11:39;53.154 : D:\tmp\Barista_DUT_2up_dual_new_command_20241126_mes\Caesar.exe
2024-11-26 11:39;53.155 : MD5 = bf17e9a91e2b6cf3697fc549ea251b33  Pass

2024-11-26 11:39:53.156 : seconds = 0.0039898
2024-11-26 11:39:53.156 : ------- Compare MD5 Done -------
2024-11-26 11:41:39.758 : 
2024-11-26 11:41:39.759 : ================== Signature Check ====================
2024-11-26 11:41:39.759 : Author = paul di
2024-11-26 11:41:39.760 : Version = 2024.0718.155524
2024-11-26 11:41:39.760 : ChangeLog = Achieve_20240718_1555 x64.
2024-11-26 11:41:39.760 : Expiration = 2028-06-24
2024-11-26 11:41:39.761 : Checked Files = 1
2024-11-26 11:41:39.762 : 
2024-11-26 11:41:39.762 : ------- Compare MD5 -------
2024-11-26 11:41:39.763 : Local Root = D:\tmp\Barista_DUT_2up_dual_new_command_20241126_mes\
2024-11-26 11:41;39.764 : D:\tmp\Barista_DUT_2up_dual_new_command_20241126_mes\Caesar.exe
2024-11-26 11:41;39.765 : MD5 = bf17e9a91e2b6cf3697fc549ea251b33  Pass

2024-11-26 11:41:39.766 : seconds = 0.0039854
2024-11-26 11:41:39.766 : ------- Compare MD5 Done -------
2024-11-26 11:43:25.988 : 
2024-11-26 11:43:25.988 : ================== Signature Check ====================
2024-11-26 11:43:25.989 : Author = paul di
2024-11-26 11:43:25.989 : Version = 2024.0718.155524
2024-11-26 11:43:25.989 : ChangeLog = Achieve_20240718_1555 x64.
2024-11-26 11:43:25.989 : Expiration = 2028-06-24
2024-11-26 11:43:25.990 : Checked Files = 1
2024-11-26 11:43:25.990 : 
2024-11-26 11:43:25.990 : ------- Compare MD5 -------
2024-11-26 11:43:25.990 : Local Root = D:\tmp\Barista_DUT_2up_dual_new_command_20241126_mes\
2024-11-26 11:43;25.990 : D:\tmp\Barista_DUT_2up_dual_new_command_20241126_mes\Caesar.exe
2024-11-26 11:43;25.992 : MD5 = bf17e9a91e2b6cf3697fc549ea251b33  Pass

2024-11-26 11:43:25.992 : seconds = 0.0019939
2024-11-26 11:43:25.992 : ------- Compare MD5 Done -------
2024-11-26 11:56:42.764 : 
2024-11-26 11:56:42.765 : ================== Signature Check ====================
2024-11-26 11:56:42.765 : Author = paul di_Release_OffLine
2024-11-26 11:56:42.766 : Version = 2024.0718.155524
2024-11-26 11:56:42.766 : ChangeLog = for debug/verify
2024-11-26 11:56:42.766 : Expiration = 2028-06-24
2024-11-26 11:57:32.202 : 
2024-11-26 11:57:32.203 : ================== Signature Check ====================
2024-11-26 11:57:32.204 : Author = paul di_Debug_OffLine
2024-11-26 11:57:32.204 : Version = 2024.0718.155524
2024-11-26 11:57:32.204 : ChangeLog = for debug/verify
2024-11-26 11:57:32.205 : Expiration = 2028-06-24
2024-11-26 11:57:44.485 : 
2024-11-26 11:57:44.486 : ================== Signature Check ====================
2024-11-26 11:57:44.487 : Author = paul di
2024-11-26 11:57:44.487 : Version = 2024.0718.155524
2024-11-26 11:57:44.487 : ChangeLog = Achieve_20240718_1555 x64.
2024-11-26 11:57:44.487 : Expiration = 2028-06-24
2024-11-26 11:57:44.488 : Checked Files = 1
2024-11-26 11:57:44.489 : 
2024-11-26 11:57:44.489 : ------- Compare MD5 -------
2024-11-26 11:57:44.489 : Local Root = D:\tmp\Barista_DUT_2up_dual_new_command_20241126_mes\
2024-11-26 11:57;44.491 : D:\tmp\Barista_DUT_2up_dual_new_command_20241126_mes\Caesar.exe
2024-11-26 11:57;44.492 : MD5 = bf17e9a91e2b6cf3697fc549ea251b33  Pass

2024-11-26 11:57:44.493 : seconds = 0.0039894
2024-11-26 11:57:44.493 : ------- Compare MD5 Done -------
2024-11-26 11:59:30.648 : 
2024-11-26 11:59:30.649 : ================== Signature Check ====================
2024-11-26 11:59:30.649 : Author = paul di
2024-11-26 11:59:30.650 : Version = 2024.0718.155524
2024-11-26 11:59:30.650 : ChangeLog = Achieve_20240718_1555 x64.
2024-11-26 11:59:30.650 : Expiration = 2028-06-24
2024-11-26 11:59:30.651 : Checked Files = 1
2024-11-26 11:59:30.651 : 
2024-11-26 11:59:30.651 : ------- Compare MD5 -------
2024-11-26 11:59:30.651 : Local Root = D:\tmp\Barista_DUT_2up_dual_new_command_20241126_mes\
2024-11-26 11:59;30.652 : D:\tmp\Barista_DUT_2up_dual_new_command_20241126_mes\Caesar.exe
2024-11-26 11:59;30.653 : MD5 = bf17e9a91e2b6cf3697fc549ea251b33  Pass

2024-11-26 11:59:30.749 : seconds = 0.0977374
2024-11-26 11:59:30.750 : ------- Compare MD5 Done -------
2024-11-26 12:08:11.988 : 
2024-11-26 12:08:11.989 : ================== Signature Check ====================
2024-11-26 12:08:11.989 : Author = paul di
2024-11-26 12:08:11.990 : Version = 2024.0718.155524
2024-11-26 12:08:11.990 : ChangeLog = Achieve_20240718_1555 x64.
2024-11-26 12:08:11.990 : Expiration = 2028-06-24
2024-11-26 12:08:11.990 : Checked Files = 1
2024-11-26 12:08:11.990 : 
2024-11-26 12:08:11.990 : ------- Compare MD5 -------
2024-11-26 12:08:11.991 : Local Root = D:\tmp\Barista_DUT_2up_dual_new_command_20241126_mes\
2024-11-26 12:08;11.991 : D:\tmp\Barista_DUT_2up_dual_new_command_20241126_mes\Caesar.exe
2024-11-26 12:08;11.992 : MD5 = bf17e9a91e2b6cf3697fc549ea251b33  Pass

2024-11-26 12:08:11.992 : seconds = 0.0019935
2024-11-26 12:08:11.992 : ------- Compare MD5 Done -------
2024-11-26 12:08:34.599 : 
2024-11-26 12:08:34.600 : ================== Signature Check ====================
2024-11-26 12:08:34.601 : Author = paul di
2024-11-26 12:08:34.601 : Version = 2024.0718.155524
2024-11-26 12:08:34.601 : ChangeLog = Achieve_20240718_1555 x64.
2024-11-26 12:08:34.602 : Expiration = 2028-06-24
2024-11-26 12:08:34.602 : Checked Files = 1
2024-11-26 12:08:34.603 : 
2024-11-26 12:08:34.603 : ------- Compare MD5 -------
2024-11-26 12:08:34.604 : Local Root = D:\tmp\Barista_DUT_2up_dual_new_command_20241126_mes\
2024-11-26 12:08;34.605 : D:\tmp\Barista_DUT_2up_dual_new_command_20241126_mes\Caesar.exe
2024-11-26 12:08;34.606 : MD5 = bf17e9a91e2b6cf3697fc549ea251b33  Pass

2024-11-26 12:08:34.607 : seconds = 0.0039893
2024-11-26 12:08:34.607 : ------- Compare MD5 Done -------
2024-11-26 12:08:58.755 : 
2024-11-26 12:08:58.756 : ================== Signature Check ====================
2024-11-26 12:08:58.756 : Author = paul di
2024-11-26 12:08:58.757 : Version = 2024.0718.155524
2024-11-26 12:08:58.757 : ChangeLog = Achieve_20240718_1555 x64.
2024-11-26 12:08:58.757 : Expiration = 2028-06-24
2024-11-26 12:08:58.758 : Checked Files = 1
2024-11-26 12:08:58.759 : 
2024-11-26 12:08:58.759 : ------- Compare MD5 -------
2024-11-26 12:08:58.759 : Local Root = D:\tmp\Barista_DUT_2up_dual_new_command_20241126_mes\
2024-11-26 12:08;58.761 : D:\tmp\Barista_DUT_2up_dual_new_command_20241126_mes\Caesar.exe
2024-11-26 12:08;58.762 : MD5 = bf17e9a91e2b6cf3697fc549ea251b33  Pass

2024-11-26 12:08:58.763 : seconds = 0.0039893
2024-11-26 12:08:58.763 : ------- Compare MD5 Done -------
2024-11-26 12:10:45.007 : 
2024-11-26 12:10:45.008 : ================== Signature Check ====================
2024-11-26 12:10:45.008 : Author = paul di
2024-11-26 12:10:45.009 : Version = 2024.0718.155524
2024-11-26 12:10:45.009 : ChangeLog = Achieve_20240718_1555 x64.
2024-11-26 12:10:45.009 : Expiration = 2028-06-24
2024-11-26 12:10:45.010 : Checked Files = 1
2024-11-26 12:10:45.010 : 
2024-11-26 12:10:45.010 : ------- Compare MD5 -------
2024-11-26 12:10:45.011 : Local Root = D:\tmp\Barista_DUT_2up_dual_new_command_20241126_mes\
2024-11-26 12:10;45.011 : D:\tmp\Barista_DUT_2up_dual_new_command_20241126_mes\Caesar.exe
2024-11-26 12:10;45.012 : MD5 = bf17e9a91e2b6cf3697fc549ea251b33  Pass

2024-11-26 12:10:45.013 : seconds = 0.0029911
2024-11-26 12:10:45.013 : ------- Compare MD5 Done -------
2024-11-26 12:12:33.104 : 
2024-11-26 12:12:33.105 : ================== Signature Check ====================
2024-11-26 12:12:33.106 : Author = paul di
2024-11-26 12:12:33.106 : Version = 2024.0718.155524
2024-11-26 12:12:33.106 : ChangeLog = Achieve_20240718_1555 x64.
2024-11-26 12:12:33.107 : Expiration = 2028-06-24
2024-11-26 12:12:33.107 : Checked Files = 1
2024-11-26 12:12:33.108 : 
2024-11-26 12:12:33.108 : ------- Compare MD5 -------
2024-11-26 12:12:33.109 : Local Root = D:\tmp\Barista_DUT_2up_dual_new_command_20241126_mes\
2024-11-26 12:12;33.110 : D:\tmp\Barista_DUT_2up_dual_new_command_20241126_mes\Caesar.exe
2024-11-26 12:12;33.111 : MD5 = bf17e9a91e2b6cf3697fc549ea251b33  Pass

2024-11-26 12:12:33.112 : seconds = 0.003989
2024-11-26 12:12:33.112 : ------- Compare MD5 Done -------
2024-11-26 12:14:19.316 : 
2024-11-26 12:14:19.316 : ================== Signature Check ====================
2024-11-26 12:14:19.317 : Author = paul di
2024-11-26 12:14:19.317 : Version = 2024.0718.155524
2024-11-26 12:14:19.318 : ChangeLog = Achieve_20240718_1555 x64.
2024-11-26 12:14:19.318 : Expiration = 2028-06-24
2024-11-26 12:14:19.318 : Checked Files = 1
2024-11-26 12:14:19.318 : 
2024-11-26 12:14:19.319 : ------- Compare MD5 -------
2024-11-26 12:14:19.319 : Local Root = D:\tmp\Barista_DUT_2up_dual_new_command_20241126_mes\
2024-11-26 12:14;19.319 : D:\tmp\Barista_DUT_2up_dual_new_command_20241126_mes\Caesar.exe
2024-11-26 12:14;19.320 : MD5 = bf17e9a91e2b6cf3697fc549ea251b33  Pass

2024-11-26 12:14:19.321 : seconds = 0.0029921
2024-11-26 12:14:19.321 : ------- Compare MD5 Done -------
2024-11-26 13:06:27.267 : 
2024-11-26 13:06:27.268 : ================== Signature Check ====================
2024-11-26 13:06:27.269 : Author = paul di_Debug_OffLine
2024-11-26 13:06:27.269 : Version = 2024.0718.155524
2024-11-26 13:06:27.269 : ChangeLog = for debug/verify
2024-11-26 13:06:27.269 : Expiration = 2028-06-24
2024-11-26 14:41:38.111 : 
2024-11-26 14:41:38.111 : ================== Signature Check ====================
2024-11-26 14:41:38.112 : Author = paul di_Debug_OffLine
2024-11-26 14:41:38.112 : Version = 2024.0718.155524
2024-11-26 14:41:38.112 : ChangeLog = for debug/verify
2024-11-26 14:41:38.112 : Expiration = 2028-06-24
2024-11-26 14:54:57.565 : 
2024-11-26 14:54:57.566 : ================== Signature Check ====================
2024-11-26 14:54:57.567 : Author = paul di_Debug_OffLine
2024-11-26 14:54:57.567 : Version = 2024.0718.155524
2024-11-26 14:54:57.567 : ChangeLog = for debug/verify
2024-11-26 14:54:57.568 : Expiration = 2028-06-24
2024-11-26 15:07:17.562 : 
2024-11-26 15:07:17.563 : ================== Signature Check ====================
2024-11-26 15:07:17.563 : Author = paul di_Debug_OffLine
2024-11-26 15:07:17.564 : Version = 2024.0718.155524
2024-11-26 15:07:17.564 : ChangeLog = for debug/verify
2024-11-26 15:07:17.564 : Expiration = 2028-06-24
2024-11-26 15:07:29.864 : 
2024-11-26 15:07:29.865 : ================== Signature Check ====================
2024-11-26 15:07:29.866 : Author = paul di_Release_OffLine
2024-11-26 15:07:29.867 : Version = 2024.0718.155524
2024-11-26 15:07:29.867 : ChangeLog = for debug/verify
2024-11-26 15:07:29.867 : Expiration = 2028-06-24
2024-11-26 15:09:17.380 : 
2024-11-26 15:09:17.381 : ================== Signature Check ====================
2024-11-26 15:09:17.381 : Author = paul di_Release_OffLine
2024-11-26 15:09:17.382 : Version = 2024.0718.155524
2024-11-26 15:09:17.382 : ChangeLog = for debug/verify
2024-11-26 15:09:17.382 : Expiration = 2028-06-24
2024-11-26 15:13:29.241 : 
2024-11-26 15:13:29.241 : ================== Signature Check ====================
2024-11-26 15:13:29.241 : Author = paul di_Release_OffLine
2024-11-26 15:13:29.242 : Version = 2024.0718.155524
2024-11-26 15:13:29.242 : ChangeLog = for debug/verify
2024-11-26 15:13:29.242 : Expiration = 2028-06-24
2024-11-26 15:14:10.345 : 
2024-11-26 15:14:10.345 : ================== Signature Check ====================
2024-11-26 15:14:10.346 : Author = paul di_Debug_OffLine
2024-11-26 15:14:10.347 : Version = 2024.0718.155524
2024-11-26 15:14:10.347 : ChangeLog = for debug/verify
2024-11-26 15:14:10.347 : Expiration = 2028-06-24
2024-11-26 15:15:42.961 : 
2024-11-26 15:15:42.961 : ================== Signature Check ====================
2024-11-26 15:15:42.961 : Author = paul di_Debug_OffLine
2024-11-26 15:15:42.962 : Version = 2024.0718.155524
2024-11-26 15:15:42.962 : ChangeLog = for debug/verify
2024-11-26 15:15:42.962 : Expiration = 2028-06-24
2024-11-26 15:15:55.684 : 
2024-11-26 15:15:55.685 : ================== Signature Check ====================
2024-11-26 15:15:55.687 : Author = paul di_Release_OffLine
2024-11-26 15:15:55.687 : Version = 2024.0718.155524
2024-11-26 15:15:55.687 : ChangeLog = for debug/verify
2024-11-26 15:15:55.688 : Expiration = 2028-06-24
2024-11-26 15:17:43.291 : 
2024-11-26 15:17:43.291 : ================== Signature Check ====================
2024-11-26 15:17:43.292 : Author = paul di_Release_OffLine
2024-11-26 15:17:43.292 : Version = 2024.0718.155524
2024-11-26 15:17:43.293 : ChangeLog = for debug/verify
2024-11-26 15:17:43.293 : Expiration = 2028-06-24
2024-11-26 15:19:01.633 : 
2024-11-26 15:19:01.634 : ================== Signature Check ====================
2024-11-26 15:19:01.635 : Author = paul di_Debug_OffLine
2024-11-26 15:19:01.635 : Version = 2024.0718.155524
2024-11-26 15:19:01.635 : ChangeLog = for debug/verify
2024-11-26 15:19:01.635 : Expiration = 2028-06-24
2024-11-26 15:20:31.258 : 
2024-11-26 15:20:31.258 : ================== Signature Check ====================
2024-11-26 15:20:31.259 : Author = paul di_Release_OffLine
2024-11-26 15:20:31.260 : Version = 2024.0718.155524
2024-11-26 15:20:31.260 : ChangeLog = for debug/verify
2024-11-26 15:20:31.260 : Expiration = 2028-06-24
2024-11-26 15:22:18.665 : 
2024-11-26 15:22:18.665 : ================== Signature Check ====================
2024-11-26 15:22:18.666 : Author = paul di_Release_OffLine
2024-11-26 15:22:18.666 : Version = 2024.0718.155524
2024-11-26 15:22:18.666 : ChangeLog = for debug/verify
2024-11-26 15:22:18.666 : Expiration = 2028-06-24
2024-11-26 15:26:48.348 : 
2024-11-26 15:26:48.349 : ================== Signature Check ====================
2024-11-26 15:26:48.349 : Author = paul di_Release_OffLine
2024-11-26 15:26:48.350 : Version = 2024.0718.155524
2024-11-26 15:26:48.350 : ChangeLog = for debug/verify
2024-11-26 15:26:48.350 : Expiration = 2028-06-24
2024-11-26 15:30:45.506 : 
2024-11-26 15:30:45.507 : ================== Signature Check ====================
2024-11-26 15:30:45.508 : Author = paul di_Release_OffLine
2024-11-26 15:30:45.508 : Version = 2024.0718.155524
2024-11-26 15:30:45.508 : ChangeLog = for debug/verify
2024-11-26 15:30:45.509 : Expiration = 2028-06-24
2024-11-26 15:32:33.033 : 
2024-11-26 15:32:33.033 : ================== Signature Check ====================
2024-11-26 15:32:33.033 : Author = paul di_Release_OffLine
2024-11-26 15:32:33.034 : Version = 2024.0718.155524
2024-11-26 15:32:33.034 : ChangeLog = for debug/verify
2024-11-26 15:32:33.034 : Expiration = 2028-06-24
2024-11-26 15:36:31.753 : 
2024-11-26 15:36:31.753 : ================== Signature Check ====================
2024-11-26 15:36:31.754 : Author = paul di_Release_OffLine
2024-11-26 15:36:31.754 : Version = 2024.0718.155524
2024-11-26 15:36:31.755 : ChangeLog = for debug/verify
2024-11-26 15:36:31.755 : Expiration = 2028-06-24
2024-11-26 15:38:19.189 : 
2024-11-26 15:38:19.189 : ================== Signature Check ====================
2024-11-26 15:38:19.190 : Author = paul di_Release_OffLine
2024-11-26 15:38:19.190 : Version = 2024.0718.155524
2024-11-26 15:38:19.190 : ChangeLog = for debug/verify
2024-11-26 15:38:19.191 : Expiration = 2028-06-24
2024-11-26 15:42:37.112 : 
2024-11-26 15:42:37.112 : ================== Signature Check ====================
2024-11-26 15:42:37.113 : Author = paul di_Release_OffLine
2024-11-26 15:42:37.113 : Version = 2024.0718.155524
2024-11-26 15:42:37.113 : ChangeLog = for debug/verify
2024-11-26 15:42:37.113 : Expiration = 2028-06-24
2024-11-26 15:46:21.815 : 
2024-11-26 15:46:21.816 : ================== Signature Check ====================
2024-11-26 15:46:21.817 : Author = paul di_Debug_OffLine
2024-11-26 15:46:21.817 : Version = 2024.0718.155524
2024-11-26 15:46:21.818 : ChangeLog = for debug/verify
2024-11-26 15:46:21.818 : Expiration = 2028-06-24
2024-11-26 15:55:27.619 : 
2024-11-26 15:55:27.620 : ================== Signature Check ====================
2024-11-26 15:55:27.621 : Author = paul di_Release_OffLine
2024-11-26 15:55:27.621 : Version = 2024.0718.155524
2024-11-26 15:55:27.621 : ChangeLog = for debug/verify
2024-11-26 15:55:27.621 : Expiration = 2028-06-24
2024-11-26 15:57:15.028 : 
2024-11-26 15:57:15.029 : ================== Signature Check ====================
2024-11-26 15:57:15.029 : Author = paul di_Release_OffLine
2024-11-26 15:57:15.029 : Version = 2024.0718.155524
2024-11-26 15:57:15.029 : ChangeLog = for debug/verify
2024-11-26 15:57:15.030 : Expiration = 2028-06-24
2024-11-26 16:01:22.011 : 
2024-11-26 16:01:22.011 : ================== Signature Check ====================
2024-11-26 16:01:22.011 : Author = paul di_Release_OffLine
2024-11-26 16:01:22.012 : Version = 2024.0718.155524
2024-11-26 16:01:22.012 : ChangeLog = for debug/verify
2024-11-26 16:01:22.012 : Expiration = 2028-06-24
2024-11-26 16:04:27.592 : 
2024-11-26 16:04:27.592 : ================== Signature Check ====================
2024-11-26 16:04:27.593 : Author = paul di_Release_OffLine
2024-11-26 16:04:27.593 : Version = 2024.0718.155524
2024-11-26 16:04:27.594 : ChangeLog = for debug/verify
2024-11-26 16:04:27.594 : Expiration = 2028-06-24
2024-11-26 16:06:15.149 : 
2024-11-26 16:06:15.150 : ================== Signature Check ====================
2024-11-26 16:06:15.151 : Author = paul di_Release_OffLine
2024-11-26 16:06:15.151 : Version = 2024.0718.155524
2024-11-26 16:06:15.152 : ChangeLog = for debug/verify
2024-11-26 16:06:15.152 : Expiration = 2028-06-24
2024-11-26 16:10:17.287 : 
2024-11-26 16:10:17.288 : ================== Signature Check ====================
2024-11-26 16:10:17.288 : Author = paul di_Release_OffLine
2024-11-26 16:10:17.288 : Version = 2024.0718.155524
2024-11-26 16:10:17.288 : ChangeLog = for debug/verify
2024-11-26 16:10:17.289 : Expiration = 2028-06-24
2024-11-26 16:14:02.995 : 
2024-11-26 16:14:02.996 : ================== Signature Check ====================
2024-11-26 16:14:02.997 : Author = paul di_Release_OffLine
2024-11-26 16:14:02.998 : Version = 2024.0718.155524
2024-11-26 16:14:02.998 : ChangeLog = for debug/verify
2024-11-26 16:14:02.998 : Expiration = 2028-06-24
2024-11-26 16:15:50.426 : 
2024-11-26 16:15:50.426 : ================== Signature Check ====================
2024-11-26 16:15:50.427 : Author = paul di_Release_OffLine
2024-11-26 16:15:50.427 : Version = 2024.0718.155524
2024-11-26 16:15:50.427 : ChangeLog = for debug/verify
2024-11-26 16:15:50.427 : Expiration = 2028-06-24
2024-11-26 16:20:16.241 : 
2024-11-26 16:20:16.242 : ================== Signature Check ====================
2024-11-26 16:20:16.242 : Author = paul di_Release_OffLine
2024-11-26 16:20:16.243 : Version = 2024.0718.155524
2024-11-26 16:20:16.243 : ChangeLog = for debug/verify
2024-11-26 16:20:16.243 : Expiration = 2028-06-24
2024-11-26 16:24:37.535 : 
2024-11-26 16:24:37.535 : ================== Signature Check ====================
2024-11-26 16:24:37.536 : Author = paul di_Release_OffLine
2024-11-26 16:24:37.536 : Version = 2024.0718.155524
2024-11-26 16:24:37.536 : ChangeLog = for debug/verify
2024-11-26 16:24:37.536 : Expiration = 2028-06-24
2024-11-26 16:25:05.899 : 
2024-11-26 16:25:05.900 : ================== Signature Check ====================
2024-11-26 16:25:05.901 : Author = paul di_Debug_OffLine
2024-11-26 16:25:05.901 : Version = 2024.0718.155524
2024-11-26 16:25:05.901 : ChangeLog = for debug/verify
2024-11-26 16:25:05.902 : Expiration = 2028-06-24
2024-11-26 16:28:11.608 : 
2024-11-26 16:28:11.609 : ================== Signature Check ====================
2024-11-26 16:28:11.610 : Author = paul di_Debug_OffLine
2024-11-26 16:28:11.610 : Version = 2024.0718.155524
2024-11-26 16:28:11.610 : ChangeLog = for debug/verify
2024-11-26 16:28:11.611 : Expiration = 2028-06-24
2024-11-26 16:32:55.009 : 
2024-11-26 16:32:55.010 : ================== Signature Check ====================
2024-11-26 16:32:55.010 : Author = paul di_Debug_OffLine
2024-11-26 16:32:55.011 : Version = 2024.0718.155524
2024-11-26 16:32:55.011 : ChangeLog = for debug/verify
2024-11-26 16:32:55.011 : Expiration = 2028-06-24
2024-11-26 19:46:46.857 : 
2024-11-26 19:46:46.860 : ================== Signature Check ====================
2024-11-26 19:46:46.861 : Author = paul di_Debug_OffLine
2024-11-26 19:46:46.862 : Version = 2024.0718.155524
2024-11-26 19:46:46.862 : ChangeLog = for debug/verify
2024-11-26 19:46:46.862 : Expiration = 2028-06-24
2024-11-26 19:52:11.862 : 
2024-11-26 19:52:11.863 : ================== Signature Check ====================
2024-11-26 19:52:11.864 : Author = paul di_Release_OffLine
2024-11-26 19:52:11.864 : Version = 2024.0718.155524
2024-11-26 19:52:11.865 : ChangeLog = for debug/verify
2024-11-26 19:52:11.865 : Expiration = 2028-06-24
2024-11-26 19:53:59.299 : 
2024-11-26 19:53:59.299 : ================== Signature Check ====================
2024-11-26 19:53:59.300 : Author = paul di_Release_OffLine
2024-11-26 19:53:59.300 : Version = 2024.0718.155524
2024-11-26 19:53:59.300 : ChangeLog = for debug/verify
2024-11-26 19:53:59.301 : Expiration = 2028-06-24
2024-11-26 19:54:15.521 : 
2024-11-26 19:54:15.522 : ================== Signature Check ====================
2024-11-26 19:54:15.523 : Author = paul di
2024-11-26 19:54:15.524 : Version = 2024.0718.155524
2024-11-26 19:54:15.524 : ChangeLog = Achieve_20240718_1555 x64.
2024-11-26 19:54:15.524 : Expiration = 2028-06-24
2024-11-26 19:54:15.525 : Checked Files = 1
2024-11-26 19:54:15.526 : 
2024-11-26 19:54:15.526 : ------- Compare MD5 -------
2024-11-26 19:54:15.527 : Local Root = D:\tmp\Barista_DUT_2up_dual_new_command_20241126_mes\
2024-11-26 19:54;15.528 : D:\tmp\Barista_DUT_2up_dual_new_command_20241126_mes\Caesar.exe
2024-11-26 19:54;15.530 : MD5 = bf17e9a91e2b6cf3697fc549ea251b33  Pass

2024-11-26 19:54:15.531 : seconds = 0.0049868
2024-11-26 19:54:15.531 : ------- Compare MD5 Done -------
2024-11-26 19:56:03.067 : 
2024-11-26 19:56:03.067 : ================== Signature Check ====================
2024-11-26 19:56:03.068 : Author = paul di
2024-11-26 19:56:03.068 : Version = 2024.0718.155524
2024-11-26 19:56:03.068 : ChangeLog = Achieve_20240718_1555 x64.
2024-11-26 19:56:03.069 : Expiration = 2028-06-24
2024-11-26 19:56:03.069 : Checked Files = 1
2024-11-26 19:56:03.069 : 
2024-11-26 19:56:03.070 : ------- Compare MD5 -------
2024-11-26 19:56:03.070 : Local Root = D:\tmp\Barista_DUT_2up_dual_new_command_20241126_mes\
2024-11-26 19:56;03.070 : D:\tmp\Barista_DUT_2up_dual_new_command_20241126_mes\Caesar.exe
2024-11-26 19:56;03.221 : MD5 = bf17e9a91e2b6cf3697fc549ea251b33  Pass

2024-11-26 19:56:03.221 : seconds = 0.1525941
2024-11-26 19:56:03.222 : ------- Compare MD5 Done -------
2024-11-26 19:56:59.306 : 
2024-11-26 19:56:59.306 : ================== Signature Check ====================
2024-11-26 19:56:59.307 : Author = paul di_Debug_OffLine
2024-11-26 19:56:59.308 : Version = 2024.0718.155524
2024-11-26 19:56:59.308 : ChangeLog = for debug/verify
2024-11-26 19:56:59.309 : Expiration = 2028-06-24
2024-11-26 20:11:22.129 : 
2024-11-26 20:11:22.129 : ================== Signature Check ====================
2024-11-26 20:11:22.129 : Author = paul di_Debug_OffLine
2024-11-26 20:11:22.130 : Version = 2024.0718.155524
2024-11-26 20:11:22.130 : ChangeLog = for debug/verify
2024-11-26 20:11:22.130 : Expiration = 2028-06-24
2024-11-26 20:22:09.376 : 
2024-11-26 20:22:09.377 : ================== Signature Check ====================
2024-11-26 20:22:09.378 : Author = paul di_Debug_OffLine
2024-11-26 20:22:09.378 : Version = 2024.0718.155524
2024-11-26 20:22:09.378 : ChangeLog = for debug/verify
2024-11-26 20:22:09.379 : Expiration = 2028-06-24
2024-11-26 20:22:44.673 : 
2024-11-26 20:22:44.674 : ================== Signature Check ====================
2024-11-26 20:22:44.675 : Author = paul di
2024-11-26 20:22:44.676 : Version = 2024.0718.155524
2024-11-26 20:22:44.676 : ChangeLog = Achieve_20240718_1555 x64.
2024-11-26 20:22:44.676 : Expiration = 2028-06-24
2024-11-26 20:22:44.677 : Checked Files = 1
2024-11-26 20:22:44.678 : 
2024-11-26 20:22:44.679 : ------- Compare MD5 -------
2024-11-26 20:22:44.679 : Local Root = D:\tmp\Barista_DUT_2up_dual_new_command_20241126_mes\
2024-11-26 20:22;44.681 : D:\tmp\Barista_DUT_2up_dual_new_command_20241126_mes\Caesar.exe
2024-11-26 20:22;44.682 : MD5 = bf17e9a91e2b6cf3697fc549ea251b33  Pass

2024-11-26 20:22:44.683 : seconds = 0.0049865
2024-11-26 20:22:44.683 : ------- Compare MD5 Done -------
2024-11-26 20:24:32.137 : 
2024-11-26 20:24:32.137 : ================== Signature Check ====================
2024-11-26 20:24:32.137 : Author = paul di
2024-11-26 20:24:32.138 : Version = 2024.0718.155524
2024-11-26 20:24:32.138 : ChangeLog = Achieve_20240718_1555 x64.
2024-11-26 20:24:32.138 : Expiration = 2028-06-24
2024-11-26 20:24:32.139 : Checked Files = 1
2024-11-26 20:24:32.139 : 
2024-11-26 20:24:32.139 : ------- Compare MD5 -------
2024-11-26 20:24:32.140 : Local Root = D:\tmp\Barista_DUT_2up_dual_new_command_20241126_mes\
2024-11-26 20:24;32.140 : D:\tmp\Barista_DUT_2up_dual_new_command_20241126_mes\Caesar.exe
2024-11-26 20:24;32.141 : MD5 = bf17e9a91e2b6cf3697fc549ea251b33  Pass

2024-11-26 20:24:32.141 : seconds = 0.0019945
2024-11-26 20:24:32.142 : ------- Compare MD5 Done -------
2024-11-26 20:26:10.948 : 
2024-11-26 20:26:10.948 : ================== Signature Check ====================
2024-11-26 20:26:10.949 : Author = paul di
2024-11-26 20:26:10.950 : Version = 2024.0718.155524
2024-11-26 20:26:10.950 : ChangeLog = Achieve_20240718_1555 x64.
2024-11-26 20:26:10.950 : Expiration = 2028-06-24
2024-11-26 20:26:10.951 : Checked Files = 1
2024-11-26 20:26:10.952 : 
2024-11-26 20:26:10.953 : ------- Compare MD5 -------
2024-11-26 20:26:10.953 : Local Root = D:\tmp\Barista_DUT_2up_dual_new_command_20241126_mes\
2024-11-26 20:26;10.955 : D:\tmp\Barista_DUT_2up_dual_new_command_20241126_mes\Caesar.exe
2024-11-26 20:26;10.956 : MD5 = bf17e9a91e2b6cf3697fc549ea251b33  Pass

2024-11-26 20:26:10.957 : seconds = 0.0049867
2024-11-26 20:26:10.957 : ------- Compare MD5 Done -------
2024-11-26 20:27:58.388 : 
2024-11-26 20:27:58.389 : ================== Signature Check ====================
2024-11-26 20:27:58.389 : Author = paul di
2024-11-26 20:27:58.389 : Version = 2024.0718.155524
2024-11-26 20:27:58.390 : ChangeLog = Achieve_20240718_1555 x64.
2024-11-26 20:27:58.390 : Expiration = 2028-06-24
2024-11-26 20:27:58.391 : Checked Files = 1
2024-11-26 20:27:58.391 : 
2024-11-26 20:27:58.391 : ------- Compare MD5 -------
2024-11-26 20:27:58.392 : Local Root = D:\tmp\Barista_DUT_2up_dual_new_command_20241126_mes\
2024-11-26 20:27;58.392 : D:\tmp\Barista_DUT_2up_dual_new_command_20241126_mes\Caesar.exe
2024-11-26 20:27;58.393 : MD5 = bf17e9a91e2b6cf3697fc549ea251b33  Pass

2024-11-26 20:27:58.393 : seconds = 0.0019944
2024-11-26 20:27:58.394 : ------- Compare MD5 Done -------
2024-11-26 20:35:27.375 : 
2024-11-26 20:35:27.376 : ================== Signature Check ====================
2024-11-26 20:35:27.377 : Author = paul di_Debug_OffLine
2024-11-26 20:35:27.378 : Version = 2024.0718.155524
2024-11-26 20:35:27.378 : ChangeLog = for debug/verify
2024-11-26 20:35:27.378 : Expiration = 2028-06-24
2024-11-26 20:36:00.840 : 
2024-11-26 20:36:00.841 : ================== Signature Check ====================
2024-11-26 20:36:00.842 : Author = paul di
2024-11-26 20:36:00.842 : Version = 2024.0718.155524
2024-11-26 20:36:00.843 : ChangeLog = Achieve_20240718_1555 x64.
2024-11-26 20:36:00.843 : Expiration = 2028-06-24
2024-11-26 20:36:00.844 : Checked Files = 1
2024-11-26 20:36:00.845 : 
2024-11-26 20:36:00.845 : ------- Compare MD5 -------
2024-11-26 20:36:00.846 : Local Root = D:\tmp\Barista_DUT_2up_dual_new_command_20241126_mes\
2024-11-26 20:36;00.847 : D:\tmp\Barista_DUT_2up_dual_new_command_20241126_mes\Caesar.exe
2024-11-26 20:36;00.849 : MD5 = bf17e9a91e2b6cf3697fc549ea251b33  Pass

2024-11-26 20:36:00.849 : seconds = 0.0039894
2024-11-26 20:36:00.850 : ------- Compare MD5 Done -------
2024-11-26 20:37:48.149 : 
2024-11-26 20:37:48.149 : ================== Signature Check ====================
2024-11-26 20:37:48.149 : Author = paul di
2024-11-26 20:37:48.150 : Version = 2024.0718.155524
2024-11-26 20:37:48.150 : ChangeLog = Achieve_20240718_1555 x64.
2024-11-26 20:37:48.150 : Expiration = 2028-06-24
2024-11-26 20:37:48.151 : Checked Files = 1
2024-11-26 20:37:48.151 : 
2024-11-26 20:37:48.151 : ------- Compare MD5 -------
2024-11-26 20:37:48.152 : Local Root = D:\tmp\Barista_DUT_2up_dual_new_command_20241126_mes\
2024-11-26 20:37;48.152 : D:\tmp\Barista_DUT_2up_dual_new_command_20241126_mes\Caesar.exe
2024-11-26 20:37;48.153 : MD5 = bf17e9a91e2b6cf3697fc549ea251b33  Pass

2024-11-26 20:37:48.153 : seconds = 0.0019944
2024-11-26 20:37:48.154 : ------- Compare MD5 Done -------
2024-11-26 20:46:16.446 : 
2024-11-26 20:46:16.446 : ================== Signature Check ====================
2024-11-26 20:46:16.447 : Author = paul di
2024-11-26 20:46:16.447 : Version = 2024.0718.155524
2024-11-26 20:46:16.447 : ChangeLog = Achieve_20240718_1555 x64.
2024-11-26 20:46:16.447 : Expiration = 2028-06-24
2024-11-26 20:46:16.448 : Checked Files = 1
2024-11-26 20:46:16.448 : 
2024-11-26 20:46:16.448 : ------- Compare MD5 -------
2024-11-26 20:46:16.449 : Local Root = D:\tmp\Barista_DUT_2up_dual_new_command_20241126_mes\
2024-11-26 20:46;16.449 : D:\tmp\Barista_DUT_2up_dual_new_command_20241126_mes\Caesar.exe
2024-11-26 20:46;16.450 : MD5 = bf17e9a91e2b6cf3697fc549ea251b33  Pass

2024-11-26 20:46:16.451 : seconds = 0.0029917
2024-11-26 20:46:16.451 : ------- Compare MD5 Done -------
2024-11-26 20:49:12.083 : 
2024-11-26 20:49:12.084 : ================== Signature Check ====================
2024-11-26 20:49:12.085 : Author = paul di_Debug_OffLine
2024-11-26 20:49:12.085 : Version = 2024.0718.155524
2024-11-26 20:49:12.086 : ChangeLog = for debug/verify
2024-11-26 20:49:12.086 : Expiration = 2028-06-24
2024-11-26 20:49:42.424 : 
2024-11-26 20:49:42.425 : ================== Signature Check ====================
2024-11-26 20:49:42.426 : Author = paul di
2024-11-26 20:49:42.426 : Version = 2024.0718.155524
2024-11-26 20:49:42.427 : ChangeLog = Achieve_20240718_1555 x64.
2024-11-26 20:49:42.427 : Expiration = 2028-06-24
2024-11-26 20:49:42.428 : Checked Files = 1
2024-11-26 20:49:42.429 : 
2024-11-26 20:49:42.429 : ------- Compare MD5 -------
2024-11-26 20:49:42.430 : Local Root = D:\tmp\Barista_DUT_2up_dual_new_command_20241126_mes\
2024-11-26 20:49;42.431 : D:\tmp\Barista_DUT_2up_dual_new_command_20241126_mes\Caesar.exe
2024-11-26 20:49;42.433 : MD5 = bf17e9a91e2b6cf3697fc549ea251b33  Pass

2024-11-26 20:49:42.434 : seconds = 0.0049862
2024-11-26 20:49:42.434 : ------- Compare MD5 Done -------
2024-11-26 20:51:29.649 : 
2024-11-26 20:51:29.649 : ================== Signature Check ====================
2024-11-26 20:51:29.650 : Author = paul di
2024-11-26 20:51:29.650 : Version = 2024.0718.155524
2024-11-26 20:51:29.651 : ChangeLog = Achieve_20240718_1555 x64.
2024-11-26 20:51:29.651 : Expiration = 2028-06-24
2024-11-26 20:51:29.652 : Checked Files = 1
2024-11-26 20:51:29.652 : 
2024-11-26 20:51:29.652 : ------- Compare MD5 -------
2024-11-26 20:51:29.653 : Local Root = D:\tmp\Barista_DUT_2up_dual_new_command_20241126_mes\
2024-11-26 20:51;29.653 : D:\tmp\Barista_DUT_2up_dual_new_command_20241126_mes\Caesar.exe
2024-11-26 20:51;29.818 : MD5 = bf17e9a91e2b6cf3697fc549ea251b33  Pass

2024-11-26 20:51:29.819 : seconds = 0.1665582
2024-11-26 20:51:29.819 : ------- Compare MD5 Done -------
2024-11-26 20:56:18.664 : 
2024-11-26 20:56:18.665 : ================== Signature Check ====================
2024-11-26 20:56:18.665 : Author = paul di
2024-11-26 20:56:18.665 : Version = 2024.0718.155524
2024-11-26 20:56:18.666 : ChangeLog = Achieve_20240718_1555 x64.
2024-11-26 20:56:18.666 : Expiration = 2028-06-24
2024-11-26 20:56:18.666 : Checked Files = 1
2024-11-26 20:56:18.667 : 
2024-11-26 20:56:18.667 : ------- Compare MD5 -------
2024-11-26 20:56:18.667 : Local Root = D:\tmp\Barista_DUT_2up_dual_new_command_20241126_mes\
2024-11-26 20:56;18.668 : D:\tmp\Barista_DUT_2up_dual_new_command_20241126_mes\Caesar.exe
2024-11-26 20:56;18.669 : MD5 = bf17e9a91e2b6cf3697fc549ea251b33  Pass

2024-11-26 20:56:18.669 : seconds = 0.0019954
2024-11-26 20:56:18.670 : ------- Compare MD5 Done -------
2024-11-26 22:54:14.147 : 
2024-11-26 22:54:14.159 : ================== Signature Check ====================
2024-11-26 22:54:14.160 : Author = paul di_Debug_OffLine
2024-11-26 22:54:14.160 : Version = 2024.0718.155524
2024-11-26 22:54:14.161 : ChangeLog = for debug/verify
2024-11-26 22:54:14.161 : Expiration = 2028-06-24
2024-11-26 22:54:49.255 : 
2024-11-26 22:54:49.256 : ================== Signature Check ====================
2024-11-26 22:54:49.257 : Author = paul di_Debug_OffLine
2024-11-26 22:54:49.257 : Version = 2024.0718.155524
2024-11-26 22:54:49.258 : ChangeLog = for debug/verify
2024-11-26 22:54:49.258 : Expiration = 2028-06-24
2024-11-26 22:55:05.505 : 
2024-11-26 22:55:05.505 : ================== Signature Check ====================
2024-11-26 22:55:05.506 : Author = paul di_Debug_OffLine
2024-11-26 22:55:05.507 : Version = 2024.0718.155524
2024-11-26 22:55:05.507 : ChangeLog = for debug/verify
2024-11-26 22:55:05.507 : Expiration = 2028-06-24
2024-11-26 22:57:02.719 : 
2024-11-26 22:57:02.719 : ================== Signature Check ====================
2024-11-26 22:57:02.720 : Author = paul di_Debug_OffLine
2024-11-26 22:57:02.720 : Version = 2024.0718.155524
2024-11-26 22:57:02.720 : ChangeLog = for debug/verify
2024-11-26 22:57:02.721 : Expiration = 2028-06-24
2024-11-26 23:10:18.851 : 
2024-11-26 23:10:18.852 : ================== Signature Check ====================
2024-11-26 23:10:18.853 : Author = paul di_Debug_OffLine
2024-11-26 23:10:18.854 : Version = 2024.0718.155524
2024-11-26 23:10:18.854 : ChangeLog = for debug/verify
2024-11-26 23:10:18.854 : Expiration = 2028-06-24
