2024-11-28 00:08:26.538 : 
2024-11-28 00:08:26.539 : ================== Signature Check ====================
2024-11-28 00:08:26.540 : Author = paul di
2024-11-28 00:08:26.541 : Version = 2024.0718.155524
2024-11-28 00:08:26.541 : ChangeLog = Achieve_20240718_1555 x64.
2024-11-28 00:08:26.541 : Expiration = 2028-06-24
2024-11-28 00:08:26.542 : Checked Files = 1
2024-11-28 00:08:26.543 : 
2024-11-28 00:08:26.544 : ------- Compare MD5 -------
2024-11-28 00:08:26.544 : Local Root = D:\tmp\Barista_DUT_2up_dual_new_command_20241127_mes_fail_stop\
2024-11-28 00:08;26.546 : D:\tmp\Barista_DUT_2up_dual_new_command_20241127_mes_fail_stop\Caesar.exe
2024-11-28 00:08;26.548 : MD5 = bf17e9a91e2b6cf3697fc549ea251b33  Pass

2024-11-28 00:08:26.549 : seconds = 0.0059844
2024-11-28 00:08:26.549 : ------- Compare MD5 Done -------
2024-11-28 00:08:39.935 : 
2024-11-28 00:08:39.935 : ================== Signature Check ====================
2024-11-28 00:08:39.936 : Author = paul di_Debug_OffLine
2024-11-28 00:08:39.937 : Version = 2024.0718.155524
2024-11-28 00:08:39.937 : ChangeLog = for debug/verify
2024-11-28 00:08:39.937 : Expiration = 2028-06-24
2024-11-28 00:16:02.041 : 
2024-11-28 00:16:02.042 : ================== Signature Check ====================
2024-11-28 00:16:02.042 : Author = paul di_Debug_OffLine
2024-11-28 00:16:02.042 : Version = 2024.0718.155524
2024-11-28 00:16:02.043 : ChangeLog = for debug/verify
2024-11-28 00:16:02.043 : Expiration = 2028-06-24
2024-11-28 00:21:31.290 : 
2024-11-28 00:21:31.290 : ================== Signature Check ====================
2024-11-28 00:21:31.291 : Author = paul di_Debug_OffLine
2024-11-28 00:21:31.291 : Version = 2024.0718.155524
2024-11-28 00:21:31.292 : ChangeLog = for debug/verify
2024-11-28 00:21:31.292 : Expiration = 2028-06-24
2024-11-28 00:27:12.660 : 
2024-11-28 00:27:12.660 : ================== Signature Check ====================
2024-11-28 00:27:12.661 : Author = paul di_Debug_OffLine
2024-11-28 00:27:12.661 : Version = 2024.0718.155524
2024-11-28 00:27:12.662 : ChangeLog = for debug/verify
2024-11-28 00:27:12.662 : Expiration = 2028-06-24
2024-11-28 00:28:42.526 : 
2024-11-28 00:28:42.527 : ================== Signature Check ====================
2024-11-28 00:28:42.528 : Author = paul di_Debug_OffLine
2024-11-28 00:28:42.528 : Version = 2024.0718.155524
2024-11-28 00:28:42.528 : ChangeLog = for debug/verify
2024-11-28 00:28:42.529 : Expiration = 2028-06-24
2024-11-28 00:30:27.194 : 
2024-11-28 00:30:27.195 : ================== Signature Check ====================
2024-11-28 00:30:27.195 : Author = paul di_Debug_OffLine
2024-11-28 00:30:27.196 : Version = 2024.0718.155524
2024-11-28 00:30:27.196 : ChangeLog = for debug/verify
2024-11-28 00:30:27.196 : Expiration = 2028-06-24
2024-11-28 00:37:31.528 : 
2024-11-28 00:37:31.528 : ================== Signature Check ====================
2024-11-28 00:37:31.529 : Author = paul di_Debug_OffLine
2024-11-28 00:37:31.529 : Version = 2024.0718.155524
2024-11-28 00:37:31.529 : ChangeLog = for debug/verify
2024-11-28 00:37:31.530 : Expiration = 2028-06-24
2024-11-28 08:26:37.223 : 
2024-11-28 08:26:37.226 : ================== Signature Check ====================
2024-11-28 08:26:37.227 : Author = paul di
2024-11-28 08:26:37.228 : Version = 2024.0718.155524
2024-11-28 08:26:37.228 : ChangeLog = Achieve_20240718_1555 x64.
2024-11-28 08:26:37.228 : Expiration = 2028-06-24
2024-11-28 08:26:37.229 : Checked Files = 1
2024-11-28 08:26:37.230 : 
2024-11-28 08:26:37.230 : ------- Compare MD5 -------
2024-11-28 08:26:37.231 : Local Root = D:\tmp\Barista_DUT_2up_dual_new_command_20241127_mes_fail_stop\
2024-11-28 08:26;37.232 : D:\tmp\Barista_DUT_2up_dual_new_command_20241127_mes_fail_stop\Caesar.exe
2024-11-28 08:26;37.234 : MD5 = bf17e9a91e2b6cf3697fc549ea251b33  Pass

2024-11-28 08:26:37.234 : seconds = 0.0039892
2024-11-28 08:26:37.235 : ------- Compare MD5 Done -------
2024-11-28 08:28:25.115 : 
2024-11-28 08:28:25.115 : ================== Signature Check ====================
2024-11-28 08:28:25.115 : Author = paul di
2024-11-28 08:28:25.116 : Version = 2024.0718.155524
2024-11-28 08:28:25.116 : ChangeLog = Achieve_20240718_1555 x64.
2024-11-28 08:28:25.116 : Expiration = 2028-06-24
2024-11-28 08:28:25.117 : Checked Files = 1
2024-11-28 08:28:25.117 : 
2024-11-28 08:28:25.117 : ------- Compare MD5 -------
2024-11-28 08:28:25.117 : Local Root = D:\tmp\Barista_DUT_2up_dual_new_command_20241127_mes_fail_stop\
2024-11-28 08:28;25.118 : D:\tmp\Barista_DUT_2up_dual_new_command_20241127_mes_fail_stop\Caesar.exe
2024-11-28 08:28;25.119 : MD5 = bf17e9a91e2b6cf3697fc549ea251b33  Pass

2024-11-28 08:28:25.314 : seconds = 0.1964784
2024-11-28 08:28:25.315 : ------- Compare MD5 Done -------
2024-11-28 08:29:20.370 : 
2024-11-28 08:29:20.370 : ================== Signature Check ====================
2024-11-28 08:29:20.371 : Author = paul di
2024-11-28 08:29:20.372 : Version = 2024.0718.155524
2024-11-28 08:29:20.372 : ChangeLog = Achieve_20240718_1555 x64.
2024-11-28 08:29:20.372 : Expiration = 2028-06-24
2024-11-28 08:29:20.373 : Checked Files = 1
2024-11-28 08:29:20.374 : 
2024-11-28 08:29:20.375 : ------- Compare MD5 -------
2024-11-28 08:29:20.375 : Local Root = D:\tmp\Barista_DUT_2up_dual_new_command_20241127_mes_fail_stop\
2024-11-28 08:29;20.376 : D:\tmp\Barista_DUT_2up_dual_new_command_20241127_mes_fail_stop\Caesar.exe
2024-11-28 08:29;20.378 : MD5 = bf17e9a91e2b6cf3697fc549ea251b33  Pass

2024-11-28 08:29:20.379 : seconds = 0.0049859
2024-11-28 08:29:20.379 : ------- Compare MD5 Done -------
2024-11-28 08:31:08.106 : 
2024-11-28 08:31:08.294 : ================== Signature Check ====================
2024-11-28 08:31:08.295 : Author = paul di
2024-11-28 08:31:08.295 : Version = 2024.0718.155524
2024-11-28 08:31:08.295 : ChangeLog = Achieve_20240718_1555 x64.
2024-11-28 08:31:08.296 : Expiration = 2028-06-24
2024-11-28 08:31:08.296 : Checked Files = 1
2024-11-28 08:31:08.296 : 
2024-11-28 08:31:08.297 : ------- Compare MD5 -------
2024-11-28 08:31:08.297 : Local Root = D:\tmp\Barista_DUT_2up_dual_new_command_20241127_mes_fail_stop\
2024-11-28 08:31;08.297 : D:\tmp\Barista_DUT_2up_dual_new_command_20241127_mes_fail_stop\Caesar.exe
2024-11-28 08:31;08.298 : MD5 = bf17e9a91e2b6cf3697fc549ea251b33  Pass

2024-11-28 08:31:08.299 : seconds = 0.0029915
2024-11-28 08:31:08.299 : ------- Compare MD5 Done -------
2024-11-28 10:05:07.992 : 
2024-11-28 10:05:07.993 : ================== Signature Check ====================
2024-11-28 10:05:07.994 : Author = paul di_Debug_OffLine
2024-11-28 10:05:07.994 : Version = 2024.0718.155524
2024-11-28 10:05:07.995 : ChangeLog = for debug/verify
2024-11-28 10:05:07.995 : Expiration = 2028-06-24
2024-11-28 10:20:40.918 : 
2024-11-28 10:20:40.919 : ================== Signature Check ====================
2024-11-28 10:20:40.920 : Author = paul di_Release_OffLine
2024-11-28 10:20:40.920 : Version = 2024.0718.155524
2024-11-28 10:20:40.920 : ChangeLog = for debug/verify
2024-11-28 10:20:40.921 : Expiration = 2028-06-24
2024-11-28 10:22:28.448 : 
2024-11-28 10:22:28.448 : ================== Signature Check ====================
2024-11-28 10:22:28.448 : Author = paul di_Release_OffLine
2024-11-28 10:22:28.449 : Version = 2024.0718.155524
2024-11-28 10:22:28.449 : ChangeLog = for debug/verify
2024-11-28 10:22:28.449 : Expiration = 2028-06-24
2024-11-28 11:10:01.494 : 
2024-11-28 11:10:01.495 : ================== Signature Check ====================
2024-11-28 11:10:01.496 : Author = paul di_Debug_OffLine
2024-11-28 11:10:01.496 : Version = 2024.0718.155524
2024-11-28 11:10:01.497 : ChangeLog = for debug/verify
2024-11-28 11:10:01.497 : Expiration = 2028-06-24
2024-11-28 11:11:48.225 : 
2024-11-28 11:11:48.226 : ================== Signature Check ====================
2024-11-28 11:11:48.227 : Author = paul di_Debug_OffLine
2024-11-28 11:11:48.227 : Version = 2024.0718.155524
2024-11-28 11:11:48.227 : ChangeLog = for debug/verify
2024-11-28 11:11:48.228 : Expiration = 2028-06-24
2024-11-28 11:12:10.347 : 
2024-11-28 11:12:10.348 : ================== Signature Check ====================
2024-11-28 11:12:10.349 : Author = paul di_Debug_OffLine
2024-11-28 11:12:10.349 : Version = 2024.0718.155524
2024-11-28 11:12:10.350 : ChangeLog = for debug/verify
2024-11-28 11:12:10.350 : Expiration = 2028-06-24
2024-11-28 11:12:26.610 : 
2024-11-28 11:12:26.611 : ================== Signature Check ====================
2024-11-28 11:12:26.612 : Author = paul di_Debug_OffLine
2024-11-28 11:12:26.613 : Version = 2024.0718.155524
2024-11-28 11:12:26.613 : ChangeLog = for debug/verify
2024-11-28 11:12:26.613 : Expiration = 2028-06-24
2024-11-28 11:16:01.951 : 
2024-11-28 11:16:01.952 : ================== Signature Check ====================
2024-11-28 11:16:01.953 : Author = paul di_Debug_OffLine
2024-11-28 11:16:01.954 : Version = 2024.0718.155524
2024-11-28 11:16:01.954 : ChangeLog = for debug/verify
2024-11-28 11:16:01.954 : Expiration = 2028-06-24
2024-11-28 11:16:51.595 : 
2024-11-28 11:16:51.596 : ================== Signature Check ====================
2024-11-28 11:16:51.597 : Author = paul di_Debug_OffLine
2024-11-28 11:16:51.598 : Version = 2024.0718.155524
2024-11-28 11:16:51.598 : ChangeLog = for debug/verify
2024-11-28 11:16:51.598 : Expiration = 2028-06-24
2024-11-28 13:13:37.693 : 
2024-11-28 13:13:37.702 : ================== Signature Check ====================
2024-11-28 13:13:37.703 : Author = paul di_Debug_OffLine
2024-11-28 13:13:37.703 : Version = 2024.0718.155524
2024-11-28 13:13:37.704 : ChangeLog = for debug/verify
2024-11-28 13:13:37.704 : Expiration = 2028-06-24
2024-11-28 13:17:28.389 : 
2024-11-28 13:17:28.389 : ================== Signature Check ====================
2024-11-28 13:17:28.390 : Author = paul di_Debug_OffLine
2024-11-28 13:17:28.390 : Version = 2024.0718.155524
2024-11-28 13:17:28.390 : ChangeLog = for debug/verify
2024-11-28 13:17:28.391 : Expiration = 2028-06-24
2024-11-28 13:26:16.249 : 
2024-11-28 13:26:16.250 : ================== Signature Check ====================
2024-11-28 13:26:16.250 : Author = paul di_Debug_OffLine
2024-11-28 13:26:16.251 : Version = 2024.0718.155524
2024-11-28 13:26:16.251 : ChangeLog = for debug/verify
2024-11-28 13:26:16.251 : Expiration = 2028-06-24
2024-11-28 13:30:25.525 : 
2024-11-28 13:30:25.525 : ================== Signature Check ====================
2024-11-28 13:30:25.526 : Author = paul di_Debug_OffLine
2024-11-28 13:30:25.526 : Version = 2024.0718.155524
2024-11-28 13:30:25.526 : ChangeLog = for debug/verify
2024-11-28 13:30:25.527 : Expiration = 2028-06-24
2024-11-28 13:34:11.313 : 
2024-11-28 13:34:11.314 : ================== Signature Check ====================
2024-11-28 13:34:11.314 : Author = paul di_Debug_OffLine
2024-11-28 13:34:11.315 : Version = 2024.0718.155524
2024-11-28 13:34:11.315 : ChangeLog = for debug/verify
2024-11-28 13:34:11.315 : Expiration = 2028-06-24
2024-11-28 13:40:40.819 : 
2024-11-28 13:40:40.819 : ================== Signature Check ====================
2024-11-28 13:40:40.820 : Author = paul di_Debug_OffLine
2024-11-28 13:40:40.821 : Version = 2024.0718.155524
2024-11-28 13:40:40.821 : ChangeLog = for debug/verify
2024-11-28 13:40:40.821 : Expiration = 2028-06-24
2024-11-28 13:42:57.268 : 
2024-11-28 13:42:57.268 : ================== Signature Check ====================
2024-11-28 13:42:57.269 : Author = paul di_Debug_OffLine
2024-11-28 13:42:57.269 : Version = 2024.0718.155524
2024-11-28 13:42:57.269 : ChangeLog = for debug/verify
2024-11-28 13:42:57.270 : Expiration = 2028-06-24
2024-11-28 14:17:57.398 : 
2024-11-28 14:17:57.399 : ================== Signature Check ====================
2024-11-28 14:17:57.400 : Author = paul di_Debug_OffLine
2024-11-28 14:17:57.400 : Version = 2024.0718.155524
2024-11-28 14:17:57.400 : ChangeLog = for debug/verify
2024-11-28 14:17:57.401 : Expiration = 2028-06-24
2024-11-28 17:42:00.609 : 
2024-11-28 17:42:00.622 : ================== Signature Check ====================
2024-11-28 17:42:00.623 : Author = paul di_Debug_OffLine
2024-11-28 17:42:00.623 : Version = 2024.0718.155524
2024-11-28 17:42:00.624 : ChangeLog = for debug/verify
2024-11-28 17:42:00.624 : Expiration = 2028-06-24
2024-11-28 17:45:19.355 : 
2024-11-28 17:45:19.356 : ================== Signature Check ====================
2024-11-28 17:45:19.356 : Author = paul di_Debug_OffLine
2024-11-28 17:45:19.356 : Version = 2024.0718.155524
2024-11-28 17:45:19.357 : ChangeLog = for debug/verify
2024-11-28 17:45:19.357 : Expiration = 2028-06-24
2024-11-28 17:51:27.302 : 
2024-11-28 17:51:27.315 : ================== Signature Check ====================
2024-11-28 17:51:27.315 : Author = paul di_Debug_OffLine
2024-11-28 17:51:27.315 : Version = 2024.0718.155524
2024-11-28 17:51:27.316 : ChangeLog = for debug/verify
2024-11-28 17:51:27.316 : Expiration = 2028-06-24
2024-11-28 19:07:11.203 : 
2024-11-28 19:07:11.204 : ================== Signature Check ====================
2024-11-28 19:07:11.205 : Author = paul di_Debug_OffLine
2024-11-28 19:07:11.205 : Version = 2024.0718.155524
2024-11-28 19:07:11.206 : ChangeLog = for debug/verify
2024-11-28 19:07:11.206 : Expiration = 2028-06-24
2024-11-28 19:15:23.679 : 
2024-11-28 19:15:23.680 : ================== Signature Check ====================
2024-11-28 19:15:23.680 : Author = paul di_Debug_OffLine
2024-11-28 19:15:23.681 : Version = 2024.0718.155524
2024-11-28 19:15:23.681 : ChangeLog = for debug/verify
2024-11-28 19:15:23.681 : Expiration = 2028-06-24
2024-11-28 19:24:55.760 : 
2024-11-28 19:24:55.760 : ================== Signature Check ====================
2024-11-28 19:24:55.761 : Author = paul di_Debug_OffLine
2024-11-28 19:24:55.761 : Version = 2024.0718.155524
2024-11-28 19:24:55.761 : ChangeLog = for debug/verify
2024-11-28 19:24:55.762 : Expiration = 2028-06-24
2024-11-28 19:35:33.315 : 
2024-11-28 19:35:33.316 : ================== Signature Check ====================
2024-11-28 19:35:33.316 : Author = paul di_Debug_OffLine
2024-11-28 19:35:33.317 : Version = 2024.0718.155524
2024-11-28 19:35:33.317 : ChangeLog = for debug/verify
2024-11-28 19:35:33.317 : Expiration = 2028-06-24
2024-11-28 19:41:11.170 : 
2024-11-28 19:41:11.171 : ================== Signature Check ====================
2024-11-28 19:41:11.171 : Author = paul di_Debug_OffLine
2024-11-28 19:41:11.171 : Version = 2024.0718.155524
2024-11-28 19:41:11.172 : ChangeLog = for debug/verify
2024-11-28 19:41:11.172 : Expiration = 2028-06-24
2024-11-28 19:48:38.095 : 
2024-11-28 19:48:38.095 : ================== Signature Check ====================
2024-11-28 19:48:38.096 : Author = paul di_Debug_OffLine
2024-11-28 19:48:38.097 : Version = 2024.0718.155524
2024-11-28 19:48:38.097 : ChangeLog = for debug/verify
2024-11-28 19:48:38.097 : Expiration = 2028-06-24
2024-11-28 21:37:51.676 : 
2024-11-28 21:37:51.688 : ================== Signature Check ====================
2024-11-28 21:37:51.688 : Author = paul di_Debug_OffLine
2024-11-28 21:37:51.689 : Version = 2024.0718.155524
2024-11-28 21:37:51.689 : ChangeLog = for debug/verify
2024-11-28 21:37:51.689 : Expiration = 2028-06-24
2024-11-28 22:06:51.680 : 
2024-11-28 22:06:51.681 : ================== Signature Check ====================
2024-11-28 22:06:51.682 : Author = paul di_Debug_OffLine
2024-11-28 22:06:51.683 : Version = 2024.0718.155524
2024-11-28 22:06:51.683 : ChangeLog = for debug/verify
2024-11-28 22:06:51.683 : Expiration = 2028-06-24
