2024-11-21 08:48:38.371 : 
2024-11-21 08:48:38.372 : ================== Signature Check ====================
2024-11-21 08:48:38.372 : Author = paul di_Debug_OffLine
2024-11-21 08:48:38.372 : Version = 2024.0718.155524
2024-11-21 08:48:38.373 : ChangeLog = for debug/verify
2024-11-21 08:48:38.373 : Expiration = 2028-06-24
2024-11-21 08:55:15.859 : 
2024-11-21 08:55:15.859 : ================== Signature Check ====================
2024-11-21 08:55:15.859 : Author = paul di_Debug_OffLine
2024-11-21 08:55:15.860 : Version = 2024.0718.155524
2024-11-21 08:55:15.860 : ChangeLog = for debug/verify
2024-11-21 08:55:15.860 : Expiration = 2028-06-24
2024-11-21 08:59:23.378 : 
2024-11-21 08:59:23.378 : ================== Signature Check ====================
2024-11-21 08:59:23.379 : Author = paul di_Debug_OffLine
2024-11-21 08:59:23.379 : Version = 2024.0718.155524
2024-11-21 08:59:23.380 : ChangeLog = for debug/verify
2024-11-21 08:59:23.380 : Expiration = 2028-06-24
2024-11-21 09:05:04.998 : 
2024-11-21 09:05:04.998 : ================== Signature Check ====================
2024-11-21 09:05:04.999 : Author = paul di_Debug_OffLine
2024-11-21 09:05:04.999 : Version = 2024.0718.155524
2024-11-21 09:05:04.999 : ChangeLog = for debug/verify
2024-11-21 09:05:04.999 : Expiration = 2028-06-24
2024-11-21 09:11:14.433 : 
2024-11-21 09:11:14.433 : ================== Signature Check ====================
2024-11-21 09:11:14.434 : Author = paul di_Debug_OffLine
2024-11-21 09:11:14.434 : Version = 2024.0718.155524
2024-11-21 09:11:14.434 : ChangeLog = for debug/verify
2024-11-21 09:11:14.434 : Expiration = 2028-06-24
2024-11-21 10:21:19.344 : 
2024-11-21 10:21:19.345 : ================== Signature Check ====================
2024-11-21 10:21:19.346 : Author = paul di_Debug_OffLine
2024-11-21 10:21:19.346 : Version = 2024.0718.155524
2024-11-21 10:21:19.346 : ChangeLog = for debug/verify
2024-11-21 10:21:19.346 : Expiration = 2028-06-24
2024-11-21 10:21:39.635 : 
2024-11-21 10:21:39.636 : ================== Signature Check ====================
2024-11-21 10:21:39.637 : Author = paul di_Debug_OffLine
2024-11-21 10:21:39.637 : Version = 2024.0718.155524
2024-11-21 10:21:39.637 : ChangeLog = for debug/verify
2024-11-21 10:21:39.637 : Expiration = 2028-06-24
2024-11-21 10:48:33.679 : 
2024-11-21 10:48:33.680 : ================== Signature Check ====================
2024-11-21 10:48:33.681 : Author = paul di_Debug_OffLine
2024-11-21 10:48:33.681 : Version = 2024.0718.155524
2024-11-21 10:48:33.681 : ChangeLog = for debug/verify
2024-11-21 10:48:33.681 : Expiration = 2028-06-24
2024-11-21 10:49:37.113 : 
2024-11-21 10:49:37.114 : ================== Signature Check ====================
2024-11-21 10:49:37.115 : Author = paul di_Debug_OffLine
2024-11-21 10:49:37.115 : Version = 2024.0718.155524
2024-11-21 10:49:37.115 : ChangeLog = for debug/verify
2024-11-21 10:49:37.115 : Expiration = 2028-06-24
2024-11-21 10:50:03.441 : 
2024-11-21 10:50:03.442 : ================== Signature Check ====================
2024-11-21 10:50:03.443 : Author = paul di_Debug_OffLine
2024-11-21 10:50:03.443 : Version = 2024.0718.155524
2024-11-21 10:50:03.443 : ChangeLog = for debug/verify
2024-11-21 10:50:03.443 : Expiration = 2028-06-24
2024-11-21 10:51:51.121 : 
2024-11-21 10:51:51.121 : ================== Signature Check ====================
2024-11-21 10:51:51.122 : Author = paul di_Debug_OffLine
2024-11-21 10:51:51.122 : Version = 2024.0718.155524
2024-11-21 10:51:51.122 : ChangeLog = for debug/verify
2024-11-21 10:51:51.122 : Expiration = 2028-06-24
2024-11-21 11:39:20.632 : 
2024-11-21 11:39:20.633 : ================== Signature Check ====================
2024-11-21 11:39:20.633 : Author = paul di_Debug_OffLine
2024-11-21 11:39:20.633 : Version = 2024.0718.155524
2024-11-21 11:39:20.634 : ChangeLog = for debug/verify
2024-11-21 11:39:20.634 : Expiration = 2028-06-24
2024-11-21 11:51:27.379 : 
2024-11-21 11:51:27.380 : ================== Signature Check ====================
2024-11-21 11:51:27.380 : Author = paul di_Debug_OffLine
2024-11-21 11:51:27.381 : Version = 2024.0718.155524
2024-11-21 11:51:27.381 : ChangeLog = for debug/verify
2024-11-21 11:51:27.381 : Expiration = 2028-06-24
2024-11-21 11:52:18.468 : 
2024-11-21 11:52:18.469 : ================== Signature Check ====================
2024-11-21 11:52:18.470 : Author = paul di_Debug_OffLine
2024-11-21 11:52:18.470 : Version = 2024.0718.155524
2024-11-21 11:52:18.470 : ChangeLog = for debug/verify
2024-11-21 11:52:18.471 : Expiration = 2028-06-24
2024-11-21 13:56:49.248 : 
2024-11-21 13:56:49.249 : ================== Signature Check ====================
2024-11-21 13:56:49.250 : Author = paul di_Debug_OffLine
2024-11-21 13:56:49.250 : Version = 2024.0718.155524
2024-11-21 13:56:49.250 : ChangeLog = for debug/verify
2024-11-21 13:56:49.251 : Expiration = 2028-06-24
2024-11-21 14:07:03.308 : 
2024-11-21 14:07:03.308 : ================== Signature Check ====================
2024-11-21 14:07:03.309 : Author = paul di_Debug_OffLine
2024-11-21 14:07:03.309 : Version = 2024.0718.155524
2024-11-21 14:07:03.309 : ChangeLog = for debug/verify
2024-11-21 14:07:03.309 : Expiration = 2028-06-24
2024-11-21 14:18:45.559 : 
2024-11-21 14:18:45.560 : ================== Signature Check ====================
2024-11-21 14:18:45.560 : Author = paul di_Debug_OffLine
2024-11-21 14:18:45.569 : Version = 2024.0718.155524
2024-11-21 14:18:45.569 : ChangeLog = for debug/verify
2024-11-21 14:18:45.569 : Expiration = 2028-06-24
2024-11-21 14:26:15.165 : 
2024-11-21 14:26:15.166 : ================== Signature Check ====================
2024-11-21 14:26:15.166 : Author = paul di_Debug_OffLine
2024-11-21 14:26:15.166 : Version = 2024.0718.155524
2024-11-21 14:26:15.171 : ChangeLog = for debug/verify
2024-11-21 14:26:15.171 : Expiration = 2028-06-24
2024-11-21 14:33:53.758 : 
2024-11-21 14:33:53.759 : ================== Signature Check ====================
2024-11-21 14:33:53.760 : Author = paul di_Debug_OffLine
2024-11-21 14:33:53.760 : Version = 2024.0718.155524
2024-11-21 14:33:53.760 : ChangeLog = for debug/verify
2024-11-21 14:33:53.760 : Expiration = 2028-06-24
2024-11-21 15:36:49.143 : 
2024-11-21 15:36:49.144 : ================== Signature Check ====================
2024-11-21 15:36:49.144 : Author = paul di_Debug_OffLine
2024-11-21 15:36:49.144 : Version = 2024.0718.155524
2024-11-21 15:36:49.144 : ChangeLog = for debug/verify
2024-11-21 15:36:49.145 : Expiration = 2028-06-24
2024-11-21 15:41:33.267 : 
2024-11-21 15:41:33.267 : ================== Signature Check ====================
2024-11-21 15:41:33.267 : Author = paul di_Debug_OffLine
2024-11-21 15:41:33.268 : Version = 2024.0718.155524
2024-11-21 15:41:33.268 : ChangeLog = for debug/verify
2024-11-21 15:41:33.268 : Expiration = 2028-06-24
2024-11-21 15:50:38.243 : 
2024-11-21 15:50:38.244 : ================== Signature Check ====================
2024-11-21 15:50:38.244 : Author = paul di_Debug_OffLine
2024-11-21 15:50:38.252 : Version = 2024.0718.155524
2024-11-21 15:50:38.252 : ChangeLog = for debug/verify
2024-11-21 15:50:38.252 : Expiration = 2028-06-24
2024-11-21 16:27:04.267 : 
2024-11-21 16:27:04.267 : ================== Signature Check ====================
2024-11-21 16:27:04.268 : Author = paul di_Debug_OffLine
2024-11-21 16:27:04.268 : Version = 2024.0718.155524
2024-11-21 16:27:04.268 : ChangeLog = for debug/verify
2024-11-21 16:27:04.268 : Expiration = 2028-06-24
2024-11-21 17:33:16.447 : 
2024-11-21 17:33:16.448 : ================== Signature Check ====================
2024-11-21 17:33:16.448 : Author = paul di_Debug_OffLine
2024-11-21 17:33:16.458 : Version = 2024.0718.155524
2024-11-21 17:33:16.458 : ChangeLog = for debug/verify
2024-11-21 17:33:16.458 : Expiration = 2028-06-24
2024-11-21 17:45:43.958 : 
2024-11-21 17:45:43.959 : ================== Signature Check ====================
2024-11-21 17:45:43.960 : Author = paul di_Debug_OffLine
2024-11-21 17:45:43.968 : Version = 2024.0718.155524
2024-11-21 17:45:43.969 : ChangeLog = for debug/verify
2024-11-21 17:45:43.969 : Expiration = 2028-06-24
2024-11-21 17:48:24.265 : 
2024-11-21 17:48:24.266 : ================== Signature Check ====================
2024-11-21 17:48:24.267 : Author = paul di_Debug_OffLine
2024-11-21 17:48:24.267 : Version = 2024.0718.155524
2024-11-21 17:48:24.277 : ChangeLog = for debug/verify
2024-11-21 17:48:24.277 : Expiration = 2028-06-24
2024-11-21 17:52:40.208 : 
2024-11-21 17:52:40.209 : ================== Signature Check ====================
2024-11-21 17:52:40.210 : Author = paul di_Debug_OffLine
2024-11-21 17:52:40.222 : Version = 2024.0718.155524
2024-11-21 17:52:40.222 : ChangeLog = for debug/verify
2024-11-21 17:52:40.222 : Expiration = 2028-06-24
2024-11-21 19:23:24.208 : 
2024-11-21 19:23:24.208 : ================== Signature Check ====================
2024-11-21 19:23:24.208 : Author = paul di_Debug_OffLine
2024-11-21 19:23:24.208 : Version = 2024.0718.155524
2024-11-21 19:23:24.209 : ChangeLog = for debug/verify
2024-11-21 19:23:24.209 : Expiration = 2028-06-24
2024-11-21 19:24:40.454 : 
2024-11-21 19:24:40.454 : ================== Signature Check ====================
2024-11-21 19:24:40.455 : Author = paul di_Debug_OffLine
2024-11-21 19:24:40.455 : Version = 2024.0718.155524
2024-11-21 19:24:40.455 : ChangeLog = for debug/verify
2024-11-21 19:24:40.456 : Expiration = 2028-06-24
2024-11-21 19:29:11.131 : 
2024-11-21 19:29:11.131 : ================== Signature Check ====================
2024-11-21 19:29:11.131 : Author = paul di_Debug_OffLine
2024-11-21 19:29:11.131 : Version = 2024.0718.155524
2024-11-21 19:29:11.132 : ChangeLog = for debug/verify
2024-11-21 19:29:11.132 : Expiration = 2028-06-24
2024-11-21 19:32:35.799 : 
2024-11-21 19:32:35.800 : ================== Signature Check ====================
2024-11-21 19:32:35.800 : Author = paul di_Debug_OffLine
2024-11-21 19:32:35.800 : Version = 2024.0718.155524
2024-11-21 19:32:35.801 : ChangeLog = for debug/verify
2024-11-21 19:32:35.801 : Expiration = 2028-06-24
2024-11-21 19:37:42.463 : 
2024-11-21 19:37:42.464 : ================== Signature Check ====================
2024-11-21 19:37:42.464 : Author = paul di_Debug_OffLine
2024-11-21 19:37:42.464 : Version = 2024.0718.155524
2024-11-21 19:37:42.465 : ChangeLog = for debug/verify
2024-11-21 19:37:42.465 : Expiration = 2028-06-24
2024-11-21 19:39:38.450 : 
2024-11-21 19:39:38.450 : ================== Signature Check ====================
2024-11-21 19:39:38.451 : Author = paul di_Debug_OffLine
2024-11-21 19:39:38.451 : Version = 2024.0718.155524
2024-11-21 19:39:38.451 : ChangeLog = for debug/verify
2024-11-21 19:39:38.452 : Expiration = 2028-06-24
2024-11-21 19:41:29.539 : 
2024-11-21 19:41:29.539 : ================== Signature Check ====================
2024-11-21 19:41:29.539 : Author = paul di_Debug_OffLine
2024-11-21 19:41:29.540 : Version = 2024.0718.155524
2024-11-21 19:41:29.540 : ChangeLog = for debug/verify
2024-11-21 19:41:29.540 : Expiration = 2028-06-24
2024-11-21 20:42:17.019 : 
2024-11-21 20:42:17.020 : ================== Signature Check ====================
2024-11-21 20:42:17.020 : Author = paul di_Debug_OffLine
2024-11-21 20:42:17.021 : Version = 2024.0718.155524
2024-11-21 20:42:17.021 : ChangeLog = for debug/verify
2024-11-21 20:42:17.021 : Expiration = 2028-06-24
2024-11-21 21:34:31.953 : 
2024-11-21 21:34:31.962 : ================== Signature Check ====================
2024-11-21 21:34:31.963 : Author = paul di_Debug_OffLine
2024-11-21 21:34:31.963 : Version = 2024.0718.155524
2024-11-21 21:34:31.963 : ChangeLog = for debug/verify
2024-11-21 21:34:31.963 : Expiration = 2028-06-24
2024-11-21 21:42:29.485 : 
2024-11-21 21:42:29.485 : ================== Signature Check ====================
2024-11-21 21:42:29.486 : Author = paul di_Debug_OffLine
2024-11-21 21:42:29.498 : Version = 2024.0718.155524
2024-11-21 21:42:29.498 : ChangeLog = for debug/verify
2024-11-21 21:42:29.498 : Expiration = 2028-06-24
2024-11-21 21:50:57.217 : 
2024-11-21 21:50:57.217 : ================== Signature Check ====================
2024-11-21 21:50:57.218 : Author = paul di_Debug_OffLine
2024-11-21 21:50:57.218 : Version = 2024.0718.155524
2024-11-21 21:50:57.218 : ChangeLog = for debug/verify
2024-11-21 21:50:57.218 : Expiration = 2028-06-24
2024-11-21 22:01:36.487 : 
2024-11-21 22:01:36.488 : ================== Signature Check ====================
2024-11-21 22:01:36.488 : Author = paul di_Debug_OffLine
2024-11-21 22:01:36.488 : Version = 2024.0718.155524
2024-11-21 22:01:36.488 : ChangeLog = for debug/verify
2024-11-21 22:01:36.488 : Expiration = 2028-06-24
2024-11-21 22:21:40.651 : 
2024-11-21 22:21:40.652 : ================== Signature Check ====================
2024-11-21 22:21:40.652 : Author = paul di_Debug_OffLine
2024-11-21 22:21:40.673 : Version = 2024.0718.155524
2024-11-21 22:21:40.674 : ChangeLog = for debug/verify
2024-11-21 22:21:40.674 : Expiration = 2028-06-24
2024-11-21 22:25:04.191 : 
2024-11-21 22:25:04.192 : ================== Signature Check ====================
2024-11-21 22:25:04.213 : Author = paul di_Debug_OffLine
2024-11-21 22:25:04.213 : Version = 2024.0718.155524
2024-11-21 22:25:04.213 : ChangeLog = for debug/verify
2024-11-21 22:25:04.214 : Expiration = 2028-06-24
2024-11-21 22:27:40.313 : 
2024-11-21 22:27:40.313 : ================== Signature Check ====================
2024-11-21 22:27:40.314 : Author = paul di_Debug_OffLine
2024-11-21 22:27:40.330 : Version = 2024.0718.155524
2024-11-21 22:27:40.330 : ChangeLog = for debug/verify
2024-11-21 22:27:40.330 : Expiration = 2028-06-24
2024-11-21 22:30:36.860 : 
2024-11-21 22:30:36.860 : ================== Signature Check ====================
2024-11-21 22:30:36.861 : Author = paul di_Debug_OffLine
2024-11-21 22:30:36.861 : Version = 2024.0718.155524
2024-11-21 22:30:36.861 : ChangeLog = for debug/verify
2024-11-21 22:30:36.861 : Expiration = 2028-06-24
2024-11-21 22:32:24.558 : 
2024-11-21 22:32:24.559 : ================== Signature Check ====================
2024-11-21 22:32:24.559 : Author = paul di_Debug_OffLine
2024-11-21 22:32:24.560 : Version = 2024.0718.155524
2024-11-21 22:32:24.560 : ChangeLog = for debug/verify
2024-11-21 22:32:24.560 : Expiration = 2028-06-24
2024-11-21 22:36:51.474 : 
2024-11-21 22:36:51.474 : ================== Signature Check ====================
2024-11-21 22:36:51.475 : Author = paul di_Debug_OffLine
2024-11-21 22:36:51.475 : Version = 2024.0718.155524
2024-11-21 22:36:51.475 : ChangeLog = for debug/verify
2024-11-21 22:36:51.476 : Expiration = 2028-06-24
2024-11-21 22:48:18.136 : 
2024-11-21 22:48:18.136 : ================== Signature Check ====================
2024-11-21 22:48:18.137 : Author = paul di_Debug_OffLine
2024-11-21 22:48:18.138 : Version = 2024.0718.155524
2024-11-21 22:48:18.138 : ChangeLog = for debug/verify
2024-11-21 22:48:18.138 : Expiration = 2028-06-24
2024-11-21 22:55:52.623 : 
2024-11-21 22:55:52.623 : ================== Signature Check ====================
2024-11-21 22:55:52.624 : Author = paul di_Debug_OffLine
2024-11-21 22:55:52.624 : Version = 2024.0718.155524
2024-11-21 22:55:52.624 : ChangeLog = for debug/verify
2024-11-21 22:55:52.624 : Expiration = 2028-06-24
2024-11-21 23:04:31.750 : 
2024-11-21 23:04:31.750 : ================== Signature Check ====================
2024-11-21 23:04:31.751 : Author = paul di_Debug_OffLine
2024-11-21 23:04:31.751 : Version = 2024.0718.155524
2024-11-21 23:04:31.751 : ChangeLog = for debug/verify
2024-11-21 23:04:31.752 : Expiration = 2028-06-24
2024-11-21 23:14:11.208 : 
2024-11-21 23:14:11.209 : ================== Signature Check ====================
2024-11-21 23:14:11.209 : Author = paul di_Debug_OffLine
2024-11-21 23:14:11.209 : Version = 2024.0718.155524
2024-11-21 23:14:11.210 : ChangeLog = for debug/verify
2024-11-21 23:14:11.210 : Expiration = 2028-06-24
2024-11-21 23:20:05.305 : 
2024-11-21 23:20:05.305 : ================== Signature Check ====================
2024-11-21 23:20:05.306 : Author = paul di_Debug_OffLine
2024-11-21 23:20:05.306 : Version = 2024.0718.155524
2024-11-21 23:20:05.306 : ChangeLog = for debug/verify
2024-11-21 23:20:05.306 : Expiration = 2028-06-24
