2024-10-21 14:52:44.831 : 
2024-10-21 14:52:44.838 : ================== Signature Check ====================
2024-10-21 14:52:44.838 : Author = paul di_Debug_OffLine
2024-10-21 14:52:44.839 : Version = 2024.0718.155524
2024-10-21 14:52:44.839 : ChangeLog = for debug/verify
2024-10-21 14:52:44.839 : Expiration = 2028-06-24
2024-10-21 15:07:02.402 : 
2024-10-21 15:07:02.403 : ================== Signature Check ====================
2024-10-21 15:07:02.403 : Author = paul di_Debug_OffLine
2024-10-21 15:07:02.403 : Version = 2024.0718.155524
2024-10-21 15:07:02.403 : ChangeLog = for debug/verify
2024-10-21 15:07:02.403 : Expiration = 2028-06-24
2024-10-21 15:08:33.907 : 
2024-10-21 15:08:33.908 : ================== Signature Check ====================
2024-10-21 15:08:33.909 : Author = paul di_Debug_OffLine
2024-10-21 15:08:33.909 : Version = 2024.0718.155524
2024-10-21 15:08:33.909 : ChangeLog = for debug/verify
2024-10-21 15:08:33.909 : Expiration = 2028-06-24
2024-10-21 15:12:16.529 : 
2024-10-21 15:12:16.529 : ================== Signature Check ====================
2024-10-21 15:12:16.529 : Author = paul di_Debug_OffLine
2024-10-21 15:12:16.529 : Version = 2024.0718.155524
2024-10-21 15:12:16.529 : ChangeLog = for debug/verify
2024-10-21 15:12:16.530 : Expiration = 2028-06-24
2024-10-21 15:13:04.116 : 
2024-10-21 15:13:04.116 : ================== Signature Check ====================
2024-10-21 15:13:04.117 : Author = paul di_Debug_OffLine
2024-10-21 15:13:04.117 : Version = 2024.0718.155524
2024-10-21 15:13:04.117 : ChangeLog = for debug/verify
2024-10-21 15:13:04.118 : Expiration = 2028-06-24
2024-10-21 15:14:22.582 : 
2024-10-21 15:14:22.583 : ================== Signature Check ====================
2024-10-21 15:14:22.584 : Author = paul di_Debug_OffLine
2024-10-21 15:14:22.584 : Version = 2024.0718.155524
2024-10-21 15:14:22.585 : ChangeLog = for debug/verify
2024-10-21 15:14:22.585 : Expiration = 2028-06-24
2024-10-21 15:15:50.182 : 
2024-10-21 15:15:50.183 : ================== Signature Check ====================
2024-10-21 15:15:50.183 : Author = paul di_Debug_OffLine
2024-10-21 15:15:50.183 : Version = 2024.0718.155524
2024-10-21 15:15:50.184 : ChangeLog = for debug/verify
2024-10-21 15:15:50.184 : Expiration = 2028-06-24
2024-10-21 15:18:23.353 : 
2024-10-21 15:18:23.353 : ================== Signature Check ====================
2024-10-21 15:18:23.354 : Author = paul di_Debug_OffLine
2024-10-21 15:18:23.354 : Version = 2024.0718.155524
2024-10-21 15:18:23.354 : ChangeLog = for debug/verify
2024-10-21 15:18:23.354 : Expiration = 2028-06-24
2024-10-21 15:26:28.756 : 
2024-10-21 15:26:28.768 : ================== Signature Check ====================
2024-10-21 15:26:28.769 : Author = paul di_Debug_OffLine
2024-10-21 15:26:28.770 : Version = 2024.0718.155524
2024-10-21 15:26:28.770 : ChangeLog = for debug/verify
2024-10-21 15:26:28.770 : Expiration = 2028-06-24
2024-10-21 15:28:22.670 : 
2024-10-21 15:28:22.675 : ================== Signature Check ====================
2024-10-21 15:28:22.676 : Author = paul di_Debug_OffLine
2024-10-21 15:28:22.676 : Version = 2024.0718.155524
2024-10-21 15:28:22.676 : ChangeLog = for debug/verify
2024-10-21 15:28:22.676 : Expiration = 2028-06-24
2024-10-21 16:20:37.506 : 
2024-10-21 16:20:37.519 : ================== Signature Check ====================
2024-10-21 16:20:37.520 : Author = paul di_Debug_OffLine
2024-10-21 16:20:37.521 : Version = 2024.0718.155524
2024-10-21 16:20:37.521 : ChangeLog = for debug/verify
2024-10-21 16:20:37.521 : Expiration = 2028-06-24
2024-10-21 16:21:08.181 : 
2024-10-21 16:21:08.182 : ================== Signature Check ====================
2024-10-21 16:21:08.183 : Author = paul di_Debug_OffLine
2024-10-21 16:21:08.183 : Version = 2024.0718.155524
2024-10-21 16:21:08.184 : ChangeLog = for debug/verify
2024-10-21 16:21:08.184 : Expiration = 2028-06-24
2024-10-21 16:22:07.355 : 
2024-10-21 16:22:07.357 : ================== Signature Check ====================
2024-10-21 16:22:07.359 : Author = paul di_Debug_OffLine
2024-10-21 16:22:07.368 : Version = 2024.0718.155524
2024-10-21 16:22:07.369 : ChangeLog = for debug/verify
2024-10-21 16:22:07.369 : Expiration = 2028-06-24
2024-10-21 16:23:31.517 : 
2024-10-21 16:23:31.518 : ================== Signature Check ====================
2024-10-21 16:23:31.520 : Author = paul di_Debug_OffLine
2024-10-21 16:23:31.520 : Version = 2024.0718.155524
2024-10-21 16:23:31.521 : ChangeLog = for debug/verify
2024-10-21 16:23:31.521 : Expiration = 2028-06-24
2024-10-21 17:36:56.122 : 
2024-10-21 17:36:56.141 : ================== Signature Check ====================
2024-10-21 17:36:56.142 : Author = paul di_Debug_OffLine
2024-10-21 17:36:56.151 : Version = 2024.0718.155524
2024-10-21 17:36:56.152 : ChangeLog = for debug/verify
2024-10-21 17:36:56.152 : Expiration = 2028-06-24
2024-10-21 17:40:30.322 : 
2024-10-21 17:40:30.322 : ================== Signature Check ====================
2024-10-21 17:40:30.324 : Author = paul di_Debug_OffLine
2024-10-21 17:40:30.333 : Version = 2024.0718.155524
2024-10-21 17:40:30.334 : ChangeLog = for debug/verify
2024-10-21 17:40:30.334 : Expiration = 2028-06-24
2024-10-21 18:01:03.633 : 
2024-10-21 18:01:03.655 : ================== Signature Check ====================
2024-10-21 18:01:03.656 : Author = paul di_Debug_OffLine
2024-10-21 18:01:03.665 : Version = 2024.0718.155524
2024-10-21 18:01:03.665 : ChangeLog = for debug/verify
2024-10-21 18:01:03.665 : Expiration = 2028-06-24
2024-10-21 18:24:34.135 : 
2024-10-21 18:24:34.135 : ================== Signature Check ====================
2024-10-21 18:24:34.136 : Author = paul di_Debug_OffLine
2024-10-21 18:24:34.145 : Version = 2024.0718.155524
2024-10-21 18:24:34.145 : ChangeLog = for debug/verify
2024-10-21 18:24:34.145 : Expiration = 2028-06-24
