2024-11-06 08:52:05.528 : 
2024-11-06 08:52:05.532 : ================== Signature Check ====================
2024-11-06 08:52:05.537 : Author = paul di_Debug_OffLine
2024-11-06 08:52:05.539 : Version = 2024.0718.155524
2024-11-06 08:52:05.541 : ChangeLog = for debug/verify
2024-11-06 08:52:05.543 : Expiration = 2028-06-24
2024-11-06 08:52:35.924 : 
2024-11-06 08:52:35.927 : ================== Signature Check ====================
2024-11-06 08:52:35.931 : Author = paul di_Debug_OffLine
2024-11-06 08:52:35.933 : Version = 2024.0718.155524
2024-11-06 08:52:35.935 : ChangeLog = for debug/verify
2024-11-06 08:52:35.937 : Expiration = 2028-06-24
2024-11-06 09:19:36.741 : 
2024-11-06 09:19:36.743 : ================== Signature Check ====================
2024-11-06 09:19:36.744 : Author = paul di_Debug_OffLine
2024-11-06 09:19:36.745 : Version = 2024.0718.155524
2024-11-06 09:19:36.746 : ChangeLog = for debug/verify
2024-11-06 09:19:36.747 : Expiration = 2028-06-24
2024-11-06 21:12:39.445 : 
2024-11-06 21:12:39.461 : ================== Signature Check ====================
2024-11-06 21:12:39.462 : Author = paul di_Release_OffLine
2024-11-06 21:12:39.463 : Version = 2024.0718.155524
2024-11-06 21:12:39.464 : ChangeLog = for debug/verify
2024-11-06 21:12:39.464 : Expiration = 2028-06-24
2024-11-06 21:13:48.860 : 
2024-11-06 21:13:48.861 : ================== Signature Check ====================
2024-11-06 21:13:48.863 : Author = paul di_Release_OffLine
2024-11-06 21:13:48.863 : Version = 2024.0718.155524
2024-11-06 21:13:48.865 : ChangeLog = for debug/verify
2024-11-06 21:13:48.865 : Expiration = 2028-06-24
2024-11-06 21:14:30.389 : 
2024-11-06 21:14:30.391 : ================== Signature Check ====================
2024-11-06 21:14:30.394 : Author = paul di
2024-11-06 21:14:30.394 : Version = 2024.0718.155524
2024-11-06 21:14:30.395 : ChangeLog = Achieve_20240718_1555 x64.
2024-11-06 21:14:30.396 : Expiration = 2028-06-24
2024-11-06 21:14:30.397 : Checked Files = 1
2024-11-06 21:14:30.398 : 
2024-11-06 21:14:30.399 : ------- Compare MD5 -------
2024-11-06 21:14:30.399 : Local Root = D:\CYG\Button\barista_button\Caesar_Demo_202400724_1752_Example_password_is_meta\
2024-11-06 21:14;30.401 : D:\CYG\Button\barista_button\Caesar_Demo_202400724_1752_Example_password_is_meta\Caesar.exe
2024-11-06 21:14;30.403 : MD5 = bf17e9a91e2b6cf3697fc549ea251b33  Pass

2024-11-06 21:14:30.404 : seconds = 0.0059998
2024-11-06 21:14:30.405 : ------- Compare MD5 Done -------
2024-11-06 21:15:20.989 : 
2024-11-06 21:15:20.991 : ================== Signature Check ====================
2024-11-06 21:15:20.992 : Author = paul di_Release_OffLine
2024-11-06 21:15:20.993 : Version = 2024.0718.155524
2024-11-06 21:15:20.993 : ChangeLog = for debug/verify
2024-11-06 21:15:20.994 : Expiration = 2028-06-24
2024-11-06 21:17:40.839 : 
2024-11-06 21:17:40.842 : ================== Signature Check ====================
2024-11-06 21:17:40.845 : Author = paul di_Debug_OffLine
2024-11-06 21:17:40.847 : Version = 2024.0718.155524
2024-11-06 21:17:40.849 : ChangeLog = for debug/verify
2024-11-06 21:17:40.850 : Expiration = 2028-06-24
2024-11-06 22:03:18.744 : 
2024-11-06 22:03:18.761 : ================== Signature Check ====================
2024-11-06 22:03:18.763 : Author = paul di_Debug_OffLine
2024-11-06 22:03:18.764 : Version = 2024.0718.155524
2024-11-06 22:03:18.765 : ChangeLog = for debug/verify
2024-11-06 22:03:18.766 : Expiration = 2028-06-24
2024-11-06 22:31:42.408 : 
2024-11-06 22:31:42.409 : ================== Signature Check ====================
2024-11-06 22:31:42.411 : Author = paul di_Debug_OffLine
2024-11-06 22:31:42.412 : Version = 2024.0718.155524
2024-11-06 22:31:42.412 : ChangeLog = for debug/verify
2024-11-06 22:31:42.413 : Expiration = 2028-06-24
2024-11-06 22:53:49.173 : 
2024-11-06 22:53:49.174 : ================== Signature Check ====================
2024-11-06 22:53:49.176 : Author = paul di_Debug_OffLine
2024-11-06 22:53:49.176 : Version = 2024.0718.155524
2024-11-06 22:53:49.177 : ChangeLog = for debug/verify
2024-11-06 22:53:49.178 : Expiration = 2028-06-24
2024-11-06 23:10:06.469 : 
2024-11-06 23:10:06.471 : ================== Signature Check ====================
2024-11-06 23:10:06.471 : Author = paul di_Debug_OffLine
2024-11-06 23:10:06.472 : Version = 2024.0718.155524
2024-11-06 23:10:06.474 : ChangeLog = for debug/verify
2024-11-06 23:10:06.474 : Expiration = 2028-06-24
2024-11-06 23:21:11.232 : 
2024-11-06 23:21:11.235 : ================== Signature Check ====================
2024-11-06 23:21:11.236 : Author = paul di_Debug_OffLine
2024-11-06 23:21:11.238 : Version = 2024.0718.155524
2024-11-06 23:21:11.239 : ChangeLog = for debug/verify
2024-11-06 23:21:11.239 : Expiration = 2028-06-24
2024-11-06 23:22:52.072 : 
2024-11-06 23:22:52.074 : ================== Signature Check ====================
2024-11-06 23:22:52.075 : Author = paul di_Debug_OffLine
2024-11-06 23:22:52.076 : Version = 2024.0718.155524
2024-11-06 23:22:52.077 : ChangeLog = for debug/verify
2024-11-06 23:22:52.078 : Expiration = 2028-06-24
2024-11-06 23:26:47.243 : 
2024-11-06 23:26:47.245 : ================== Signature Check ====================
2024-11-06 23:26:47.247 : Author = paul di_Debug_OffLine
2024-11-06 23:26:47.248 : Version = 2024.0718.155524
2024-11-06 23:26:47.248 : ChangeLog = for debug/verify
2024-11-06 23:26:47.250 : Expiration = 2028-06-24
2024-11-06 23:34:08.650 : 
2024-11-06 23:34:08.651 : ================== Signature Check ====================
2024-11-06 23:34:08.654 : Author = paul di_Debug_OffLine
2024-11-06 23:34:08.655 : Version = 2024.0718.155524
2024-11-06 23:34:08.656 : ChangeLog = for debug/verify
2024-11-06 23:34:08.656 : Expiration = 2028-06-24
2024-11-06 23:38:31.526 : 
2024-11-06 23:38:31.539 : ================== Signature Check ====================
2024-11-06 23:38:31.540 : Author = paul di_Debug_OffLine
2024-11-06 23:38:31.541 : Version = 2024.0718.155524
2024-11-06 23:38:31.541 : ChangeLog = for debug/verify
2024-11-06 23:38:31.542 : Expiration = 2028-06-24
2024-11-06 23:41:34.259 : 
2024-11-06 23:41:34.260 : ================== Signature Check ====================
2024-11-06 23:41:34.261 : Author = paul di_Debug_OffLine
2024-11-06 23:41:34.263 : Version = 2024.0718.155524
2024-11-06 23:41:34.263 : ChangeLog = for debug/verify
2024-11-06 23:41:34.264 : Expiration = 2028-06-24
2024-11-06 23:47:06.693 : 
2024-11-06 23:47:06.695 : ================== Signature Check ====================
2024-11-06 23:47:06.698 : Author = paul di_Debug_OffLine
2024-11-06 23:47:06.699 : Version = 2024.0718.155524
2024-11-06 23:47:06.700 : ChangeLog = for debug/verify
2024-11-06 23:47:06.702 : Expiration = 2028-06-24
2024-11-06 23:50:13.540 : 
2024-11-06 23:50:13.542 : ================== Signature Check ====================
2024-11-06 23:50:13.544 : Author = paul di_Debug_OffLine
2024-11-06 23:50:13.545 : Version = 2024.0718.155524
2024-11-06 23:50:13.546 : ChangeLog = for debug/verify
2024-11-06 23:50:13.546 : Expiration = 2028-06-24
2024-11-06 23:50:52.114 : 
2024-11-06 23:50:52.116 : ================== Signature Check ====================
2024-11-06 23:50:52.117 : Author = paul di_Debug_OffLine
2024-11-06 23:50:52.118 : Version = 2024.0718.155524
2024-11-06 23:50:52.118 : ChangeLog = for debug/verify
2024-11-06 23:50:52.119 : Expiration = 2028-06-24
