2024-09-10 07:41:46.634 : 
2024-09-10 07:41:46.637 : ================== Signature Check ====================
2024-09-10 07:41:46.638 : Author = paul di
2024-09-10 07:41:46.639 : Version = 2024.0718.155524
2024-09-10 07:41:46.639 : ChangeLog = Achieve_20240718_1555 x64.
2024-09-10 07:41:46.640 : Expiration = 2028-06-24
2024-09-10 07:41:46.640 : Checked Files = 1
2024-09-10 07:41:46.641 : 
2024-09-10 07:41:46.642 : ------- Compare MD5 -------
2024-09-10 07:41:46.642 : Local Root = D:\CYG\SW_Platform\Caesar\Caesar_Demo_202400724_1752_Example_password_is_meta\
2024-09-10 07:41;46.644 : D:\CYG\SW_Platform\Caesar\Caesar_Demo_202400724_1752_Example_password_is_meta\Caesar.exe
2024-09-10 07:41;46.646 : MD5 = bf17e9a91e2b6cf3697fc549ea251b33  Pass

2024-09-10 07:41:46.647 : seconds = 0.0060782
2024-09-10 07:41:46.648 : ------- Compare MD5 Done -------
2024-09-10 07:42:17.946 : 
2024-09-10 07:42:17.948 : ================== Signature Check ====================
2024-09-10 07:42:17.949 : Author = paul di_Debug_OffLine
2024-09-10 07:42:17.950 : Version = 2024.0718.155524
2024-09-10 07:42:17.950 : ChangeLog = for debug/verify
2024-09-10 07:42:17.951 : Expiration = 2028-06-24
2024-09-10 07:43:03.868 : 
2024-09-10 07:43:03.869 : ================== Signature Check ====================
2024-09-10 07:43:03.870 : Author = paul di_Debug_OffLine
2024-09-10 07:43:03.871 : Version = 2024.0718.155524
2024-09-10 07:43:03.871 : ChangeLog = for debug/verify
2024-09-10 07:43:03.873 : Expiration = 2028-06-24
2024-09-10 14:51:38.404 : 
2024-09-10 14:51:38.405 : ================== Signature Check ====================
2024-09-10 14:51:38.406 : Author = paul di_Debug_OffLine
2024-09-10 14:51:38.406 : Version = 2024.0718.155524
2024-09-10 14:51:38.408 : ChangeLog = for debug/verify
2024-09-10 14:51:38.408 : Expiration = 2028-06-24
2024-09-10 14:56:31.431 : 
2024-09-10 14:56:31.432 : ================== Signature Check ====================
2024-09-10 14:56:31.433 : Author = paul di_Debug_OffLine
2024-09-10 14:56:31.434 : Version = 2024.0718.155524
2024-09-10 14:56:31.434 : ChangeLog = for debug/verify
2024-09-10 14:56:31.434 : Expiration = 2028-06-24
2024-09-10 14:59:07.202 : 
2024-09-10 14:59:07.204 : ================== Signature Check ====================
2024-09-10 14:59:07.207 : Author = paul di_Debug_OffLine
2024-09-10 14:59:07.207 : Version = 2024.0718.155524
2024-09-10 14:59:07.208 : ChangeLog = for debug/verify
2024-09-10 14:59:07.209 : Expiration = 2028-06-24
2024-09-10 15:01:33.666 : 
2024-09-10 15:01:33.667 : ================== Signature Check ====================
2024-09-10 15:01:33.669 : Author = paul di_Debug_OffLine
2024-09-10 15:01:33.669 : Version = 2024.0718.155524
2024-09-10 15:01:33.670 : ChangeLog = for debug/verify
2024-09-10 15:01:33.672 : Expiration = 2028-06-24
2024-09-10 15:06:27.178 : 
2024-09-10 15:06:27.179 : ================== Signature Check ====================
2024-09-10 15:06:27.180 : Author = paul di_Debug_OffLine
2024-09-10 15:06:27.181 : Version = 2024.0718.155524
2024-09-10 15:06:27.182 : ChangeLog = for debug/verify
2024-09-10 15:06:27.182 : Expiration = 2028-06-24
2024-09-10 15:55:43.992 : 
2024-09-10 15:55:43.993 : ================== Signature Check ====================
2024-09-10 15:55:43.994 : Author = paul di_Debug_OffLine
2024-09-10 15:55:43.996 : Version = 2024.0718.155524
2024-09-10 15:55:43.997 : ChangeLog = for debug/verify
2024-09-10 15:55:43.998 : Expiration = 2028-06-24
2024-09-10 16:46:56.305 : 
2024-09-10 16:46:56.308 : ================== Signature Check ====================
2024-09-10 16:46:56.310 : Author = paul di_Debug_OffLine
2024-09-10 16:46:56.311 : Version = 2024.0718.155524
2024-09-10 16:46:56.312 : ChangeLog = for debug/verify
2024-09-10 16:46:56.312 : Expiration = 2028-06-24
2024-09-10 16:48:34.515 : 
2024-09-10 16:48:34.517 : ================== Signature Check ====================
2024-09-10 16:48:34.519 : Author = paul di_Debug_OffLine
2024-09-10 16:48:34.520 : Version = 2024.0718.155524
2024-09-10 16:48:34.521 : ChangeLog = for debug/verify
2024-09-10 16:48:34.521 : Expiration = 2028-06-24
2024-09-10 17:43:30.668 : 
2024-09-10 17:43:30.669 : ================== Signature Check ====================
2024-09-10 17:43:30.669 : Author = paul di_Debug_OffLine
2024-09-10 17:43:30.670 : Version = 2024.0718.155524
2024-09-10 17:43:30.670 : ChangeLog = for debug/verify
2024-09-10 17:43:30.670 : Expiration = 2028-06-24
