2024-11-23 08:42:38.229 : 
2024-11-23 08:42:38.230 : ================== Signature Check ====================
2024-11-23 08:42:38.230 : Author = paul di_Debug_OffLine
2024-11-23 08:42:38.230 : Version = 2024.0718.155524
2024-11-23 08:42:38.230 : ChangeLog = for debug/verify
2024-11-23 08:42:38.231 : Expiration = 2028-06-24
2024-11-23 09:54:48.099 : 
2024-11-23 09:54:48.100 : ================== Signature Check ====================
2024-11-23 09:54:48.100 : Author = paul di_Debug_OffLine
2024-11-23 09:54:48.101 : Version = 2024.0718.155524
2024-11-23 09:54:48.101 : ChangeLog = for debug/verify
2024-11-23 09:54:48.101 : Expiration = 2028-06-24
2024-11-23 09:57:19.496 : 
2024-11-23 09:57:19.496 : ================== Signature Check ====================
2024-11-23 09:57:19.497 : Author = paul di_Debug_OffLine
2024-11-23 09:57:19.497 : Version = 2024.0718.155524
2024-11-23 09:57:19.497 : ChangeLog = for debug/verify
2024-11-23 09:57:19.497 : Expiration = 2028-06-24
2024-11-23 12:43:30.112 : 
2024-11-23 12:43:30.123 : ================== Signature Check ====================
2024-11-23 12:43:30.123 : Author = paul di_Debug_OffLine
2024-11-23 12:43:30.124 : Version = 2024.0718.155524
2024-11-23 12:43:30.124 : ChangeLog = for debug/verify
2024-11-23 12:43:30.124 : Expiration = 2028-06-24
2024-11-23 12:54:59.615 : 
2024-11-23 12:54:59.616 : ================== Signature Check ====================
2024-11-23 12:54:59.616 : Author = paul di_Debug_OffLine
2024-11-23 12:54:59.617 : Version = 2024.0718.155524
2024-11-23 12:54:59.617 : ChangeLog = for debug/verify
2024-11-23 12:54:59.617 : Expiration = 2028-06-24
2024-11-23 13:03:31.308 : 
2024-11-23 13:03:31.308 : ================== Signature Check ====================
2024-11-23 13:03:31.309 : Author = paul di_Debug_OffLine
2024-11-23 13:03:31.309 : Version = 2024.0718.155524
2024-11-23 13:03:31.309 : ChangeLog = for debug/verify
2024-11-23 13:03:31.309 : Expiration = 2028-06-24
2024-11-23 13:03:58.331 : 
2024-11-23 13:03:58.331 : ================== Signature Check ====================
2024-11-23 13:03:58.332 : Author = paul di_Debug_OffLine
2024-11-23 13:03:58.332 : Version = 2024.0718.155524
2024-11-23 13:03:58.332 : ChangeLog = for debug/verify
2024-11-23 13:03:58.333 : Expiration = 2028-06-24
2024-11-23 13:11:05.647 : 
2024-11-23 13:11:05.648 : ================== Signature Check ====================
2024-11-23 13:11:05.648 : Author = paul di_Debug_OffLine
2024-11-23 13:11:05.648 : Version = 2024.0718.155524
2024-11-23 13:11:05.648 : ChangeLog = for debug/verify
2024-11-23 13:11:05.648 : Expiration = 2028-06-24
2024-11-23 13:16:33.665 : 
2024-11-23 13:16:33.666 : ================== Signature Check ====================
2024-11-23 13:16:33.667 : Author = paul di_Debug_OffLine
2024-11-23 13:16:33.667 : Version = 2024.0718.155524
2024-11-23 13:16:33.667 : ChangeLog = for debug/verify
2024-11-23 13:16:33.667 : Expiration = 2028-06-24
2024-11-23 13:28:35.936 : 
2024-11-23 13:28:35.936 : ================== Signature Check ====================
2024-11-23 13:28:35.936 : Author = paul di_Debug_OffLine
2024-11-23 13:28:35.936 : Version = 2024.0718.155524
2024-11-23 13:28:35.937 : ChangeLog = for debug/verify
2024-11-23 13:28:35.937 : Expiration = 2028-06-24
2024-11-23 13:36:22.802 : 
2024-11-23 13:36:22.802 : ================== Signature Check ====================
2024-11-23 13:36:22.803 : Author = paul di_Debug_OffLine
2024-11-23 13:36:22.803 : Version = 2024.0718.155524
2024-11-23 13:36:22.803 : ChangeLog = for debug/verify
2024-11-23 13:36:22.803 : Expiration = 2028-06-24
2024-11-23 13:55:52.191 : 
2024-11-23 13:55:52.191 : ================== Signature Check ====================
2024-11-23 13:55:52.192 : Author = paul di_Debug_OffLine
2024-11-23 13:55:52.192 : Version = 2024.0718.155524
2024-11-23 13:55:52.192 : ChangeLog = for debug/verify
2024-11-23 13:55:52.192 : Expiration = 2028-06-24
2024-11-23 13:58:48.815 : 
2024-11-23 13:58:48.815 : ================== Signature Check ====================
2024-11-23 13:58:48.816 : Author = paul di_Debug_OffLine
2024-11-23 13:58:48.816 : Version = 2024.0718.155524
2024-11-23 13:58:48.816 : ChangeLog = for debug/verify
2024-11-23 13:58:48.816 : Expiration = 2028-06-24
2024-11-23 14:02:49.946 : 
2024-11-23 14:02:49.947 : ================== Signature Check ====================
2024-11-23 14:02:49.947 : Author = paul di_Debug_OffLine
2024-11-23 14:02:49.948 : Version = 2024.0718.155524
2024-11-23 14:02:49.948 : ChangeLog = for debug/verify
2024-11-23 14:02:49.948 : Expiration = 2028-06-24
2024-11-23 14:07:30.279 : 
2024-11-23 14:07:30.279 : ================== Signature Check ====================
2024-11-23 14:07:30.280 : Author = paul di_Debug_OffLine
2024-11-23 14:07:30.280 : Version = 2024.0718.155524
2024-11-23 14:07:30.280 : ChangeLog = for debug/verify
2024-11-23 14:07:30.280 : Expiration = 2028-06-24
2024-11-23 14:10:14.134 : 
2024-11-23 14:10:14.135 : ================== Signature Check ====================
2024-11-23 14:10:14.135 : Author = paul di_Debug_OffLine
2024-11-23 14:10:14.136 : Version = 2024.0718.155524
2024-11-23 14:10:14.136 : ChangeLog = for debug/verify
2024-11-23 14:10:14.136 : Expiration = 2028-06-24
2024-11-23 14:11:20.510 : 
2024-11-23 14:11:20.511 : ================== Signature Check ====================
2024-11-23 14:11:20.511 : Author = paul di_Debug_OffLine
2024-11-23 14:11:20.511 : Version = 2024.0718.155524
2024-11-23 14:11:20.511 : ChangeLog = for debug/verify
2024-11-23 14:11:20.511 : Expiration = 2028-06-24
2024-11-23 14:14:47.758 : 
2024-11-23 14:14:47.759 : ================== Signature Check ====================
2024-11-23 14:14:47.759 : Author = paul di_Debug_OffLine
2024-11-23 14:14:47.759 : Version = 2024.0718.155524
2024-11-23 14:14:47.760 : ChangeLog = for debug/verify
2024-11-23 14:14:47.760 : Expiration = 2028-06-24
2024-11-23 14:20:46.313 : 
2024-11-23 14:20:46.313 : ================== Signature Check ====================
2024-11-23 14:20:46.314 : Author = paul di_Debug_OffLine
2024-11-23 14:20:46.314 : Version = 2024.0718.155524
2024-11-23 14:20:46.314 : ChangeLog = for debug/verify
2024-11-23 14:20:46.314 : Expiration = 2028-06-24
2024-11-23 14:30:49.978 : 
2024-11-23 14:30:49.979 : ================== Signature Check ====================
2024-11-23 14:30:49.979 : Author = paul di_Debug_OffLine
2024-11-23 14:30:49.980 : Version = 2024.0718.155524
2024-11-23 14:30:49.980 : ChangeLog = for debug/verify
2024-11-23 14:30:49.980 : Expiration = 2028-06-24
2024-11-23 14:40:45.378 : 
2024-11-23 14:40:45.378 : ================== Signature Check ====================
2024-11-23 14:40:45.379 : Author = paul di_Debug_OffLine
2024-11-23 14:40:45.379 : Version = 2024.0718.155524
2024-11-23 14:40:45.379 : ChangeLog = for debug/verify
2024-11-23 14:40:45.380 : Expiration = 2028-06-24
2024-11-23 14:48:07.083 : 
2024-11-23 14:48:07.083 : ================== Signature Check ====================
2024-11-23 14:48:07.084 : Author = paul di_Debug_OffLine
2024-11-23 14:48:07.084 : Version = 2024.0718.155524
2024-11-23 14:48:07.084 : ChangeLog = for debug/verify
2024-11-23 14:48:07.084 : Expiration = 2028-06-24
2024-11-23 14:54:41.052 : 
2024-11-23 14:54:41.053 : ================== Signature Check ====================
2024-11-23 14:54:41.054 : Author = paul di_Debug_OffLine
2024-11-23 14:54:41.054 : Version = 2024.0718.155524
2024-11-23 14:54:41.054 : ChangeLog = for debug/verify
2024-11-23 14:54:41.054 : Expiration = 2028-06-24
2024-11-23 15:04:15.651 : 
2024-11-23 15:04:15.651 : ================== Signature Check ====================
2024-11-23 15:04:15.652 : Author = paul di_Debug_OffLine
2024-11-23 15:04:15.652 : Version = 2024.0718.155524
2024-11-23 15:04:15.652 : ChangeLog = for debug/verify
2024-11-23 15:04:15.652 : Expiration = 2028-06-24
2024-11-23 15:10:38.811 : 
2024-11-23 15:10:38.811 : ================== Signature Check ====================
2024-11-23 15:10:38.811 : Author = paul di_Debug_OffLine
2024-11-23 15:10:38.811 : Version = 2024.0718.155524
2024-11-23 15:10:38.811 : ChangeLog = for debug/verify
2024-11-23 15:10:38.812 : Expiration = 2028-06-24
2024-11-23 15:17:20.708 : 
2024-11-23 15:17:20.709 : ================== Signature Check ====================
2024-11-23 15:17:20.709 : Author = paul di_Debug_OffLine
2024-11-23 15:17:20.709 : Version = 2024.0718.155524
2024-11-23 15:17:20.709 : ChangeLog = for debug/verify
2024-11-23 15:17:20.709 : Expiration = 2028-06-24
2024-11-23 15:24:22.084 : 
2024-11-23 15:24:22.084 : ================== Signature Check ====================
2024-11-23 15:24:22.084 : Author = paul di_Debug_OffLine
2024-11-23 15:24:22.084 : Version = 2024.0718.155524
2024-11-23 15:24:22.084 : ChangeLog = for debug/verify
2024-11-23 15:24:22.084 : Expiration = 2028-06-24
2024-11-23 15:30:20.379 : 
2024-11-23 15:30:20.379 : ================== Signature Check ====================
2024-11-23 15:30:20.379 : Author = paul di_Debug_OffLine
2024-11-23 15:30:20.380 : Version = 2024.0718.155524
2024-11-23 15:30:20.380 : ChangeLog = for debug/verify
2024-11-23 15:30:20.380 : Expiration = 2028-06-24
2024-11-23 15:36:23.903 : 
2024-11-23 15:36:23.903 : ================== Signature Check ====================
2024-11-23 15:36:23.904 : Author = paul di_Debug_OffLine
2024-11-23 15:36:23.904 : Version = 2024.0718.155524
2024-11-23 15:36:23.904 : ChangeLog = for debug/verify
2024-11-23 15:36:23.904 : Expiration = 2028-06-24
2024-11-23 15:41:48.355 : 
2024-11-23 15:41:48.355 : ================== Signature Check ====================
2024-11-23 15:41:48.355 : Author = paul di_Debug_OffLine
2024-11-23 15:41:48.356 : Version = 2024.0718.155524
2024-11-23 15:41:48.356 : ChangeLog = for debug/verify
2024-11-23 15:41:48.356 : Expiration = 2028-06-24
2024-11-23 15:47:31.179 : 
2024-11-23 15:47:31.179 : ================== Signature Check ====================
2024-11-23 15:47:31.180 : Author = paul di_Debug_OffLine
2024-11-23 15:47:31.180 : Version = 2024.0718.155524
2024-11-23 15:47:31.180 : ChangeLog = for debug/verify
2024-11-23 15:47:31.180 : Expiration = 2028-06-24
2024-11-23 15:48:14.852 : 
2024-11-23 15:48:14.853 : ================== Signature Check ====================
2024-11-23 15:48:14.853 : Author = paul di_Debug_OffLine
2024-11-23 15:48:14.853 : Version = 2024.0718.155524
2024-11-23 15:48:14.854 : ChangeLog = for debug/verify
2024-11-23 15:48:14.854 : Expiration = 2028-06-24
2024-11-23 15:48:54.797 : 
2024-11-23 15:48:54.798 : ================== Signature Check ====================
2024-11-23 15:48:54.799 : Author = paul di_Debug_OffLine
2024-11-23 15:48:54.799 : Version = 2024.0718.155524
2024-11-23 15:48:54.799 : ChangeLog = for debug/verify
2024-11-23 15:48:54.799 : Expiration = 2028-06-24
2024-11-23 16:24:59.233 : 
2024-11-23 16:24:59.234 : ================== Signature Check ====================
2024-11-23 16:24:59.234 : Author = paul di_Debug_OffLine
2024-11-23 16:24:59.234 : Version = 2024.0718.155524
2024-11-23 16:24:59.234 : ChangeLog = for debug/verify
2024-11-23 16:24:59.234 : Expiration = 2028-06-24
2024-11-23 16:40:14.469 : 
2024-11-23 16:40:14.469 : ================== Signature Check ====================
2024-11-23 16:40:14.469 : Author = paul di_Debug_OffLine
2024-11-23 16:40:14.469 : Version = 2024.0718.155524
2024-11-23 16:40:14.470 : ChangeLog = for debug/verify
2024-11-23 16:40:14.470 : Expiration = 2028-06-24
2024-11-23 16:45:24.225 : 
2024-11-23 16:45:24.225 : ================== Signature Check ====================
2024-11-23 16:45:24.225 : Author = paul di_Debug_OffLine
2024-11-23 16:45:24.226 : Version = 2024.0718.155524
2024-11-23 16:45:24.226 : ChangeLog = for debug/verify
2024-11-23 16:45:24.226 : Expiration = 2028-06-24
2024-11-23 16:54:38.829 : 
2024-11-23 16:54:38.829 : ================== Signature Check ====================
2024-11-23 16:54:38.829 : Author = paul di_Debug_OffLine
2024-11-23 16:54:38.829 : Version = 2024.0718.155524
2024-11-23 16:54:38.829 : ChangeLog = for debug/verify
2024-11-23 16:54:38.830 : Expiration = 2028-06-24
2024-11-23 20:11:42.961 : 
2024-11-23 20:11:42.961 : ================== Signature Check ====================
2024-11-23 20:11:42.962 : Author = paul di_Debug_OffLine
2024-11-23 20:11:42.962 : Version = 2024.0718.155524
2024-11-23 20:11:42.962 : ChangeLog = for debug/verify
2024-11-23 20:11:42.962 : Expiration = 2028-06-24
2024-11-23 20:36:01.740 : 
2024-11-23 20:36:01.743 : ================== Signature Check ====================
2024-11-23 20:36:01.744 : Author = paul di_Debug_OffLine
2024-11-23 20:36:01.744 : Version = 2024.0718.155524
2024-11-23 20:36:01.745 : ChangeLog = for debug/verify
2024-11-23 20:36:01.745 : Expiration = 2028-06-24
2024-11-23 20:37:02.843 : 
2024-11-23 20:37:02.843 : ================== Signature Check ====================
2024-11-23 20:37:02.843 : Author = paul di_Debug_OffLine
2024-11-23 20:37:02.844 : Version = 2024.0718.155524
2024-11-23 20:37:02.844 : ChangeLog = for debug/verify
2024-11-23 20:37:02.844 : Expiration = 2028-06-24
2024-11-23 20:44:50.274 : 
2024-11-23 20:44:50.274 : ================== Signature Check ====================
2024-11-23 20:44:50.274 : Author = paul di_Debug_OffLine
2024-11-23 20:44:50.275 : Version = 2024.0718.155524
2024-11-23 20:44:50.275 : ChangeLog = for debug/verify
2024-11-23 20:44:50.275 : Expiration = 2028-06-24
2024-11-23 20:50:11.351 : 
2024-11-23 20:50:11.351 : ================== Signature Check ====================
2024-11-23 20:50:11.351 : Author = paul di_Debug_OffLine
2024-11-23 20:50:11.352 : Version = 2024.0718.155524
2024-11-23 20:50:11.352 : ChangeLog = for debug/verify
2024-11-23 20:50:11.352 : Expiration = 2028-06-24
