2024-10-23 09:52:37.426 : 
2024-10-23 09:52:37.427 : ================== Signature Check ====================
2024-10-23 09:52:37.427 : Author = paul di_Debug_OffLine
2024-10-23 09:52:37.427 : Version = 2024.0718.155524
2024-10-23 09:52:37.428 : ChangeLog = for debug/verify
2024-10-23 09:52:37.428 : Expiration = 2028-06-24
2024-10-23 10:14:24.073 : 
2024-10-23 10:14:24.073 : ================== Signature Check ====================
2024-10-23 10:14:24.073 : Author = paul di_Debug_OffLine
2024-10-23 10:14:24.073 : Version = 2024.0718.155524
2024-10-23 10:14:24.073 : ChangeLog = for debug/verify
2024-10-23 10:14:24.073 : Expiration = 2028-06-24
2024-10-23 10:39:02.168 : 
2024-10-23 10:39:02.169 : ================== Signature Check ====================
2024-10-23 10:39:02.169 : Author = paul di_Debug_OffLine
2024-10-23 10:39:02.169 : Version = 2024.0718.155524
2024-10-23 10:39:02.169 : ChangeLog = for debug/verify
2024-10-23 10:39:02.169 : Expiration = 2028-06-24
2024-10-23 15:46:09.028 : 
2024-10-23 15:46:09.041 : ================== Signature Check ====================
2024-10-23 15:46:09.042 : Author = paul di_Debug_OffLine
2024-10-23 15:46:09.042 : Version = 2024.0718.155524
2024-10-23 15:46:09.042 : ChangeLog = for debug/verify
2024-10-23 15:46:09.042 : Expiration = 2028-06-24
