2024-11-27 09:56:15.753 : 
2024-11-27 09:56:15.754 : ================== Signature Check ====================
2024-11-27 09:56:15.755 : Author = paul di_Debug_OffLine
2024-11-27 09:56:15.756 : Version = 2024.0718.155524
2024-11-27 09:56:15.756 : ChangeLog = for debug/verify
2024-11-27 09:56:15.756 : Expiration = 2028-06-24
2024-11-27 09:58:02.598 : 
2024-11-27 09:58:02.601 : ================== Signature Check ====================
2024-11-27 09:58:02.602 : Author = paul di_Debug_OffLine
2024-11-27 09:58:02.602 : Version = 2024.0718.155524
2024-11-27 09:58:02.603 : ChangeLog = for debug/verify
2024-11-27 09:58:02.603 : Expiration = 2028-06-24
2024-11-27 10:11:04.033 : 
2024-11-27 10:11:04.047 : ================== Signature Check ====================
2024-11-27 10:11:04.048 : Author = paul di_Debug_OffLine
2024-11-27 10:11:04.048 : Version = 2024.0718.155524
2024-11-27 10:11:04.048 : ChangeLog = for debug/verify
2024-11-27 10:11:04.049 : Expiration = 2028-06-24
2024-11-27 10:18:35.404 : 
2024-11-27 10:18:35.405 : ================== Signature Check ====================
2024-11-27 10:18:35.405 : Author = paul di_Debug_OffLine
2024-11-27 10:18:35.405 : Version = 2024.0718.155524
2024-11-27 10:18:35.406 : ChangeLog = for debug/verify
2024-11-27 10:18:35.406 : Expiration = 2028-06-24
2024-11-27 10:23:44.547 : 
2024-11-27 10:23:44.548 : ================== Signature Check ====================
2024-11-27 10:23:44.548 : Author = paul di_Debug_OffLine
2024-11-27 10:23:44.548 : Version = 2024.0718.155524
2024-11-27 10:23:44.549 : ChangeLog = for debug/verify
2024-11-27 10:23:44.549 : Expiration = 2028-06-24
2024-11-27 10:50:55.579 : 
2024-11-27 10:50:55.579 : ================== Signature Check ====================
2024-11-27 10:50:55.579 : Author = paul di_Debug_OffLine
2024-11-27 10:50:55.580 : Version = 2024.0718.155524
2024-11-27 10:50:55.580 : ChangeLog = for debug/verify
2024-11-27 10:50:55.580 : Expiration = 2028-06-24
2024-11-27 10:56:04.335 : 
2024-11-27 10:56:04.336 : ================== Signature Check ====================
2024-11-27 10:56:04.336 : Author = paul di_Debug_OffLine
2024-11-27 10:56:04.336 : Version = 2024.0718.155524
2024-11-27 10:56:04.337 : ChangeLog = for debug/verify
2024-11-27 10:56:04.337 : Expiration = 2028-06-24
2024-11-27 11:03:43.968 : 
2024-11-27 11:03:43.969 : ================== Signature Check ====================
2024-11-27 11:03:43.969 : Author = paul di_Debug_OffLine
2024-11-27 11:03:43.969 : Version = 2024.0718.155524
2024-11-27 11:03:43.970 : ChangeLog = for debug/verify
2024-11-27 11:03:43.970 : Expiration = 2028-06-24
2024-11-27 11:09:00.976 : 
2024-11-27 11:09:00.977 : ================== Signature Check ====================
2024-11-27 11:09:00.977 : Author = paul di_Debug_OffLine
2024-11-27 11:09:00.978 : Version = 2024.0718.155524
2024-11-27 11:09:00.978 : ChangeLog = for debug/verify
2024-11-27 11:09:00.978 : Expiration = 2028-06-24
2024-11-27 13:11:08.990 : 
2024-11-27 13:11:08.999 : ================== Signature Check ====================
2024-11-27 13:11:08.999 : Author = paul di_Debug_OffLine
2024-11-27 13:11:09.000 : Version = 2024.0718.155524
2024-11-27 13:11:09.000 : ChangeLog = for debug/verify
2024-11-27 13:11:09.000 : Expiration = 2028-06-24
2024-11-27 13:12:11.156 : 
2024-11-27 13:12:11.157 : ================== Signature Check ====================
2024-11-27 13:12:11.158 : Author = paul di_Debug_OffLine
2024-11-27 13:12:11.158 : Version = 2024.0718.155524
2024-11-27 13:12:11.159 : ChangeLog = for debug/verify
2024-11-27 13:12:11.159 : Expiration = 2028-06-24
2024-11-27 13:14:49.105 : 
2024-11-27 13:14:49.105 : ================== Signature Check ====================
2024-11-27 13:14:49.105 : Author = paul di_Debug_OffLine
2024-11-27 13:14:49.106 : Version = 2024.0718.155524
2024-11-27 13:14:49.106 : ChangeLog = for debug/verify
2024-11-27 13:14:49.106 : Expiration = 2028-06-24
2024-11-27 13:25:06.311 : 
2024-11-27 13:25:06.311 : ================== Signature Check ====================
2024-11-27 13:25:06.312 : Author = paul di_Debug_OffLine
2024-11-27 13:25:06.313 : Version = 2024.0718.155524
2024-11-27 13:25:06.313 : ChangeLog = for debug/verify
2024-11-27 13:25:06.313 : Expiration = 2028-06-24
2024-11-27 13:28:47.049 : 
2024-11-27 13:28:47.050 : ================== Signature Check ====================
2024-11-27 13:28:47.051 : Author = paul di_Debug_OffLine
2024-11-27 13:28:47.051 : Version = 2024.0718.155524
2024-11-27 13:28:47.052 : ChangeLog = for debug/verify
2024-11-27 13:28:47.052 : Expiration = 2028-06-24
2024-11-27 13:37:17.706 : 
2024-11-27 13:37:17.716 : ================== Signature Check ====================
2024-11-27 13:37:17.717 : Author = paul di_Debug_OffLine
2024-11-27 13:37:17.717 : Version = 2024.0718.155524
2024-11-27 13:37:17.717 : ChangeLog = for debug/verify
2024-11-27 13:37:17.718 : Expiration = 2028-06-24
2024-11-27 13:46:18.429 : 
2024-11-27 13:46:18.430 : ================== Signature Check ====================
2024-11-27 13:46:18.431 : Author = paul di_Debug_OffLine
2024-11-27 13:46:18.432 : Version = 2024.0718.155524
2024-11-27 13:46:18.432 : ChangeLog = for debug/verify
2024-11-27 13:46:18.432 : Expiration = 2028-06-24
2024-11-27 13:48:04.182 : 
2024-11-27 13:48:04.182 : ================== Signature Check ====================
2024-11-27 13:48:04.182 : Author = paul di_Debug_OffLine
2024-11-27 13:48:04.183 : Version = 2024.0718.155524
2024-11-27 13:48:04.183 : ChangeLog = for debug/verify
2024-11-27 13:48:04.183 : Expiration = 2028-06-24
2024-11-27 14:04:28.546 : 
2024-11-27 14:04:28.547 : ================== Signature Check ====================
2024-11-27 14:04:28.547 : Author = paul di_Debug_OffLine
2024-11-27 14:04:28.548 : Version = 2024.0718.155524
2024-11-27 14:04:28.548 : ChangeLog = for debug/verify
2024-11-27 14:04:28.548 : Expiration = 2028-06-24
2024-11-27 14:41:25.442 : 
2024-11-27 14:41:25.453 : ================== Signature Check ====================
2024-11-27 14:41:25.453 : Author = paul di_Debug_OffLine
2024-11-27 14:41:25.454 : Version = 2024.0718.155524
2024-11-27 14:41:25.454 : ChangeLog = for debug/verify
2024-11-27 14:41:25.454 : Expiration = 2028-06-24
2024-11-27 14:46:57.334 : 
2024-11-27 14:46:57.334 : ================== Signature Check ====================
2024-11-27 14:46:57.334 : Author = paul di_Debug_OffLine
2024-11-27 14:46:57.335 : Version = 2024.0718.155524
2024-11-27 14:46:57.335 : ChangeLog = for debug/verify
2024-11-27 14:46:57.335 : Expiration = 2028-06-24
2024-11-27 14:56:28.368 : 
2024-11-27 14:56:28.369 : ================== Signature Check ====================
2024-11-27 14:56:28.370 : Author = paul di_Debug_OffLine
2024-11-27 14:56:28.370 : Version = 2024.0718.155524
2024-11-27 14:56:28.371 : ChangeLog = for debug/verify
2024-11-27 14:56:28.371 : Expiration = 2028-06-24
2024-11-27 14:58:36.414 : 
2024-11-27 14:58:36.414 : ================== Signature Check ====================
2024-11-27 14:58:36.415 : Author = paul di_Debug_OffLine
2024-11-27 14:58:36.416 : Version = 2024.0718.155524
2024-11-27 14:58:36.416 : ChangeLog = for debug/verify
2024-11-27 14:58:36.416 : Expiration = 2028-06-24
2024-11-27 15:07:23.354 : 
2024-11-27 15:07:23.355 : ================== Signature Check ====================
2024-11-27 15:07:23.356 : Author = paul di_Debug_OffLine
2024-11-27 15:07:23.356 : Version = 2024.0718.155524
2024-11-27 15:07:23.357 : ChangeLog = for debug/verify
2024-11-27 15:07:23.357 : Expiration = 2028-06-24
2024-11-27 17:04:32.421 : 
2024-11-27 17:04:32.431 : ================== Signature Check ====================
2024-11-27 17:04:32.432 : Author = paul di_Debug_OffLine
2024-11-27 17:04:32.432 : Version = 2024.0718.155524
2024-11-27 17:04:32.432 : ChangeLog = for debug/verify
2024-11-27 17:04:32.433 : Expiration = 2028-06-24
2024-11-27 17:12:25.966 : 
2024-11-27 17:12:25.967 : ================== Signature Check ====================
2024-11-27 17:12:25.967 : Author = paul di_Debug_OffLine
2024-11-27 17:12:25.967 : Version = 2024.0718.155524
2024-11-27 17:12:25.968 : ChangeLog = for debug/verify
2024-11-27 17:12:25.968 : Expiration = 2028-06-24
2024-11-27 17:24:41.074 : 
2024-11-27 17:24:41.074 : ================== Signature Check ====================
2024-11-27 17:24:41.075 : Author = paul di_Debug_OffLine
2024-11-27 17:24:41.075 : Version = 2024.0718.155524
2024-11-27 17:24:41.075 : ChangeLog = for debug/verify
2024-11-27 17:24:41.076 : Expiration = 2028-06-24
2024-11-27 17:47:33.789 : 
2024-11-27 17:47:33.790 : ================== Signature Check ====================
2024-11-27 17:47:33.790 : Author = paul di_Debug_OffLine
2024-11-27 17:47:33.790 : Version = 2024.0718.155524
2024-11-27 17:47:33.791 : ChangeLog = for debug/verify
2024-11-27 17:47:33.791 : Expiration = 2028-06-24
2024-11-27 17:59:16.637 : 
2024-11-27 17:59:16.637 : ================== Signature Check ====================
2024-11-27 17:59:16.638 : Author = paul di_Debug_OffLine
2024-11-27 17:59:16.638 : Version = 2024.0718.155524
2024-11-27 17:59:16.638 : ChangeLog = for debug/verify
2024-11-27 17:59:16.638 : Expiration = 2028-06-24
2024-11-27 18:01:36.222 : 
2024-11-27 18:01:36.223 : ================== Signature Check ====================
2024-11-27 18:01:36.224 : Author = paul di_Debug_OffLine
2024-11-27 18:01:36.224 : Version = 2024.0718.155524
2024-11-27 18:01:36.225 : ChangeLog = for debug/verify
2024-11-27 18:01:36.225 : Expiration = 2028-06-24
2024-11-27 18:13:29.409 : 
2024-11-27 18:13:29.410 : ================== Signature Check ====================
2024-11-27 18:13:29.411 : Author = paul di_Debug_OffLine
2024-11-27 18:13:29.411 : Version = 2024.0718.155524
2024-11-27 18:13:29.411 : ChangeLog = for debug/verify
2024-11-27 18:13:29.412 : Expiration = 2028-06-24
2024-11-27 19:41:01.747 : 
2024-11-27 19:41:01.748 : ================== Signature Check ====================
2024-11-27 19:41:01.749 : Author = paul di_Debug_OffLine
2024-11-27 19:41:01.749 : Version = 2024.0718.155524
2024-11-27 19:41:01.750 : ChangeLog = for debug/verify
2024-11-27 19:41:01.750 : Expiration = 2028-06-24
2024-11-27 19:42:18.127 : 
2024-11-27 19:42:18.128 : ================== Signature Check ====================
2024-11-27 19:42:18.128 : Author = paul di_Debug_OffLine
2024-11-27 19:42:18.128 : Version = 2024.0718.155524
2024-11-27 19:42:18.128 : ChangeLog = for debug/verify
2024-11-27 19:42:18.129 : Expiration = 2028-06-24
2024-11-27 19:48:46.979 : 
2024-11-27 19:48:46.980 : ================== Signature Check ====================
2024-11-27 19:48:46.980 : Author = paul di_Debug_OffLine
2024-11-27 19:48:46.980 : Version = 2024.0718.155524
2024-11-27 19:48:46.981 : ChangeLog = for debug/verify
2024-11-27 19:48:46.981 : Expiration = 2028-06-24
2024-11-27 19:55:17.289 : 
2024-11-27 19:55:17.289 : ================== Signature Check ====================
2024-11-27 19:55:17.289 : Author = paul di_Debug_OffLine
2024-11-27 19:55:17.290 : Version = 2024.0718.155524
2024-11-27 19:55:17.290 : ChangeLog = for debug/verify
2024-11-27 19:55:17.290 : Expiration = 2028-06-24
2024-11-27 20:04:56.961 : 
2024-11-27 20:04:56.961 : ================== Signature Check ====================
2024-11-27 20:04:56.962 : Author = paul di_Debug_OffLine
2024-11-27 20:04:56.962 : Version = 2024.0718.155524
2024-11-27 20:04:56.962 : ChangeLog = for debug/verify
2024-11-27 20:04:56.963 : Expiration = 2028-06-24
2024-11-27 20:19:55.650 : 
2024-11-27 20:19:55.650 : ================== Signature Check ====================
2024-11-27 20:19:55.651 : Author = paul di_Debug_OffLine
2024-11-27 20:19:55.651 : Version = 2024.0718.155524
2024-11-27 20:19:55.651 : ChangeLog = for debug/verify
2024-11-27 20:19:55.652 : Expiration = 2028-06-24
2024-11-27 20:47:41.404 : 
2024-11-27 20:47:41.404 : ================== Signature Check ====================
2024-11-27 20:47:41.405 : Author = paul di_Debug_OffLine
2024-11-27 20:47:41.405 : Version = 2024.0718.155524
2024-11-27 20:47:41.405 : ChangeLog = for debug/verify
2024-11-27 20:47:41.406 : Expiration = 2028-06-24
2024-11-27 21:12:56.208 : 
2024-11-27 21:12:56.209 : ================== Signature Check ====================
2024-11-27 21:12:56.209 : Author = paul di_Debug_OffLine
2024-11-27 21:12:56.210 : Version = 2024.0718.155524
2024-11-27 21:12:56.210 : ChangeLog = for debug/verify
2024-11-27 21:12:56.211 : Expiration = 2028-06-24
2024-11-27 21:20:48.471 : 
2024-11-27 21:20:48.472 : ================== Signature Check ====================
2024-11-27 21:20:48.473 : Author = paul di
2024-11-27 21:20:48.473 : Version = 2024.0718.155524
2024-11-27 21:20:48.474 : ChangeLog = Achieve_20240718_1555 x64.
2024-11-27 21:20:48.474 : Expiration = 2028-06-24
2024-11-27 21:20:48.475 : Checked Files = 1
2024-11-27 21:20:48.476 : 
2024-11-27 21:20:48.476 : ------- Compare MD5 -------
2024-11-27 21:20:48.477 : Local Root = D:\tmp\Barista_DUT_2up_dual_new_command_20241127_mes\
2024-11-27 21:20;48.478 : D:\tmp\Barista_DUT_2up_dual_new_command_20241127_mes\Caesar.exe
2024-11-27 21:20;48.480 : MD5 = bf17e9a91e2b6cf3697fc549ea251b33  Pass

2024-11-27 21:20:48.481 : seconds = 0.0049864
2024-11-27 21:20:48.481 : ------- Compare MD5 Done -------
2024-11-27 21:22:36.579 : 
2024-11-27 21:22:36.579 : ================== Signature Check ====================
2024-11-27 21:22:36.580 : Author = paul di
2024-11-27 21:22:36.580 : Version = 2024.0718.155524
2024-11-27 21:22:36.581 : ChangeLog = Achieve_20240718_1555 x64.
2024-11-27 21:22:36.581 : Expiration = 2028-06-24
2024-11-27 21:22:36.582 : Checked Files = 1
2024-11-27 21:22:36.582 : 
2024-11-27 21:22:36.582 : ------- Compare MD5 -------
2024-11-27 21:22:36.583 : Local Root = D:\tmp\Barista_DUT_2up_dual_new_command_20241127_mes\
2024-11-27 21:22;36.583 : D:\tmp\Barista_DUT_2up_dual_new_command_20241127_mes\Caesar.exe
2024-11-27 21:22;36.761 : MD5 = bf17e9a91e2b6cf3697fc549ea251b33  Pass

2024-11-27 21:22:36.762 : seconds = 0.1795206
2024-11-27 21:22:36.762 : ------- Compare MD5 Done -------
2024-11-27 21:24:43.239 : 
2024-11-27 21:24:43.240 : ================== Signature Check ====================
2024-11-27 21:24:43.240 : Author = paul di_Debug_OffLine
2024-11-27 21:24:43.241 : Version = 2024.0718.155524
2024-11-27 21:24:43.241 : ChangeLog = for debug/verify
2024-11-27 21:24:43.241 : Expiration = 2028-06-24
2024-11-27 21:26:35.455 : 
2024-11-27 21:26:35.458 : ================== Signature Check ====================
2024-11-27 21:26:35.460 : Author = paul di_Debug_OffLine
2024-11-27 21:26:35.461 : Version = 2024.0718.155524
2024-11-27 21:26:35.461 : ChangeLog = for debug/verify
2024-11-27 21:26:35.462 : Expiration = 2028-06-24
2024-11-27 21:27:48.052 : 
2024-11-27 21:27:48.053 : ================== Signature Check ====================
2024-11-27 21:27:48.053 : Author = paul di_Debug_OffLine
2024-11-27 21:27:48.053 : Version = 2024.0718.155524
2024-11-27 21:27:48.054 : ChangeLog = for debug/verify
2024-11-27 21:27:48.054 : Expiration = 2028-06-24
2024-11-27 21:32:24.882 : 
2024-11-27 21:32:24.882 : ================== Signature Check ====================
2024-11-27 21:32:24.883 : Author = paul di_Debug_OffLine
2024-11-27 21:32:24.883 : Version = 2024.0718.155524
2024-11-27 21:32:24.883 : ChangeLog = for debug/verify
2024-11-27 21:32:24.884 : Expiration = 2028-06-24
2024-11-27 21:37:06.642 : 
2024-11-27 21:37:06.643 : ================== Signature Check ====================
2024-11-27 21:37:06.644 : Author = paul di
2024-11-27 21:37:06.644 : Version = 2024.0718.155524
2024-11-27 21:37:06.644 : ChangeLog = Achieve_20240718_1555 x64.
2024-11-27 21:37:06.645 : Expiration = 2028-06-24
2024-11-27 21:37:06.645 : Checked Files = 1
2024-11-27 21:37:06.646 : 
2024-11-27 21:37:06.647 : ------- Compare MD5 -------
2024-11-27 21:37:06.647 : Local Root = D:\tmp\Barista_DUT_2up_dual_new_command_20241127_mes_fail_stop\
2024-11-27 21:37;06.649 : D:\tmp\Barista_DUT_2up_dual_new_command_20241127_mes_fail_stop\Caesar.exe
2024-11-27 21:37;06.650 : MD5 = bf17e9a91e2b6cf3697fc549ea251b33  Pass

2024-11-27 21:37:06.651 : seconds = 0.0049865
2024-11-27 21:37:06.651 : ------- Compare MD5 Done -------
2024-11-27 21:38:54.186 : 
2024-11-27 21:38:54.186 : ================== Signature Check ====================
2024-11-27 21:38:54.186 : Author = paul di
2024-11-27 21:38:54.187 : Version = 2024.0718.155524
2024-11-27 21:38:54.187 : ChangeLog = Achieve_20240718_1555 x64.
2024-11-27 21:38:54.188 : Expiration = 2028-06-24
2024-11-27 21:38:54.188 : Checked Files = 1
2024-11-27 21:38:54.188 : 
2024-11-27 21:38:54.189 : ------- Compare MD5 -------
2024-11-27 21:38:54.189 : Local Root = D:\tmp\Barista_DUT_2up_dual_new_command_20241127_mes_fail_stop\
2024-11-27 21:38;54.189 : D:\tmp\Barista_DUT_2up_dual_new_command_20241127_mes_fail_stop\Caesar.exe
2024-11-27 21:38;54.352 : MD5 = bf17e9a91e2b6cf3697fc549ea251b33  Pass

2024-11-27 21:38:54.353 : seconds = 0.1655582
2024-11-27 21:38:54.353 : ------- Compare MD5 Done -------
2024-11-27 21:45:01.417 : 
2024-11-27 21:45:01.417 : ================== Signature Check ====================
2024-11-27 21:45:01.417 : Author = paul di
2024-11-27 21:45:01.418 : Version = 2024.0718.155524
2024-11-27 21:45:01.418 : ChangeLog = Achieve_20240718_1555 x64.
2024-11-27 21:45:01.418 : Expiration = 2028-06-24
2024-11-27 21:45:01.419 : Checked Files = 1
2024-11-27 21:45:01.419 : 
2024-11-27 21:45:01.419 : ------- Compare MD5 -------
2024-11-27 21:45:01.420 : Local Root = D:\tmp\Barista_DUT_2up_dual_new_command_20241127_mes_fail_stop\
2024-11-27 21:45;01.420 : D:\tmp\Barista_DUT_2up_dual_new_command_20241127_mes_fail_stop\Caesar.exe
2024-11-27 21:45;01.421 : MD5 = bf17e9a91e2b6cf3697fc549ea251b33  Pass

2024-11-27 21:45:01.421 : seconds = 0.0019947
2024-11-27 21:45:01.422 : ------- Compare MD5 Done -------
2024-11-27 22:06:46.788 : 
2024-11-27 22:06:46.788 : ================== Signature Check ====================
2024-11-27 22:06:46.789 : Author = paul di
2024-11-27 22:06:46.789 : Version = 2024.0718.155524
2024-11-27 22:06:46.789 : ChangeLog = Achieve_20240718_1555 x64.
2024-11-27 22:06:46.790 : Expiration = 2028-06-24
2024-11-27 22:06:46.790 : Checked Files = 1
2024-11-27 22:06:46.790 : 
2024-11-27 22:06:46.791 : ------- Compare MD5 -------
2024-11-27 22:06:46.791 : Local Root = D:\tmp\Barista_DUT_2up_dual_new_command_20241127_mes_fail_stop\
2024-11-27 22:06;46.791 : D:\tmp\Barista_DUT_2up_dual_new_command_20241127_mes_fail_stop\Caesar.exe
2024-11-27 22:06;46.792 : MD5 = bf17e9a91e2b6cf3697fc549ea251b33  Pass

2024-11-27 22:06:46.793 : seconds = 0.0029919
2024-11-27 22:06:46.793 : ------- Compare MD5 Done -------
2024-11-27 22:11:06.257 : 
2024-11-27 22:11:06.258 : ================== Signature Check ====================
2024-11-27 22:11:06.258 : Author = paul di
2024-11-27 22:11:06.258 : Version = 2024.0718.155524
2024-11-27 22:11:06.259 : ChangeLog = Achieve_20240718_1555 x64.
2024-11-27 22:11:06.259 : Expiration = 2028-06-24
2024-11-27 22:11:06.259 : Checked Files = 1
2024-11-27 22:11:06.260 : 
2024-11-27 22:11:06.260 : ------- Compare MD5 -------
2024-11-27 22:11:06.260 : Local Root = D:\tmp\Barista_DUT_2up_dual_new_command_20241127_mes_fail_stop\
2024-11-27 22:11;06.261 : D:\tmp\Barista_DUT_2up_dual_new_command_20241127_mes_fail_stop\Caesar.exe
2024-11-27 22:11;06.262 : MD5 = bf17e9a91e2b6cf3697fc549ea251b33  Pass

2024-11-27 22:11:06.262 : seconds = 0.0019945
2024-11-27 22:11:06.262 : ------- Compare MD5 Done -------
2024-11-27 22:27:14.708 : 
2024-11-27 22:27:14.709 : ================== Signature Check ====================
2024-11-27 22:27:14.710 : Author = paul di
2024-11-27 22:27:14.710 : Version = 2024.0718.155524
2024-11-27 22:27:14.711 : ChangeLog = Achieve_20240718_1555 x64.
2024-11-27 22:27:14.711 : Expiration = 2028-06-24
2024-11-27 22:27:14.712 : Checked Files = 1
2024-11-27 22:27:14.713 : 
2024-11-27 22:27:14.713 : ------- Compare MD5 -------
2024-11-27 22:27:14.713 : Local Root = D:\tmp\Barista_DUT_2up_dual_new_command_20241127_mes_fail_stop\
2024-11-27 22:27;14.715 : D:\tmp\Barista_DUT_2up_dual_new_command_20241127_mes_fail_stop\Caesar.exe
2024-11-27 22:27;14.716 : MD5 = bf17e9a91e2b6cf3697fc549ea251b33  Pass

2024-11-27 22:27:14.717 : seconds = 0.0039893
2024-11-27 22:27:14.718 : ------- Compare MD5 Done -------
2024-11-27 22:29:02.688 : 
2024-11-27 22:29:02.689 : ================== Signature Check ====================
2024-11-27 22:29:02.689 : Author = paul di
2024-11-27 22:29:02.690 : Version = 2024.0718.155524
2024-11-27 22:29:02.690 : ChangeLog = Achieve_20240718_1555 x64.
2024-11-27 22:29:02.690 : Expiration = 2028-06-24
2024-11-27 22:29:02.691 : Checked Files = 1
2024-11-27 22:29:02.691 : 
2024-11-27 22:29:02.691 : ------- Compare MD5 -------
2024-11-27 22:29:02.692 : Local Root = D:\tmp\Barista_DUT_2up_dual_new_command_20241127_mes_fail_stop\
2024-11-27 22:29;02.692 : D:\tmp\Barista_DUT_2up_dual_new_command_20241127_mes_fail_stop\Caesar.exe
2024-11-27 22:29;02.693 : MD5 = bf17e9a91e2b6cf3697fc549ea251b33  Pass

2024-11-27 22:29:02.693 : seconds = 0.0019944
2024-11-27 22:29:02.694 : ------- Compare MD5 Done -------
2024-11-27 22:31:13.944 : 
2024-11-27 22:31:13.945 : ================== Signature Check ====================
2024-11-27 22:31:13.945 : Author = paul di
2024-11-27 22:31:13.945 : Version = 2024.0718.155524
2024-11-27 22:31:13.946 : ChangeLog = Achieve_20240718_1555 x64.
2024-11-27 22:31:13.946 : Expiration = 2028-06-24
2024-11-27 22:31:13.946 : Checked Files = 1
2024-11-27 22:31:13.947 : 
2024-11-27 22:31:13.947 : ------- Compare MD5 -------
2024-11-27 22:31:13.947 : Local Root = D:\tmp\Barista_DUT_2up_dual_new_command_20241127_mes_fail_stop\
2024-11-27 22:31;13.948 : D:\tmp\Barista_DUT_2up_dual_new_command_20241127_mes_fail_stop\Caesar.exe
2024-11-27 22:31;13.949 : MD5 = bf17e9a91e2b6cf3697fc549ea251b33  Pass

2024-11-27 22:31:13.949 : seconds = 0.0019942
2024-11-27 22:31:13.949 : ------- Compare MD5 Done -------
2024-11-27 22:32:43.788 : 
2024-11-27 22:32:43.789 : ================== Signature Check ====================
2024-11-27 22:32:43.789 : Author = paul di
2024-11-27 22:32:43.790 : Version = 2024.0718.155524
2024-11-27 22:32:43.790 : ChangeLog = Achieve_20240718_1555 x64.
2024-11-27 22:32:43.790 : Expiration = 2028-06-24
2024-11-27 22:32:43.791 : Checked Files = 1
2024-11-27 22:32:43.792 : 
2024-11-27 22:32:43.793 : ------- Compare MD5 -------
2024-11-27 22:32:43.793 : Local Root = D:\tmp\Barista_DUT_2up_dual_new_command_20241127_mes_fail_stop\
2024-11-27 22:32;43.795 : D:\tmp\Barista_DUT_2up_dual_new_command_20241127_mes_fail_stop\Caesar.exe
2024-11-27 22:32;43.796 : MD5 = bf17e9a91e2b6cf3697fc549ea251b33  Pass

2024-11-27 22:32:43.797 : seconds = 0.0049866
2024-11-27 22:32:43.797 : ------- Compare MD5 Done -------
2024-11-27 22:34:31.285 : 
2024-11-27 22:34:31.285 : ================== Signature Check ====================
2024-11-27 22:34:31.286 : Author = paul di
2024-11-27 22:34:31.286 : Version = 2024.0718.155524
2024-11-27 22:34:31.448 : ChangeLog = Achieve_20240718_1555 x64.
2024-11-27 22:34:31.449 : Expiration = 2028-06-24
2024-11-27 22:34:31.449 : Checked Files = 1
2024-11-27 22:34:31.450 : 
2024-11-27 22:34:31.450 : ------- Compare MD5 -------
2024-11-27 22:34:31.450 : Local Root = D:\tmp\Barista_DUT_2up_dual_new_command_20241127_mes_fail_stop\
2024-11-27 22:34;31.451 : D:\tmp\Barista_DUT_2up_dual_new_command_20241127_mes_fail_stop\Caesar.exe
2024-11-27 22:34;31.452 : MD5 = bf17e9a91e2b6cf3697fc549ea251b33  Pass

2024-11-27 22:34:31.452 : seconds = 0.0019948
2024-11-27 22:34:31.453 : ------- Compare MD5 Done -------
2024-11-27 22:35:47.984 : 
2024-11-27 22:35:47.984 : ================== Signature Check ====================
2024-11-27 22:35:47.985 : Author = paul di
2024-11-27 22:35:47.985 : Version = 2024.0718.155524
2024-11-27 22:35:47.985 : ChangeLog = Achieve_20240718_1555 x64.
2024-11-27 22:35:47.986 : Expiration = 2028-06-24
2024-11-27 22:35:47.986 : Checked Files = 1
2024-11-27 22:35:47.986 : 
2024-11-27 22:35:47.987 : ------- Compare MD5 -------
2024-11-27 22:35:47.987 : Local Root = D:\tmp\Barista_DUT_2up_dual_new_command_20241127_mes_fail_stop\
2024-11-27 22:35;47.987 : D:\tmp\Barista_DUT_2up_dual_new_command_20241127_mes_fail_stop\Caesar.exe
2024-11-27 22:35;47.988 : MD5 = bf17e9a91e2b6cf3697fc549ea251b33  Pass

2024-11-27 22:35:47.989 : seconds = 0.0029919
2024-11-27 22:35:47.989 : ------- Compare MD5 Done -------
2024-11-27 23:15:51.813 : 
2024-11-27 23:15:51.814 : ================== Signature Check ====================
2024-11-27 23:15:51.815 : Author = paul di
2024-11-27 23:15:51.815 : Version = 2024.0718.155524
2024-11-27 23:15:51.815 : ChangeLog = Achieve_20240718_1555 x64.
2024-11-27 23:15:51.816 : Expiration = 2028-06-24
2024-11-27 23:15:51.816 : Checked Files = 1
2024-11-27 23:15:51.818 : 
2024-11-27 23:15:51.818 : ------- Compare MD5 -------
2024-11-27 23:15:51.819 : Local Root = D:\tmp\Barista_DUT_2up_dual_new_command_20241127_mes_fail_stop\
2024-11-27 23:15;51.820 : D:\tmp\Barista_DUT_2up_dual_new_command_20241127_mes_fail_stop\Caesar.exe
2024-11-27 23:15;51.822 : MD5 = bf17e9a91e2b6cf3697fc549ea251b33  Pass

2024-11-27 23:15:51.823 : seconds = 0.0049857
2024-11-27 23:15:51.823 : ------- Compare MD5 Done -------
2024-11-27 23:17:40.665 : 
2024-11-27 23:17:40.666 : ================== Signature Check ====================
2024-11-27 23:17:40.666 : Author = paul di
2024-11-27 23:17:40.667 : Version = 2024.0718.155524
2024-11-27 23:17:40.667 : ChangeLog = Achieve_20240718_1555 x64.
2024-11-27 23:17:40.883 : Expiration = 2028-06-24
2024-11-27 23:17:40.884 : Checked Files = 1
2024-11-27 23:17:40.885 : 
2024-11-27 23:17:40.885 : ------- Compare MD5 -------
2024-11-27 23:17:40.886 : Local Root = D:\tmp\Barista_DUT_2up_dual_new_command_20241127_mes_fail_stop\
2024-11-27 23:17;40.886 : D:\tmp\Barista_DUT_2up_dual_new_command_20241127_mes_fail_stop\Caesar.exe
2024-11-27 23:17;40.887 : MD5 = bf17e9a91e2b6cf3697fc549ea251b33  Pass

2024-11-27 23:17:40.889 : seconds = 0.0039927
2024-11-27 23:17:40.889 : ------- Compare MD5 Done -------
2024-11-27 23:24:11.111 : 
2024-11-27 23:24:11.112 : ================== Signature Check ====================
2024-11-27 23:24:11.112 : Author = paul di
2024-11-27 23:24:11.113 : Version = 2024.0718.155524
2024-11-27 23:24:11.113 : ChangeLog = Achieve_20240718_1555 x64.
2024-11-27 23:24:11.113 : Expiration = 2028-06-24
2024-11-27 23:24:11.114 : Checked Files = 1
2024-11-27 23:24:11.114 : 
2024-11-27 23:24:11.114 : ------- Compare MD5 -------
2024-11-27 23:24:11.115 : Local Root = D:\tmp\Barista_DUT_2up_dual_new_command_20241127_mes_fail_stop\
2024-11-27 23:24;11.115 : D:\tmp\Barista_DUT_2up_dual_new_command_20241127_mes_fail_stop\Caesar.exe
2024-11-27 23:24;11.116 : MD5 = bf17e9a91e2b6cf3697fc549ea251b33  Pass

2024-11-27 23:24:11.116 : seconds = 0.0019948
2024-11-27 23:24:11.117 : ------- Compare MD5 Done -------
