2024-11-07 08:35:49.526 : 
2024-11-07 08:35:49.528 : ================== Signature Check ====================
2024-11-07 08:35:49.530 : Author = paul di_Debug_OffLine
2024-11-07 08:35:49.531 : Version = 2024.0718.155524
2024-11-07 08:35:49.532 : ChangeLog = for debug/verify
2024-11-07 08:35:49.533 : Expiration = 2028-06-24
2024-11-07 08:36:54.527 : 
2024-11-07 08:36:54.530 : ================== Signature Check ====================
2024-11-07 08:36:54.531 : Author = paul di_Debug_OffLine
2024-11-07 08:36:54.533 : Version = 2024.0718.155524
2024-11-07 08:36:54.533 : ChangeLog = for debug/verify
2024-11-07 08:36:54.535 : Expiration = 2028-06-24
2024-11-07 08:37:38.036 : 
2024-11-07 08:37:38.037 : ================== Signature Check ====================
2024-11-07 08:37:38.039 : Author = paul di_Debug_OffLine
2024-11-07 08:37:38.040 : Version = 2024.0718.155524
2024-11-07 08:37:38.040 : ChangeLog = for debug/verify
2024-11-07 08:37:38.042 : Expiration = 2028-06-24
2024-11-07 11:04:04.631 : 
2024-11-07 11:04:04.633 : ================== Signature Check ====================
2024-11-07 11:04:04.634 : Author = paul di_Debug_OffLine
2024-11-07 11:04:04.635 : Version = 2024.0718.155524
2024-11-07 11:04:04.636 : ChangeLog = for debug/verify
2024-11-07 11:04:04.637 : Expiration = 2028-06-24
2024-11-07 11:04:45.693 : 
2024-11-07 11:04:45.694 : ================== Signature Check ====================
2024-11-07 11:04:45.696 : Author = paul di_Debug_OffLine
2024-11-07 11:04:45.696 : Version = 2024.0718.155524
2024-11-07 11:04:45.697 : ChangeLog = for debug/verify
2024-11-07 11:04:45.698 : Expiration = 2028-06-24
2024-11-07 11:06:20.270 : 
2024-11-07 11:06:20.274 : ================== Signature Check ====================
2024-11-07 11:06:20.312 : Author = paul di_Debug_OffLine
2024-11-07 11:06:20.315 : Version = 2024.0718.155524
2024-11-07 11:06:20.319 : ChangeLog = for debug/verify
2024-11-07 11:06:20.324 : Expiration = 2028-06-24
2024-11-07 11:14:58.398 : 
2024-11-07 11:14:58.400 : ================== Signature Check ====================
2024-11-07 11:14:58.402 : Author = paul di_Debug_OffLine
2024-11-07 11:14:58.403 : Version = 2024.0718.155524
2024-11-07 11:14:58.404 : ChangeLog = for debug/verify
2024-11-07 11:14:58.405 : Expiration = 2028-06-24
2024-11-07 11:18:14.686 : 
2024-11-07 11:18:14.689 : ================== Signature Check ====================
2024-11-07 11:18:14.691 : Author = paul di_Debug_OffLine
2024-11-07 11:18:14.692 : Version = 2024.0718.155524
2024-11-07 11:18:14.693 : ChangeLog = for debug/verify
2024-11-07 11:18:14.694 : Expiration = 2028-06-24
2024-11-07 11:32:59.231 : 
2024-11-07 11:32:59.234 : ================== Signature Check ====================
2024-11-07 11:32:59.237 : Author = paul di_Debug_OffLine
2024-11-07 11:32:59.239 : Version = 2024.0718.155524
2024-11-07 11:32:59.241 : ChangeLog = for debug/verify
2024-11-07 11:32:59.242 : Expiration = 2028-06-24
2024-11-07 12:48:05.480 : 
2024-11-07 12:48:05.482 : ================== Signature Check ====================
2024-11-07 12:48:05.485 : Author = paul di_Debug_OffLine
2024-11-07 12:48:05.487 : Version = 2024.0718.155524
2024-11-07 12:48:05.488 : ChangeLog = for debug/verify
2024-11-07 12:48:05.489 : Expiration = 2028-06-24
2024-11-07 12:50:18.721 : 
2024-11-07 12:50:18.722 : ================== Signature Check ====================
2024-11-07 12:50:18.725 : Author = paul di_Debug_OffLine
2024-11-07 12:50:18.726 : Version = 2024.0718.155524
2024-11-07 12:50:18.727 : ChangeLog = for debug/verify
2024-11-07 12:50:18.727 : Expiration = 2028-06-24
2024-11-07 14:07:09.684 : 
2024-11-07 14:07:09.686 : ================== Signature Check ====================
2024-11-07 14:07:09.687 : Author = paul di_Debug_OffLine
2024-11-07 14:07:09.687 : Version = 2024.0718.155524
2024-11-07 14:07:09.687 : ChangeLog = for debug/verify
2024-11-07 14:07:09.687 : Expiration = 2028-06-24
2024-11-07 14:08:27.092 : 
2024-11-07 14:08:27.092 : ================== Signature Check ====================
2024-11-07 14:08:27.092 : Author = paul di_Debug_OffLine
2024-11-07 14:08:27.093 : Version = 2024.0718.155524
2024-11-07 14:08:27.093 : ChangeLog = for debug/verify
2024-11-07 14:08:27.093 : Expiration = 2028-06-24
2024-11-07 14:11:05.737 : 
2024-11-07 14:11:05.738 : ================== Signature Check ====================
2024-11-07 14:11:05.738 : Author = paul di_Debug_OffLine
2024-11-07 14:11:05.738 : Version = 2024.0718.155524
2024-11-07 14:11:05.738 : ChangeLog = for debug/verify
2024-11-07 14:11:05.738 : Expiration = 2028-06-24
2024-11-07 14:13:16.928 : 
2024-11-07 14:13:16.928 : ================== Signature Check ====================
2024-11-07 14:13:16.929 : Author = paul di_Debug_OffLine
2024-11-07 14:13:16.929 : Version = 2024.0718.155524
2024-11-07 14:13:16.929 : ChangeLog = for debug/verify
2024-11-07 14:13:16.929 : Expiration = 2028-06-24
2024-11-07 14:22:19.497 : 
2024-11-07 14:22:19.497 : ================== Signature Check ====================
2024-11-07 14:22:19.498 : Author = paul di_Debug_OffLine
2024-11-07 14:22:19.498 : Version = 2024.0718.155524
2024-11-07 14:22:19.498 : ChangeLog = for debug/verify
2024-11-07 14:22:19.498 : Expiration = 2028-06-24
2024-11-07 14:26:30.993 : 
2024-11-07 14:26:30.994 : ================== Signature Check ====================
2024-11-07 14:26:30.994 : Author = paul di_Debug_OffLine
2024-11-07 14:26:30.994 : Version = 2024.0718.155524
2024-11-07 14:26:30.994 : ChangeLog = for debug/verify
2024-11-07 14:26:30.995 : Expiration = 2028-06-24
2024-11-07 14:33:31.968 : 
2024-11-07 14:33:31.971 : ================== Signature Check ====================
2024-11-07 14:33:31.971 : Author = paul di_Debug_OffLine
2024-11-07 14:33:31.971 : Version = 2024.0718.155524
2024-11-07 14:33:31.972 : ChangeLog = for debug/verify
2024-11-07 14:33:31.972 : Expiration = 2028-06-24
2024-11-07 14:36:23.638 : 
2024-11-07 14:36:23.640 : ================== Signature Check ====================
2024-11-07 14:36:23.640 : Author = paul di_Debug_OffLine
2024-11-07 14:36:23.640 : Version = 2024.0718.155524
2024-11-07 14:36:23.641 : ChangeLog = for debug/verify
2024-11-07 14:36:23.641 : Expiration = 2028-06-24
2024-11-07 14:39:14.855 : 
2024-11-07 14:39:14.855 : ================== Signature Check ====================
2024-11-07 14:39:14.855 : Author = paul di_Debug_OffLine
2024-11-07 14:39:14.856 : Version = 2024.0718.155524
2024-11-07 14:39:14.856 : ChangeLog = for debug/verify
2024-11-07 14:39:14.856 : Expiration = 2028-06-24
2024-11-07 14:49:52.832 : 
2024-11-07 14:49:52.833 : ================== Signature Check ====================
2024-11-07 14:49:52.833 : Author = paul di_Debug_OffLine
2024-11-07 14:49:52.834 : Version = 2024.0718.155524
2024-11-07 14:49:52.834 : ChangeLog = for debug/verify
2024-11-07 14:49:52.834 : Expiration = 2028-06-24
2024-11-07 14:50:58.080 : 
2024-11-07 14:50:58.080 : ================== Signature Check ====================
2024-11-07 14:50:58.080 : Author = paul di_Debug_OffLine
2024-11-07 14:50:58.080 : Version = 2024.0718.155524
2024-11-07 14:50:58.081 : ChangeLog = for debug/verify
2024-11-07 14:50:58.081 : Expiration = 2028-06-24
2024-11-07 14:59:24.124 : 
2024-11-07 14:59:24.125 : ================== Signature Check ====================
2024-11-07 14:59:24.125 : Author = paul di_Debug_OffLine
2024-11-07 14:59:24.126 : Version = 2024.0718.155524
2024-11-07 14:59:24.126 : ChangeLog = for debug/verify
2024-11-07 14:59:24.126 : Expiration = 2028-06-24
2024-11-07 15:02:35.437 : 
2024-11-07 15:02:35.437 : ================== Signature Check ====================
2024-11-07 15:02:35.437 : Author = paul di_Debug_OffLine
2024-11-07 15:02:35.438 : Version = 2024.0718.155524
2024-11-07 15:02:35.438 : ChangeLog = for debug/verify
2024-11-07 15:02:35.438 : Expiration = 2028-06-24
2024-11-07 15:04:47.214 : 
2024-11-07 15:04:47.215 : ================== Signature Check ====================
2024-11-07 15:04:47.215 : Author = paul di_Debug_OffLine
2024-11-07 15:04:47.215 : Version = 2024.0718.155524
2024-11-07 15:04:47.215 : ChangeLog = for debug/verify
2024-11-07 15:04:47.216 : Expiration = 2028-06-24
2024-11-07 15:07:56.529 : 
2024-11-07 15:07:56.529 : ================== Signature Check ====================
2024-11-07 15:07:56.529 : Author = paul di_Debug_OffLine
2024-11-07 15:07:56.529 : Version = 2024.0718.155524
2024-11-07 15:07:56.529 : ChangeLog = for debug/verify
2024-11-07 15:07:56.530 : Expiration = 2028-06-24
2024-11-07 16:53:17.309 : 
2024-11-07 16:53:17.323 : ================== Signature Check ====================
2024-11-07 16:53:17.324 : Author = paul di_Debug_OffLine
2024-11-07 16:53:17.324 : Version = 2024.0718.155524
2024-11-07 16:53:17.325 : ChangeLog = for debug/verify
2024-11-07 16:53:17.325 : Expiration = 2028-06-24
2024-11-07 16:54:02.229 : 
2024-11-07 16:54:02.231 : ================== Signature Check ====================
2024-11-07 16:54:02.232 : Author = paul di_Debug_OffLine
2024-11-07 16:54:02.232 : Version = 2024.0718.155524
2024-11-07 16:54:02.232 : ChangeLog = for debug/verify
2024-11-07 16:54:02.233 : Expiration = 2028-06-24
2024-11-07 17:22:48.309 : 
2024-11-07 17:22:48.320 : ================== Signature Check ====================
2024-11-07 17:22:48.321 : Author = paul di_Debug_OffLine
2024-11-07 17:22:48.321 : Version = 2024.0718.155524
2024-11-07 17:22:48.321 : ChangeLog = for debug/verify
2024-11-07 17:22:48.321 : Expiration = 2028-06-24
2024-11-07 17:55:04.258 : 
2024-11-07 17:55:04.260 : ================== Signature Check ====================
2024-11-07 17:55:04.261 : Author = paul di_Debug_OffLine
2024-11-07 17:55:04.261 : Version = 2024.0718.155524
2024-11-07 17:55:04.261 : ChangeLog = for debug/verify
2024-11-07 17:55:04.261 : Expiration = 2028-06-24
