2024-12-10 10:00:33.411 : 
2024-12-10 10:00:33.416 : ================== Signature Check ====================
2024-12-10 10:00:33.421 : Author = paul di_Release_OffLine
2024-12-10 10:00:33.425 : Version = 2024.0718.155524
2024-12-10 10:00:33.429 : ChangeLog = for debug/verify
2024-12-10 10:00:33.433 : Expiration = 2028-06-24
2024-12-10 10:00:50.549 : 
2024-12-10 10:00:50.555 : ================== Signature Check ====================
2024-12-10 10:00:50.559 : Author = paul di_Debug_OffLine
2024-12-10 10:00:50.563 : Version = 2024.0718.155524
2024-12-10 10:00:50.567 : ChangeLog = for debug/verify
2024-12-10 10:00:50.571 : Expiration = 2028-06-24
2024-12-10 13:10:05.854 : 
2024-12-10 13:10:05.861 : ================== Signature Check ====================
2024-12-10 13:10:05.868 : Author = paul di_Debug_OffLine
2024-12-10 13:10:05.873 : Version = 2024.0718.155524
2024-12-10 13:10:05.878 : ChangeLog = for debug/verify
2024-12-10 13:10:05.884 : Expiration = 2028-06-24
2024-12-10 13:14:10.103 : 
2024-12-10 13:14:10.108 : ================== Signature Check ====================
2024-12-10 13:14:10.113 : Author = paul di_Debug_OffLine
2024-12-10 13:14:10.118 : Version = 2024.0718.155524
2024-12-10 13:14:10.122 : ChangeLog = for debug/verify
2024-12-10 13:14:10.127 : Expiration = 2028-06-24
2024-12-10 13:16:27.720 : 
2024-12-10 13:16:27.726 : ================== Signature Check ====================
2024-12-10 13:16:27.731 : Author = paul di_Debug_OffLine
2024-12-10 13:16:27.736 : Version = 2024.0718.155524
2024-12-10 13:16:27.741 : ChangeLog = for debug/verify
2024-12-10 13:16:27.746 : Expiration = 2028-06-24
2024-12-10 13:17:28.357 : 
2024-12-10 13:17:28.363 : ================== Signature Check ====================
2024-12-10 13:17:28.367 : Author = paul di_Debug_OffLine
2024-12-10 13:17:28.372 : Version = 2024.0718.155524
2024-12-10 13:17:28.378 : ChangeLog = for debug/verify
2024-12-10 13:17:28.383 : Expiration = 2028-06-24
2024-12-10 13:29:02.785 : 
2024-12-10 13:29:02.791 : ================== Signature Check ====================
2024-12-10 13:29:02.796 : Author = paul di_Debug_OffLine
2024-12-10 13:29:02.801 : Version = 2024.0718.155524
2024-12-10 13:29:02.806 : ChangeLog = for debug/verify
2024-12-10 13:29:02.811 : Expiration = 2028-06-24
2024-12-10 13:30:39.440 : 
2024-12-10 13:30:39.446 : ================== Signature Check ====================
2024-12-10 13:30:39.452 : Author = paul di_Debug_OffLine
2024-12-10 13:30:39.456 : Version = 2024.0718.155524
2024-12-10 13:30:39.461 : ChangeLog = for debug/verify
2024-12-10 13:30:39.466 : Expiration = 2028-06-24
2024-12-10 13:32:57.278 : 
2024-12-10 13:32:57.284 : ================== Signature Check ====================
2024-12-10 13:32:57.289 : Author = paul di_Debug_OffLine
2024-12-10 13:32:57.294 : Version = 2024.0718.155524
2024-12-10 13:32:57.299 : ChangeLog = for debug/verify
2024-12-10 13:32:57.304 : Expiration = 2028-06-24
2024-12-10 13:33:57.499 : 
2024-12-10 13:33:57.505 : ================== Signature Check ====================
2024-12-10 13:33:57.509 : Author = paul di_Debug_OffLine
2024-12-10 13:33:57.514 : Version = 2024.0718.155524
2024-12-10 13:33:57.520 : ChangeLog = for debug/verify
2024-12-10 13:33:57.526 : Expiration = 2028-06-24
2024-12-10 13:35:36.775 : 
2024-12-10 13:35:36.781 : ================== Signature Check ====================
2024-12-10 13:35:36.786 : Author = paul di_Debug_OffLine
2024-12-10 13:35:36.791 : Version = 2024.0718.155524
2024-12-10 13:35:36.796 : ChangeLog = for debug/verify
2024-12-10 13:35:36.802 : Expiration = 2028-06-24
2024-12-10 13:37:12.243 : 
2024-12-10 13:37:12.249 : ================== Signature Check ====================
2024-12-10 13:37:12.255 : Author = paul di_Debug_OffLine
2024-12-10 13:37:12.262 : Version = 2024.0718.155524
2024-12-10 13:37:12.267 : ChangeLog = for debug/verify
2024-12-10 13:37:12.273 : Expiration = 2028-06-24
2024-12-10 13:38:54.366 : 
2024-12-10 13:38:54.372 : ================== Signature Check ====================
2024-12-10 13:38:54.377 : Author = paul di_Debug_OffLine
2024-12-10 13:38:54.382 : Version = 2024.0718.155524
2024-12-10 13:38:54.388 : ChangeLog = for debug/verify
2024-12-10 13:38:54.394 : Expiration = 2028-06-24
2024-12-10 14:17:05.404 : 
2024-12-10 14:17:05.410 : ================== Signature Check ====================
2024-12-10 14:17:05.415 : Author = paul di_Debug_OffLine
2024-12-10 14:17:05.420 : Version = 2024.0718.155524
2024-12-10 14:17:05.425 : ChangeLog = for debug/verify
2024-12-10 14:17:05.430 : Expiration = 2028-06-24
2024-12-10 14:22:37.990 : 
2024-12-10 14:22:37.996 : ================== Signature Check ====================
2024-12-10 14:22:38.001 : Author = paul di_Debug_OffLine
2024-12-10 14:22:38.006 : Version = 2024.0718.155524
2024-12-10 14:22:38.011 : ChangeLog = for debug/verify
2024-12-10 14:22:38.016 : Expiration = 2028-06-24
2024-12-10 14:38:54.079 : 
2024-12-10 14:38:54.086 : ================== Signature Check ====================
2024-12-10 14:38:54.091 : Author = paul di_Debug_OffLine
2024-12-10 14:38:54.096 : Version = 2024.0718.155524
2024-12-10 14:38:54.101 : ChangeLog = for debug/verify
2024-12-10 14:38:54.106 : Expiration = 2028-06-24
2024-12-10 14:47:12.422 : 
2024-12-10 14:47:12.431 : ================== Signature Check ====================
2024-12-10 14:47:12.438 : Author = paul di_Debug_OffLine
2024-12-10 14:47:12.446 : Version = 2024.0718.155524
2024-12-10 14:47:12.451 : ChangeLog = for debug/verify
2024-12-10 14:47:12.456 : Expiration = 2028-06-24
2024-12-10 14:51:38.718 : 
2024-12-10 14:51:38.724 : ================== Signature Check ====================
2024-12-10 14:51:38.730 : Author = paul di_Debug_OffLine
2024-12-10 14:51:38.735 : Version = 2024.0718.155524
2024-12-10 14:51:38.740 : ChangeLog = for debug/verify
2024-12-10 14:51:38.744 : Expiration = 2028-06-24
2024-12-10 14:56:38.928 : 
2024-12-10 14:56:38.935 : ================== Signature Check ====================
2024-12-10 14:56:38.940 : Author = paul di_Debug_OffLine
2024-12-10 14:56:38.945 : Version = 2024.0718.155524
2024-12-10 14:56:38.950 : ChangeLog = for debug/verify
2024-12-10 14:56:38.954 : Expiration = 2028-06-24
2024-12-10 15:00:27.202 : 
2024-12-10 15:00:27.208 : ================== Signature Check ====================
2024-12-10 15:00:27.213 : Author = paul di_Debug_OffLine
2024-12-10 15:00:27.218 : Version = 2024.0718.155524
2024-12-10 15:00:27.222 : ChangeLog = for debug/verify
2024-12-10 15:00:27.227 : Expiration = 2028-06-24
2024-12-10 15:04:51.990 : 
2024-12-10 15:04:51.996 : ================== Signature Check ====================
2024-12-10 15:04:52.001 : Author = paul di_Debug_OffLine
2024-12-10 15:04:52.007 : Version = 2024.0718.155524
2024-12-10 15:04:52.012 : ChangeLog = for debug/verify
2024-12-10 15:04:52.017 : Expiration = 2028-06-24
2024-12-10 15:08:30.874 : 
2024-12-10 15:08:30.881 : ================== Signature Check ====================
2024-12-10 15:08:30.886 : Author = paul di_Debug_OffLine
2024-12-10 15:08:30.891 : Version = 2024.0718.155524
2024-12-10 15:08:30.896 : ChangeLog = for debug/verify
2024-12-10 15:08:30.901 : Expiration = 2028-06-24
2024-12-10 15:15:36.685 : 
2024-12-10 15:15:36.693 : ================== Signature Check ====================
2024-12-10 15:15:36.699 : Author = paul di_Debug_OffLine
2024-12-10 15:15:36.706 : Version = 2024.0718.155524
2024-12-10 15:15:36.711 : ChangeLog = for debug/verify
2024-12-10 15:15:36.717 : Expiration = 2028-06-24
2024-12-10 15:19:28.971 : 
2024-12-10 15:19:28.977 : ================== Signature Check ====================
2024-12-10 15:19:28.983 : Author = paul di_Debug_OffLine
2024-12-10 15:19:28.988 : Version = 2024.0718.155524
2024-12-10 15:19:28.993 : ChangeLog = for debug/verify
2024-12-10 15:19:28.998 : Expiration = 2028-06-24
2024-12-10 15:23:50.576 : 
2024-12-10 15:23:50.582 : ================== Signature Check ====================
2024-12-10 15:23:50.588 : Author = paul di_Debug_OffLine
2024-12-10 15:23:50.593 : Version = 2024.0718.155524
2024-12-10 15:23:50.598 : ChangeLog = for debug/verify
2024-12-10 15:23:50.603 : Expiration = 2028-06-24
2024-12-10 15:27:41.705 : 
2024-12-10 15:27:41.711 : ================== Signature Check ====================
2024-12-10 15:27:41.717 : Author = paul di_Debug_OffLine
2024-12-10 15:27:41.722 : Version = 2024.0718.155524
2024-12-10 15:27:41.727 : ChangeLog = for debug/verify
2024-12-10 15:27:41.732 : Expiration = 2028-06-24
2024-12-10 15:38:28.941 : 
2024-12-10 15:38:28.949 : ================== Signature Check ====================
2024-12-10 15:38:28.954 : Author = paul di_Debug_OffLine
2024-12-10 15:38:28.960 : Version = 2024.0718.155524
2024-12-10 15:38:28.965 : ChangeLog = for debug/verify
2024-12-10 15:38:28.970 : Expiration = 2028-06-24
2024-12-10 15:42:30.321 : 
2024-12-10 15:42:30.328 : ================== Signature Check ====================
2024-12-10 15:42:30.333 : Author = paul di_Debug_OffLine
2024-12-10 15:42:30.338 : Version = 2024.0718.155524
2024-12-10 15:42:30.343 : ChangeLog = for debug/verify
2024-12-10 15:42:30.348 : Expiration = 2028-06-24
2024-12-10 15:45:09.635 : 
2024-12-10 15:45:09.641 : ================== Signature Check ====================
2024-12-10 15:45:09.646 : Author = paul di_Debug_OffLine
2024-12-10 15:45:09.651 : Version = 2024.0718.155524
2024-12-10 15:45:09.656 : ChangeLog = for debug/verify
2024-12-10 15:45:09.662 : Expiration = 2028-06-24
2024-12-10 15:49:01.232 : 
2024-12-10 15:49:01.238 : ================== Signature Check ====================
2024-12-10 15:49:01.244 : Author = paul di_Debug_OffLine
2024-12-10 15:49:01.250 : Version = 2024.0718.155524
2024-12-10 15:49:01.257 : ChangeLog = for debug/verify
2024-12-10 15:49:01.266 : Expiration = 2028-06-24
2024-12-10 15:54:31.594 : 
2024-12-10 15:54:31.601 : ================== Signature Check ====================
2024-12-10 15:54:31.606 : Author = paul di_Debug_OffLine
2024-12-10 15:54:31.611 : Version = 2024.0718.155524
2024-12-10 15:54:31.616 : ChangeLog = for debug/verify
2024-12-10 15:54:31.621 : Expiration = 2028-06-24
2024-12-10 15:58:46.150 : 
2024-12-10 15:58:46.156 : ================== Signature Check ====================
2024-12-10 15:58:46.162 : Author = paul di_Debug_OffLine
2024-12-10 15:58:46.167 : Version = 2024.0718.155524
2024-12-10 15:58:46.172 : ChangeLog = for debug/verify
2024-12-10 15:58:46.178 : Expiration = 2028-06-24
2024-12-10 16:11:29.234 : 
2024-12-10 16:11:29.241 : ================== Signature Check ====================
2024-12-10 16:11:29.247 : Author = paul di_Debug_OffLine
2024-12-10 16:11:29.252 : Version = 2024.0718.155524
2024-12-10 16:11:29.257 : ChangeLog = for debug/verify
2024-12-10 16:11:29.262 : Expiration = 2028-06-24
2024-12-10 16:14:01.137 : 
2024-12-10 16:14:01.144 : ================== Signature Check ====================
2024-12-10 16:14:01.150 : Author = paul di_Debug_OffLine
2024-12-10 16:14:01.156 : Version = 2024.0718.155524
2024-12-10 16:14:01.162 : ChangeLog = for debug/verify
2024-12-10 16:14:01.168 : Expiration = 2028-06-24
2024-12-10 16:14:31.274 : 
2024-12-10 16:14:31.281 : ================== Signature Check ====================
2024-12-10 16:14:31.288 : Author = paul di_Release_OffLine
2024-12-10 16:14:31.294 : Version = 2024.0718.155524
2024-12-10 16:14:31.299 : ChangeLog = for debug/verify
2024-12-10 16:14:31.306 : Expiration = 2028-06-24
2024-12-10 16:15:05.361 : 
2024-12-10 16:15:05.368 : ================== Signature Check ====================
2024-12-10 16:15:05.374 : Author = paul di_Debug_OffLine
2024-12-10 16:15:05.379 : Version = 2024.0718.155524
2024-12-10 16:15:05.384 : ChangeLog = for debug/verify
2024-12-10 16:15:05.389 : Expiration = 2028-06-24
2024-12-10 16:16:45.128 : 
2024-12-10 16:16:45.135 : ================== Signature Check ====================
2024-12-10 16:16:45.141 : Author = paul di_Debug_OffLine
2024-12-10 16:16:45.146 : Version = 2024.0718.155524
2024-12-10 16:16:45.151 : ChangeLog = for debug/verify
2024-12-10 16:16:45.156 : Expiration = 2028-06-24
2024-12-10 16:42:51.093 : 
2024-12-10 16:42:51.101 : ================== Signature Check ====================
2024-12-10 16:42:51.106 : Author = paul di_Debug_OffLine
2024-12-10 16:42:51.111 : Version = 2024.0718.155524
2024-12-10 16:42:51.116 : ChangeLog = for debug/verify
2024-12-10 16:42:51.121 : Expiration = 2028-06-24
2024-12-10 16:47:19.433 : 
2024-12-10 16:47:19.440 : ================== Signature Check ====================
2024-12-10 16:47:19.445 : Author = paul di_Debug_OffLine
2024-12-10 16:47:19.451 : Version = 2024.0718.155524
2024-12-10 16:47:19.456 : ChangeLog = for debug/verify
2024-12-10 16:47:19.461 : Expiration = 2028-06-24
2024-12-10 16:53:41.203 : 
2024-12-10 16:53:41.210 : ================== Signature Check ====================
2024-12-10 16:53:41.215 : Author = paul di_Debug_OffLine
2024-12-10 16:53:41.220 : Version = 2024.0718.155524
2024-12-10 16:53:41.225 : ChangeLog = for debug/verify
2024-12-10 16:53:41.230 : Expiration = 2028-06-24
2024-12-10 17:00:34.462 : 
2024-12-10 17:00:34.470 : ================== Signature Check ====================
2024-12-10 17:00:34.478 : Author = paul di_Debug_OffLine
2024-12-10 17:00:34.486 : Version = 2024.0718.155524
2024-12-10 17:00:34.493 : ChangeLog = for debug/verify
2024-12-10 17:00:34.499 : Expiration = 2028-06-24
