2024-11-13 13:11:39.349 : 
2024-11-13 13:11:39.360 : ================== Signature Check ====================
2024-11-13 13:11:39.361 : Author = paul di_Debug_OffLine
2024-11-13 13:11:39.361 : Version = 2024.0718.155524
2024-11-13 13:11:39.362 : ChangeLog = for debug/verify
2024-11-13 13:11:39.362 : Expiration = 2028-06-24
2024-11-13 13:13:37.942 : 
2024-11-13 13:13:37.943 : ================== Signature Check ====================
2024-11-13 13:13:37.943 : Author = paul di_Debug_OffLine
2024-11-13 13:13:37.944 : Version = 2024.0718.155524
2024-11-13 13:13:37.944 : ChangeLog = for debug/verify
2024-11-13 13:13:37.944 : Expiration = 2028-06-24
2024-11-13 13:15:15.429 : 
2024-11-13 13:15:15.431 : ================== Signature Check ====================
2024-11-13 13:15:15.432 : Author = paul di_Debug_OffLine
2024-11-13 13:15:15.432 : Version = 2024.0718.155524
2024-11-13 13:15:15.433 : ChangeLog = for debug/verify
2024-11-13 13:15:15.433 : Expiration = 2028-06-24
2024-11-13 15:20:35.577 : 
2024-11-13 15:20:35.580 : ================== Signature Check ====================
2024-11-13 15:20:35.580 : Author = paul di_Debug_OffLine
2024-11-13 15:20:35.580 : Version = 2024.0718.155524
2024-11-13 15:20:35.581 : ChangeLog = for debug/verify
2024-11-13 15:20:35.581 : Expiration = 2028-06-24
2024-11-13 15:21:16.813 : 
2024-11-13 15:21:16.814 : ================== Signature Check ====================
2024-11-13 15:21:16.815 : Author = paul di_Debug_OffLine
2024-11-13 15:21:16.815 : Version = 2024.0718.155524
2024-11-13 15:21:16.816 : ChangeLog = for debug/verify
2024-11-13 15:21:16.816 : Expiration = 2028-06-24
2024-11-13 15:33:54.786 : 
2024-11-13 15:33:54.787 : ================== Signature Check ====================
2024-11-13 15:33:54.788 : Author = paul di_Debug_OffLine
2024-11-13 15:33:54.788 : Version = 2024.0718.155524
2024-11-13 15:33:54.788 : ChangeLog = for debug/verify
2024-11-13 15:33:54.789 : Expiration = 2028-06-24
2024-11-13 15:34:06.067 : 
2024-11-13 15:34:06.067 : ================== Signature Check ====================
2024-11-13 15:34:06.068 : Author = paul di_Debug_OffLine
2024-11-13 15:34:06.069 : Version = 2024.0718.155524
2024-11-13 15:34:06.069 : ChangeLog = for debug/verify
2024-11-13 15:34:06.069 : Expiration = 2028-06-24
2024-11-13 16:03:25.668 : 
2024-11-13 16:03:25.669 : ================== Signature Check ====================
2024-11-13 16:03:25.670 : Author = paul di_Debug_OffLine
2024-11-13 16:03:25.670 : Version = 2024.0718.155524
2024-11-13 16:03:25.670 : ChangeLog = for debug/verify
2024-11-13 16:03:25.671 : Expiration = 2028-06-24
2024-11-13 16:03:44.567 : 
2024-11-13 16:03:44.568 : ================== Signature Check ====================
2024-11-13 16:03:44.569 : Author = paul di_Debug_OffLine
2024-11-13 16:03:44.569 : Version = 2024.0718.155524
2024-11-13 16:03:44.570 : ChangeLog = for debug/verify
2024-11-13 16:03:44.570 : Expiration = 2028-06-24
2024-11-13 16:04:18.251 : 
2024-11-13 16:04:18.252 : ================== Signature Check ====================
2024-11-13 16:04:18.253 : Author = paul di_Debug_OffLine
2024-11-13 16:04:18.253 : Version = 2024.0718.155524
2024-11-13 16:04:18.254 : ChangeLog = for debug/verify
2024-11-13 16:04:18.254 : Expiration = 2028-06-24
2024-11-13 17:26:37.630 : 
2024-11-13 17:26:37.631 : ================== Signature Check ====================
2024-11-13 17:26:37.631 : Author = paul di_Debug_OffLine
2024-11-13 17:26:37.632 : Version = 2024.0718.155524
2024-11-13 17:26:37.632 : ChangeLog = for debug/verify
2024-11-13 17:26:37.632 : Expiration = 2028-06-24
2024-11-13 19:55:53.226 : 
2024-11-13 19:55:53.226 : ================== Signature Check ====================
2024-11-13 19:55:53.227 : Author = paul di_Debug_OffLine
2024-11-13 19:55:53.228 : Version = 2024.0718.155524
2024-11-13 19:55:53.228 : ChangeLog = for debug/verify
2024-11-13 19:55:53.228 : Expiration = 2028-06-24
2024-11-13 20:50:48.664 : 
2024-11-13 20:50:48.664 : ================== Signature Check ====================
2024-11-13 20:50:48.665 : Author = paul di_Debug_OffLine
2024-11-13 20:50:48.666 : Version = 2024.0718.155524
2024-11-13 20:50:48.666 : ChangeLog = for debug/verify
2024-11-13 20:50:48.666 : Expiration = 2028-06-24
2024-11-13 20:59:28.540 : 
2024-11-13 20:59:28.540 : ================== Signature Check ====================
2024-11-13 20:59:28.541 : Author = paul di_Debug_OffLine
2024-11-13 20:59:28.541 : Version = 2024.0718.155524
2024-11-13 20:59:28.542 : ChangeLog = for debug/verify
2024-11-13 20:59:28.542 : Expiration = 2028-06-24
2024-11-13 21:00:02.081 : 
2024-11-13 21:00:02.082 : ================== Signature Check ====================
2024-11-13 21:00:02.083 : Author = paul di_Debug_OffLine
2024-11-13 21:00:02.083 : Version = 2024.0718.155524
2024-11-13 21:00:02.083 : ChangeLog = for debug/verify
2024-11-13 21:00:02.084 : Expiration = 2028-06-24
2024-11-13 21:03:16.758 : 
2024-11-13 21:03:16.759 : ================== Signature Check ====================
2024-11-13 21:03:16.760 : Author = paul di_Debug_OffLine
2024-11-13 21:03:16.760 : Version = 2024.0718.155524
2024-11-13 21:03:16.761 : ChangeLog = for debug/verify
2024-11-13 21:03:16.761 : Expiration = 2028-06-24
2024-11-13 21:09:38.458 : 
2024-11-13 21:09:38.459 : ================== Signature Check ====================
2024-11-13 21:09:38.460 : Author = paul di_Debug_OffLine
2024-11-13 21:09:38.460 : Version = 2024.0718.155524
2024-11-13 21:09:38.461 : ChangeLog = for debug/verify
2024-11-13 21:09:38.461 : Expiration = 2028-06-24
2024-11-13 21:10:43.938 : 
2024-11-13 21:10:43.939 : ================== Signature Check ====================
2024-11-13 21:10:43.940 : Author = paul di_Debug_OffLine
2024-11-13 21:10:43.940 : Version = 2024.0718.155524
2024-11-13 21:10:43.941 : ChangeLog = for debug/verify
2024-11-13 21:10:43.941 : Expiration = 2028-06-24
2024-11-13 21:12:07.057 : 
2024-11-13 21:12:07.057 : ================== Signature Check ====================
2024-11-13 21:12:07.058 : Author = paul di_Debug_OffLine
2024-11-13 21:12:07.058 : Version = 2024.0718.155524
2024-11-13 21:12:07.059 : ChangeLog = for debug/verify
2024-11-13 21:12:07.059 : Expiration = 2028-06-24
2024-11-13 21:12:51.208 : 
2024-11-13 21:12:51.209 : ================== Signature Check ====================
2024-11-13 21:12:51.210 : Author = paul di_Debug_OffLine
2024-11-13 21:12:51.210 : Version = 2024.0718.155524
2024-11-13 21:12:51.211 : ChangeLog = for debug/verify
2024-11-13 21:12:51.211 : Expiration = 2028-06-24
2024-11-13 21:16:04.401 : 
2024-11-13 21:16:04.401 : ================== Signature Check ====================
2024-11-13 21:16:04.402 : Author = paul di_Debug_OffLine
2024-11-13 21:16:04.402 : Version = 2024.0718.155524
2024-11-13 21:16:04.402 : ChangeLog = for debug/verify
2024-11-13 21:16:04.403 : Expiration = 2028-06-24
2024-11-13 21:16:27.139 : 
2024-11-13 21:16:27.140 : ================== Signature Check ====================
2024-11-13 21:16:27.141 : Author = paul di_Debug_OffLine
2024-11-13 21:16:27.141 : Version = 2024.0718.155524
2024-11-13 21:16:27.141 : ChangeLog = for debug/verify
2024-11-13 21:16:27.142 : Expiration = 2028-06-24
2024-11-13 22:21:32.351 : 
2024-11-13 22:21:32.351 : ================== Signature Check ====================
2024-11-13 22:21:32.352 : Author = paul di_Debug_OffLine
2024-11-13 22:21:32.352 : Version = 2024.0718.155524
2024-11-13 22:21:32.353 : ChangeLog = for debug/verify
2024-11-13 22:21:32.353 : Expiration = 2028-06-24
2024-11-13 22:30:54.740 : 
2024-11-13 22:30:54.741 : ================== Signature Check ====================
2024-11-13 22:30:54.741 : Author = paul di_Debug_OffLine
2024-11-13 22:30:54.742 : Version = 2024.0718.155524
2024-11-13 22:30:54.742 : ChangeLog = for debug/verify
2024-11-13 22:30:54.742 : Expiration = 2028-06-24
2024-11-13 22:31:19.712 : 
2024-11-13 22:31:19.712 : ================== Signature Check ====================
2024-11-13 22:31:19.713 : Author = paul di_Debug_OffLine
2024-11-13 22:31:19.714 : Version = 2024.0718.155524
2024-11-13 22:31:19.714 : ChangeLog = for debug/verify
2024-11-13 22:31:19.714 : Expiration = 2028-06-24
2024-11-13 22:33:26.568 : 
2024-11-13 22:33:26.568 : ================== Signature Check ====================
2024-11-13 22:33:26.569 : Author = paul di_Debug_OffLine
2024-11-13 22:33:26.569 : Version = 2024.0718.155524
2024-11-13 22:33:26.569 : ChangeLog = for debug/verify
2024-11-13 22:33:26.569 : Expiration = 2028-06-24
2024-11-13 22:33:40.583 : 
2024-11-13 22:33:40.584 : ================== Signature Check ====================
2024-11-13 22:33:40.585 : Author = paul di_Debug_OffLine
2024-11-13 22:33:40.585 : Version = 2024.0718.155524
2024-11-13 22:33:40.586 : ChangeLog = for debug/verify
2024-11-13 22:33:40.586 : Expiration = 2028-06-24
2024-11-13 22:39:20.645 : 
2024-11-13 22:39:20.646 : ================== Signature Check ====================
2024-11-13 22:39:20.646 : Author = paul di_Debug_OffLine
2024-11-13 22:39:20.646 : Version = 2024.0718.155524
2024-11-13 22:39:20.647 : ChangeLog = for debug/verify
2024-11-13 22:39:20.647 : Expiration = 2028-06-24
2024-11-13 22:39:56.734 : 
2024-11-13 22:39:56.735 : ================== Signature Check ====================
2024-11-13 22:39:56.735 : Author = paul di_Debug_OffLine
2024-11-13 22:39:56.736 : Version = 2024.0718.155524
2024-11-13 22:39:56.736 : ChangeLog = for debug/verify
2024-11-13 22:39:56.736 : Expiration = 2028-06-24
2024-11-13 22:41:39.735 : 
2024-11-13 22:41:39.736 : ================== Signature Check ====================
2024-11-13 22:41:39.736 : Author = paul di_Debug_OffLine
2024-11-13 22:41:39.737 : Version = 2024.0718.155524
2024-11-13 22:41:39.737 : ChangeLog = for debug/verify
2024-11-13 22:41:39.737 : Expiration = 2028-06-24
2024-11-13 22:42:11.740 : 
2024-11-13 22:42:11.741 : ================== Signature Check ====================
2024-11-13 22:42:11.742 : Author = paul di_Debug_OffLine
2024-11-13 22:42:11.742 : Version = 2024.0718.155524
2024-11-13 22:42:11.742 : ChangeLog = for debug/verify
2024-11-13 22:42:11.743 : Expiration = 2028-06-24
2024-11-13 22:44:13.622 : 
2024-11-13 22:44:13.622 : ================== Signature Check ====================
2024-11-13 22:44:13.623 : Author = paul di_Debug_OffLine
2024-11-13 22:44:13.623 : Version = 2024.0718.155524
2024-11-13 22:44:13.623 : ChangeLog = for debug/verify
2024-11-13 22:44:13.623 : Expiration = 2028-06-24
