2024-11-16 18:49:56.985 : 
2024-11-16 18:49:56.986 : ================== Signature Check ====================
2024-11-16 18:49:56.987 : Author = paul di_Debug_OffLine
2024-11-16 18:49:56.987 : Version = 2024.0718.155524
2024-11-16 18:49:56.987 : ChangeLog = for debug/verify
2024-11-16 18:49:56.987 : Expiration = 2028-06-24
2024-11-16 20:41:14.416 : 
2024-11-16 20:41:14.416 : ================== Signature Check ====================
2024-11-16 20:41:14.417 : Author = paul di_Debug_OffLine
2024-11-16 20:41:14.417 : Version = 2024.0718.155524
2024-11-16 20:41:14.417 : ChangeLog = for debug/verify
2024-11-16 20:41:14.417 : Expiration = 2028-06-24
2024-11-16 20:42:09.283 : 
2024-11-16 20:42:09.284 : ================== Signature Check ====================
2024-11-16 20:42:09.285 : Author = paul di_Debug_OffLine
2024-11-16 20:42:09.285 : Version = 2024.0718.155524
2024-11-16 20:42:09.285 : ChangeLog = for debug/verify
2024-11-16 20:42:09.285 : Expiration = 2028-06-24
2024-11-16 20:45:00.053 : 
2024-11-16 20:45:00.053 : ================== Signature Check ====================
2024-11-16 20:45:00.054 : Author = paul di_Debug_OffLine
2024-11-16 20:45:00.054 : Version = 2024.0718.155524
2024-11-16 20:45:00.054 : ChangeLog = for debug/verify
2024-11-16 20:45:00.054 : Expiration = 2028-06-24
2024-11-16 21:00:46.591 : 
2024-11-16 21:00:46.592 : ================== Signature Check ====================
2024-11-16 21:00:46.593 : Author = paul di_Debug_OffLine
2024-11-16 21:00:46.593 : Version = 2024.0718.155524
2024-11-16 21:00:46.593 : ChangeLog = for debug/verify
2024-11-16 21:00:46.593 : Expiration = 2028-06-24
2024-11-16 21:05:39.434 : 
2024-11-16 21:05:39.434 : ================== Signature Check ====================
2024-11-16 21:05:39.435 : Author = paul di_Debug_OffLine
2024-11-16 21:05:39.435 : Version = 2024.0718.155524
2024-11-16 21:05:39.435 : ChangeLog = for debug/verify
2024-11-16 21:05:39.435 : Expiration = 2028-06-24
2024-11-16 21:49:55.650 : 
2024-11-16 21:49:55.651 : ================== Signature Check ====================
2024-11-16 21:49:55.652 : Author = paul di_Debug_OffLine
2024-11-16 21:49:55.652 : Version = 2024.0718.155524
2024-11-16 21:49:55.652 : ChangeLog = for debug/verify
2024-11-16 21:49:55.652 : Expiration = 2028-06-24
2024-11-16 21:52:50.055 : 
2024-11-16 21:52:50.056 : ================== Signature Check ====================
2024-11-16 21:52:50.057 : Author = paul di_Debug_OffLine
2024-11-16 21:52:50.057 : Version = 2024.0718.155524
2024-11-16 21:52:50.057 : ChangeLog = for debug/verify
2024-11-16 21:52:50.057 : Expiration = 2028-06-24
