2024-12-02 09:12:48.928 : 
2024-12-02 09:12:48.941 : ================== Signature Check ====================
2024-12-02 09:12:48.947 : Author = paul di_Debug_OffLine
2024-12-02 09:12:48.952 : Version = 2024.0718.155524
2024-12-02 09:12:48.957 : ChangeLog = for debug/verify
2024-12-02 09:12:48.962 : Expiration = 2028-06-24
2024-12-02 09:25:49.498 : 
2024-12-02 09:25:49.503 : ================== Signature Check ====================
2024-12-02 09:25:49.508 : Author = paul di_Debug_OffLine
2024-12-02 09:25:49.512 : Version = 2024.0718.155524
2024-12-02 09:25:49.515 : ChangeLog = for debug/verify
2024-12-02 09:25:49.519 : Expiration = 2028-06-24
2024-12-02 09:27:47.644 : 
2024-12-02 09:27:47.650 : ================== Signature Check ====================
2024-12-02 09:27:47.655 : Author = paul di_Debug_OffLine
2024-12-02 09:27:47.659 : Version = 2024.0718.155524
2024-12-02 09:27:47.663 : ChangeLog = for debug/verify
2024-12-02 09:27:47.668 : Expiration = 2028-06-24
2024-12-02 09:30:06.037 : 
2024-12-02 09:30:06.043 : ================== Signature Check ====================
2024-12-02 09:30:06.048 : Author = paul di_Debug_OffLine
2024-12-02 09:30:06.052 : Version = 2024.0718.155524
2024-12-02 09:30:06.057 : ChangeLog = for debug/verify
2024-12-02 09:30:06.062 : Expiration = 2028-06-24
2024-12-02 09:31:29.212 : 
2024-12-02 09:31:29.219 : ================== Signature Check ====================
2024-12-02 09:31:29.224 : Author = paul di_Debug_OffLine
2024-12-02 09:31:29.229 : Version = 2024.0718.155524
2024-12-02 09:31:29.234 : ChangeLog = for debug/verify
2024-12-02 09:31:29.240 : Expiration = 2028-06-24
2024-12-02 09:34:31.690 : 
2024-12-02 09:34:31.699 : ================== Signature Check ====================
2024-12-02 09:34:31.705 : Author = paul di_Debug_OffLine
2024-12-02 09:34:31.710 : Version = 2024.0718.155524
2024-12-02 09:34:31.715 : ChangeLog = for debug/verify
2024-12-02 09:34:31.720 : Expiration = 2028-06-24
2024-12-02 09:41:40.058 : 
2024-12-02 09:41:40.064 : ================== Signature Check ====================
2024-12-02 09:41:40.070 : Author = paul di_Debug_OffLine
2024-12-02 09:41:40.075 : Version = 2024.0718.155524
2024-12-02 09:41:40.080 : ChangeLog = for debug/verify
2024-12-02 09:41:40.085 : Expiration = 2028-06-24
2024-12-02 09:49:16.128 : 
2024-12-02 09:49:16.134 : ================== Signature Check ====================
2024-12-02 09:49:16.139 : Author = paul di_Debug_OffLine
2024-12-02 09:49:16.144 : Version = 2024.0718.155524
2024-12-02 09:49:16.148 : ChangeLog = for debug/verify
2024-12-02 09:49:16.153 : Expiration = 2028-06-24
2024-12-02 09:50:37.168 : 
2024-12-02 09:50:37.174 : ================== Signature Check ====================
2024-12-02 09:50:37.179 : Author = paul di_Debug_OffLine
2024-12-02 09:50:37.184 : Version = 2024.0718.155524
2024-12-02 09:50:37.189 : ChangeLog = for debug/verify
2024-12-02 09:50:37.194 : Expiration = 2028-06-24
2024-12-02 09:54:23.708 : 
2024-12-02 09:54:23.714 : ================== Signature Check ====================
2024-12-02 09:54:23.720 : Author = paul di_Debug_OffLine
2024-12-02 09:54:23.725 : Version = 2024.0718.155524
2024-12-02 09:54:23.730 : ChangeLog = for debug/verify
2024-12-02 09:54:23.735 : Expiration = 2028-06-24
2024-12-02 10:11:26.936 : 
2024-12-02 10:11:26.943 : ================== Signature Check ====================
2024-12-02 10:11:26.949 : Author = paul di_Debug_OffLine
2024-12-02 10:11:26.954 : Version = 2024.0718.155524
2024-12-02 10:11:26.959 : ChangeLog = for debug/verify
2024-12-02 10:11:26.965 : Expiration = 2028-06-24
2024-12-02 10:12:54.388 : 
2024-12-02 10:12:54.395 : ================== Signature Check ====================
2024-12-02 10:12:54.400 : Author = paul di_Debug_OffLine
2024-12-02 10:12:54.405 : Version = 2024.0718.155524
2024-12-02 10:12:54.410 : ChangeLog = for debug/verify
2024-12-02 10:12:54.415 : Expiration = 2028-06-24
2024-12-02 10:14:15.596 : 
2024-12-02 10:14:15.604 : ================== Signature Check ====================
2024-12-02 10:14:15.609 : Author = paul di_Debug_OffLine
2024-12-02 10:14:15.615 : Version = 2024.0718.155524
2024-12-02 10:14:15.621 : ChangeLog = for debug/verify
2024-12-02 10:14:15.627 : Expiration = 2028-06-24
2024-12-02 10:21:49.514 : 
2024-12-02 10:21:49.521 : ================== Signature Check ====================
2024-12-02 10:21:49.526 : Author = paul di_Debug_OffLine
2024-12-02 10:21:49.532 : Version = 2024.0718.155524
2024-12-02 10:21:49.537 : ChangeLog = for debug/verify
2024-12-02 10:21:49.542 : Expiration = 2028-06-24
2024-12-02 10:23:28.691 : 
2024-12-02 10:23:28.697 : ================== Signature Check ====================
2024-12-02 10:23:28.704 : Author = paul di_Debug_OffLine
2024-12-02 10:23:28.709 : Version = 2024.0718.155524
2024-12-02 10:23:28.715 : ChangeLog = for debug/verify
2024-12-02 10:23:28.721 : Expiration = 2028-06-24
2024-12-02 10:26:10.723 : 
2024-12-02 10:26:10.730 : ================== Signature Check ====================
2024-12-02 10:26:10.736 : Author = paul di_Debug_OffLine
2024-12-02 10:26:10.741 : Version = 2024.0718.155524
2024-12-02 10:26:10.747 : ChangeLog = for debug/verify
2024-12-02 10:26:10.752 : Expiration = 2028-06-24
2024-12-02 10:27:12.941 : 
2024-12-02 10:27:12.950 : ================== Signature Check ====================
2024-12-02 10:27:12.956 : Author = paul di_Debug_OffLine
2024-12-02 10:27:12.961 : Version = 2024.0718.155524
2024-12-02 10:27:12.966 : ChangeLog = for debug/verify
2024-12-02 10:27:12.972 : Expiration = 2028-06-24
2024-12-02 10:29:12.716 : 
2024-12-02 10:29:12.723 : ================== Signature Check ====================
2024-12-02 10:29:12.728 : Author = paul di_Debug_OffLine
2024-12-02 10:29:12.734 : Version = 2024.0718.155524
2024-12-02 10:29:12.739 : ChangeLog = for debug/verify
2024-12-02 10:29:12.744 : Expiration = 2028-06-24
2024-12-02 10:31:53.805 : 
2024-12-02 10:31:53.811 : ================== Signature Check ====================
2024-12-02 10:31:53.817 : Author = paul di_Debug_OffLine
2024-12-02 10:31:53.822 : Version = 2024.0718.155524
2024-12-02 10:31:53.827 : ChangeLog = for debug/verify
2024-12-02 10:31:53.832 : Expiration = 2028-06-24
2024-12-02 10:36:44.899 : 
2024-12-02 10:36:44.906 : ================== Signature Check ====================
2024-12-02 10:36:44.911 : Author = paul di_Debug_OffLine
2024-12-02 10:36:44.916 : Version = 2024.0718.155524
2024-12-02 10:36:44.922 : ChangeLog = for debug/verify
2024-12-02 10:36:44.927 : Expiration = 2028-06-24
2024-12-02 10:41:01.375 : 
2024-12-02 10:41:01.382 : ================== Signature Check ====================
2024-12-02 10:41:01.390 : Author = paul di_Debug_OffLine
2024-12-02 10:41:01.399 : Version = 2024.0718.155524
2024-12-02 10:41:01.406 : ChangeLog = for debug/verify
2024-12-02 10:41:01.412 : Expiration = 2028-06-24
2024-12-02 10:47:35.314 : 
2024-12-02 10:47:35.324 : ================== Signature Check ====================
2024-12-02 10:47:35.330 : Author = paul di_Debug_OffLine
2024-12-02 10:47:35.336 : Version = 2024.0718.155524
2024-12-02 10:47:35.341 : ChangeLog = for debug/verify
2024-12-02 10:47:35.347 : Expiration = 2028-06-24
2024-12-02 11:03:01.840 : 
2024-12-02 11:03:01.847 : ================== Signature Check ====================
2024-12-02 11:03:01.852 : Author = paul di_Debug_OffLine
2024-12-02 11:03:01.858 : Version = 2024.0718.155524
2024-12-02 11:03:01.863 : ChangeLog = for debug/verify
2024-12-02 11:03:01.868 : Expiration = 2028-06-24
2024-12-02 11:04:37.974 : 
2024-12-02 11:04:37.985 : ================== Signature Check ====================
2024-12-02 11:04:37.991 : Author = paul di_Debug_OffLine
2024-12-02 11:04:37.995 : Version = 2024.0718.155524
2024-12-02 11:04:38.001 : ChangeLog = for debug/verify
2024-12-02 11:04:38.006 : Expiration = 2028-06-24
2024-12-02 11:05:40.825 : 
2024-12-02 11:05:40.831 : ================== Signature Check ====================
2024-12-02 11:05:40.837 : Author = paul di_Debug_OffLine
2024-12-02 11:05:40.842 : Version = 2024.0718.155524
2024-12-02 11:05:40.847 : ChangeLog = for debug/verify
2024-12-02 11:05:40.853 : Expiration = 2028-06-24
2024-12-02 11:06:49.566 : 
2024-12-02 11:06:49.574 : ================== Signature Check ====================
2024-12-02 11:06:49.579 : Author = paul di_Debug_OffLine
2024-12-02 11:06:49.585 : Version = 2024.0718.155524
2024-12-02 11:06:49.590 : ChangeLog = for debug/verify
2024-12-02 11:06:49.596 : Expiration = 2028-06-24
2024-12-02 11:08:28.800 : 
2024-12-02 11:08:28.806 : ================== Signature Check ====================
2024-12-02 11:08:28.812 : Author = paul di_Debug_OffLine
2024-12-02 11:08:28.817 : Version = 2024.0718.155524
2024-12-02 11:08:28.822 : ChangeLog = for debug/verify
2024-12-02 11:08:28.828 : Expiration = 2028-06-24
2024-12-02 11:10:54.734 : 
2024-12-02 11:10:54.741 : ================== Signature Check ====================
2024-12-02 11:10:54.746 : Author = paul di_Debug_OffLine
2024-12-02 11:10:54.752 : Version = 2024.0718.155524
2024-12-02 11:10:54.757 : ChangeLog = for debug/verify
2024-12-02 11:10:54.762 : Expiration = 2028-06-24
2024-12-02 11:13:41.027 : 
2024-12-02 11:13:41.034 : ================== Signature Check ====================
2024-12-02 11:13:41.040 : Author = paul di_Debug_OffLine
2024-12-02 11:13:41.045 : Version = 2024.0718.155524
2024-12-02 11:13:41.050 : ChangeLog = for debug/verify
2024-12-02 11:13:41.055 : Expiration = 2028-06-24
2024-12-02 11:15:04.368 : 
2024-12-02 11:15:04.374 : ================== Signature Check ====================
2024-12-02 11:15:04.380 : Author = paul di_Debug_OffLine
2024-12-02 11:15:04.386 : Version = 2024.0718.155524
2024-12-02 11:15:04.396 : ChangeLog = for debug/verify
2024-12-02 11:15:04.401 : Expiration = 2028-06-24
2024-12-02 11:16:14.235 : 
2024-12-02 11:16:14.244 : ================== Signature Check ====================
2024-12-02 11:16:14.251 : Author = paul di_Debug_OffLine
2024-12-02 11:16:14.257 : Version = 2024.0718.155524
2024-12-02 11:16:14.262 : ChangeLog = for debug/verify
2024-12-02 11:16:14.268 : Expiration = 2028-06-24
2024-12-02 11:36:46.913 : 
2024-12-02 11:36:46.920 : ================== Signature Check ====================
2024-12-02 11:36:46.926 : Author = paul di_Debug_OffLine
2024-12-02 11:36:46.931 : Version = 2024.0718.155524
2024-12-02 11:36:46.937 : ChangeLog = for debug/verify
2024-12-02 11:36:46.942 : Expiration = 2028-06-24
2024-12-02 11:40:42.230 : 
2024-12-02 11:40:42.239 : ================== Signature Check ====================
2024-12-02 11:40:42.245 : Author = paul di_Debug_OffLine
2024-12-02 11:40:42.250 : Version = 2024.0718.155524
2024-12-02 11:40:42.255 : ChangeLog = for debug/verify
2024-12-02 11:40:42.260 : Expiration = 2028-06-24
2024-12-02 11:46:10.300 : 
2024-12-02 11:46:10.309 : ================== Signature Check ====================
2024-12-02 11:46:10.316 : Author = paul di_Debug_OffLine
2024-12-02 11:46:10.321 : Version = 2024.0718.155524
2024-12-02 11:46:10.326 : ChangeLog = for debug/verify
2024-12-02 11:46:10.332 : Expiration = 2028-06-24
2024-12-02 11:56:08.185 : 
2024-12-02 11:56:08.192 : ================== Signature Check ====================
2024-12-02 11:56:08.198 : Author = paul di_Debug_OffLine
2024-12-02 11:56:08.203 : Version = 2024.0718.155524
2024-12-02 11:56:08.209 : ChangeLog = for debug/verify
2024-12-02 11:56:08.215 : Expiration = 2028-06-24
2024-12-02 13:15:06.040 : 
2024-12-02 13:15:06.047 : ================== Signature Check ====================
2024-12-02 13:15:06.052 : Author = paul di_Debug_OffLine
2024-12-02 13:15:06.058 : Version = 2024.0718.155524
2024-12-02 13:15:06.064 : ChangeLog = for debug/verify
2024-12-02 13:15:06.070 : Expiration = 2028-06-24
2024-12-02 13:16:34.897 : 
2024-12-02 13:16:34.924 : ================== Signature Check ====================
2024-12-02 13:16:34.934 : Author = paul di_Debug_OffLine
2024-12-02 13:16:34.946 : Version = 2024.0718.155524
2024-12-02 13:16:34.954 : ChangeLog = for debug/verify
2024-12-02 13:16:34.960 : Expiration = 2028-06-24
2024-12-02 13:24:41.475 : 
2024-12-02 13:24:41.482 : ================== Signature Check ====================
2024-12-02 13:24:41.488 : Author = paul di
2024-12-02 13:24:41.493 : Version = 2024.0718.155524
2024-12-02 13:24:41.498 : ChangeLog = Achieve_20240718_1555 x64.
2024-12-02 13:24:41.503 : Expiration = 2028-06-24
2024-12-02 13:24:41.509 : Checked Files = 1
2024-12-02 13:24:41.515 : 
2024-12-02 13:24:41.521 : ------- Compare MD5 -------
2024-12-02 13:24:41.526 : Local Root = D:\tmp\Barista_DUT_2up_dual_new_command_20241201_mes_fail_stop_qdf_clean\
2024-12-02 13:24;41.533 : D:\tmp\Barista_DUT_2up_dual_new_command_20241201_mes_fail_stop_qdf_clean\Caesar.exe
2024-12-02 13:24;41.534 : MD5 = bf17e9a91e2b6cf3697fc549ea251b33  Pass

2024-12-02 13:24:41.540 : seconds = 0.0249333
2024-12-02 13:24:41.545 : ------- Compare MD5 Done -------
2024-12-02 13:28:34.592 : 
2024-12-02 13:28:34.599 : ================== Signature Check ====================
2024-12-02 13:28:34.605 : Author = paul di
2024-12-02 13:28:34.610 : Version = 2024.0718.155524
2024-12-02 13:28:34.615 : ChangeLog = Achieve_20240718_1555 x64.
2024-12-02 13:28:34.620 : Expiration = 2028-06-24
2024-12-02 13:28:34.625 : Checked Files = 1
2024-12-02 13:28:34.630 : 
2024-12-02 13:28:34.635 : ------- Compare MD5 -------
2024-12-02 13:28:34.640 : Local Root = D:\tmp\Barista_DUT_2up_dual_new_command_20241201_mes_fail_stop_qdf_clean\
2024-12-02 13:28;34.645 : D:\tmp\Barista_DUT_2up_dual_new_command_20241201_mes_fail_stop_qdf_clean\Caesar.exe
2024-12-02 13:28;34.646 : MD5 = bf17e9a91e2b6cf3697fc549ea251b33  Pass

2024-12-02 13:28:34.651 : seconds = 0.0209439
2024-12-02 13:28:34.656 : ------- Compare MD5 Done -------
2024-12-02 16:26:37.150 : 
2024-12-02 16:26:37.157 : ================== Signature Check ====================
2024-12-02 16:26:37.163 : Author = paul di_Debug_OffLine
2024-12-02 16:26:37.168 : Version = 2024.0718.155524
2024-12-02 16:26:37.173 : ChangeLog = for debug/verify
2024-12-02 16:26:37.178 : Expiration = 2028-06-24
2024-12-02 16:42:56.784 : 
2024-12-02 16:42:56.804 : ================== Signature Check ====================
2024-12-02 16:42:56.810 : Author = paul di_Debug_OffLine
2024-12-02 16:42:56.816 : Version = 2024.0718.155524
2024-12-02 16:42:56.821 : ChangeLog = for debug/verify
2024-12-02 16:42:56.826 : Expiration = 2028-06-24
2024-12-02 16:44:36.594 : 
2024-12-02 16:44:36.616 : ================== Signature Check ====================
2024-12-02 16:44:36.622 : Author = paul di_Debug_OffLine
2024-12-02 16:44:36.627 : Version = 2024.0718.155524
2024-12-02 16:44:36.633 : ChangeLog = for debug/verify
2024-12-02 16:44:36.638 : Expiration = 2028-06-24
2024-12-02 16:50:36.258 : 
2024-12-02 16:50:36.274 : ================== Signature Check ====================
2024-12-02 16:50:36.280 : Author = paul di_Debug_OffLine
2024-12-02 16:50:36.286 : Version = 2024.0718.155524
2024-12-02 16:50:36.291 : ChangeLog = for debug/verify
2024-12-02 16:50:36.298 : Expiration = 2028-06-24
2024-12-02 16:54:33.420 : 
2024-12-02 16:54:33.441 : ================== Signature Check ====================
2024-12-02 16:54:33.447 : Author = paul di_Debug_OffLine
2024-12-02 16:54:33.452 : Version = 2024.0718.155524
2024-12-02 16:54:33.458 : ChangeLog = for debug/verify
2024-12-02 16:54:33.464 : Expiration = 2028-06-24
2024-12-02 16:55:37.907 : 
2024-12-02 16:55:37.914 : ================== Signature Check ====================
2024-12-02 16:55:37.920 : Author = paul di_Debug_OffLine
2024-12-02 16:55:37.926 : Version = 2024.0718.155524
2024-12-02 16:55:37.931 : ChangeLog = for debug/verify
2024-12-02 16:55:37.937 : Expiration = 2028-06-24
2024-12-02 16:56:43.895 : 
2024-12-02 16:56:43.902 : ================== Signature Check ====================
2024-12-02 16:56:43.907 : Author = paul di_Debug_OffLine
2024-12-02 16:56:43.913 : Version = 2024.0718.155524
2024-12-02 16:56:43.918 : ChangeLog = for debug/verify
2024-12-02 16:56:43.924 : Expiration = 2028-06-24
2024-12-02 17:04:40.195 : 
2024-12-02 17:04:40.212 : ================== Signature Check ====================
2024-12-02 17:04:40.218 : Author = paul di_Debug_OffLine
2024-12-02 17:04:40.223 : Version = 2024.0718.155524
2024-12-02 17:04:40.229 : ChangeLog = for debug/verify
2024-12-02 17:04:40.238 : Expiration = 2028-06-24
2024-12-02 17:05:18.747 : 
2024-12-02 17:05:18.754 : ================== Signature Check ====================
2024-12-02 17:05:18.761 : Author = paul di_Debug_OffLine
2024-12-02 17:05:18.766 : Version = 2024.0718.155524
2024-12-02 17:05:18.772 : ChangeLog = for debug/verify
2024-12-02 17:05:18.777 : Expiration = 2028-06-24
2024-12-02 17:21:02.178 : 
2024-12-02 17:21:02.205 : ================== Signature Check ====================
2024-12-02 17:21:02.211 : Author = paul di_Debug_OffLine
2024-12-02 17:21:02.217 : Version = 2024.0718.155524
2024-12-02 17:21:02.222 : ChangeLog = for debug/verify
2024-12-02 17:21:02.228 : Expiration = 2028-06-24
2024-12-02 17:22:22.128 : 
2024-12-02 17:22:22.135 : ================== Signature Check ====================
2024-12-02 17:22:22.141 : Author = paul di_Debug_OffLine
2024-12-02 17:22:22.146 : Version = 2024.0718.155524
2024-12-02 17:22:22.151 : ChangeLog = for debug/verify
2024-12-02 17:22:22.156 : Expiration = 2028-06-24
2024-12-02 17:23:30.260 : 
2024-12-02 17:23:30.267 : ================== Signature Check ====================
2024-12-02 17:23:30.272 : Author = paul di_Debug_OffLine
2024-12-02 17:23:30.278 : Version = 2024.0718.155524
2024-12-02 17:23:30.283 : ChangeLog = for debug/verify
2024-12-02 17:23:30.289 : Expiration = 2028-06-24
2024-12-02 17:28:47.603 : 
2024-12-02 17:28:47.610 : ================== Signature Check ====================
2024-12-02 17:28:47.615 : Author = paul di_Debug_OffLine
2024-12-02 17:28:47.621 : Version = 2024.0718.155524
2024-12-02 17:28:47.625 : ChangeLog = for debug/verify
2024-12-02 17:28:47.631 : Expiration = 2028-06-24
2024-12-02 17:32:44.321 : 
2024-12-02 17:32:44.328 : ================== Signature Check ====================
2024-12-02 17:32:44.333 : Author = paul di_Debug_OffLine
2024-12-02 17:32:44.339 : Version = 2024.0718.155524
2024-12-02 17:32:44.347 : ChangeLog = for debug/verify
2024-12-02 17:32:44.353 : Expiration = 2028-06-24
2024-12-02 17:36:50.152 : 
2024-12-02 17:36:50.159 : ================== Signature Check ====================
2024-12-02 17:36:50.164 : Author = paul di_Debug_OffLine
2024-12-02 17:36:50.169 : Version = 2024.0718.155524
2024-12-02 17:36:50.175 : ChangeLog = for debug/verify
2024-12-02 17:36:50.181 : Expiration = 2028-06-24
2024-12-02 17:41:04.161 : 
2024-12-02 17:41:04.167 : ================== Signature Check ====================
2024-12-02 17:41:04.174 : Author = paul di_Debug_OffLine
2024-12-02 17:41:04.180 : Version = 2024.0718.155524
2024-12-02 17:41:04.186 : ChangeLog = for debug/verify
2024-12-02 17:41:04.193 : Expiration = 2028-06-24
2024-12-02 18:08:13.068 : 
2024-12-02 18:08:13.075 : ================== Signature Check ====================
2024-12-02 18:08:13.080 : Author = paul di
2024-12-02 18:08:13.086 : Version = 2024.0718.155524
2024-12-02 18:08:13.091 : ChangeLog = Achieve_20240718_1555 x64.
2024-12-02 18:08:13.096 : Expiration = 2028-06-24
2024-12-02 18:08:13.101 : Checked Files = 1
2024-12-02 18:08:13.107 : 
2024-12-02 18:08:13.112 : ------- Compare MD5 -------
2024-12-02 18:08:13.118 : Local Root = D:\tmp\Barista_DUT_2up_dual_new_command_20241202_mes_fail_stop_qdf_clean\
2024-12-02 18:08;13.124 : D:\tmp\Barista_DUT_2up_dual_new_command_20241202_mes_fail_stop_qdf_clean\Caesar.exe
2024-12-02 18:08;13.126 : MD5 = bf17e9a91e2b6cf3697fc549ea251b33  Pass

2024-12-02 18:08:13.131 : seconds = 0.0239361
2024-12-02 18:08:13.137 : ------- Compare MD5 Done -------
2024-12-02 18:09:14.901 : 
2024-12-02 18:09:14.907 : ================== Signature Check ====================
2024-12-02 18:09:15.114 : Author = paul di
2024-12-02 18:09:15.120 : Version = 2024.0718.155524
2024-12-02 18:09:15.126 : ChangeLog = Achieve_20240718_1555 x64.
2024-12-02 18:09:15.132 : Expiration = 2028-06-24
2024-12-02 18:09:15.137 : Checked Files = 1
2024-12-02 18:09:15.142 : 
2024-12-02 18:09:15.147 : ------- Compare MD5 -------
2024-12-02 18:09:15.152 : Local Root = D:\tmp\Barista_DUT_2up_dual_new_command_20241202_mes_fail_stop_qdf_clean\
2024-12-02 18:09;15.157 : D:\tmp\Barista_DUT_2up_dual_new_command_20241202_mes_fail_stop_qdf_clean\Caesar.exe
2024-12-02 18:09;15.158 : MD5 = bf17e9a91e2b6cf3697fc549ea251b33  Pass

2024-12-02 18:09:15.163 : seconds = 0.0209443
2024-12-02 18:09:15.166 : ------- Compare MD5 Done -------
2024-12-02 18:10:47.210 : 
2024-12-02 18:10:47.217 : ================== Signature Check ====================
2024-12-02 18:10:47.222 : Author = paul di
2024-12-02 18:10:47.228 : Version = 2024.0718.155524
2024-12-02 18:10:47.234 : ChangeLog = Achieve_20240718_1555 x64.
2024-12-02 18:10:47.240 : Expiration = 2028-06-24
2024-12-02 18:10:47.246 : Checked Files = 1
2024-12-02 18:10:47.251 : 
2024-12-02 18:10:47.256 : ------- Compare MD5 -------
2024-12-02 18:10:47.262 : Local Root = D:\tmp\Barista_DUT_2up_dual_new_command_20241202_mes_fail_stop_qdf_clean\
2024-12-02 18:10;47.267 : D:\tmp\Barista_DUT_2up_dual_new_command_20241202_mes_fail_stop_qdf_clean\Caesar.exe
2024-12-02 18:10;47.268 : MD5 = bf17e9a91e2b6cf3697fc549ea251b33  Pass

2024-12-02 18:10:47.273 : seconds = 0.0219414
2024-12-02 18:10:47.278 : ------- Compare MD5 Done -------
2024-12-02 18:11:59.336 : 
2024-12-02 18:11:59.343 : ================== Signature Check ====================
2024-12-02 18:11:59.349 : Author = paul di
2024-12-02 18:11:59.355 : Version = 2024.0718.155524
2024-12-02 18:11:59.361 : ChangeLog = Achieve_20240718_1555 x64.
2024-12-02 18:11:59.367 : Expiration = 2028-06-24
2024-12-02 18:11:59.372 : Checked Files = 1
2024-12-02 18:11:59.377 : 
2024-12-02 18:11:59.382 : ------- Compare MD5 -------
2024-12-02 18:11:59.388 : Local Root = D:\tmp\Barista_DUT_2up_dual_new_command_20241202_mes_fail_stop_qdf_clean\
2024-12-02 18:11;59.393 : D:\tmp\Barista_DUT_2up_dual_new_command_20241202_mes_fail_stop_qdf_clean\Caesar.exe
2024-12-02 18:11;59.395 : MD5 = bf17e9a91e2b6cf3697fc549ea251b33  Pass

2024-12-02 18:11:59.402 : seconds = 0.0249335
2024-12-02 18:11:59.407 : ------- Compare MD5 Done -------
2024-12-02 18:13:06.807 : 
2024-12-02 18:13:06.813 : ================== Signature Check ====================
2024-12-02 18:13:06.819 : Author = paul di
2024-12-02 18:13:06.825 : Version = 2024.0718.155524
2024-12-02 18:13:06.831 : ChangeLog = Achieve_20240718_1555 x64.
2024-12-02 18:13:06.837 : Expiration = 2028-06-24
2024-12-02 18:13:06.842 : Checked Files = 1
2024-12-02 18:13:06.847 : 
2024-12-02 18:13:06.852 : ------- Compare MD5 -------
2024-12-02 18:13:06.857 : Local Root = D:\tmp\Barista_DUT_2up_dual_new_command_20241202_mes_fail_stop_qdf_clean\
2024-12-02 18:13;06.863 : D:\tmp\Barista_DUT_2up_dual_new_command_20241202_mes_fail_stop_qdf_clean\Caesar.exe
2024-12-02 18:13;06.864 : MD5 = bf17e9a91e2b6cf3697fc549ea251b33  Pass

2024-12-02 18:13:06.869 : seconds = 0.0219412
2024-12-02 18:13:06.875 : ------- Compare MD5 Done -------
2024-12-02 18:14:40.163 : 
2024-12-02 18:14:40.169 : ================== Signature Check ====================
2024-12-02 18:14:40.175 : Author = paul di
2024-12-02 18:14:40.180 : Version = 2024.0718.155524
2024-12-02 18:14:40.186 : ChangeLog = Achieve_20240718_1555 x64.
2024-12-02 18:14:40.191 : Expiration = 2028-06-24
2024-12-02 18:14:40.196 : Checked Files = 1
2024-12-02 18:14:40.201 : 
2024-12-02 18:14:40.206 : ------- Compare MD5 -------
2024-12-02 18:14:40.211 : Local Root = D:\tmp\Barista_DUT_2up_dual_new_command_20241202_mes_fail_stop_qdf_clean\
2024-12-02 18:14;40.216 : D:\tmp\Barista_DUT_2up_dual_new_command_20241202_mes_fail_stop_qdf_clean\Caesar.exe
2024-12-02 18:14;40.217 : MD5 = bf17e9a91e2b6cf3697fc549ea251b33  Pass

2024-12-02 18:14:40.222 : seconds = 0.0209439
2024-12-02 18:14:40.228 : ------- Compare MD5 Done -------
2024-12-02 18:18:09.524 : 
2024-12-02 18:18:09.531 : ================== Signature Check ====================
2024-12-02 18:18:09.537 : Author = paul di
2024-12-02 18:18:09.542 : Version = 2024.0718.155524
2024-12-02 18:18:09.548 : ChangeLog = Achieve_20240718_1555 x64.
2024-12-02 18:18:09.554 : Expiration = 2028-06-24
2024-12-02 18:18:09.559 : Checked Files = 1
2024-12-02 18:18:09.563 : 
2024-12-02 18:18:09.568 : ------- Compare MD5 -------
2024-12-02 18:18:09.574 : Local Root = D:\tmp\Barista_DUT_2up_dual_new_command_20241202_mes_fail_stop_qdf_clean\
2024-12-02 18:18;09.580 : D:\tmp\Barista_DUT_2up_dual_new_command_20241202_mes_fail_stop_qdf_clean\Caesar.exe
2024-12-02 18:18;09.582 : MD5 = bf17e9a91e2b6cf3697fc549ea251b33  Pass

2024-12-02 18:18:09.588 : seconds = 0.0249334
2024-12-02 18:18:09.594 : ------- Compare MD5 Done -------
2024-12-02 18:19:27.914 : 
2024-12-02 18:19:27.920 : ================== Signature Check ====================
2024-12-02 18:19:27.926 : Author = paul di
2024-12-02 18:19:27.932 : Version = 2024.0718.155524
2024-12-02 18:19:27.938 : ChangeLog = Achieve_20240718_1555 x64.
2024-12-02 18:19:27.945 : Expiration = 2028-06-24
2024-12-02 18:19:27.950 : Checked Files = 1
2024-12-02 18:19:27.955 : 
2024-12-02 18:19:27.961 : ------- Compare MD5 -------
2024-12-02 18:19:27.966 : Local Root = D:\tmp\Barista_DUT_2up_dual_new_command_20241202_mes_fail_stop_qdf_clean\
2024-12-02 18:19;27.971 : D:\tmp\Barista_DUT_2up_dual_new_command_20241202_mes_fail_stop_qdf_clean\Caesar.exe
2024-12-02 18:19;27.972 : MD5 = bf17e9a91e2b6cf3697fc549ea251b33  Pass

2024-12-02 18:19:27.978 : seconds = 0.0229385
2024-12-02 18:19:27.983 : ------- Compare MD5 Done -------
2024-12-02 18:20:32.378 : 
2024-12-02 18:20:32.385 : ================== Signature Check ====================
2024-12-02 18:20:32.391 : Author = paul di
2024-12-02 18:20:32.397 : Version = 2024.0718.155524
2024-12-02 18:20:32.402 : ChangeLog = Achieve_20240718_1555 x64.
2024-12-02 18:20:32.407 : Expiration = 2028-06-24
2024-12-02 18:20:32.413 : Checked Files = 1
2024-12-02 18:20:32.418 : 
2024-12-02 18:20:32.423 : ------- Compare MD5 -------
2024-12-02 18:20:32.428 : Local Root = D:\tmp\Barista_DUT_2up_dual_new_command_20241202_mes_fail_stop_qdf_clean\
2024-12-02 18:20;32.433 : D:\tmp\Barista_DUT_2up_dual_new_command_20241202_mes_fail_stop_qdf_clean\Caesar.exe
2024-12-02 18:20;32.434 : MD5 = bf17e9a91e2b6cf3697fc549ea251b33  Pass

2024-12-02 18:20:32.440 : seconds = 0.020944
2024-12-02 18:20:32.445 : ------- Compare MD5 Done -------
2024-12-02 18:22:09.298 : 
2024-12-02 18:22:09.310 : ================== Signature Check ====================
2024-12-02 18:22:09.316 : Author = paul di
2024-12-02 18:22:09.322 : Version = 2024.0718.155524
2024-12-02 18:22:09.328 : ChangeLog = Achieve_20240718_1555 x64.
2024-12-02 18:22:09.334 : Expiration = 2028-06-24
2024-12-02 18:22:09.340 : Checked Files = 1
2024-12-02 18:22:09.345 : 
2024-12-02 18:22:09.351 : ------- Compare MD5 -------
2024-12-02 18:22:09.356 : Local Root = D:\tmp\Barista_DUT_2up_dual_new_command_20241202_mes_fail_stop_qdf_clean\
2024-12-02 18:22;09.362 : D:\tmp\Barista_DUT_2up_dual_new_command_20241202_mes_fail_stop_qdf_clean\Caesar.exe
2024-12-02 18:22;09.363 : MD5 = bf17e9a91e2b6cf3697fc549ea251b33  Pass

2024-12-02 18:22:09.369 : seconds = 0.0239358
2024-12-02 18:22:09.373 : ------- Compare MD5 Done -------
2024-12-02 18:23:18.585 : 
2024-12-02 18:23:18.592 : ================== Signature Check ====================
2024-12-02 18:23:18.598 : Author = paul di
2024-12-02 18:23:18.604 : Version = 2024.0718.155524
2024-12-02 18:23:18.610 : ChangeLog = Achieve_20240718_1555 x64.
2024-12-02 18:23:18.615 : Expiration = 2028-06-24
2024-12-02 18:23:18.620 : Checked Files = 1
2024-12-02 18:23:18.624 : 
2024-12-02 18:23:18.629 : ------- Compare MD5 -------
2024-12-02 18:23:18.634 : Local Root = D:\tmp\Barista_DUT_2up_dual_new_command_20241202_mes_fail_stop_qdf_clean\
2024-12-02 18:23;18.638 : D:\tmp\Barista_DUT_2up_dual_new_command_20241202_mes_fail_stop_qdf_clean\Caesar.exe
2024-12-02 18:23;18.639 : MD5 = bf17e9a91e2b6cf3697fc549ea251b33  Pass

2024-12-02 18:23:18.644 : seconds = 0.0209441
2024-12-02 18:23:18.649 : ------- Compare MD5 Done -------
2024-12-02 18:24:54.839 : 
2024-12-02 18:24:54.846 : ================== Signature Check ====================
2024-12-02 18:24:54.852 : Author = paul di
2024-12-02 18:24:54.858 : Version = 2024.0718.155524
2024-12-02 18:24:54.863 : ChangeLog = Achieve_20240718_1555 x64.
2024-12-02 18:24:54.869 : Expiration = 2028-06-24
2024-12-02 18:24:54.875 : Checked Files = 1
2024-12-02 18:24:54.880 : 
2024-12-02 18:24:54.885 : ------- Compare MD5 -------
2024-12-02 18:24:54.890 : Local Root = D:\tmp\Barista_DUT_2up_dual_new_command_20241202_mes_fail_stop_qdf_clean\
2024-12-02 18:24;54.896 : D:\tmp\Barista_DUT_2up_dual_new_command_20241202_mes_fail_stop_qdf_clean\Caesar.exe
2024-12-02 18:24;54.897 : MD5 = bf17e9a91e2b6cf3697fc549ea251b33  Pass

2024-12-02 18:24:54.903 : seconds = 0.0229388
2024-12-02 18:24:54.908 : ------- Compare MD5 Done -------
2024-12-02 18:26:23.766 : 
2024-12-02 18:26:23.773 : ================== Signature Check ====================
2024-12-02 18:26:23.779 : Author = paul di
2024-12-02 18:26:23.786 : Version = 2024.0718.155524
2024-12-02 18:26:23.792 : ChangeLog = Achieve_20240718_1555 x64.
2024-12-02 18:26:23.798 : Expiration = 2028-06-24
2024-12-02 18:26:23.803 : Checked Files = 1
2024-12-02 18:26:23.809 : 
2024-12-02 18:26:23.814 : ------- Compare MD5 -------
2024-12-02 18:26:23.819 : Local Root = D:\tmp\Barista_DUT_2up_dual_new_command_20241202_mes_fail_stop_qdf_clean\
2024-12-02 18:26;23.825 : D:\tmp\Barista_DUT_2up_dual_new_command_20241202_mes_fail_stop_qdf_clean\Caesar.exe
2024-12-02 18:26;23.826 : MD5 = bf17e9a91e2b6cf3697fc549ea251b33  Pass

2024-12-02 18:26:23.831 : seconds = 0.0219413
2024-12-02 18:26:23.837 : ------- Compare MD5 Done -------
2024-12-02 18:27:24.017 : 
2024-12-02 18:27:24.025 : ================== Signature Check ====================
2024-12-02 18:27:24.032 : Author = paul di
2024-12-02 18:27:24.039 : Version = 2024.0718.155524
2024-12-02 18:27:24.046 : ChangeLog = Achieve_20240718_1555 x64.
2024-12-02 18:27:24.052 : Expiration = 2028-06-24
2024-12-02 18:27:24.057 : Checked Files = 1
2024-12-02 18:27:24.063 : 
2024-12-02 18:27:24.068 : ------- Compare MD5 -------
2024-12-02 18:27:24.074 : Local Root = D:\tmp\Barista_DUT_2up_dual_new_command_20241202_mes_fail_stop_qdf_clean\
2024-12-02 18:27;24.079 : D:\tmp\Barista_DUT_2up_dual_new_command_20241202_mes_fail_stop_qdf_clean\Caesar.exe
2024-12-02 18:27;24.080 : MD5 = bf17e9a91e2b6cf3697fc549ea251b33  Pass

2024-12-02 18:27:24.086 : seconds = 0.0229386
2024-12-02 18:27:24.092 : ------- Compare MD5 Done -------
2024-12-02 18:28:32.078 : 
2024-12-02 18:28:32.084 : ================== Signature Check ====================
2024-12-02 18:28:32.090 : Author = paul di
2024-12-02 18:28:32.095 : Version = 2024.0718.155524
2024-12-02 18:28:32.101 : ChangeLog = Achieve_20240718_1555 x64.
2024-12-02 18:28:32.107 : Expiration = 2028-06-24
2024-12-02 18:28:32.113 : Checked Files = 1
2024-12-02 18:28:32.118 : 
2024-12-02 18:28:32.123 : ------- Compare MD5 -------
2024-12-02 18:28:32.128 : Local Root = D:\tmp\Barista_DUT_2up_dual_new_command_20241202_mes_fail_stop_qdf_clean\
2024-12-02 18:28;32.134 : D:\tmp\Barista_DUT_2up_dual_new_command_20241202_mes_fail_stop_qdf_clean\Caesar.exe
2024-12-02 18:28;32.135 : MD5 = bf17e9a91e2b6cf3697fc549ea251b33  Pass

2024-12-02 18:28:32.140 : seconds = 0.0219414
2024-12-02 18:28:32.145 : ------- Compare MD5 Done -------
2024-12-02 18:29:51.371 : 
2024-12-02 18:29:51.378 : ================== Signature Check ====================
2024-12-02 18:29:51.384 : Author = paul di
2024-12-02 18:29:51.391 : Version = 2024.0718.155524
2024-12-02 18:29:51.396 : ChangeLog = Achieve_20240718_1555 x64.
2024-12-02 18:29:51.402 : Expiration = 2028-06-24
2024-12-02 18:29:51.408 : Checked Files = 1
2024-12-02 18:29:51.414 : 
2024-12-02 18:29:51.419 : ------- Compare MD5 -------
2024-12-02 18:29:51.425 : Local Root = D:\tmp\Barista_DUT_2up_dual_new_command_20241202_mes_fail_stop_qdf_clean\
2024-12-02 18:29;51.430 : D:\tmp\Barista_DUT_2up_dual_new_command_20241202_mes_fail_stop_qdf_clean\Caesar.exe
2024-12-02 18:29;51.431 : MD5 = bf17e9a91e2b6cf3697fc549ea251b33  Pass

2024-12-02 18:29:51.436 : seconds = 0.0219413
2024-12-02 18:29:51.440 : ------- Compare MD5 Done -------
2024-12-02 18:31:09.783 : 
2024-12-02 18:31:09.790 : ================== Signature Check ====================
2024-12-02 18:31:09.796 : Author = paul di
2024-12-02 18:31:09.801 : Version = 2024.0718.155524
2024-12-02 18:31:09.806 : ChangeLog = Achieve_20240718_1555 x64.
2024-12-02 18:31:09.812 : Expiration = 2028-06-24
2024-12-02 18:31:09.817 : Checked Files = 1
2024-12-02 18:31:09.822 : 
2024-12-02 18:31:09.827 : ------- Compare MD5 -------
2024-12-02 18:31:09.832 : Local Root = D:\tmp\Barista_DUT_2up_dual_new_command_20241202_mes_fail_stop_qdf_clean\
2024-12-02 18:31;09.837 : D:\tmp\Barista_DUT_2up_dual_new_command_20241202_mes_fail_stop_qdf_clean\Caesar.exe
2024-12-02 18:31;09.838 : MD5 = bf17e9a91e2b6cf3697fc549ea251b33  Pass

2024-12-02 18:31:09.843 : seconds = 0.020944
2024-12-02 18:31:09.847 : ------- Compare MD5 Done -------
2024-12-02 18:31:36.511 : 
2024-12-02 18:31:36.518 : ================== Signature Check ====================
2024-12-02 18:31:36.524 : Author = paul di_Debug_OffLine
2024-12-02 18:31:36.529 : Version = 2024.0718.155524
2024-12-02 18:31:36.534 : ChangeLog = for debug/verify
2024-12-02 18:31:36.539 : Expiration = 2028-06-24
2024-12-02 18:31:52.286 : 
2024-12-02 18:31:52.292 : ================== Signature Check ====================
2024-12-02 18:31:52.298 : Author = paul di
2024-12-02 18:31:52.303 : Version = 2024.0718.155524
2024-12-02 18:31:52.309 : ChangeLog = Achieve_20240718_1555 x64.
2024-12-02 18:31:52.314 : Expiration = 2028-06-24
2024-12-02 18:31:52.319 : Checked Files = 1
2024-12-02 18:31:52.326 : 
2024-12-02 18:31:52.331 : ------- Compare MD5 -------
2024-12-02 18:31:52.341 : Local Root = D:\tmp\Barista_DUT_2up_dual_new_command_20241202_mes_fail_stop_qdf_clean\
2024-12-02 18:31;52.347 : D:\tmp\Barista_DUT_2up_dual_new_command_20241202_mes_fail_stop_qdf_clean\Caesar.exe
2024-12-02 18:31;52.349 : MD5 = bf17e9a91e2b6cf3697fc549ea251b33  Pass

2024-12-02 18:31:52.355 : seconds = 0.0289227
2024-12-02 18:31:52.360 : ------- Compare MD5 Done -------
2024-12-02 18:33:04.112 : 
2024-12-02 18:33:04.119 : ================== Signature Check ====================
2024-12-02 18:33:04.125 : Author = paul di
2024-12-02 18:33:04.131 : Version = 2024.0718.155524
2024-12-02 18:33:04.137 : ChangeLog = Achieve_20240718_1555 x64.
2024-12-02 18:33:04.144 : Expiration = 2028-06-24
2024-12-02 18:33:04.150 : Checked Files = 1
2024-12-02 18:33:04.156 : 
2024-12-02 18:33:04.162 : ------- Compare MD5 -------
2024-12-02 18:33:04.168 : Local Root = D:\tmp\Barista_DUT_2up_dual_new_command_20241202_mes_fail_stop_qdf_clean\
2024-12-02 18:33;04.174 : D:\tmp\Barista_DUT_2up_dual_new_command_20241202_mes_fail_stop_qdf_clean\Caesar.exe
2024-12-02 18:33;04.175 : MD5 = bf17e9a91e2b6cf3697fc549ea251b33  Pass

2024-12-02 18:33:04.181 : seconds = 0.0249332
2024-12-02 18:33:04.187 : ------- Compare MD5 Done -------
2024-12-02 18:33:11.163 : 
2024-12-02 18:33:11.169 : ================== Signature Check ====================
2024-12-02 18:33:11.175 : Author = paul di_Debug_OffLine
2024-12-02 18:33:11.180 : Version = 2024.0718.155524
2024-12-02 18:33:11.185 : ChangeLog = for debug/verify
2024-12-02 18:33:11.190 : Expiration = 2028-06-24
2024-12-02 18:34:33.363 : 
2024-12-02 18:34:33.371 : ================== Signature Check ====================
2024-12-02 18:34:33.376 : Author = paul di_Debug_OffLine
2024-12-02 18:34:33.382 : Version = 2024.0718.155524
2024-12-02 18:34:33.387 : ChangeLog = for debug/verify
2024-12-02 18:34:33.392 : Expiration = 2028-06-24
2024-12-02 18:35:39.892 : 
2024-12-02 18:35:39.899 : ================== Signature Check ====================
2024-12-02 18:35:39.905 : Author = paul di
2024-12-02 18:35:39.910 : Version = 2024.0718.155524
2024-12-02 18:35:39.915 : ChangeLog = Achieve_20240718_1555 x64.
2024-12-02 18:35:39.920 : Expiration = 2028-06-24
2024-12-02 18:35:39.925 : Checked Files = 1
2024-12-02 18:35:39.932 : 
2024-12-02 18:35:39.937 : ------- Compare MD5 -------
2024-12-02 18:35:39.942 : Local Root = D:\tmp\Barista_DUT_2up_dual_new_command_20241202_mes_fail_stop_qdf_clean\
2024-12-02 18:35;39.949 : D:\tmp\Barista_DUT_2up_dual_new_command_20241202_mes_fail_stop_qdf_clean\Caesar.exe
2024-12-02 18:35;39.950 : MD5 = bf17e9a91e2b6cf3697fc549ea251b33  Pass

2024-12-02 18:35:39.956 : seconds = 0.0239358
2024-12-02 18:35:39.962 : ------- Compare MD5 Done -------
2024-12-02 18:36:48.218 : 
2024-12-02 18:36:48.224 : ================== Signature Check ====================
2024-12-02 18:36:48.230 : Author = paul di
2024-12-02 18:36:48.235 : Version = 2024.0718.155524
2024-12-02 18:36:48.240 : ChangeLog = Achieve_20240718_1555 x64.
2024-12-02 18:36:48.245 : Expiration = 2028-06-24
2024-12-02 18:36:48.250 : Checked Files = 1
2024-12-02 18:36:48.255 : 
2024-12-02 18:36:48.260 : ------- Compare MD5 -------
2024-12-02 18:36:48.264 : Local Root = D:\tmp\Barista_DUT_2up_dual_new_command_20241202_mes_fail_stop_qdf_clean\
2024-12-02 18:36;48.269 : D:\tmp\Barista_DUT_2up_dual_new_command_20241202_mes_fail_stop_qdf_clean\Caesar.exe
2024-12-02 18:36;48.270 : MD5 = bf17e9a91e2b6cf3697fc549ea251b33  Pass

2024-12-02 18:36:48.275 : seconds = 0.0199466
2024-12-02 18:36:48.280 : ------- Compare MD5 Done -------
2024-12-02 18:38:02.381 : 
2024-12-02 18:38:02.388 : ================== Signature Check ====================
2024-12-02 18:38:02.394 : Author = paul di
2024-12-02 18:38:02.400 : Version = 2024.0718.155524
2024-12-02 18:38:02.406 : ChangeLog = Achieve_20240718_1555 x64.
2024-12-02 18:38:02.412 : Expiration = 2028-06-24
2024-12-02 18:38:02.417 : Checked Files = 1
2024-12-02 18:38:02.423 : 
2024-12-02 18:38:02.428 : ------- Compare MD5 -------
2024-12-02 18:38:02.434 : Local Root = D:\tmp\Barista_DUT_2up_dual_new_command_20241202_mes_fail_stop_qdf_clean\
2024-12-02 18:38;02.439 : D:\tmp\Barista_DUT_2up_dual_new_command_20241202_mes_fail_stop_qdf_clean\Caesar.exe
2024-12-02 18:38;02.440 : MD5 = bf17e9a91e2b6cf3697fc549ea251b33  Pass

2024-12-02 18:38:02.445 : seconds = 0.0219417
2024-12-02 18:38:02.450 : ------- Compare MD5 Done -------
2024-12-02 18:42:11.139 : 
2024-12-02 18:42:11.146 : ================== Signature Check ====================
2024-12-02 18:42:11.154 : Author = paul di
2024-12-02 18:42:11.160 : Version = 2024.0718.155524
2024-12-02 18:42:11.166 : ChangeLog = Achieve_20240718_1555 x64.
2024-12-02 18:42:11.172 : Expiration = 2028-06-24
2024-12-02 18:42:11.177 : Checked Files = 1
2024-12-02 18:42:11.181 : 
2024-12-02 18:42:11.186 : ------- Compare MD5 -------
2024-12-02 18:42:11.191 : Local Root = D:\tmp\Barista_DUT_2up_dual_new_command_20241202_mes_fail_stop_qdf_clean\
2024-12-02 18:42;11.196 : D:\tmp\Barista_DUT_2up_dual_new_command_20241202_mes_fail_stop_qdf_clean\Caesar.exe
2024-12-02 18:42;11.197 : MD5 = bf17e9a91e2b6cf3697fc549ea251b33  Pass

2024-12-02 18:42:11.202 : seconds = 0.0209439
2024-12-02 18:42:11.207 : ------- Compare MD5 Done -------
2024-12-02 18:43:40.882 : 
2024-12-02 18:43:40.889 : ================== Signature Check ====================
2024-12-02 18:43:40.895 : Author = paul di
2024-12-02 18:43:40.900 : Version = 2024.0718.155524
2024-12-02 18:43:40.905 : ChangeLog = Achieve_20240718_1555 x64.
2024-12-02 18:43:40.910 : Expiration = 2028-06-24
2024-12-02 18:43:40.916 : Checked Files = 1
2024-12-02 18:43:40.922 : 
2024-12-02 18:43:40.928 : ------- Compare MD5 -------
2024-12-02 18:43:40.933 : Local Root = D:\tmp\Barista_DUT_2up_dual_new_command_20241202_mes_fail_stop_qdf_clean\
2024-12-02 18:43;40.940 : D:\tmp\Barista_DUT_2up_dual_new_command_20241202_mes_fail_stop_qdf_clean\Caesar.exe
2024-12-02 18:43;40.942 : MD5 = bf17e9a91e2b6cf3697fc549ea251b33  Pass

2024-12-02 18:43:40.948 : seconds = 0.0259307
2024-12-02 18:43:40.953 : ------- Compare MD5 Done -------
2024-12-02 18:44:47.419 : 
2024-12-02 18:44:47.426 : ================== Signature Check ====================
2024-12-02 18:44:47.432 : Author = paul di
2024-12-02 18:44:47.438 : Version = 2024.0718.155524
2024-12-02 18:44:47.443 : ChangeLog = Achieve_20240718_1555 x64.
2024-12-02 18:44:47.448 : Expiration = 2028-06-24
2024-12-02 18:44:47.453 : Checked Files = 1
2024-12-02 18:44:47.458 : 
2024-12-02 18:44:47.473 : ------- Compare MD5 -------
2024-12-02 18:44:47.478 : Local Root = D:\tmp\Barista_DUT_2up_dual_new_command_20241202_mes_fail_stop_qdf_clean\
2024-12-02 18:44;47.483 : D:\tmp\Barista_DUT_2up_dual_new_command_20241202_mes_fail_stop_qdf_clean\Caesar.exe
2024-12-02 18:44;47.484 : MD5 = bf17e9a91e2b6cf3697fc549ea251b33  Pass

2024-12-02 18:44:47.489 : seconds = 0.0309172
2024-12-02 18:44:47.494 : ------- Compare MD5 Done -------
2024-12-02 18:48:34.936 : 
2024-12-02 18:48:34.943 : ================== Signature Check ====================
2024-12-02 18:48:34.949 : Author = paul di
2024-12-02 18:48:34.954 : Version = 2024.0718.155524
2024-12-02 18:48:34.959 : ChangeLog = Achieve_20240718_1555 x64.
2024-12-02 18:48:34.964 : Expiration = 2028-06-24
2024-12-02 18:48:34.970 : Checked Files = 1
2024-12-02 18:48:34.976 : 
2024-12-02 18:48:34.983 : ------- Compare MD5 -------
2024-12-02 18:48:34.988 : Local Root = D:\tmp\Barista_DUT_2up_dual_new_command_20241202_mes_fail_stop_qdf_clean\
2024-12-02 18:48;34.995 : D:\tmp\Barista_DUT_2up_dual_new_command_20241202_mes_fail_stop_qdf_clean\Caesar.exe
2024-12-02 18:48;34.996 : MD5 = bf17e9a91e2b6cf3697fc549ea251b33  Pass

2024-12-02 18:48:35.003 : seconds = 0.0269278
2024-12-02 18:48:35.008 : ------- Compare MD5 Done -------
2024-12-02 18:49:48.369 : 
2024-12-02 18:49:48.376 : ================== Signature Check ====================
2024-12-02 18:49:48.383 : Author = paul di
2024-12-02 18:49:48.388 : Version = 2024.0718.155524
2024-12-02 18:49:48.394 : ChangeLog = Achieve_20240718_1555 x64.
2024-12-02 18:49:48.399 : Expiration = 2028-06-24
2024-12-02 18:49:48.404 : Checked Files = 1
2024-12-02 18:49:48.409 : 
2024-12-02 18:49:48.414 : ------- Compare MD5 -------
2024-12-02 18:49:48.419 : Local Root = D:\tmp\Barista_DUT_2up_dual_new_command_20241202_mes_fail_stop_qdf_clean\
2024-12-02 18:49;48.424 : D:\tmp\Barista_DUT_2up_dual_new_command_20241202_mes_fail_stop_qdf_clean\Caesar.exe
2024-12-02 18:49;48.425 : MD5 = bf17e9a91e2b6cf3697fc549ea251b33  Pass

2024-12-02 18:49:48.430 : seconds = 0.0209438
2024-12-02 18:49:48.435 : ------- Compare MD5 Done -------
2024-12-02 18:51:30.219 : 
2024-12-02 18:51:30.225 : ================== Signature Check ====================
2024-12-02 18:51:30.231 : Author = paul di
2024-12-02 18:51:30.237 : Version = 2024.0718.155524
2024-12-02 18:51:30.243 : ChangeLog = Achieve_20240718_1555 x64.
2024-12-02 18:51:30.249 : Expiration = 2028-06-24
2024-12-02 18:51:30.254 : Checked Files = 1
2024-12-02 18:51:30.259 : 
2024-12-02 18:51:30.264 : ------- Compare MD5 -------
2024-12-02 18:51:30.269 : Local Root = D:\tmp\Barista_DUT_2up_dual_new_command_20241202_mes_fail_stop_qdf_clean\
2024-12-02 18:51;30.274 : D:\tmp\Barista_DUT_2up_dual_new_command_20241202_mes_fail_stop_qdf_clean\Caesar.exe
2024-12-02 18:51;30.275 : MD5 = bf17e9a91e2b6cf3697fc549ea251b33  Pass

2024-12-02 18:51:30.280 : seconds = 0.0209439
2024-12-02 18:51:30.285 : ------- Compare MD5 Done -------
2024-12-02 18:55:40.161 : 
2024-12-02 18:55:40.168 : ================== Signature Check ====================
2024-12-02 18:55:40.174 : Author = paul di_Release_OffLine
2024-12-02 18:55:40.179 : Version = 2024.0718.155524
2024-12-02 18:55:40.185 : ChangeLog = for debug/verify
2024-12-02 18:55:40.190 : Expiration = 2028-06-24
2024-12-02 18:59:42.081 : 
2024-12-02 18:59:42.088 : ================== Signature Check ====================
2024-12-02 18:59:42.093 : Author = paul di_Release_OffLine
2024-12-02 18:59:42.099 : Version = 2024.0718.155524
2024-12-02 18:59:42.105 : ChangeLog = for debug/verify
2024-12-02 18:59:42.112 : Expiration = 2028-06-24
2024-12-02 19:15:45.487 : 
2024-12-02 19:15:45.494 : ================== Signature Check ====================
2024-12-02 19:15:45.500 : Author = paul di_Debug_OffLine
2024-12-02 19:15:45.505 : Version = 2024.0718.155524
2024-12-02 19:15:45.510 : ChangeLog = for debug/verify
2024-12-02 19:15:45.515 : Expiration = 2028-06-24
2024-12-02 19:20:11.582 : 
2024-12-02 19:20:11.589 : ================== Signature Check ====================
2024-12-02 19:20:11.595 : Author = paul di
2024-12-02 19:20:11.601 : Version = 2024.0718.155524
2024-12-02 19:20:11.606 : ChangeLog = Achieve_20240718_1555 x64.
2024-12-02 19:20:11.612 : Expiration = 2028-06-24
2024-12-02 19:20:11.618 : Checked Files = 1
2024-12-02 19:20:11.625 : 
2024-12-02 19:20:11.630 : ------- Compare MD5 -------
2024-12-02 19:20:11.635 : Local Root = D:\tmp\Barista_DUT_2up_dual_new_command_20241202_mes_fail_stop_qdf_clean\
2024-12-02 19:20;11.642 : D:\tmp\Barista_DUT_2up_dual_new_command_20241202_mes_fail_stop_qdf_clean\Caesar.exe
2024-12-02 19:20;11.643 : MD5 = bf17e9a91e2b6cf3697fc549ea251b33  Pass

2024-12-02 19:20:11.649 : seconds = 0.0249336
2024-12-02 19:20:11.654 : ------- Compare MD5 Done -------
2024-12-02 19:20:27.841 : 
2024-12-02 19:20:27.848 : ================== Signature Check ====================
2024-12-02 19:20:27.855 : Author = paul di_Release_OffLine
2024-12-02 19:20:27.860 : Version = 2024.0718.155524
2024-12-02 19:20:27.866 : ChangeLog = for debug/verify
2024-12-02 19:20:27.871 : Expiration = 2028-06-24
2024-12-02 19:24:15.186 : 
2024-12-02 19:24:15.193 : ================== Signature Check ====================
2024-12-02 19:24:15.200 : Author = paul di_Release_OffLine
2024-12-02 19:24:15.206 : Version = 2024.0718.155524
2024-12-02 19:24:15.212 : ChangeLog = for debug/verify
2024-12-02 19:24:15.218 : Expiration = 2028-06-24
2024-12-02 19:33:19.241 : 
2024-12-02 19:33:19.248 : ================== Signature Check ====================
2024-12-02 19:33:19.255 : Author = paul di_Release_OffLine
2024-12-02 19:33:19.261 : Version = 2024.0718.155524
2024-12-02 19:33:19.267 : ChangeLog = for debug/verify
2024-12-02 19:33:19.272 : Expiration = 2028-06-24
2024-12-02 19:51:36.258 : 
2024-12-02 19:51:36.266 : ================== Signature Check ====================
2024-12-02 19:51:36.272 : Author = paul di_Release_OffLine
2024-12-02 19:51:36.278 : Version = 2024.0718.155524
2024-12-02 19:51:36.284 : ChangeLog = for debug/verify
2024-12-02 19:51:36.290 : Expiration = 2028-06-24
2024-12-02 19:52:53.015 : 
2024-12-02 19:52:53.021 : ================== Signature Check ====================
2024-12-02 19:52:53.027 : Author = paul di_Release_OffLine
2024-12-02 19:52:53.033 : Version = 2024.0718.155524
2024-12-02 19:52:53.039 : ChangeLog = for debug/verify
2024-12-02 19:52:53.044 : Expiration = 2028-06-24
2024-12-02 19:54:43.448 : 
2024-12-02 19:54:43.455 : ================== Signature Check ====================
2024-12-02 19:54:43.462 : Author = paul di_Release_OffLine
2024-12-02 19:54:43.468 : Version = 2024.0718.155524
2024-12-02 19:54:43.475 : ChangeLog = for debug/verify
2024-12-02 19:54:43.482 : Expiration = 2028-06-24
2024-12-02 19:57:24.897 : 
2024-12-02 19:57:24.904 : ================== Signature Check ====================
2024-12-02 19:57:24.910 : Author = paul di_Release_OffLine
2024-12-02 19:57:24.915 : Version = 2024.0718.155524
2024-12-02 19:57:24.921 : ChangeLog = for debug/verify
2024-12-02 19:57:24.927 : Expiration = 2028-06-24
2024-12-02 20:00:42.730 : 
2024-12-02 20:00:42.736 : ================== Signature Check ====================
2024-12-02 20:00:42.743 : Author = paul di_Release_OffLine
2024-12-02 20:00:42.749 : Version = 2024.0718.155524
2024-12-02 20:00:42.754 : ChangeLog = for debug/verify
2024-12-02 20:00:42.759 : Expiration = 2028-06-24
2024-12-02 20:05:47.013 : 
2024-12-02 20:05:47.020 : ================== Signature Check ====================
2024-12-02 20:05:47.026 : Author = paul di_Release_OffLine
2024-12-02 20:05:47.032 : Version = 2024.0718.155524
2024-12-02 20:05:47.038 : ChangeLog = for debug/verify
2024-12-02 20:05:47.044 : Expiration = 2028-06-24
2024-12-02 20:09:58.109 : 
2024-12-02 20:09:58.116 : ================== Signature Check ====================
2024-12-02 20:09:58.123 : Author = paul di_Release_OffLine
2024-12-02 20:09:58.128 : Version = 2024.0718.155524
2024-12-02 20:09:58.135 : ChangeLog = for debug/verify
2024-12-02 20:09:58.140 : Expiration = 2028-06-24
2024-12-02 20:11:26.460 : 
2024-12-02 20:11:26.466 : ================== Signature Check ====================
2024-12-02 20:11:26.474 : Author = paul di_Release_OffLine
2024-12-02 20:11:26.480 : Version = 2024.0718.155524
2024-12-02 20:11:26.486 : ChangeLog = for debug/verify
2024-12-02 20:11:26.492 : Expiration = 2028-06-24
2024-12-02 20:14:46.068 : 
2024-12-02 20:14:46.075 : ================== Signature Check ====================
2024-12-02 20:14:46.081 : Author = paul di_Release_OffLine
2024-12-02 20:14:46.086 : Version = 2024.0718.155524
2024-12-02 20:14:46.092 : ChangeLog = for debug/verify
2024-12-02 20:14:46.097 : Expiration = 2028-06-24
2024-12-02 20:18:52.951 : 
2024-12-02 20:18:52.957 : ================== Signature Check ====================
2024-12-02 20:18:52.963 : Author = paul di_Release_OffLine
2024-12-02 20:18:52.969 : Version = 2024.0718.155524
2024-12-02 20:18:52.975 : ChangeLog = for debug/verify
2024-12-02 20:18:52.981 : Expiration = 2028-06-24
2024-12-02 20:22:54.212 : 
2024-12-02 20:22:54.220 : ================== Signature Check ====================
2024-12-02 20:22:54.226 : Author = paul di_Release_OffLine
2024-12-02 20:22:54.234 : Version = 2024.0718.155524
2024-12-02 20:22:54.244 : ChangeLog = for debug/verify
2024-12-02 20:22:54.251 : Expiration = 2028-06-24
2024-12-02 20:27:09.532 : 
2024-12-02 20:27:09.538 : ================== Signature Check ====================
2024-12-02 20:27:09.544 : Author = paul di_Release_OffLine
2024-12-02 20:27:09.550 : Version = 2024.0718.155524
2024-12-02 20:27:09.556 : ChangeLog = for debug/verify
2024-12-02 20:27:09.567 : Expiration = 2028-06-24
2024-12-02 20:28:16.819 : 
2024-12-02 20:28:16.825 : ================== Signature Check ====================
2024-12-02 20:28:16.831 : Author = paul di_Release_OffLine
2024-12-02 20:28:16.836 : Version = 2024.0718.155524
2024-12-02 20:28:16.841 : ChangeLog = for debug/verify
2024-12-02 20:28:16.847 : Expiration = 2028-06-24
2024-12-02 20:30:57.104 : 
2024-12-02 20:30:57.110 : ================== Signature Check ====================
2024-12-02 20:30:57.116 : Author = paul di_Release_OffLine
2024-12-02 20:30:57.123 : Version = 2024.0718.155524
2024-12-02 20:30:57.134 : ChangeLog = for debug/verify
2024-12-02 20:30:57.139 : Expiration = 2028-06-24
2024-12-02 20:32:18.045 : 
2024-12-02 20:32:18.052 : ================== Signature Check ====================
2024-12-02 20:32:18.059 : Author = paul di_Release_OffLine
2024-12-02 20:32:18.065 : Version = 2024.0718.155524
2024-12-02 20:32:18.072 : ChangeLog = for debug/verify
2024-12-02 20:32:18.078 : Expiration = 2028-06-24
2024-12-02 20:35:48.832 : 
2024-12-02 20:35:48.839 : ================== Signature Check ====================
2024-12-02 20:35:48.845 : Author = paul di_Release_OffLine
2024-12-02 20:35:48.851 : Version = 2024.0718.155524
2024-12-02 20:35:48.857 : ChangeLog = for debug/verify
2024-12-02 20:35:48.863 : Expiration = 2028-06-24
2024-12-02 20:36:50.952 : 
2024-12-02 20:36:50.958 : ================== Signature Check ====================
2024-12-02 20:36:50.964 : Author = paul di_Release_OffLine
2024-12-02 20:36:50.970 : Version = 2024.0718.155524
2024-12-02 20:36:50.976 : ChangeLog = for debug/verify
2024-12-02 20:36:50.982 : Expiration = 2028-06-24
2024-12-02 20:40:10.104 : 
2024-12-02 20:40:10.110 : ================== Signature Check ====================
2024-12-02 20:40:10.116 : Author = paul di_Release_OffLine
2024-12-02 20:40:10.122 : Version = 2024.0718.155524
2024-12-02 20:40:10.128 : ChangeLog = for debug/verify
2024-12-02 20:40:10.133 : Expiration = 2028-06-24
2024-12-02 20:44:06.744 : 
2024-12-02 20:44:06.750 : ================== Signature Check ====================
2024-12-02 20:44:06.756 : Author = paul di_Release_OffLine
2024-12-02 20:44:06.762 : Version = 2024.0718.155524
2024-12-02 20:44:06.767 : ChangeLog = for debug/verify
2024-12-02 20:44:06.773 : Expiration = 2028-06-24
2024-12-02 20:47:52.718 : 
2024-12-02 20:47:52.723 : ================== Signature Check ====================
2024-12-02 20:47:52.732 : Author = paul di_Release_OffLine
2024-12-02 20:47:52.738 : Version = 2024.0718.155524
2024-12-02 20:47:52.744 : ChangeLog = for debug/verify
2024-12-02 20:47:52.750 : Expiration = 2028-06-24
2024-12-02 21:25:50.344 : 
2024-12-02 21:25:50.351 : ================== Signature Check ====================
2024-12-02 21:25:50.357 : Author = paul di_Release_OffLine
2024-12-02 21:25:50.365 : Version = 2024.0718.155524
2024-12-02 21:25:50.371 : ChangeLog = for debug/verify
2024-12-02 21:25:50.377 : Expiration = 2028-06-24
2024-12-02 21:29:37.852 : 
2024-12-02 21:29:37.859 : ================== Signature Check ====================
2024-12-02 21:29:37.864 : Author = paul di_Release_OffLine
2024-12-02 21:29:37.870 : Version = 2024.0718.155524
2024-12-02 21:29:37.875 : ChangeLog = for debug/verify
2024-12-02 21:29:37.881 : Expiration = 2028-06-24
2024-12-02 21:33:39.425 : 
2024-12-02 21:33:39.432 : ================== Signature Check ====================
2024-12-02 21:33:39.439 : Author = paul di_Release_OffLine
2024-12-02 21:33:39.445 : Version = 2024.0718.155524
2024-12-02 21:33:39.451 : ChangeLog = for debug/verify
2024-12-02 21:33:39.457 : Expiration = 2028-06-24
2024-12-02 21:37:22.085 : 
2024-12-02 21:37:22.092 : ================== Signature Check ====================
2024-12-02 21:37:22.103 : Author = paul di_Release_OffLine
2024-12-02 21:37:22.109 : Version = 2024.0718.155524
2024-12-02 21:37:22.116 : ChangeLog = for debug/verify
2024-12-02 21:37:22.122 : Expiration = 2028-06-24
2024-12-02 21:41:11.771 : 
2024-12-02 21:41:11.777 : ================== Signature Check ====================
2024-12-02 21:41:11.783 : Author = paul di_Release_OffLine
2024-12-02 21:41:11.789 : Version = 2024.0718.155524
2024-12-02 21:41:11.794 : ChangeLog = for debug/verify
2024-12-02 21:41:11.800 : Expiration = 2028-06-24
2024-12-02 21:45:26.266 : 
2024-12-02 21:45:26.273 : ================== Signature Check ====================
2024-12-02 21:45:26.280 : Author = paul di_Release_OffLine
2024-12-02 21:45:26.287 : Version = 2024.0718.155524
2024-12-02 21:45:26.294 : ChangeLog = for debug/verify
2024-12-02 21:45:26.300 : Expiration = 2028-06-24
2024-12-02 21:49:15.610 : 
2024-12-02 21:49:15.617 : ================== Signature Check ====================
2024-12-02 21:49:15.623 : Author = paul di_Release_OffLine
2024-12-02 21:49:15.629 : Version = 2024.0718.155524
2024-12-02 21:49:15.635 : ChangeLog = for debug/verify
2024-12-02 21:49:15.641 : Expiration = 2028-06-24
2024-12-02 21:50:47.057 : 
2024-12-02 21:50:47.064 : ================== Signature Check ====================
2024-12-02 21:50:47.071 : Author = paul di_Release_OffLine
2024-12-02 21:50:47.077 : Version = 2024.0718.155524
2024-12-02 21:50:47.084 : ChangeLog = for debug/verify
2024-12-02 21:50:47.090 : Expiration = 2028-06-24
2024-12-02 21:51:54.630 : 
2024-12-02 21:51:54.637 : ================== Signature Check ====================
2024-12-02 21:51:54.644 : Author = paul di_Release_OffLine
2024-12-02 21:51:54.649 : Version = 2024.0718.155524
2024-12-02 21:51:54.655 : ChangeLog = for debug/verify
2024-12-02 21:51:54.661 : Expiration = 2028-06-24
2024-12-02 21:53:46.563 : 
2024-12-02 21:53:46.570 : ================== Signature Check ====================
2024-12-02 21:53:46.577 : Author = paul di_Release_OffLine
2024-12-02 21:53:46.583 : Version = 2024.0718.155524
2024-12-02 21:53:46.588 : ChangeLog = for debug/verify
2024-12-02 21:53:46.593 : Expiration = 2028-06-24
2024-12-02 21:57:31.203 : 
2024-12-02 21:57:31.209 : ================== Signature Check ====================
2024-12-02 21:57:31.215 : Author = paul di_Release_OffLine
2024-12-02 21:57:31.221 : Version = 2024.0718.155524
2024-12-02 21:57:31.227 : ChangeLog = for debug/verify
2024-12-02 21:57:31.232 : Expiration = 2028-06-24
2024-12-02 22:01:28.837 : 
2024-12-02 22:01:28.843 : ================== Signature Check ====================
2024-12-02 22:01:28.849 : Author = paul di_Release_OffLine
2024-12-02 22:01:28.855 : Version = 2024.0718.155524
2024-12-02 22:01:28.860 : ChangeLog = for debug/verify
2024-12-02 22:01:28.866 : Expiration = 2028-06-24
2024-12-02 22:05:13.545 : 
2024-12-02 22:05:13.551 : ================== Signature Check ====================
2024-12-02 22:05:13.558 : Author = paul di_Release_OffLine
2024-12-02 22:05:13.564 : Version = 2024.0718.155524
2024-12-02 22:05:13.569 : ChangeLog = for debug/verify
2024-12-02 22:05:13.575 : Expiration = 2028-06-24
2024-12-02 22:09:34.288 : 
2024-12-02 22:09:34.296 : ================== Signature Check ====================
2024-12-02 22:09:34.304 : Author = paul di_Release_OffLine
2024-12-02 22:09:34.310 : Version = 2024.0718.155524
2024-12-02 22:09:34.316 : ChangeLog = for debug/verify
2024-12-02 22:09:34.322 : Expiration = 2028-06-24
2024-12-02 22:13:14.102 : 
2024-12-02 22:13:14.109 : ================== Signature Check ====================
2024-12-02 22:13:14.115 : Author = paul di_Release_OffLine
2024-12-02 22:13:14.121 : Version = 2024.0718.155524
2024-12-02 22:13:14.126 : ChangeLog = for debug/verify
2024-12-02 22:13:14.132 : Expiration = 2028-06-24
2024-12-02 22:17:06.133 : 
2024-12-02 22:17:06.138 : ================== Signature Check ====================
2024-12-02 22:17:06.144 : Author = paul di_Release_OffLine
2024-12-02 22:17:06.150 : Version = 2024.0718.155524
2024-12-02 22:17:06.155 : ChangeLog = for debug/verify
2024-12-02 22:17:06.161 : Expiration = 2028-06-24
2024-12-02 22:21:00.009 : 
2024-12-02 22:21:00.015 : ================== Signature Check ====================
2024-12-02 22:21:00.022 : Author = paul di_Release_OffLine
2024-12-02 22:21:00.028 : Version = 2024.0718.155524
2024-12-02 22:21:00.034 : ChangeLog = for debug/verify
2024-12-02 22:21:00.040 : Expiration = 2028-06-24
