2025-02-17 13:57:42.352 : 
2025-02-17 13:57:42.357 : ================== Signature Check ====================
2025-02-17 13:57:42.358 : Author = paul di_Debug_OffLine
2025-02-17 13:57:42.358 : Version = 2024.0718.155524
2025-02-17 13:57:42.358 : ChangeLog = for debug/verify
2025-02-17 13:57:42.358 : Expiration = 2028-06-24
2025-02-17 14:06:11.548 : 
2025-02-17 14:06:11.548 : ================== Signature Check ====================
2025-02-17 14:06:11.549 : Author = paul di_Debug_OffLine
2025-02-17 14:06:11.549 : Version = 2024.0718.155524
2025-02-17 14:06:11.549 : ChangeLog = for debug/verify
2025-02-17 14:06:11.549 : Expiration = 2028-06-24
2025-02-17 14:15:38.475 : 
2025-02-17 14:15:38.475 : ================== Signature Check ====================
2025-02-17 14:15:38.480 : Author = paul di_Debug_OffLine
2025-02-17 14:15:38.480 : Version = 2024.0718.155524
2025-02-17 14:15:38.480 : ChangeLog = for debug/verify
2025-02-17 14:15:38.480 : Expiration = 2028-06-24
2025-02-17 14:16:53.238 : 
2025-02-17 14:16:53.239 : ================== Signature Check ====================
2025-02-17 14:16:53.239 : Author = paul di_Debug_OffLine
2025-02-17 14:16:53.239 : Version = 2024.0718.155524
2025-02-17 14:16:53.239 : ChangeLog = for debug/verify
2025-02-17 14:16:53.240 : Expiration = 2028-06-24
2025-02-17 14:22:52.168 : 
2025-02-17 14:22:52.168 : ================== Signature Check ====================
2025-02-17 14:22:52.168 : Author = paul di_Debug_OffLine
2025-02-17 14:22:52.168 : Version = 2024.0718.155524
2025-02-17 14:22:52.168 : ChangeLog = for debug/verify
2025-02-17 14:22:52.168 : Expiration = 2028-06-24
2025-02-17 14:27:10.472 : 
2025-02-17 14:27:10.473 : ================== Signature Check ====================
2025-02-17 14:27:10.473 : Author = paul di_Debug_OffLine
2025-02-17 14:27:10.473 : Version = 2024.0718.155524
2025-02-17 14:27:10.473 : ChangeLog = for debug/verify
2025-02-17 14:27:10.474 : Expiration = 2028-06-24
2025-02-17 14:42:26.275 : 
2025-02-17 14:42:26.276 : ================== Signature Check ====================
2025-02-17 14:42:26.276 : Author = paul di_Debug_OffLine
2025-02-17 14:42:26.276 : Version = 2024.0718.155524
2025-02-17 14:42:26.276 : ChangeLog = for debug/verify
2025-02-17 14:42:26.276 : Expiration = 2028-06-24
2025-02-17 14:43:15.827 : 
2025-02-17 14:43:15.828 : ================== Signature Check ====================
2025-02-17 14:43:15.829 : Author = paul di_Debug_OffLine
2025-02-17 14:43:15.829 : Version = 2024.0718.155524
2025-02-17 14:43:15.829 : ChangeLog = for debug/verify
2025-02-17 14:43:15.829 : Expiration = 2028-06-24
2025-02-17 14:44:54.884 : 
2025-02-17 14:44:54.884 : ================== Signature Check ====================
2025-02-17 14:44:54.884 : Author = paul di_Debug_OffLine
2025-02-17 14:44:54.884 : Version = 2024.0718.155524
2025-02-17 14:44:54.885 : ChangeLog = for debug/verify
2025-02-17 14:44:54.885 : Expiration = 2028-06-24
2025-02-17 14:51:57.072 : 
2025-02-17 14:51:57.072 : ================== Signature Check ====================
2025-02-17 14:51:57.072 : Author = paul di_Debug_OffLine
2025-02-17 14:51:57.072 : Version = 2024.0718.155524
2025-02-17 14:51:57.072 : ChangeLog = for debug/verify
2025-02-17 14:51:57.072 : Expiration = 2028-06-24
2025-02-17 14:54:23.029 : 
2025-02-17 14:54:23.029 : ================== Signature Check ====================
2025-02-17 14:54:23.030 : Author = paul di_Debug_OffLine
2025-02-17 14:54:23.030 : Version = 2024.0718.155524
2025-02-17 14:54:23.030 : ChangeLog = for debug/verify
2025-02-17 14:54:23.030 : Expiration = 2028-06-24
2025-02-17 14:59:24.305 : 
2025-02-17 14:59:24.305 : ================== Signature Check ====================
2025-02-17 14:59:24.306 : Author = paul di_Debug_OffLine
2025-02-17 14:59:24.306 : Version = 2024.0718.155524
2025-02-17 14:59:24.306 : ChangeLog = for debug/verify
2025-02-17 14:59:24.306 : Expiration = 2028-06-24
2025-02-17 15:02:57.235 : 
2025-02-17 15:02:57.235 : ================== Signature Check ====================
2025-02-17 15:02:57.235 : Author = paul di_Debug_OffLine
2025-02-17 15:02:57.235 : Version = 2024.0718.155524
2025-02-17 15:02:57.235 : ChangeLog = for debug/verify
2025-02-17 15:02:57.235 : Expiration = 2028-06-24
2025-02-17 15:05:37.662 : 
2025-02-17 15:05:37.662 : ================== Signature Check ====================
2025-02-17 15:05:37.663 : Author = paul di_Debug_OffLine
2025-02-17 15:05:37.663 : Version = 2024.0718.155524
2025-02-17 15:05:37.663 : ChangeLog = for debug/verify
2025-02-17 15:05:37.663 : Expiration = 2028-06-24
2025-02-17 15:10:21.902 : 
2025-02-17 15:10:21.902 : ================== Signature Check ====================
2025-02-17 15:10:21.903 : Author = paul di_Debug_OffLine
2025-02-17 15:10:21.903 : Version = 2024.0718.155524
2025-02-17 15:10:21.903 : ChangeLog = for debug/verify
2025-02-17 15:10:21.903 : Expiration = 2028-06-24
2025-02-17 15:13:11.519 : 
2025-02-17 15:13:11.519 : ================== Signature Check ====================
2025-02-17 15:13:11.519 : Author = paul di_Debug_OffLine
2025-02-17 15:13:11.520 : Version = 2024.0718.155524
2025-02-17 15:13:11.520 : ChangeLog = for debug/verify
2025-02-17 15:13:11.520 : Expiration = 2028-06-24
2025-02-17 16:14:35.106 : 
2025-02-17 16:14:35.106 : ================== Signature Check ====================
2025-02-17 16:14:35.107 : Author = paul di_Debug_OffLine
2025-02-17 16:14:35.107 : Version = 2024.0718.155524
2025-02-17 16:14:35.107 : ChangeLog = for debug/verify
2025-02-17 16:14:35.107 : Expiration = 2028-06-24
2025-02-17 16:16:37.958 : 
2025-02-17 16:16:37.959 : ================== Signature Check ====================
2025-02-17 16:16:37.959 : Author = paul di_Debug_OffLine
2025-02-17 16:16:37.959 : Version = 2024.0718.155524
2025-02-17 16:16:37.959 : ChangeLog = for debug/verify
2025-02-17 16:16:37.959 : Expiration = 2028-06-24
2025-02-17 16:29:31.791 : 
2025-02-17 16:29:31.791 : ================== Signature Check ====================
2025-02-17 16:29:31.791 : Author = paul di_Debug_OffLine
2025-02-17 16:29:31.791 : Version = 2024.0718.155524
2025-02-17 16:29:31.791 : ChangeLog = for debug/verify
2025-02-17 16:29:31.791 : Expiration = 2028-06-24
2025-02-17 16:31:34.856 : 
2025-02-17 16:31:34.856 : ================== Signature Check ====================
2025-02-17 16:31:34.856 : Author = paul di_Debug_OffLine
2025-02-17 16:31:34.856 : Version = 2024.0718.155524
2025-02-17 16:31:34.856 : ChangeLog = for debug/verify
2025-02-17 16:31:34.856 : Expiration = 2028-06-24
2025-02-17 16:41:27.947 : 
2025-02-17 16:41:27.948 : ================== Signature Check ====================
2025-02-17 16:41:27.948 : Author = paul di_Debug_OffLine
2025-02-17 16:41:27.948 : Version = 2024.0718.155524
2025-02-17 16:41:27.948 : ChangeLog = for debug/verify
2025-02-17 16:41:27.949 : Expiration = 2028-06-24
2025-02-17 17:15:48.796 : 
2025-02-17 17:15:48.797 : ================== Signature Check ====================
2025-02-17 17:15:48.797 : Author = paul di_Debug_OffLine
2025-02-17 17:15:48.818 : Version = 2024.0718.155524
2025-02-17 17:15:48.818 : ChangeLog = for debug/verify
2025-02-17 17:15:48.818 : Expiration = 2028-06-24
2025-02-17 17:18:14.213 : 
2025-02-17 17:18:14.214 : ================== Signature Check ====================
2025-02-17 17:18:14.214 : Author = paul di_Debug_OffLine
2025-02-17 17:18:14.214 : Version = 2024.0718.155524
2025-02-17 17:18:14.215 : ChangeLog = for debug/verify
2025-02-17 17:18:14.215 : Expiration = 2028-06-24
2025-02-17 17:18:52.388 : 
2025-02-17 17:18:52.388 : ================== Signature Check ====================
2025-02-17 17:18:52.389 : Author = paul di_Debug_OffLine
2025-02-17 17:18:52.389 : Version = 2024.0718.155524
2025-02-17 17:18:52.389 : ChangeLog = for debug/verify
2025-02-17 17:18:52.389 : Expiration = 2028-06-24
2025-02-17 17:20:02.696 : 
2025-02-17 17:20:02.696 : ================== Signature Check ====================
2025-02-17 17:20:02.696 : Author = paul di_Debug_OffLine
2025-02-17 17:20:02.696 : Version = 2024.0718.155524
2025-02-17 17:20:02.696 : ChangeLog = for debug/verify
2025-02-17 17:20:02.696 : Expiration = 2028-06-24
2025-02-17 17:20:23.885 : 
2025-02-17 17:20:23.886 : ================== Signature Check ====================
2025-02-17 17:20:23.886 : Author = paul di_Debug_OffLine
2025-02-17 17:20:23.886 : Version = 2024.0718.155524
2025-02-17 17:20:23.887 : ChangeLog = for debug/verify
2025-02-17 17:20:23.887 : Expiration = 2028-06-24
2025-02-17 17:23:42.139 : 
2025-02-17 17:23:42.140 : ================== Signature Check ====================
2025-02-17 17:23:42.140 : Author = paul di_Debug_OffLine
2025-02-17 17:23:42.140 : Version = 2024.0718.155524
2025-02-17 17:23:42.140 : ChangeLog = for debug/verify
2025-02-17 17:23:42.140 : Expiration = 2028-06-24
2025-02-17 17:25:32.386 : 
2025-02-17 17:25:32.386 : ================== Signature Check ====================
2025-02-17 17:25:32.386 : Author = paul di_Debug_OffLine
2025-02-17 17:25:32.386 : Version = 2024.0718.155524
2025-02-17 17:25:32.386 : ChangeLog = for debug/verify
2025-02-17 17:25:32.386 : Expiration = 2028-06-24
2025-02-17 17:31:41.520 : 
2025-02-17 17:31:41.521 : ================== Signature Check ====================
2025-02-17 17:31:41.521 : Author = paul di_Debug_OffLine
2025-02-17 17:31:41.521 : Version = 2024.0718.155524
2025-02-17 17:31:41.522 : ChangeLog = for debug/verify
2025-02-17 17:31:41.522 : Expiration = 2028-06-24
2025-02-17 17:35:15.990 : 
2025-02-17 17:35:15.990 : ================== Signature Check ====================
2025-02-17 17:35:15.991 : Author = paul di_Debug_OffLine
2025-02-17 17:35:15.991 : Version = 2024.0718.155524
2025-02-17 17:35:15.991 : ChangeLog = for debug/verify
2025-02-17 17:35:15.991 : Expiration = 2028-06-24
2025-02-17 17:37:59.986 : 
2025-02-17 17:37:59.987 : ================== Signature Check ====================
2025-02-17 17:37:59.987 : Author = paul di_Debug_OffLine
2025-02-17 17:37:59.987 : Version = 2024.0718.155524
2025-02-17 17:37:59.987 : ChangeLog = for debug/verify
2025-02-17 17:37:59.988 : Expiration = 2028-06-24
2025-02-17 17:40:08.890 : 
2025-02-17 17:40:08.890 : ================== Signature Check ====================
2025-02-17 17:40:08.891 : Author = paul di_Debug_OffLine
2025-02-17 17:40:08.891 : Version = 2024.0718.155524
2025-02-17 17:40:08.891 : ChangeLog = for debug/verify
2025-02-17 17:40:08.891 : Expiration = 2028-06-24
2025-02-17 18:59:20.007 : 
2025-02-17 18:59:20.008 : ================== Signature Check ====================
2025-02-17 18:59:20.008 : Author = paul di_Debug_OffLine
2025-02-17 18:59:20.008 : Version = 2024.0718.155524
2025-02-17 18:59:20.009 : ChangeLog = for debug/verify
2025-02-17 18:59:20.009 : Expiration = 2028-06-24
2025-02-17 19:07:47.574 : 
2025-02-17 19:07:47.574 : ================== Signature Check ====================
2025-02-17 19:07:47.574 : Author = paul di_Debug_OffLine
2025-02-17 19:07:47.574 : Version = 2024.0718.155524
2025-02-17 19:07:47.574 : ChangeLog = for debug/verify
2025-02-17 19:07:47.574 : Expiration = 2028-06-24
2025-02-17 19:10:51.935 : 
2025-02-17 19:10:51.936 : ================== Signature Check ====================
2025-02-17 19:10:51.936 : Author = paul di_Debug_OffLine
2025-02-17 19:10:51.936 : Version = 2024.0718.155524
2025-02-17 19:10:51.936 : ChangeLog = for debug/verify
2025-02-17 19:10:51.936 : Expiration = 2028-06-24
2025-02-17 19:15:48.101 : 
2025-02-17 19:15:48.102 : ================== Signature Check ====================
2025-02-17 19:15:48.102 : Author = paul di_Debug_OffLine
2025-02-17 19:15:48.102 : Version = 2024.0718.155524
2025-02-17 19:15:48.102 : ChangeLog = for debug/verify
2025-02-17 19:15:48.102 : Expiration = 2028-06-24
2025-02-17 19:21:00.129 : 
2025-02-17 19:21:00.129 : ================== Signature Check ====================
2025-02-17 19:21:00.129 : Author = paul di_Debug_OffLine
2025-02-17 19:21:00.129 : Version = 2024.0718.155524
2025-02-17 19:21:00.130 : ChangeLog = for debug/verify
2025-02-17 19:21:00.130 : Expiration = 2028-06-24
2025-02-17 19:28:48.216 : 
2025-02-17 19:28:48.217 : ================== Signature Check ====================
2025-02-17 19:28:48.217 : Author = paul di_Debug_OffLine
2025-02-17 19:28:48.217 : Version = 2024.0718.155524
2025-02-17 19:28:48.217 : ChangeLog = for debug/verify
2025-02-17 19:28:48.217 : Expiration = 2028-06-24
2025-02-17 19:30:02.033 : 
2025-02-17 19:30:02.034 : ================== Signature Check ====================
2025-02-17 19:30:02.034 : Author = paul di_Debug_OffLine
2025-02-17 19:30:02.034 : Version = 2024.0718.155524
2025-02-17 19:30:02.034 : ChangeLog = for debug/verify
2025-02-17 19:30:02.034 : Expiration = 2028-06-24
2025-02-17 19:31:33.686 : 
2025-02-17 19:31:33.686 : ================== Signature Check ====================
2025-02-17 19:31:33.686 : Author = paul di_Debug_OffLine
2025-02-17 19:31:33.686 : Version = 2024.0718.155524
2025-02-17 19:31:33.687 : ChangeLog = for debug/verify
2025-02-17 19:31:33.687 : Expiration = 2028-06-24
2025-02-17 19:34:36.228 : 
2025-02-17 19:34:36.228 : ================== Signature Check ====================
2025-02-17 19:34:36.228 : Author = paul di_Debug_OffLine
2025-02-17 19:34:36.228 : Version = 2024.0718.155524
2025-02-17 19:34:36.228 : ChangeLog = for debug/verify
2025-02-17 19:34:36.229 : Expiration = 2028-06-24
2025-02-17 19:37:37.914 : 
2025-02-17 19:37:37.914 : ================== Signature Check ====================
2025-02-17 19:37:37.915 : Author = paul di_Debug_OffLine
2025-02-17 19:37:37.915 : Version = 2024.0718.155524
2025-02-17 19:37:37.915 : ChangeLog = for debug/verify
2025-02-17 19:37:37.916 : Expiration = 2028-06-24
2025-02-17 19:40:23.621 : 
2025-02-17 19:40:23.621 : ================== Signature Check ====================
2025-02-17 19:40:23.622 : Author = paul di_Debug_OffLine
2025-02-17 19:40:23.622 : Version = 2024.0718.155524
2025-02-17 19:40:23.622 : ChangeLog = for debug/verify
2025-02-17 19:40:23.622 : Expiration = 2028-06-24
2025-02-17 19:41:56.844 : 
2025-02-17 19:41:56.844 : ================== Signature Check ====================
2025-02-17 19:41:56.845 : Author = paul di_Debug_OffLine
2025-02-17 19:41:56.845 : Version = 2024.0718.155524
2025-02-17 19:41:56.845 : ChangeLog = for debug/verify
2025-02-17 19:41:56.845 : Expiration = 2028-06-24
2025-02-17 19:46:29.664 : 
2025-02-17 19:46:29.665 : ================== Signature Check ====================
2025-02-17 19:46:29.665 : Author = paul di_Debug_OffLine
2025-02-17 19:46:29.665 : Version = 2024.0718.155524
2025-02-17 19:46:29.666 : ChangeLog = for debug/verify
2025-02-17 19:46:29.666 : Expiration = 2028-06-24
2025-02-17 19:48:27.303 : 
2025-02-17 19:48:27.303 : ================== Signature Check ====================
2025-02-17 19:48:27.303 : Author = paul di_Debug_OffLine
2025-02-17 19:48:27.303 : Version = 2024.0718.155524
2025-02-17 19:48:27.303 : ChangeLog = for debug/verify
2025-02-17 19:48:27.303 : Expiration = 2028-06-24
2025-02-17 19:52:39.316 : 
2025-02-17 19:52:39.316 : ================== Signature Check ====================
2025-02-17 19:52:39.316 : Author = paul di_Debug_OffLine
2025-02-17 19:52:39.316 : Version = 2024.0718.155524
2025-02-17 19:52:39.316 : ChangeLog = for debug/verify
2025-02-17 19:52:39.316 : Expiration = 2028-06-24
2025-02-17 20:13:42.714 : 
2025-02-17 20:13:42.714 : ================== Signature Check ====================
2025-02-17 20:13:42.714 : Author = paul di_Debug_OffLine
2025-02-17 20:13:42.714 : Version = 2024.0718.155524
2025-02-17 20:13:42.714 : ChangeLog = for debug/verify
2025-02-17 20:13:42.714 : Expiration = 2028-06-24
2025-02-17 20:15:51.568 : 
2025-02-17 20:15:51.568 : ================== Signature Check ====================
2025-02-17 20:15:51.569 : Author = paul di_Debug_OffLine
2025-02-17 20:15:51.569 : Version = 2024.0718.155524
2025-02-17 20:15:51.569 : ChangeLog = for debug/verify
2025-02-17 20:15:51.569 : Expiration = 2028-06-24
2025-02-17 20:19:31.824 : 
2025-02-17 20:19:31.824 : ================== Signature Check ====================
2025-02-17 20:19:31.825 : Author = paul di_Debug_OffLine
2025-02-17 20:19:31.825 : Version = 2024.0718.155524
2025-02-17 20:19:31.825 : ChangeLog = for debug/verify
2025-02-17 20:19:31.825 : Expiration = 2028-06-24
2025-02-17 20:22:29.140 : 
2025-02-17 20:22:29.140 : ================== Signature Check ====================
2025-02-17 20:22:29.141 : Author = paul di_Debug_OffLine
2025-02-17 20:22:29.141 : Version = 2024.0718.155524
2025-02-17 20:22:29.141 : ChangeLog = for debug/verify
2025-02-17 20:22:29.141 : Expiration = 2028-06-24
2025-02-17 20:28:27.119 : 
2025-02-17 20:28:27.120 : ================== Signature Check ====================
2025-02-17 20:28:27.121 : Author = paul di_Debug_OffLine
2025-02-17 20:28:27.121 : Version = 2024.0718.155524
2025-02-17 20:28:27.121 : ChangeLog = for debug/verify
2025-02-17 20:28:27.121 : Expiration = 2028-06-24
2025-02-17 20:29:15.671 : 
2025-02-17 20:29:15.672 : ================== Signature Check ====================
2025-02-17 20:29:15.672 : Author = paul di_Debug_OffLine
2025-02-17 20:29:15.672 : Version = 2024.0718.155524
2025-02-17 20:29:15.672 : ChangeLog = for debug/verify
2025-02-17 20:29:15.673 : Expiration = 2028-06-24
2025-02-17 20:35:33.418 : 
2025-02-17 20:35:33.419 : ================== Signature Check ====================
2025-02-17 20:35:33.419 : Author = paul di_Debug_OffLine
2025-02-17 20:35:33.419 : Version = 2024.0718.155524
2025-02-17 20:35:33.419 : ChangeLog = for debug/verify
2025-02-17 20:35:33.420 : Expiration = 2028-06-24
2025-02-17 20:42:20.101 : 
2025-02-17 20:42:20.102 : ================== Signature Check ====================
2025-02-17 20:42:20.102 : Author = paul di_Debug_OffLine
2025-02-17 20:42:20.102 : Version = 2024.0718.155524
2025-02-17 20:42:20.102 : ChangeLog = for debug/verify
2025-02-17 20:42:20.102 : Expiration = 2028-06-24
