2025-02-15 08:52:54.557 : 
2025-02-15 08:52:54.557 : ================== Signature Check ====================
2025-02-15 08:52:54.558 : Author = paul di_Debug_OffLine
2025-02-15 08:52:54.558 : Version = 2024.0718.155524
2025-02-15 08:52:54.558 : ChangeLog = for debug/verify
2025-02-15 08:52:54.558 : Expiration = 2028-06-24
2025-02-15 09:05:05.328 : 
2025-02-15 09:05:05.328 : ================== Signature Check ====================
2025-02-15 09:05:05.328 : Author = paul di_Debug_OffLine
2025-02-15 09:05:05.328 : Version = 2024.0718.155524
2025-02-15 09:05:05.328 : ChangeLog = for debug/verify
2025-02-15 09:05:05.329 : Expiration = 2028-06-24
2025-02-15 09:06:16.604 : 
2025-02-15 09:06:16.605 : ================== Signature Check ====================
2025-02-15 09:06:16.609 : Author = paul di_Debug_OffLine
2025-02-15 09:06:16.609 : Version = 2024.0718.155524
2025-02-15 09:06:16.609 : ChangeLog = for debug/verify
2025-02-15 09:06:16.609 : Expiration = 2028-06-24
2025-02-15 09:13:17.475 : 
2025-02-15 09:13:17.475 : ================== Signature Check ====================
2025-02-15 09:13:17.476 : Author = paul di_Debug_OffLine
2025-02-15 09:13:17.476 : Version = 2024.0718.155524
2025-02-15 09:13:17.476 : ChangeLog = for debug/verify
2025-02-15 09:13:17.476 : Expiration = 2028-06-24
2025-02-15 09:34:21.290 : 
2025-02-15 09:34:21.290 : ================== Signature Check ====================
2025-02-15 09:34:21.290 : Author = paul di_Debug_OffLine
2025-02-15 09:34:21.290 : Version = 2024.0718.155524
2025-02-15 09:34:21.290 : ChangeLog = for debug/verify
2025-02-15 09:34:21.290 : Expiration = 2028-06-24
2025-02-15 09:38:30.015 : 
2025-02-15 09:38:30.015 : ================== Signature Check ====================
2025-02-15 09:38:30.015 : Author = paul di_Debug_OffLine
2025-02-15 09:38:30.015 : Version = 2024.0718.155524
2025-02-15 09:38:30.015 : ChangeLog = for debug/verify
2025-02-15 09:38:30.015 : Expiration = 2028-06-24
2025-02-15 09:43:43.516 : 
2025-02-15 09:43:43.516 : ================== Signature Check ====================
2025-02-15 09:43:43.517 : Author = paul di_Debug_OffLine
2025-02-15 09:43:43.517 : Version = 2024.0718.155524
2025-02-15 09:43:43.517 : ChangeLog = for debug/verify
2025-02-15 09:43:43.517 : Expiration = 2028-06-24
2025-02-15 09:52:17.164 : 
2025-02-15 09:52:17.165 : ================== Signature Check ====================
2025-02-15 09:52:17.165 : Author = paul di_Debug_OffLine
2025-02-15 09:52:17.165 : Version = 2024.0718.155524
2025-02-15 09:52:17.165 : ChangeLog = for debug/verify
2025-02-15 09:52:17.165 : Expiration = 2028-06-24
2025-02-15 09:54:55.992 : 
2025-02-15 09:54:55.992 : ================== Signature Check ====================
2025-02-15 09:54:55.992 : Author = paul di_Debug_OffLine
2025-02-15 09:54:55.992 : Version = 2024.0718.155524
2025-02-15 09:54:55.992 : ChangeLog = for debug/verify
2025-02-15 09:54:55.992 : Expiration = 2028-06-24
2025-02-15 10:29:31.556 : 
2025-02-15 10:29:31.556 : ================== Signature Check ====================
2025-02-15 10:29:31.557 : Author = paul di_Debug_OffLine
2025-02-15 10:29:31.557 : Version = 2024.0718.155524
2025-02-15 10:29:31.557 : ChangeLog = for debug/verify
2025-02-15 10:29:31.557 : Expiration = 2028-06-24
2025-02-15 10:56:05.840 : 
2025-02-15 10:56:05.840 : ================== Signature Check ====================
2025-02-15 10:56:05.841 : Author = paul di_Debug_OffLine
2025-02-15 10:56:05.841 : Version = 2024.0718.155524
2025-02-15 10:56:05.841 : ChangeLog = for debug/verify
2025-02-15 10:56:05.841 : Expiration = 2028-06-24
2025-02-15 10:56:42.642 : 
2025-02-15 10:56:42.642 : ================== Signature Check ====================
2025-02-15 10:56:42.643 : Author = paul di_Debug_OffLine
2025-02-15 10:56:42.643 : Version = 2024.0718.155524
2025-02-15 10:56:42.643 : ChangeLog = for debug/verify
2025-02-15 10:56:42.643 : Expiration = 2028-06-24
2025-02-15 10:57:11.069 : 
2025-02-15 10:57:11.069 : ================== Signature Check ====================
2025-02-15 10:57:11.070 : Author = paul di_Debug_OffLine
2025-02-15 10:57:11.070 : Version = 2024.0718.155524
2025-02-15 10:57:11.070 : ChangeLog = for debug/verify
2025-02-15 10:57:11.070 : Expiration = 2028-06-24
2025-02-15 11:16:49.901 : 
2025-02-15 11:16:49.901 : ================== Signature Check ====================
2025-02-15 11:16:49.901 : Author = paul di_Debug_OffLine
2025-02-15 11:16:49.901 : Version = 2024.0718.155524
2025-02-15 11:16:49.901 : ChangeLog = for debug/verify
2025-02-15 11:16:49.901 : Expiration = 2028-06-24
2025-02-15 11:17:49.175 : 
2025-02-15 11:17:49.175 : ================== Signature Check ====================
2025-02-15 11:17:49.176 : Author = paul di_Debug_OffLine
2025-02-15 11:17:49.176 : Version = 2024.0718.155524
2025-02-15 11:17:49.176 : ChangeLog = for debug/verify
2025-02-15 11:17:49.176 : Expiration = 2028-06-24
2025-02-15 11:21:18.052 : 
2025-02-15 11:21:18.052 : ================== Signature Check ====================
2025-02-15 11:21:18.052 : Author = paul di_Debug_OffLine
2025-02-15 11:21:18.052 : Version = 2024.0718.155524
2025-02-15 11:21:18.052 : ChangeLog = for debug/verify
2025-02-15 11:21:18.052 : Expiration = 2028-06-24
2025-02-15 13:53:25.960 : 
2025-02-15 13:53:25.960 : ================== Signature Check ====================
2025-02-15 13:53:25.961 : Author = paul di_Debug_OffLine
2025-02-15 13:53:25.961 : Version = 2024.0718.155524
2025-02-15 13:53:25.961 : ChangeLog = for debug/verify
2025-02-15 13:53:25.961 : Expiration = 2028-06-24
2025-02-15 16:25:01.494 : 
2025-02-15 16:25:01.494 : ================== Signature Check ====================
2025-02-15 16:25:01.495 : Author = paul di_Debug_OffLine
2025-02-15 16:25:01.495 : Version = 2024.0718.155524
2025-02-15 16:25:01.495 : ChangeLog = for debug/verify
2025-02-15 16:25:01.495 : Expiration = 2028-06-24
2025-02-15 16:39:22.157 : 
2025-02-15 16:39:22.158 : ================== Signature Check ====================
2025-02-15 16:39:22.158 : Author = paul di_Debug_OffLine
2025-02-15 16:39:22.158 : Version = 2024.0718.155524
2025-02-15 16:39:22.158 : ChangeLog = for debug/verify
2025-02-15 16:39:22.158 : Expiration = 2028-06-24
2025-02-15 16:43:21.985 : 
2025-02-15 16:43:21.985 : ================== Signature Check ====================
2025-02-15 16:43:21.985 : Author = paul di_Debug_OffLine
2025-02-15 16:43:21.986 : Version = 2024.0718.155524
2025-02-15 16:43:21.986 : ChangeLog = for debug/verify
2025-02-15 16:43:21.986 : Expiration = 2028-06-24
2025-02-15 16:44:59.775 : 
2025-02-15 16:44:59.775 : ================== Signature Check ====================
2025-02-15 16:44:59.776 : Author = paul di_Debug_OffLine
2025-02-15 16:44:59.776 : Version = 2024.0718.155524
2025-02-15 16:44:59.776 : ChangeLog = for debug/verify
2025-02-15 16:44:59.776 : Expiration = 2028-06-24
2025-02-15 16:46:48.611 : 
2025-02-15 16:46:48.611 : ================== Signature Check ====================
2025-02-15 16:46:48.612 : Author = paul di_Debug_OffLine
2025-02-15 16:46:48.612 : Version = 2024.0718.155524
2025-02-15 16:46:48.612 : ChangeLog = for debug/verify
2025-02-15 16:46:48.612 : Expiration = 2028-06-24
2025-02-15 23:27:43.819 : 
2025-02-15 23:27:43.821 : ================== Signature Check ====================
2025-02-15 23:27:43.822 : Author = paul di_Debug_OffLine
2025-02-15 23:27:43.822 : Version = 2024.0718.155524
2025-02-15 23:27:43.823 : ChangeLog = for debug/verify
2025-02-15 23:27:43.823 : Expiration = 2028-06-24
2025-02-15 23:28:23.839 : 
2025-02-15 23:28:23.840 : ================== Signature Check ====================
2025-02-15 23:28:23.841 : Author = paul di_Debug_OffLine
2025-02-15 23:28:23.841 : Version = 2024.0718.155524
2025-02-15 23:28:23.842 : ChangeLog = for debug/verify
2025-02-15 23:28:23.842 : Expiration = 2028-06-24
2025-02-15 23:29:57.345 : 
2025-02-15 23:29:57.346 : ================== Signature Check ====================
2025-02-15 23:29:57.347 : Author = paul di_Debug_OffLine
2025-02-15 23:29:57.348 : Version = 2024.0718.155524
2025-02-15 23:29:57.348 : ChangeLog = for debug/verify
2025-02-15 23:29:57.349 : Expiration = 2028-06-24
