2025-03-12 10:25:02.914 : 
2025-03-12 10:25:02.918 : ================== Signature Check ====================
2025-03-12 10:25:02.920 : Author = paul di_Debug_OffLine
2025-03-12 10:25:02.921 : Version = 2024.0718.155524
2025-03-12 10:25:02.921 : ChangeLog = for debug/verify
2025-03-12 10:25:02.922 : Expiration = 2028-06-24
2025-03-12 10:25:19.189 : 
2025-03-12 10:25:19.190 : ================== Signature Check ====================
2025-03-12 10:25:19.192 : Author = paul di_Debug_OffLine
2025-03-12 10:25:19.193 : Version = 2024.0718.155524
2025-03-12 10:25:19.195 : ChangeLog = for debug/verify
2025-03-12 10:25:19.196 : Expiration = 2028-06-24
2025-03-12 10:25:51.766 : 
2025-03-12 10:25:51.768 : ================== Signature Check ====================
2025-03-12 10:25:51.770 : Author = paul di_Debug_OffLine
2025-03-12 10:25:51.771 : Version = 2024.0718.155524
2025-03-12 10:25:51.772 : ChangeLog = for debug/verify
2025-03-12 10:25:51.772 : Expiration = 2028-06-24
2025-03-12 10:26:41.568 : 
2025-03-12 10:26:41.569 : ================== Signature Check ====================
2025-03-12 10:26:41.571 : Author = paul di_Debug_OffLine
2025-03-12 10:26:41.571 : Version = 2024.0718.155524
2025-03-12 10:26:41.572 : ChangeLog = for debug/verify
2025-03-12 10:26:41.572 : Expiration = 2028-06-24
2025-03-12 10:27:45.564 : 
2025-03-12 10:27:45.566 : ================== Signature Check ====================
2025-03-12 10:27:45.568 : Author = paul di_Debug_OffLine
2025-03-12 10:27:45.568 : Version = 2024.0718.155524
2025-03-12 10:27:45.569 : ChangeLog = for debug/verify
2025-03-12 10:27:45.570 : Expiration = 2028-06-24
2025-03-12 11:22:32.307 : 
2025-03-12 11:22:32.309 : ================== Signature Check ====================
2025-03-12 11:22:32.310 : Author = paul di_Debug_OffLine
2025-03-12 11:22:32.310 : Version = 2024.0718.155524
2025-03-12 11:22:32.310 : ChangeLog = for debug/verify
2025-03-12 11:22:32.311 : Expiration = 2028-06-24
2025-03-12 11:25:14.829 : 
2025-03-12 11:25:14.830 : ================== Signature Check ====================
2025-03-12 11:25:14.831 : Author = paul di_Debug_OffLine
2025-03-12 11:25:14.831 : Version = 2024.0718.155524
2025-03-12 11:25:14.832 : ChangeLog = for debug/verify
2025-03-12 11:25:14.832 : Expiration = 2028-06-24
2025-03-12 11:42:54.101 : 
2025-03-12 11:42:54.102 : ================== Signature Check ====================
2025-03-12 11:42:54.103 : Author = paul di_Debug_OffLine
2025-03-12 11:42:54.103 : Version = 2024.0718.155524
2025-03-12 11:42:54.104 : ChangeLog = for debug/verify
2025-03-12 11:42:54.104 : Expiration = 2028-06-24
2025-03-12 19:17:10.029 : 
2025-03-12 19:17:10.030 : ================== Signature Check ====================
2025-03-12 19:17:10.032 : Author = paul di_Debug_OffLine
2025-03-12 19:17:10.032 : Version = 2024.0718.155524
2025-03-12 19:17:10.033 : ChangeLog = for debug/verify
2025-03-12 19:17:10.033 : Expiration = 2028-06-24
