2025-02-18 08:30:01.669 : 
2025-02-18 08:30:01.673 : ================== Signature Check ====================
2025-02-18 08:30:01.674 : Author = paul di_Debug_OffLine
2025-02-18 08:30:01.674 : Version = 2024.0718.155524
2025-02-18 08:30:01.674 : ChangeLog = for debug/verify
2025-02-18 08:30:01.674 : Expiration = 2028-06-24
2025-02-18 08:31:42.603 : 
2025-02-18 08:31:42.603 : ================== Signature Check ====================
2025-02-18 08:31:42.604 : Author = paul di_Debug_OffLine
2025-02-18 08:31:42.604 : Version = 2024.0718.155524
2025-02-18 08:31:42.604 : ChangeLog = for debug/verify
2025-02-18 08:31:42.604 : Expiration = 2028-06-24
2025-02-18 08:48:02.039 : 
2025-02-18 08:48:02.039 : ================== Signature Check ====================
2025-02-18 08:48:02.044 : Author = paul di_Debug_OffLine
2025-02-18 08:48:02.044 : Version = 2024.0718.155524
2025-02-18 08:48:02.044 : ChangeLog = for debug/verify
2025-02-18 08:48:02.045 : Expiration = 2028-06-24
2025-02-18 08:53:46.387 : 
2025-02-18 08:53:46.387 : ================== Signature Check ====================
2025-02-18 08:53:46.388 : Author = paul di_Debug_OffLine
2025-02-18 08:53:46.388 : Version = 2024.0718.155524
2025-02-18 08:53:46.388 : ChangeLog = for debug/verify
2025-02-18 08:53:46.388 : Expiration = 2028-06-24
2025-02-18 08:57:43.535 : 
2025-02-18 08:57:43.536 : ================== Signature Check ====================
2025-02-18 08:57:43.536 : Author = paul di_Debug_OffLine
2025-02-18 08:57:43.536 : Version = 2024.0718.155524
2025-02-18 08:57:43.536 : ChangeLog = for debug/verify
2025-02-18 08:57:43.537 : Expiration = 2028-06-24
2025-02-18 09:02:29.754 : 
2025-02-18 09:02:29.754 : ================== Signature Check ====================
2025-02-18 09:02:29.755 : Author = paul di_Debug_OffLine
2025-02-18 09:02:29.755 : Version = 2024.0718.155524
2025-02-18 09:02:29.755 : ChangeLog = for debug/verify
2025-02-18 09:02:29.755 : Expiration = 2028-06-24
2025-02-18 09:12:44.065 : 
2025-02-18 09:12:44.066 : ================== Signature Check ====================
2025-02-18 09:12:44.066 : Author = paul di_Debug_OffLine
2025-02-18 09:12:44.066 : Version = 2024.0718.155524
2025-02-18 09:12:44.066 : ChangeLog = for debug/verify
2025-02-18 09:12:44.067 : Expiration = 2028-06-24
2025-02-18 09:14:57.382 : 
2025-02-18 09:14:57.382 : ================== Signature Check ====================
2025-02-18 09:14:57.383 : Author = paul di_Debug_OffLine
2025-02-18 09:14:57.383 : Version = 2024.0718.155524
2025-02-18 09:14:57.383 : ChangeLog = for debug/verify
2025-02-18 09:14:57.383 : Expiration = 2028-06-24
2025-02-18 09:18:46.225 : 
2025-02-18 09:18:46.226 : ================== Signature Check ====================
2025-02-18 09:18:46.226 : Author = paul di_Debug_OffLine
2025-02-18 09:18:46.226 : Version = 2024.0718.155524
2025-02-18 09:18:46.226 : ChangeLog = for debug/verify
2025-02-18 09:18:46.227 : Expiration = 2028-06-24
2025-02-18 10:19:11.664 : 
2025-02-18 10:19:11.664 : ================== Signature Check ====================
2025-02-18 10:19:11.664 : Author = paul di_Debug_OffLine
2025-02-18 10:19:11.664 : Version = 2024.0718.155524
2025-02-18 10:19:11.664 : ChangeLog = for debug/verify
2025-02-18 10:19:11.664 : Expiration = 2028-06-24
2025-02-18 10:23:32.528 : 
2025-02-18 10:23:32.528 : ================== Signature Check ====================
2025-02-18 10:23:32.528 : Author = paul di_Debug_OffLine
2025-02-18 10:23:32.528 : Version = 2024.0718.155524
2025-02-18 10:23:32.528 : ChangeLog = for debug/verify
2025-02-18 10:23:32.528 : Expiration = 2028-06-24
2025-02-18 10:26:37.294 : 
2025-02-18 10:26:37.294 : ================== Signature Check ====================
2025-02-18 10:26:37.295 : Author = paul di_Debug_OffLine
2025-02-18 10:26:37.295 : Version = 2024.0718.155524
2025-02-18 10:26:37.295 : ChangeLog = for debug/verify
2025-02-18 10:26:37.295 : Expiration = 2028-06-24
2025-02-18 10:30:01.912 : 
2025-02-18 10:30:01.913 : ================== Signature Check ====================
2025-02-18 10:30:01.913 : Author = paul di_Debug_OffLine
2025-02-18 10:30:01.914 : Version = 2024.0718.155524
2025-02-18 10:30:01.914 : ChangeLog = for debug/verify
2025-02-18 10:30:01.914 : Expiration = 2028-06-24
2025-02-18 10:38:08.268 : 
2025-02-18 10:38:08.269 : ================== Signature Check ====================
2025-02-18 10:38:08.270 : Author = paul di_Debug_OffLine
2025-02-18 10:38:08.270 : Version = 2024.0718.155524
2025-02-18 10:38:08.270 : ChangeLog = for debug/verify
2025-02-18 10:38:08.270 : Expiration = 2028-06-24
2025-02-18 10:40:35.198 : 
2025-02-18 10:40:35.199 : ================== Signature Check ====================
2025-02-18 10:40:35.199 : Author = paul di_Debug_OffLine
2025-02-18 10:40:35.199 : Version = 2024.0718.155524
2025-02-18 10:40:35.199 : ChangeLog = for debug/verify
2025-02-18 10:40:35.200 : Expiration = 2028-06-24
2025-02-18 10:43:42.700 : 
2025-02-18 10:43:42.700 : ================== Signature Check ====================
2025-02-18 10:43:42.701 : Author = paul di_Debug_OffLine
2025-02-18 10:43:42.701 : Version = 2024.0718.155524
2025-02-18 10:43:42.701 : ChangeLog = for debug/verify
2025-02-18 10:43:42.701 : Expiration = 2028-06-24
2025-02-18 10:52:26.088 : 
2025-02-18 10:52:26.089 : ================== Signature Check ====================
2025-02-18 10:52:26.090 : Author = paul di_Debug_OffLine
2025-02-18 10:52:26.090 : Version = 2024.0718.155524
2025-02-18 10:52:26.090 : ChangeLog = for debug/verify
2025-02-18 10:52:26.090 : Expiration = 2028-06-24
2025-02-18 10:54:04.690 : 
2025-02-18 10:54:04.691 : ================== Signature Check ====================
2025-02-18 10:54:04.691 : Author = paul di_Debug_OffLine
2025-02-18 10:54:04.691 : Version = 2024.0718.155524
2025-02-18 10:54:04.691 : ChangeLog = for debug/verify
2025-02-18 10:54:04.691 : Expiration = 2028-06-24
2025-02-18 10:57:31.651 : 
2025-02-18 10:57:31.652 : ================== Signature Check ====================
2025-02-18 10:57:31.652 : Author = paul di_Debug_OffLine
2025-02-18 10:57:31.652 : Version = 2024.0718.155524
2025-02-18 10:57:31.652 : ChangeLog = for debug/verify
2025-02-18 10:57:31.652 : Expiration = 2028-06-24
2025-02-18 11:02:09.326 : 
2025-02-18 11:02:09.327 : ================== Signature Check ====================
2025-02-18 11:02:09.327 : Author = paul di_Debug_OffLine
2025-02-18 11:02:09.327 : Version = 2024.0718.155524
2025-02-18 11:02:09.327 : ChangeLog = for debug/verify
2025-02-18 11:02:09.327 : Expiration = 2028-06-24
2025-02-18 11:04:31.713 : 
2025-02-18 11:04:31.713 : ================== Signature Check ====================
2025-02-18 11:04:31.714 : Author = paul di_Debug_OffLine
2025-02-18 11:04:31.714 : Version = 2024.0718.155524
2025-02-18 11:04:31.714 : ChangeLog = for debug/verify
2025-02-18 11:04:31.714 : Expiration = 2028-06-24
2025-02-18 11:05:33.375 : 
2025-02-18 11:05:33.375 : ================== Signature Check ====================
2025-02-18 11:05:33.376 : Author = paul di_Debug_OffLine
2025-02-18 11:05:33.376 : Version = 2024.0718.155524
2025-02-18 11:05:33.376 : ChangeLog = for debug/verify
2025-02-18 11:05:33.376 : Expiration = 2028-06-24
2025-02-18 11:21:10.954 : 
2025-02-18 11:21:10.955 : ================== Signature Check ====================
2025-02-18 11:21:10.956 : Author = paul di_Debug_OffLine
2025-02-18 11:21:10.956 : Version = 2024.0718.155524
2025-02-18 11:21:10.956 : ChangeLog = for debug/verify
2025-02-18 11:21:10.956 : Expiration = 2028-06-24
2025-02-18 11:22:59.903 : 
2025-02-18 11:22:59.903 : ================== Signature Check ====================
2025-02-18 11:22:59.903 : Author = paul di_Debug_OffLine
2025-02-18 11:22:59.903 : Version = 2024.0718.155524
2025-02-18 11:22:59.904 : ChangeLog = for debug/verify
2025-02-18 11:22:59.904 : Expiration = 2028-06-24
2025-02-18 11:25:22.105 : 
2025-02-18 11:25:22.106 : ================== Signature Check ====================
2025-02-18 11:25:22.106 : Author = paul di_Debug_OffLine
2025-02-18 11:25:22.106 : Version = 2024.0718.155524
2025-02-18 11:25:22.106 : ChangeLog = for debug/verify
2025-02-18 11:25:22.106 : Expiration = 2028-06-24
2025-02-18 11:26:18.441 : 
2025-02-18 11:26:18.442 : ================== Signature Check ====================
2025-02-18 11:26:18.442 : Author = paul di_Debug_OffLine
2025-02-18 11:26:18.442 : Version = 2024.0718.155524
2025-02-18 11:26:18.442 : ChangeLog = for debug/verify
2025-02-18 11:26:18.443 : Expiration = 2028-06-24
2025-02-18 11:29:42.657 : 
2025-02-18 11:29:42.657 : ================== Signature Check ====================
2025-02-18 11:29:42.658 : Author = paul di_Debug_OffLine
2025-02-18 11:29:42.658 : Version = 2024.0718.155524
2025-02-18 11:29:42.658 : ChangeLog = for debug/verify
2025-02-18 11:29:42.658 : Expiration = 2028-06-24
2025-02-18 11:30:24.760 : 
2025-02-18 11:30:24.760 : ================== Signature Check ====================
2025-02-18 11:30:24.761 : Author = paul di_Debug_OffLine
2025-02-18 11:30:24.761 : Version = 2024.0718.155524
2025-02-18 11:30:24.761 : ChangeLog = for debug/verify
2025-02-18 11:30:24.761 : Expiration = 2028-06-24
2025-02-18 15:51:48.471 : 
2025-02-18 15:51:48.472 : ================== Signature Check ====================
2025-02-18 15:51:48.472 : Author = paul di_Debug_OffLine
2025-02-18 15:51:48.472 : Version = 2024.0718.155524
2025-02-18 15:51:48.472 : ChangeLog = for debug/verify
2025-02-18 15:51:48.472 : Expiration = 2028-06-24
2025-02-18 16:01:16.764 : 
2025-02-18 16:01:16.764 : ================== Signature Check ====================
2025-02-18 16:01:16.764 : Author = paul di_Debug_OffLine
2025-02-18 16:01:16.764 : Version = 2024.0718.155524
2025-02-18 16:01:16.765 : ChangeLog = for debug/verify
2025-02-18 16:01:16.765 : Expiration = 2028-06-24
2025-02-18 16:02:26.622 : 
2025-02-18 16:02:26.622 : ================== Signature Check ====================
2025-02-18 16:02:26.622 : Author = paul di_Debug_OffLine
2025-02-18 16:02:26.622 : Version = 2024.0718.155524
2025-02-18 16:02:26.622 : ChangeLog = for debug/verify
2025-02-18 16:02:26.622 : Expiration = 2028-06-24
2025-02-18 16:07:26.554 : 
2025-02-18 16:07:26.555 : ================== Signature Check ====================
2025-02-18 16:07:26.556 : Author = paul di_Debug_OffLine
2025-02-18 16:07:26.556 : Version = 2024.0718.155524
2025-02-18 16:07:26.556 : ChangeLog = for debug/verify
2025-02-18 16:07:26.556 : Expiration = 2028-06-24
2025-02-18 16:08:58.756 : 
2025-02-18 16:08:58.757 : ================== Signature Check ====================
2025-02-18 16:08:58.758 : Author = paul di_Debug_OffLine
2025-02-18 16:08:58.758 : Version = 2024.0718.155524
2025-02-18 16:08:58.758 : ChangeLog = for debug/verify
2025-02-18 16:08:58.758 : Expiration = 2028-06-24
2025-02-18 16:13:50.150 : 
2025-02-18 16:13:50.150 : ================== Signature Check ====================
2025-02-18 16:13:50.150 : Author = paul di_Debug_OffLine
2025-02-18 16:13:50.150 : Version = 2024.0718.155524
2025-02-18 16:13:50.150 : ChangeLog = for debug/verify
2025-02-18 16:13:50.150 : Expiration = 2028-06-24
2025-02-18 16:16:36.001 : 
2025-02-18 16:16:36.002 : ================== Signature Check ====================
2025-02-18 16:16:36.002 : Author = paul di_Debug_OffLine
2025-02-18 16:16:36.002 : Version = 2024.0718.155524
2025-02-18 16:16:36.003 : ChangeLog = for debug/verify
2025-02-18 16:16:36.003 : Expiration = 2028-06-24
2025-02-18 16:22:09.363 : 
2025-02-18 16:22:09.363 : ================== Signature Check ====================
2025-02-18 16:22:09.364 : Author = paul di_Debug_OffLine
2025-02-18 16:22:09.364 : Version = 2024.0718.155524
2025-02-18 16:22:09.364 : ChangeLog = for debug/verify
2025-02-18 16:22:09.364 : Expiration = 2028-06-24
2025-02-18 16:26:52.193 : 
2025-02-18 16:26:52.194 : ================== Signature Check ====================
2025-02-18 16:26:52.194 : Author = paul di_Debug_OffLine
2025-02-18 16:26:52.194 : Version = 2024.0718.155524
2025-02-18 16:26:52.194 : ChangeLog = for debug/verify
2025-02-18 16:26:52.195 : Expiration = 2028-06-24
2025-02-18 16:31:38.316 : 
2025-02-18 16:31:38.316 : ================== Signature Check ====================
2025-02-18 16:31:38.317 : Author = paul di_Debug_OffLine
2025-02-18 16:31:38.317 : Version = 2024.0718.155524
2025-02-18 16:31:38.317 : ChangeLog = for debug/verify
2025-02-18 16:31:38.317 : Expiration = 2028-06-24
2025-02-18 17:13:49.301 : 
2025-02-18 17:13:49.301 : ================== Signature Check ====================
2025-02-18 17:13:49.301 : Author = paul di_Debug_OffLine
2025-02-18 17:13:49.301 : Version = 2024.0718.155524
2025-02-18 17:13:49.301 : ChangeLog = for debug/verify
2025-02-18 17:13:49.302 : Expiration = 2028-06-24
2025-02-18 18:25:40.127 : 
2025-02-18 18:25:40.128 : ================== Signature Check ====================
2025-02-18 18:25:40.128 : Author = paul di_Debug_OffLine
2025-02-18 18:25:40.128 : Version = 2024.0718.155524
2025-02-18 18:25:40.128 : ChangeLog = for debug/verify
2025-02-18 18:25:40.128 : Expiration = 2028-06-24
2025-02-18 18:26:37.817 : 
2025-02-18 18:26:37.817 : ================== Signature Check ====================
2025-02-18 18:26:37.818 : Author = paul di_Debug_OffLine
2025-02-18 18:26:37.818 : Version = 2024.0718.155524
2025-02-18 18:26:37.818 : ChangeLog = for debug/verify
2025-02-18 18:26:37.818 : Expiration = 2028-06-24
2025-02-18 18:28:42.939 : 
2025-02-18 18:28:42.940 : ================== Signature Check ====================
2025-02-18 18:28:42.940 : Author = paul di_Debug_OffLine
2025-02-18 18:28:42.941 : Version = 2024.0718.155524
2025-02-18 18:28:42.941 : ChangeLog = for debug/verify
2025-02-18 18:28:42.941 : Expiration = 2028-06-24
2025-02-18 18:31:36.421 : 
2025-02-18 18:31:36.421 : ================== Signature Check ====================
2025-02-18 18:31:36.422 : Author = paul di_Debug_OffLine
2025-02-18 18:31:36.422 : Version = 2024.0718.155524
2025-02-18 18:31:36.422 : ChangeLog = for debug/verify
2025-02-18 18:31:36.422 : Expiration = 2028-06-24
2025-02-18 18:37:46.813 : 
2025-02-18 18:37:46.813 : ================== Signature Check ====================
2025-02-18 18:37:46.814 : Author = paul di_Debug_OffLine
2025-02-18 18:37:46.814 : Version = 2024.0718.155524
2025-02-18 18:37:46.814 : ChangeLog = for debug/verify
2025-02-18 18:37:46.814 : Expiration = 2028-06-24
2025-02-18 18:39:33.321 : 
2025-02-18 18:39:33.321 : ================== Signature Check ====================
2025-02-18 18:39:33.322 : Author = paul di_Debug_OffLine
2025-02-18 18:39:33.322 : Version = 2024.0718.155524
2025-02-18 18:39:33.322 : ChangeLog = for debug/verify
2025-02-18 18:39:33.322 : Expiration = 2028-06-24
2025-02-18 18:42:05.515 : 
2025-02-18 18:42:05.516 : ================== Signature Check ====================
2025-02-18 18:42:05.516 : Author = paul di_Release_OffLine
2025-02-18 18:42:05.516 : Version = 2024.0718.155524
2025-02-18 18:42:05.516 : ChangeLog = for debug/verify
2025-02-18 18:42:05.516 : Expiration = 2028-06-24
2025-02-18 18:43:31.567 : 
2025-02-18 18:43:31.567 : ================== Signature Check ====================
2025-02-18 18:43:31.567 : Author = paul di_Release_OffLine
2025-02-18 18:43:31.567 : Version = 2024.0718.155524
2025-02-18 18:43:31.567 : ChangeLog = for debug/verify
2025-02-18 18:43:31.567 : Expiration = 2028-06-24
2025-02-18 18:45:03.293 : 
2025-02-18 18:45:03.293 : ================== Signature Check ====================
2025-02-18 18:45:03.294 : Author = paul di_Debug_OffLine
2025-02-18 18:45:03.294 : Version = 2024.0718.155524
2025-02-18 18:45:03.294 : ChangeLog = for debug/verify
2025-02-18 18:45:03.294 : Expiration = 2028-06-24
2025-02-18 19:00:29.167 : 
2025-02-18 19:00:29.167 : ================== Signature Check ====================
2025-02-18 19:00:29.168 : Author = paul di_Debug_OffLine
2025-02-18 19:00:29.168 : Version = 2024.0718.155524
2025-02-18 19:00:29.168 : ChangeLog = for debug/verify
2025-02-18 19:00:29.168 : Expiration = 2028-06-24
2025-02-18 19:01:27.762 : 
2025-02-18 19:01:27.763 : ================== Signature Check ====================
2025-02-18 19:01:27.763 : Author = paul di_Debug_OffLine
2025-02-18 19:01:27.764 : Version = 2024.0718.155524
2025-02-18 19:01:27.764 : ChangeLog = for debug/verify
2025-02-18 19:01:27.764 : Expiration = 2028-06-24
2025-02-18 19:26:17.882 : 
2025-02-18 19:26:17.883 : ================== Signature Check ====================
2025-02-18 19:26:17.883 : Author = paul di_Debug_OffLine
2025-02-18 19:26:17.884 : Version = 2024.0718.155524
2025-02-18 19:26:17.884 : ChangeLog = for debug/verify
2025-02-18 19:26:17.884 : Expiration = 2028-06-24
2025-02-18 19:29:32.433 : 
2025-02-18 19:29:32.433 : ================== Signature Check ====================
2025-02-18 19:29:32.434 : Author = paul di_Debug_OffLine
2025-02-18 19:29:32.434 : Version = 2024.0718.155524
2025-02-18 19:29:32.434 : ChangeLog = for debug/verify
2025-02-18 19:29:32.434 : Expiration = 2028-06-24
2025-02-18 19:35:14.961 : 
2025-02-18 19:35:14.961 : ================== Signature Check ====================
2025-02-18 19:35:14.962 : Author = paul di_Debug_OffLine
2025-02-18 19:35:14.962 : Version = 2024.0718.155524
2025-02-18 19:35:14.962 : ChangeLog = for debug/verify
2025-02-18 19:35:14.962 : Expiration = 2028-06-24
2025-02-18 19:37:01.662 : 
2025-02-18 19:37:01.662 : ================== Signature Check ====================
2025-02-18 19:37:01.662 : Author = paul di_Debug_OffLine
2025-02-18 19:37:01.662 : Version = 2024.0718.155524
2025-02-18 19:37:01.662 : ChangeLog = for debug/verify
2025-02-18 19:37:01.662 : Expiration = 2028-06-24
2025-02-18 19:55:05.015 : 
2025-02-18 19:55:05.016 : ================== Signature Check ====================
2025-02-18 19:55:05.016 : Author = paul di_Debug_OffLine
2025-02-18 19:55:05.016 : Version = 2024.0718.155524
2025-02-18 19:55:05.016 : ChangeLog = for debug/verify
2025-02-18 19:55:05.016 : Expiration = 2028-06-24
2025-02-18 19:58:44.526 : 
2025-02-18 19:58:44.526 : ================== Signature Check ====================
2025-02-18 19:58:44.526 : Author = paul di_Debug_OffLine
2025-02-18 19:58:44.526 : Version = 2024.0718.155524
2025-02-18 19:58:44.527 : ChangeLog = for debug/verify
2025-02-18 19:58:44.527 : Expiration = 2028-06-24
2025-02-18 20:01:01.375 : 
2025-02-18 20:01:01.375 : ================== Signature Check ====================
2025-02-18 20:01:01.376 : Author = paul di_Debug_OffLine
2025-02-18 20:01:01.376 : Version = 2024.0718.155524
2025-02-18 20:01:01.376 : ChangeLog = for debug/verify
2025-02-18 20:01:01.376 : Expiration = 2028-06-24
2025-02-18 20:01:15.186 : 
2025-02-18 20:01:15.186 : ================== Signature Check ====================
2025-02-18 20:01:15.187 : Author = paul di_Debug_OffLine
2025-02-18 20:01:15.187 : Version = 2024.0718.155524
2025-02-18 20:01:15.187 : ChangeLog = for debug/verify
2025-02-18 20:01:15.187 : Expiration = 2028-06-24
2025-02-18 20:02:57.462 : 
2025-02-18 20:02:57.463 : ================== Signature Check ====================
2025-02-18 20:02:57.463 : Author = paul di_Debug_OffLine
2025-02-18 20:02:57.463 : Version = 2024.0718.155524
2025-02-18 20:02:57.463 : ChangeLog = for debug/verify
2025-02-18 20:02:57.463 : Expiration = 2028-06-24
2025-02-18 20:08:50.598 : 
2025-02-18 20:08:50.599 : ================== Signature Check ====================
2025-02-18 20:08:50.599 : Author = paul di_Debug_OffLine
2025-02-18 20:08:50.599 : Version = 2024.0718.155524
2025-02-18 20:08:50.599 : ChangeLog = for debug/verify
2025-02-18 20:08:50.599 : Expiration = 2028-06-24
2025-02-18 20:16:34.802 : 
2025-02-18 20:16:34.802 : ================== Signature Check ====================
2025-02-18 20:16:34.802 : Author = paul di_Debug_OffLine
2025-02-18 20:16:34.802 : Version = 2024.0718.155524
2025-02-18 20:16:34.802 : ChangeLog = for debug/verify
2025-02-18 20:16:34.802 : Expiration = 2028-06-24
2025-02-18 20:23:27.253 : 
2025-02-18 20:23:27.253 : ================== Signature Check ====================
2025-02-18 20:23:27.253 : Author = paul di_Release_OffLine
2025-02-18 20:23:27.253 : Version = 2024.0718.155524
2025-02-18 20:23:27.253 : ChangeLog = for debug/verify
2025-02-18 20:23:27.253 : Expiration = 2028-06-24
2025-02-18 20:24:31.169 : 
2025-02-18 20:24:31.169 : ================== Signature Check ====================
2025-02-18 20:24:31.170 : Author = paul di_Release_OffLine
2025-02-18 20:24:31.170 : Version = 2024.0718.155524
2025-02-18 20:24:31.170 : ChangeLog = for debug/verify
2025-02-18 20:24:31.170 : Expiration = 2028-06-24
2025-02-18 20:24:35.621 : 
2025-02-18 20:24:35.622 : ================== Signature Check ====================
2025-02-18 20:24:35.622 : Author = paul di_Debug_OffLine
2025-02-18 20:24:35.622 : Version = 2024.0718.155524
2025-02-18 20:24:35.622 : ChangeLog = for debug/verify
2025-02-18 20:24:35.622 : Expiration = 2028-06-24
2025-02-18 20:26:22.217 : 
2025-02-18 20:26:22.217 : ================== Signature Check ====================
2025-02-18 20:26:22.218 : Author = paul di_Release_OffLine
2025-02-18 20:26:22.218 : Version = 2024.0718.155524
2025-02-18 20:26:22.218 : ChangeLog = for debug/verify
2025-02-18 20:26:22.218 : Expiration = 2028-06-24
2025-02-18 20:28:35.578 : 
2025-02-18 20:28:35.578 : ================== Signature Check ====================
2025-02-18 20:28:35.579 : Author = paul di_Release_OffLine
2025-02-18 20:28:35.579 : Version = 2024.0718.155524
2025-02-18 20:28:35.579 : ChangeLog = for debug/verify
2025-02-18 20:28:35.579 : Expiration = 2028-06-24
2025-02-18 20:30:24.261 : 
2025-02-18 20:30:24.261 : ================== Signature Check ====================
2025-02-18 20:30:24.262 : Author = paul di_Debug_OffLine
2025-02-18 20:30:24.262 : Version = 2024.0718.155524
2025-02-18 20:30:24.262 : ChangeLog = for debug/verify
2025-02-18 20:30:24.262 : Expiration = 2028-06-24
2025-02-18 20:44:41.989 : 
2025-02-18 20:44:41.989 : ================== Signature Check ====================
2025-02-18 20:44:41.990 : Author = paul di_Debug_OffLine
2025-02-18 20:44:41.990 : Version = 2024.0718.155524
2025-02-18 20:44:41.990 : ChangeLog = for debug/verify
2025-02-18 20:44:41.990 : Expiration = 2028-06-24
2025-02-18 20:46:00.351 : 
2025-02-18 20:46:00.352 : ================== Signature Check ====================
2025-02-18 20:46:00.352 : Author = paul di_Release_OffLine
2025-02-18 20:46:00.352 : Version = 2024.0718.155524
2025-02-18 20:46:00.352 : ChangeLog = for debug/verify
2025-02-18 20:46:00.352 : Expiration = 2028-06-24
2025-02-18 20:47:00.699 : 
2025-02-18 20:47:00.699 : ================== Signature Check ====================
2025-02-18 20:47:00.699 : Author = paul di_Release_OffLine
2025-02-18 20:47:00.699 : Version = 2024.0718.155524
2025-02-18 20:47:00.699 : ChangeLog = for debug/verify
2025-02-18 20:47:00.699 : Expiration = 2028-06-24
2025-02-18 20:48:18.732 : 
2025-02-18 20:48:18.732 : ================== Signature Check ====================
2025-02-18 20:48:18.732 : Author = paul di_Release_OffLine
2025-02-18 20:48:18.732 : Version = 2024.0718.155524
2025-02-18 20:48:18.733 : ChangeLog = for debug/verify
2025-02-18 20:48:18.733 : Expiration = 2028-06-24
2025-02-18 20:49:23.740 : 
2025-02-18 20:49:23.740 : ================== Signature Check ====================
2025-02-18 20:49:23.740 : Author = paul di_Release_OffLine
2025-02-18 20:49:23.740 : Version = 2024.0718.155524
2025-02-18 20:49:23.740 : ChangeLog = for debug/verify
2025-02-18 20:49:23.740 : Expiration = 2028-06-24
2025-02-18 20:57:26.984 : 
2025-02-18 20:57:26.984 : ================== Signature Check ====================
2025-02-18 20:57:26.985 : Author = paul di_Debug_OffLine
2025-02-18 20:57:26.985 : Version = 2024.0718.155524
2025-02-18 20:57:26.985 : ChangeLog = for debug/verify
2025-02-18 20:57:26.985 : Expiration = 2028-06-24
2025-02-18 20:58:17.802 : 
2025-02-18 20:58:17.802 : ================== Signature Check ====================
2025-02-18 20:58:17.802 : Author = paul di_Debug_OffLine
2025-02-18 20:58:17.802 : Version = 2024.0718.155524
2025-02-18 20:58:17.802 : ChangeLog = for debug/verify
2025-02-18 20:58:17.802 : Expiration = 2028-06-24
2025-02-18 21:01:54.965 : 
2025-02-18 21:01:54.965 : ================== Signature Check ====================
2025-02-18 21:01:54.966 : Author = paul di_Debug_OffLine
2025-02-18 21:01:54.966 : Version = 2024.0718.155524
2025-02-18 21:01:54.966 : ChangeLog = for debug/verify
2025-02-18 21:01:54.966 : Expiration = 2028-06-24
2025-02-18 21:05:04.678 : 
2025-02-18 21:05:04.678 : ================== Signature Check ====================
2025-02-18 21:05:04.679 : Author = paul di_Debug_OffLine
2025-02-18 21:05:04.679 : Version = 2024.0718.155524
2025-02-18 21:05:04.679 : ChangeLog = for debug/verify
2025-02-18 21:05:04.679 : Expiration = 2028-06-24
2025-02-18 21:08:29.609 : 
2025-02-18 21:08:29.609 : ================== Signature Check ====================
2025-02-18 21:08:29.610 : Author = paul di_Debug_OffLine
2025-02-18 21:08:29.610 : Version = 2024.0718.155524
2025-02-18 21:08:29.610 : ChangeLog = for debug/verify
2025-02-18 21:08:29.610 : Expiration = 2028-06-24
2025-02-18 21:12:21.345 : 
2025-02-18 21:12:21.345 : ================== Signature Check ====================
2025-02-18 21:12:21.346 : Author = paul di_Debug_OffLine
2025-02-18 21:12:21.346 : Version = 2024.0718.155524
2025-02-18 21:12:21.346 : ChangeLog = for debug/verify
2025-02-18 21:12:21.346 : Expiration = 2028-06-24
2025-02-18 21:14:41.025 : 
2025-02-18 21:14:41.026 : ================== Signature Check ====================
2025-02-18 21:14:41.027 : Author = paul di_Debug_OffLine
2025-02-18 21:14:41.027 : Version = 2024.0718.155524
2025-02-18 21:14:41.027 : ChangeLog = for debug/verify
2025-02-18 21:14:41.027 : Expiration = 2028-06-24
2025-02-18 21:15:37.162 : 
2025-02-18 21:15:37.163 : ================== Signature Check ====================
2025-02-18 21:15:37.164 : Author = paul di_Debug_OffLine
2025-02-18 21:15:37.164 : Version = 2024.0718.155524
2025-02-18 21:15:37.164 : ChangeLog = for debug/verify
2025-02-18 21:15:37.164 : Expiration = 2028-06-24
