2025-02-16 00:22:00.139 : 
2025-02-16 00:22:00.140 : ================== Signature Check ====================
2025-02-16 00:22:00.142 : Author = paul di_Debug_OffLine
2025-02-16 00:22:00.142 : Version = 2024.0718.155524
2025-02-16 00:22:00.143 : ChangeLog = for debug/verify
2025-02-16 00:22:00.143 : Expiration = 2028-06-24
2025-02-16 00:23:31.373 : 
2025-02-16 00:23:31.374 : ================== Signature Check ====================
2025-02-16 00:23:31.375 : Author = paul di_Debug_OffLine
2025-02-16 00:23:31.375 : Version = 2024.0718.155524
2025-02-16 00:23:31.376 : ChangeLog = for debug/verify
2025-02-16 00:23:31.376 : Expiration = 2028-06-24
2025-02-16 00:24:56.629 : 
2025-02-16 00:24:56.630 : ================== Signature Check ====================
2025-02-16 00:24:56.632 : Author = paul di_Debug_OffLine
2025-02-16 00:24:56.633 : Version = 2024.0718.155524
2025-02-16 00:24:56.633 : ChangeLog = for debug/verify
2025-02-16 00:24:56.634 : Expiration = 2028-06-24
2025-02-16 00:29:05.600 : 
2025-02-16 00:29:05.601 : ================== Signature Check ====================
2025-02-16 00:29:05.602 : Author = paul di_Debug_OffLine
2025-02-16 00:29:05.603 : Version = 2024.0718.155524
2025-02-16 00:29:05.603 : ChangeLog = for debug/verify
2025-02-16 00:29:05.603 : Expiration = 2028-06-24
2025-02-16 09:41:21.603 : 
2025-02-16 09:41:21.604 : ================== Signature Check ====================
2025-02-16 09:41:21.604 : Author = paul di_Debug_OffLine
2025-02-16 09:41:21.604 : Version = 2024.0718.155524
2025-02-16 09:41:21.604 : ChangeLog = for debug/verify
2025-02-16 09:41:21.605 : Expiration = 2028-06-24
2025-02-16 10:05:10.712 : 
2025-02-16 10:05:10.712 : ================== Signature Check ====================
2025-02-16 10:05:10.712 : Author = paul di_Debug_OffLine
2025-02-16 10:05:10.712 : Version = 2024.0718.155524
2025-02-16 10:05:10.712 : ChangeLog = for debug/verify
2025-02-16 10:05:10.713 : Expiration = 2028-06-24
2025-02-16 10:40:28.492 : 
2025-02-16 10:40:28.492 : ================== Signature Check ====================
2025-02-16 10:40:28.493 : Author = paul di_Debug_OffLine
2025-02-16 10:40:28.493 : Version = 2024.0718.155524
2025-02-16 10:40:28.493 : ChangeLog = for debug/verify
2025-02-16 10:40:28.493 : Expiration = 2028-06-24
2025-02-16 10:43:25.238 : 
2025-02-16 10:43:25.238 : ================== Signature Check ====================
2025-02-16 10:43:25.238 : Author = paul di_Debug_OffLine
2025-02-16 10:43:25.238 : Version = 2024.0718.155524
2025-02-16 10:43:25.238 : ChangeLog = for debug/verify
2025-02-16 10:43:25.238 : Expiration = 2028-06-24
2025-02-16 10:47:15.487 : 
2025-02-16 10:47:15.488 : ================== Signature Check ====================
2025-02-16 10:47:15.488 : Author = paul di_Debug_OffLine
2025-02-16 10:47:15.489 : Version = 2024.0718.155524
2025-02-16 10:47:15.489 : ChangeLog = for debug/verify
2025-02-16 10:47:15.489 : Expiration = 2028-06-24
2025-02-16 10:51:29.499 : 
2025-02-16 10:51:29.499 : ================== Signature Check ====================
2025-02-16 10:51:29.499 : Author = paul di_Debug_OffLine
2025-02-16 10:51:29.499 : Version = 2024.0718.155524
2025-02-16 10:51:29.499 : ChangeLog = for debug/verify
2025-02-16 10:51:29.499 : Expiration = 2028-06-24
2025-02-16 10:55:44.376 : 
2025-02-16 10:55:44.376 : ================== Signature Check ====================
2025-02-16 10:55:44.376 : Author = paul di_Debug_OffLine
2025-02-16 10:55:44.376 : Version = 2024.0718.155524
2025-02-16 10:55:44.376 : ChangeLog = for debug/verify
2025-02-16 10:55:44.377 : Expiration = 2028-06-24
2025-02-16 11:00:10.086 : 
2025-02-16 11:00:10.086 : ================== Signature Check ====================
2025-02-16 11:00:10.087 : Author = paul di_Debug_OffLine
2025-02-16 11:00:10.087 : Version = 2024.0718.155524
2025-02-16 11:00:10.087 : ChangeLog = for debug/verify
2025-02-16 11:00:10.087 : Expiration = 2028-06-24
2025-02-16 11:08:23.237 : 
2025-02-16 11:08:23.238 : ================== Signature Check ====================
2025-02-16 11:08:23.238 : Author = paul di_Debug_OffLine
2025-02-16 11:08:23.238 : Version = 2024.0718.155524
2025-02-16 11:08:23.238 : ChangeLog = for debug/verify
2025-02-16 11:08:23.238 : Expiration = 2028-06-24
2025-02-16 11:11:00.470 : 
2025-02-16 11:11:00.471 : ================== Signature Check ====================
2025-02-16 11:11:00.471 : Author = paul di_Debug_OffLine
2025-02-16 11:11:00.471 : Version = 2024.0718.155524
2025-02-16 11:11:00.471 : ChangeLog = for debug/verify
2025-02-16 11:11:00.471 : Expiration = 2028-06-24
2025-02-16 11:14:53.669 : 
2025-02-16 11:14:53.669 : ================== Signature Check ====================
2025-02-16 11:14:53.669 : Author = paul di_Debug_OffLine
2025-02-16 11:14:53.669 : Version = 2024.0718.155524
2025-02-16 11:14:53.669 : ChangeLog = for debug/verify
2025-02-16 11:14:53.669 : Expiration = 2028-06-24
2025-02-16 11:17:11.763 : 
2025-02-16 11:17:11.763 : ================== Signature Check ====================
2025-02-16 11:17:11.763 : Author = paul di_Debug_OffLine
2025-02-16 11:17:11.763 : Version = 2024.0718.155524
2025-02-16 11:17:11.763 : ChangeLog = for debug/verify
2025-02-16 11:17:11.763 : Expiration = 2028-06-24
2025-02-16 11:18:59.255 : 
2025-02-16 11:18:59.255 : ================== Signature Check ====================
2025-02-16 11:18:59.255 : Author = paul di_Debug_OffLine
2025-02-16 11:18:59.256 : Version = 2024.0718.155524
2025-02-16 11:18:59.256 : ChangeLog = for debug/verify
2025-02-16 11:18:59.256 : Expiration = 2028-06-24
2025-02-16 11:24:42.760 : 
2025-02-16 11:24:42.761 : ================== Signature Check ====================
2025-02-16 11:24:42.761 : Author = paul di_Debug_OffLine
2025-02-16 11:24:42.761 : Version = 2024.0718.155524
2025-02-16 11:24:42.761 : ChangeLog = for debug/verify
2025-02-16 11:24:42.762 : Expiration = 2028-06-24
2025-02-16 11:29:34.016 : 
2025-02-16 11:29:34.016 : ================== Signature Check ====================
2025-02-16 11:29:34.017 : Author = paul di_Debug_OffLine
2025-02-16 11:29:34.017 : Version = 2024.0718.155524
2025-02-16 11:29:34.017 : ChangeLog = for debug/verify
2025-02-16 11:29:34.017 : Expiration = 2028-06-24
2025-02-16 11:31:00.138 : 
2025-02-16 11:31:00.138 : ================== Signature Check ====================
2025-02-16 11:31:00.138 : Author = paul di_Debug_OffLine
2025-02-16 11:31:00.138 : Version = 2024.0718.155524
2025-02-16 11:31:00.138 : ChangeLog = for debug/verify
2025-02-16 11:31:00.139 : Expiration = 2028-06-24
2025-02-16 13:47:38.178 : 
2025-02-16 13:47:38.178 : ================== Signature Check ====================
2025-02-16 13:47:38.179 : Author = paul di_Debug_OffLine
2025-02-16 13:47:38.179 : Version = 2024.0718.155524
2025-02-16 13:47:38.179 : ChangeLog = for debug/verify
2025-02-16 13:47:38.179 : Expiration = 2028-06-24
2025-02-16 14:18:27.989 : 
2025-02-16 14:18:27.990 : ================== Signature Check ====================
2025-02-16 14:18:27.991 : Author = paul di_Debug_OffLine
2025-02-16 14:18:27.991 : Version = 2024.0718.155524
2025-02-16 14:18:27.991 : ChangeLog = for debug/verify
2025-02-16 14:18:27.991 : Expiration = 2028-06-24
2025-02-16 14:25:52.420 : 
2025-02-16 14:25:52.421 : ================== Signature Check ====================
2025-02-16 14:25:52.422 : Author = paul di_Debug_OffLine
2025-02-16 14:25:52.422 : Version = 2024.0718.155524
2025-02-16 14:25:52.422 : ChangeLog = for debug/verify
2025-02-16 14:25:52.422 : Expiration = 2028-06-24
2025-02-16 14:26:19.763 : 
2025-02-16 14:26:19.764 : ================== Signature Check ====================
2025-02-16 14:26:19.765 : Author = paul di_Debug_OffLine
2025-02-16 14:26:19.765 : Version = 2024.0718.155524
2025-02-16 14:26:19.765 : ChangeLog = for debug/verify
2025-02-16 14:26:19.765 : Expiration = 2028-06-24
2025-02-16 14:32:18.616 : 
2025-02-16 14:32:18.616 : ================== Signature Check ====================
2025-02-16 14:32:18.616 : Author = paul di_Debug_OffLine
2025-02-16 14:32:18.617 : Version = 2024.0718.155524
2025-02-16 14:32:18.617 : ChangeLog = for debug/verify
2025-02-16 14:32:18.617 : Expiration = 2028-06-24
2025-02-16 14:35:09.338 : 
2025-02-16 14:35:09.338 : ================== Signature Check ====================
2025-02-16 14:35:09.338 : Author = paul di_Debug_OffLine
2025-02-16 14:35:09.338 : Version = 2024.0718.155524
2025-02-16 14:35:09.338 : ChangeLog = for debug/verify
2025-02-16 14:35:09.338 : Expiration = 2028-06-24
2025-02-16 14:38:27.483 : 
2025-02-16 14:38:27.484 : ================== Signature Check ====================
2025-02-16 14:38:27.484 : Author = paul di_Debug_OffLine
2025-02-16 14:38:27.484 : Version = 2024.0718.155524
2025-02-16 14:38:27.484 : ChangeLog = for debug/verify
2025-02-16 14:38:27.485 : Expiration = 2028-06-24
2025-02-16 14:40:51.831 : 
2025-02-16 14:40:51.831 : ================== Signature Check ====================
2025-02-16 14:40:51.832 : Author = paul di_Debug_OffLine
2025-02-16 14:40:51.832 : Version = 2024.0718.155524
2025-02-16 14:40:51.832 : ChangeLog = for debug/verify
2025-02-16 14:40:51.832 : Expiration = 2028-06-24
2025-02-16 14:45:46.474 : 
2025-02-16 14:45:46.475 : ================== Signature Check ====================
2025-02-16 14:45:46.475 : Author = paul di_Debug_OffLine
2025-02-16 14:45:46.475 : Version = 2024.0718.155524
2025-02-16 14:45:46.475 : ChangeLog = for debug/verify
2025-02-16 14:45:46.475 : Expiration = 2028-06-24
2025-02-16 14:47:51.966 : 
2025-02-16 14:47:51.966 : ================== Signature Check ====================
2025-02-16 14:47:51.966 : Author = paul di_Debug_OffLine
2025-02-16 14:47:51.966 : Version = 2024.0718.155524
2025-02-16 14:47:51.966 : ChangeLog = for debug/verify
2025-02-16 14:47:51.967 : Expiration = 2028-06-24
2025-02-16 14:54:39.623 : 
2025-02-16 14:54:39.624 : ================== Signature Check ====================
2025-02-16 14:54:39.625 : Author = paul di_Debug_OffLine
2025-02-16 14:54:39.625 : Version = 2024.0718.155524
2025-02-16 14:54:39.625 : ChangeLog = for debug/verify
2025-02-16 14:54:39.625 : Expiration = 2028-06-24
2025-02-16 14:54:45.493 : 
2025-02-16 14:54:45.493 : ================== Signature Check ====================
2025-02-16 14:54:45.494 : Author = paul di_Debug_OffLine
2025-02-16 14:54:45.494 : Version = 2024.0718.155524
2025-02-16 14:54:45.494 : ChangeLog = for debug/verify
2025-02-16 14:54:45.494 : Expiration = 2028-06-24
2025-02-16 14:56:18.200 : 
2025-02-16 14:56:18.201 : ================== Signature Check ====================
2025-02-16 14:56:18.201 : Author = paul di_Debug_OffLine
2025-02-16 14:56:18.201 : Version = 2024.0718.155524
2025-02-16 14:56:18.201 : ChangeLog = for debug/verify
2025-02-16 14:56:18.201 : Expiration = 2028-06-24
2025-02-16 14:58:07.645 : 
2025-02-16 14:58:07.645 : ================== Signature Check ====================
2025-02-16 14:58:07.646 : Author = paul di_Debug_OffLine
2025-02-16 14:58:07.646 : Version = 2024.0718.155524
2025-02-16 14:58:07.646 : ChangeLog = for debug/verify
2025-02-16 14:58:07.646 : Expiration = 2028-06-24
2025-02-16 15:04:27.335 : 
2025-02-16 15:04:27.335 : ================== Signature Check ====================
2025-02-16 15:04:27.336 : Author = paul di_Debug_OffLine
2025-02-16 15:04:27.336 : Version = 2024.0718.155524
2025-02-16 15:04:27.336 : ChangeLog = for debug/verify
2025-02-16 15:04:27.336 : Expiration = 2028-06-24
2025-02-16 15:07:17.003 : 
2025-02-16 15:07:17.003 : ================== Signature Check ====================
2025-02-16 15:07:17.004 : Author = paul di_Debug_OffLine
2025-02-16 15:07:17.004 : Version = 2024.0718.155524
2025-02-16 15:07:17.004 : ChangeLog = for debug/verify
2025-02-16 15:07:17.004 : Expiration = 2028-06-24
2025-02-16 15:08:41.966 : 
2025-02-16 15:08:41.967 : ================== Signature Check ====================
2025-02-16 15:08:41.967 : Author = paul di_Debug_OffLine
2025-02-16 15:08:41.967 : Version = 2024.0718.155524
2025-02-16 15:08:41.967 : ChangeLog = for debug/verify
2025-02-16 15:08:41.967 : Expiration = 2028-06-24
2025-02-16 15:09:31.973 : 
2025-02-16 15:09:31.973 : ================== Signature Check ====================
2025-02-16 15:09:31.974 : Author = paul di_Debug_OffLine
2025-02-16 15:09:31.974 : Version = 2024.0718.155524
2025-02-16 15:09:31.974 : ChangeLog = for debug/verify
2025-02-16 15:09:31.974 : Expiration = 2028-06-24
2025-02-16 15:10:55.358 : 
2025-02-16 15:10:55.358 : ================== Signature Check ====================
2025-02-16 15:10:55.358 : Author = paul di_Debug_OffLine
2025-02-16 15:10:55.358 : Version = 2024.0718.155524
2025-02-16 15:10:55.358 : ChangeLog = for debug/verify
2025-02-16 15:10:55.358 : Expiration = 2028-06-24
2025-02-16 15:13:58.953 : 
2025-02-16 15:13:58.953 : ================== Signature Check ====================
2025-02-16 15:13:58.954 : Author = paul di_Debug_OffLine
2025-02-16 15:13:58.954 : Version = 2024.0718.155524
2025-02-16 15:13:58.954 : ChangeLog = for debug/verify
2025-02-16 15:13:58.954 : Expiration = 2028-06-24
2025-02-16 15:15:47.083 : 
2025-02-16 15:15:47.083 : ================== Signature Check ====================
2025-02-16 15:15:47.083 : Author = paul di_Debug_OffLine
2025-02-16 15:15:47.083 : Version = 2024.0718.155524
2025-02-16 15:15:47.083 : ChangeLog = for debug/verify
2025-02-16 15:15:47.083 : Expiration = 2028-06-24
2025-02-16 15:21:29.072 : 
2025-02-16 15:21:29.072 : ================== Signature Check ====================
2025-02-16 15:21:29.073 : Author = paul di_Debug_OffLine
2025-02-16 15:21:29.073 : Version = 2024.0718.155524
2025-02-16 15:21:29.073 : ChangeLog = for debug/verify
2025-02-16 15:21:29.073 : Expiration = 2028-06-24
2025-02-16 15:22:46.649 : 
2025-02-16 15:22:46.649 : ================== Signature Check ====================
2025-02-16 15:22:46.649 : Author = paul di_Debug_OffLine
2025-02-16 15:22:46.649 : Version = 2024.0718.155524
2025-02-16 15:22:46.649 : ChangeLog = for debug/verify
2025-02-16 15:22:46.649 : Expiration = 2028-06-24
2025-02-16 15:38:29.016 : 
2025-02-16 15:38:29.016 : ================== Signature Check ====================
2025-02-16 15:38:29.017 : Author = paul di_Debug_OffLine
2025-02-16 15:38:29.017 : Version = 2024.0718.155524
2025-02-16 15:38:29.017 : ChangeLog = for debug/verify
2025-02-16 15:38:29.017 : Expiration = 2028-06-24
2025-02-16 15:39:44.941 : 
2025-02-16 15:39:44.942 : ================== Signature Check ====================
2025-02-16 15:39:44.942 : Author = paul di_Debug_OffLine
2025-02-16 15:39:44.942 : Version = 2024.0718.155524
2025-02-16 15:39:44.942 : ChangeLog = for debug/verify
2025-02-16 15:39:44.942 : Expiration = 2028-06-24
2025-02-16 15:41:43.651 : 
2025-02-16 15:41:43.651 : ================== Signature Check ====================
2025-02-16 15:41:43.652 : Author = paul di_Debug_OffLine
2025-02-16 15:41:43.652 : Version = 2024.0718.155524
2025-02-16 15:41:43.652 : ChangeLog = for debug/verify
2025-02-16 15:41:43.652 : Expiration = 2028-06-24
2025-02-16 15:42:59.152 : 
2025-02-16 15:42:59.153 : ================== Signature Check ====================
2025-02-16 15:42:59.153 : Author = paul di_Debug_OffLine
2025-02-16 15:42:59.153 : Version = 2024.0718.155524
2025-02-16 15:42:59.154 : ChangeLog = for debug/verify
2025-02-16 15:42:59.154 : Expiration = 2028-06-24
2025-02-16 15:44:10.571 : 
2025-02-16 15:44:10.571 : ================== Signature Check ====================
2025-02-16 15:44:10.571 : Author = paul di_Debug_OffLine
2025-02-16 15:44:10.571 : Version = 2024.0718.155524
2025-02-16 15:44:10.571 : ChangeLog = for debug/verify
2025-02-16 15:44:10.571 : Expiration = 2028-06-24
2025-02-16 15:54:05.591 : 
2025-02-16 15:54:05.591 : ================== Signature Check ====================
2025-02-16 15:54:05.592 : Author = paul di_Debug_OffLine
2025-02-16 15:54:05.592 : Version = 2024.0718.155524
2025-02-16 15:54:05.592 : ChangeLog = for debug/verify
2025-02-16 15:54:05.592 : Expiration = 2028-06-24
2025-02-16 15:54:31.034 : 
2025-02-16 15:54:31.034 : ================== Signature Check ====================
2025-02-16 15:54:31.035 : Author = paul di_Debug_OffLine
2025-02-16 15:54:31.035 : Version = 2024.0718.155524
2025-02-16 15:54:31.035 : ChangeLog = for debug/verify
2025-02-16 15:54:31.035 : Expiration = 2028-06-24
2025-02-16 15:55:37.921 : 
2025-02-16 15:55:37.921 : ================== Signature Check ====================
2025-02-16 15:55:37.922 : Author = paul di_Debug_OffLine
2025-02-16 15:55:37.922 : Version = 2024.0718.155524
2025-02-16 15:55:37.922 : ChangeLog = for debug/verify
2025-02-16 15:55:37.922 : Expiration = 2028-06-24
2025-02-16 15:56:42.689 : 
2025-02-16 15:56:42.689 : ================== Signature Check ====================
2025-02-16 15:56:42.690 : Author = paul di_Debug_OffLine
2025-02-16 15:56:42.690 : Version = 2024.0718.155524
2025-02-16 15:56:42.690 : ChangeLog = for debug/verify
2025-02-16 15:56:42.690 : Expiration = 2028-06-24
2025-02-16 16:43:18.822 : 
2025-02-16 16:43:18.823 : ================== Signature Check ====================
2025-02-16 16:43:18.824 : Author = paul di_Debug_OffLine
2025-02-16 16:43:18.824 : Version = 2024.0718.155524
2025-02-16 16:43:18.824 : ChangeLog = for debug/verify
2025-02-16 16:43:18.824 : Expiration = 2028-06-24
2025-02-16 17:13:55.814 : 
2025-02-16 17:13:55.814 : ================== Signature Check ====================
2025-02-16 17:13:55.814 : Author = paul di_Debug_OffLine
2025-02-16 17:13:55.814 : Version = 2024.0718.155524
2025-02-16 17:13:55.814 : ChangeLog = for debug/verify
2025-02-16 17:13:55.814 : Expiration = 2028-06-24
2025-02-16 17:19:23.860 : 
2025-02-16 17:19:23.861 : ================== Signature Check ====================
2025-02-16 17:19:23.862 : Author = paul di_Debug_OffLine
2025-02-16 17:19:23.862 : Version = 2024.0718.155524
2025-02-16 17:19:23.862 : ChangeLog = for debug/verify
2025-02-16 17:19:23.862 : Expiration = 2028-06-24
2025-02-16 17:21:35.037 : 
2025-02-16 17:21:35.038 : ================== Signature Check ====================
2025-02-16 17:21:35.038 : Author = paul di_Debug_OffLine
2025-02-16 17:21:35.038 : Version = 2024.0718.155524
2025-02-16 17:21:35.038 : ChangeLog = for debug/verify
2025-02-16 17:21:35.038 : Expiration = 2028-06-24
2025-02-16 17:22:12.249 : 
2025-02-16 17:22:12.250 : ================== Signature Check ====================
2025-02-16 17:22:12.250 : Author = paul di_Debug_OffLine
2025-02-16 17:22:12.250 : Version = 2024.0718.155524
2025-02-16 17:22:12.251 : ChangeLog = for debug/verify
2025-02-16 17:22:12.251 : Expiration = 2028-06-24
2025-02-16 17:23:01.714 : 
2025-02-16 17:23:01.715 : ================== Signature Check ====================
2025-02-16 17:23:01.715 : Author = paul di_Debug_OffLine
2025-02-16 17:23:01.715 : Version = 2024.0718.155524
2025-02-16 17:23:01.715 : ChangeLog = for debug/verify
2025-02-16 17:23:01.715 : Expiration = 2028-06-24
2025-02-16 17:26:42.893 : 
2025-02-16 17:26:42.893 : ================== Signature Check ====================
2025-02-16 17:26:42.894 : Author = paul di_Debug_OffLine
2025-02-16 17:26:42.894 : Version = 2024.0718.155524
2025-02-16 17:26:42.894 : ChangeLog = for debug/verify
2025-02-16 17:26:42.894 : Expiration = 2028-06-24
2025-02-16 17:29:04.746 : 
2025-02-16 17:29:04.747 : ================== Signature Check ====================
2025-02-16 17:29:04.748 : Author = paul di_Debug_OffLine
2025-02-16 17:29:04.748 : Version = 2024.0718.155524
2025-02-16 17:29:04.748 : ChangeLog = for debug/verify
2025-02-16 17:29:04.748 : Expiration = 2028-06-24
2025-02-16 17:38:05.637 : 
2025-02-16 17:38:05.637 : ================== Signature Check ====================
2025-02-16 17:38:05.637 : Author = paul di_Debug_OffLine
2025-02-16 17:38:05.638 : Version = 2024.0718.155524
2025-02-16 17:38:05.638 : ChangeLog = for debug/verify
2025-02-16 17:38:05.638 : Expiration = 2028-06-24
2025-02-16 17:40:02.687 : 
2025-02-16 17:40:02.688 : ================== Signature Check ====================
2025-02-16 17:40:02.688 : Author = paul di_Debug_OffLine
2025-02-16 17:40:02.688 : Version = 2024.0718.155524
2025-02-16 17:40:02.688 : ChangeLog = for debug/verify
2025-02-16 17:40:02.688 : Expiration = 2028-06-24
2025-02-16 17:44:19.619 : 
2025-02-16 17:44:19.620 : ================== Signature Check ====================
2025-02-16 17:44:19.620 : Author = paul di_Debug_OffLine
2025-02-16 17:44:19.620 : Version = 2024.0718.155524
2025-02-16 17:44:19.620 : ChangeLog = for debug/verify
2025-02-16 17:44:19.620 : Expiration = 2028-06-24
2025-02-16 17:51:38.772 : 
2025-02-16 17:51:38.773 : ================== Signature Check ====================
2025-02-16 17:51:38.774 : Author = paul di_Debug_OffLine
2025-02-16 17:51:38.774 : Version = 2024.0718.155524
2025-02-16 17:51:38.774 : ChangeLog = for debug/verify
2025-02-16 17:51:38.774 : Expiration = 2028-06-24
2025-02-16 17:56:15.698 : 
2025-02-16 17:56:15.699 : ================== Signature Check ====================
2025-02-16 17:56:15.699 : Author = paul di_Debug_OffLine
2025-02-16 17:56:15.700 : Version = 2024.0718.155524
2025-02-16 17:56:15.700 : ChangeLog = for debug/verify
2025-02-16 17:56:15.700 : Expiration = 2028-06-24
2025-02-16 18:09:44.132 : 
2025-02-16 18:09:44.133 : ================== Signature Check ====================
2025-02-16 18:09:44.133 : Author = paul di_Debug_OffLine
2025-02-16 18:09:44.134 : Version = 2024.0718.155524
2025-02-16 18:09:44.134 : ChangeLog = for debug/verify
2025-02-16 18:09:44.134 : Expiration = 2028-06-24
2025-02-16 18:11:39.555 : 
2025-02-16 18:11:39.555 : ================== Signature Check ====================
2025-02-16 18:11:39.556 : Author = paul di_Debug_OffLine
2025-02-16 18:11:39.556 : Version = 2024.0718.155524
2025-02-16 18:11:39.556 : ChangeLog = for debug/verify
2025-02-16 18:11:39.557 : Expiration = 2028-06-24
2025-02-16 18:14:10.273 : 
2025-02-16 18:14:10.274 : ================== Signature Check ====================
2025-02-16 18:14:10.274 : Author = paul di_Debug_OffLine
2025-02-16 18:14:10.274 : Version = 2024.0718.155524
2025-02-16 18:14:10.275 : ChangeLog = for debug/verify
2025-02-16 18:14:10.275 : Expiration = 2028-06-24
2025-02-16 18:14:23.249 : 
2025-02-16 18:14:23.249 : ================== Signature Check ====================
2025-02-16 18:14:23.249 : Author = paul di_Debug_OffLine
2025-02-16 18:14:23.250 : Version = 2024.0718.155524
2025-02-16 18:14:23.250 : ChangeLog = for debug/verify
2025-02-16 18:14:23.250 : Expiration = 2028-06-24
2025-02-16 18:16:58.334 : 
2025-02-16 18:16:58.334 : ================== Signature Check ====================
2025-02-16 18:16:58.335 : Author = paul di_Debug_OffLine
2025-02-16 18:16:58.335 : Version = 2024.0718.155524
2025-02-16 18:16:58.335 : ChangeLog = for debug/verify
2025-02-16 18:16:58.335 : Expiration = 2028-06-24
2025-02-16 18:18:01.829 : 
2025-02-16 18:18:01.830 : ================== Signature Check ====================
2025-02-16 18:18:01.830 : Author = paul di_Debug_OffLine
2025-02-16 18:18:01.830 : Version = 2024.0718.155524
2025-02-16 18:18:01.831 : ChangeLog = for debug/verify
2025-02-16 18:18:01.831 : Expiration = 2028-06-24
2025-02-16 18:21:20.745 : 
2025-02-16 18:21:20.745 : ================== Signature Check ====================
2025-02-16 18:21:20.746 : Author = paul di_Debug_OffLine
2025-02-16 18:21:20.746 : Version = 2024.0718.155524
2025-02-16 18:21:20.746 : ChangeLog = for debug/verify
2025-02-16 18:21:20.746 : Expiration = 2028-06-24
