2025-02-14 11:31:03.925 : 
2025-02-14 11:31:03.927 : ================== Signature Check ====================
2025-02-14 11:31:03.929 : Author = paul di_Debug_OffLine
2025-02-14 11:31:03.929 : Version = 2024.0718.155524
2025-02-14 11:31:03.930 : ChangeLog = for debug/verify
2025-02-14 11:31:03.930 : Expiration = 2028-06-24
2025-02-14 13:54:05.270 : 
2025-02-14 13:54:05.270 : ================== Signature Check ====================
2025-02-14 13:54:05.271 : Author = paul di_Debug_OffLine
2025-02-14 13:54:05.271 : Version = 2024.0718.155524
2025-02-14 13:54:05.271 : ChangeLog = for debug/verify
2025-02-14 13:54:05.271 : Expiration = 2028-06-24
2025-02-14 14:09:13.723 : 
2025-02-14 14:09:13.723 : ================== Signature Check ====================
2025-02-14 14:09:13.728 : Author = paul di_Debug_OffLine
2025-02-14 14:09:13.728 : Version = 2024.0718.155524
2025-02-14 14:09:13.728 : ChangeLog = for debug/verify
2025-02-14 14:09:13.728 : Expiration = 2028-06-24
2025-02-14 14:22:20.930 : 
2025-02-14 14:22:20.931 : ================== Signature Check ====================
2025-02-14 14:22:20.931 : Author = paul di_Debug_OffLine
2025-02-14 14:22:20.931 : Version = 2024.0718.155524
2025-02-14 14:22:20.931 : ChangeLog = for debug/verify
2025-02-14 14:22:20.931 : Expiration = 2028-06-24
2025-02-14 14:29:22.119 : 
2025-02-14 14:29:22.119 : ================== Signature Check ====================
2025-02-14 14:29:22.120 : Author = paul di_Debug_OffLine
2025-02-14 14:29:22.120 : Version = 2024.0718.155524
2025-02-14 14:29:22.120 : ChangeLog = for debug/verify
2025-02-14 14:29:22.120 : Expiration = 2028-06-24
2025-02-14 14:39:46.802 : 
2025-02-14 14:39:46.802 : ================== Signature Check ====================
2025-02-14 14:39:46.802 : Author = paul di_Debug_OffLine
2025-02-14 14:39:46.802 : Version = 2024.0718.155524
2025-02-14 14:39:46.802 : ChangeLog = for debug/verify
2025-02-14 14:39:46.802 : Expiration = 2028-06-24
2025-02-14 14:43:31.440 : 
2025-02-14 14:43:31.440 : ================== Signature Check ====================
2025-02-14 14:43:31.441 : Author = paul di_Debug_OffLine
2025-02-14 14:43:31.441 : Version = 2024.0718.155524
2025-02-14 14:43:31.441 : ChangeLog = for debug/verify
2025-02-14 14:43:31.441 : Expiration = 2028-06-24
2025-02-14 14:50:54.955 : 
2025-02-14 14:50:54.955 : ================== Signature Check ====================
2025-02-14 14:50:54.956 : Author = paul di_Debug_OffLine
2025-02-14 14:50:54.956 : Version = 2024.0718.155524
2025-02-14 14:50:54.956 : ChangeLog = for debug/verify
2025-02-14 14:50:54.956 : Expiration = 2028-06-24
2025-02-14 15:09:39.029 : 
2025-02-14 15:09:39.034 : ================== Signature Check ====================
2025-02-14 15:09:39.034 : Author = paul di_Debug_OffLine
2025-02-14 15:09:39.034 : Version = 2024.0718.155524
2025-02-14 15:09:39.034 : ChangeLog = for debug/verify
2025-02-14 15:09:39.034 : Expiration = 2028-06-24
2025-02-14 15:56:59.603 : 
2025-02-14 15:56:59.603 : ================== Signature Check ====================
2025-02-14 15:56:59.603 : Author = paul di_Debug_OffLine
2025-02-14 15:56:59.603 : Version = 2024.0718.155524
2025-02-14 15:56:59.603 : ChangeLog = for debug/verify
2025-02-14 15:56:59.603 : Expiration = 2028-06-24
2025-02-14 16:02:28.370 : 
2025-02-14 16:02:28.370 : ================== Signature Check ====================
2025-02-14 16:02:28.370 : Author = paul di_Debug_OffLine
2025-02-14 16:02:28.370 : Version = 2024.0718.155524
2025-02-14 16:02:28.370 : ChangeLog = for debug/verify
2025-02-14 16:02:28.371 : Expiration = 2028-06-24
2025-02-14 16:06:19.450 : 
2025-02-14 16:06:19.450 : ================== Signature Check ====================
2025-02-14 16:06:19.450 : Author = paul di_Debug_OffLine
2025-02-14 16:06:19.450 : Version = 2024.0718.155524
2025-02-14 16:06:19.451 : ChangeLog = for debug/verify
2025-02-14 16:06:19.451 : Expiration = 2028-06-24
2025-02-14 16:15:03.282 : 
2025-02-14 16:15:03.282 : ================== Signature Check ====================
2025-02-14 16:15:03.282 : Author = paul di_Debug_OffLine
2025-02-14 16:15:03.283 : Version = 2024.0718.155524
2025-02-14 16:15:03.283 : ChangeLog = for debug/verify
2025-02-14 16:15:03.283 : Expiration = 2028-06-24
2025-02-14 17:03:07.521 : 
2025-02-14 17:03:07.521 : ================== Signature Check ====================
2025-02-14 17:03:07.522 : Author = paul di_Debug_OffLine
2025-02-14 17:03:07.522 : Version = 2024.0718.155524
2025-02-14 17:03:07.522 : ChangeLog = for debug/verify
2025-02-14 17:03:07.522 : Expiration = 2028-06-24
2025-02-14 18:11:57.034 : 
2025-02-14 18:11:57.035 : ================== Signature Check ====================
2025-02-14 18:11:57.035 : Author = paul di_Debug_OffLine
2025-02-14 18:11:57.035 : Version = 2024.0718.155524
2025-02-14 18:11:57.035 : ChangeLog = for debug/verify
2025-02-14 18:11:57.035 : Expiration = 2028-06-24
2025-02-14 19:16:55.509 : 
2025-02-14 19:16:55.509 : ================== Signature Check ====================
2025-02-14 19:16:55.509 : Author = paul di_Debug_OffLine
2025-02-14 19:16:55.510 : Version = 2024.0718.155524
2025-02-14 19:16:55.510 : ChangeLog = for debug/verify
2025-02-14 19:16:55.510 : Expiration = 2028-06-24
2025-02-14 19:48:33.092 : 
2025-02-14 19:48:33.093 : ================== Signature Check ====================
2025-02-14 19:48:33.093 : Author = paul di_Debug_OffLine
2025-02-14 19:48:33.093 : Version = 2024.0718.155524
2025-02-14 19:48:33.093 : ChangeLog = for debug/verify
2025-02-14 19:48:33.093 : Expiration = 2028-06-24
2025-02-14 20:31:57.818 : 
2025-02-14 20:31:57.818 : ================== Signature Check ====================
2025-02-14 20:31:57.819 : Author = paul di_Debug_OffLine
2025-02-14 20:31:57.819 : Version = 2024.0718.155524
2025-02-14 20:31:57.819 : ChangeLog = for debug/verify
2025-02-14 20:31:57.819 : Expiration = 2028-06-24
2025-02-14 20:35:30.788 : 
2025-02-14 20:35:30.788 : ================== Signature Check ====================
2025-02-14 20:35:30.789 : Author = paul di_Debug_OffLine
2025-02-14 20:35:30.789 : Version = 2024.0718.155524
2025-02-14 20:35:30.789 : ChangeLog = for debug/verify
2025-02-14 20:35:30.789 : Expiration = 2028-06-24
2025-02-14 20:44:54.684 : 
2025-02-14 20:44:54.684 : ================== Signature Check ====================
2025-02-14 20:44:54.685 : Author = paul di_Debug_OffLine
2025-02-14 20:44:54.685 : Version = 2024.0718.155524
2025-02-14 20:44:54.685 : ChangeLog = for debug/verify
2025-02-14 20:44:54.685 : Expiration = 2028-06-24
2025-02-14 20:51:15.833 : 
2025-02-14 20:51:15.833 : ================== Signature Check ====================
2025-02-14 20:51:15.834 : Author = paul di_Debug_OffLine
2025-02-14 20:51:15.834 : Version = 2024.0718.155524
2025-02-14 20:51:15.834 : ChangeLog = for debug/verify
2025-02-14 20:51:15.834 : Expiration = 2028-06-24
2025-02-14 20:51:47.304 : 
2025-02-14 20:51:47.304 : ================== Signature Check ====================
2025-02-14 20:51:47.305 : Author = paul di_Debug_OffLine
2025-02-14 20:51:47.305 : Version = 2024.0718.155524
2025-02-14 20:51:47.305 : ChangeLog = for debug/verify
2025-02-14 20:51:47.305 : Expiration = 2028-06-24
2025-02-14 21:13:54.602 : 
2025-02-14 21:13:54.603 : ================== Signature Check ====================
2025-02-14 21:13:54.603 : Author = paul di_Debug_OffLine
2025-02-14 21:13:54.603 : Version = 2024.0718.155524
2025-02-14 21:13:54.603 : ChangeLog = for debug/verify
2025-02-14 21:13:54.603 : Expiration = 2028-06-24
2025-02-14 21:17:40.726 : 
2025-02-14 21:17:40.727 : ================== Signature Check ====================
2025-02-14 21:17:40.727 : Author = paul di_Debug_OffLine
2025-02-14 21:17:40.727 : Version = 2024.0718.155524
2025-02-14 21:17:40.727 : ChangeLog = for debug/verify
2025-02-14 21:17:40.727 : Expiration = 2028-06-24
2025-02-14 21:24:24.605 : 
2025-02-14 21:24:24.605 : ================== Signature Check ====================
2025-02-14 21:24:24.606 : Author = paul di_Debug_OffLine
2025-02-14 21:24:24.606 : Version = 2024.0718.155524
2025-02-14 21:24:24.606 : ChangeLog = for debug/verify
2025-02-14 21:24:24.606 : Expiration = 2028-06-24
2025-02-14 21:25:17.643 : 
2025-02-14 21:25:17.644 : ================== Signature Check ====================
2025-02-14 21:25:17.644 : Author = paul di_Debug_OffLine
2025-02-14 21:25:17.644 : Version = 2024.0718.155524
2025-02-14 21:25:17.645 : ChangeLog = for debug/verify
2025-02-14 21:25:17.645 : Expiration = 2028-06-24
2025-02-14 21:27:04.486 : 
2025-02-14 21:27:04.486 : ================== Signature Check ====================
2025-02-14 21:27:04.486 : Author = paul di_Debug_OffLine
2025-02-14 21:27:04.487 : Version = 2024.0718.155524
2025-02-14 21:27:04.487 : ChangeLog = for debug/verify
2025-02-14 21:27:04.487 : Expiration = 2028-06-24
2025-02-14 21:37:29.475 : 
2025-02-14 21:37:29.475 : ================== Signature Check ====================
2025-02-14 21:37:29.476 : Author = paul di_Debug_OffLine
2025-02-14 21:37:29.476 : Version = 2024.0718.155524
2025-02-14 21:37:29.476 : ChangeLog = for debug/verify
2025-02-14 21:37:29.476 : Expiration = 2028-06-24
2025-02-14 21:50:26.651 : 
2025-02-14 21:50:26.651 : ================== Signature Check ====================
2025-02-14 21:50:26.651 : Author = paul di_Debug_OffLine
2025-02-14 21:50:26.651 : Version = 2024.0718.155524
2025-02-14 21:50:26.651 : ChangeLog = for debug/verify
2025-02-14 21:50:26.651 : Expiration = 2028-06-24
