2025-03-06 14:35:39.339 : 
2025-03-06 14:35:39.340 : ================== Signature Check ====================
2025-03-06 14:35:39.341 : Author = paul di_Debug_OffLine
2025-03-06 14:35:39.342 : Version = 2024.0718.155524
2025-03-06 14:35:39.342 : ChangeLog = for debug/verify
2025-03-06 14:35:39.343 : Expiration = 2028-06-24
2025-03-06 14:37:45.874 : 
2025-03-06 14:37:45.876 : ================== Signature Check ====================
2025-03-06 14:37:45.877 : Author = paul di_Debug_OffLine
2025-03-06 14:37:45.877 : Version = 2024.0718.155524
2025-03-06 14:37:45.878 : ChangeLog = for debug/verify
2025-03-06 14:37:45.878 : Expiration = 2028-06-24
2025-03-06 14:39:13.184 : 
2025-03-06 14:39:13.185 : ================== Signature Check ====================
2025-03-06 14:39:13.186 : Author = paul di_Debug_OffLine
2025-03-06 14:39:13.187 : Version = 2024.0718.155524
2025-03-06 14:39:13.187 : ChangeLog = for debug/verify
2025-03-06 14:39:13.187 : Expiration = 2028-06-24
2025-03-06 14:40:24.155 : 
2025-03-06 14:40:24.157 : ================== Signature Check ====================
2025-03-06 14:40:24.158 : Author = paul di_Debug_OffLine
2025-03-06 14:40:24.158 : Version = 2024.0718.155524
2025-03-06 14:40:24.159 : ChangeLog = for debug/verify
2025-03-06 14:40:24.159 : Expiration = 2028-06-24
2025-03-06 14:43:32.727 : 
2025-03-06 14:43:32.728 : ================== Signature Check ====================
2025-03-06 14:43:32.730 : Author = paul di_Debug_OffLine
2025-03-06 14:43:32.730 : Version = 2024.0718.155524
2025-03-06 14:43:32.730 : ChangeLog = for debug/verify
2025-03-06 14:43:32.731 : Expiration = 2028-06-24
2025-03-06 15:18:52.692 : 
2025-03-06 15:18:52.694 : ================== Signature Check ====================
2025-03-06 15:18:52.695 : Author = paul di_Debug_OffLine
2025-03-06 15:18:52.695 : Version = 2024.0718.155524
2025-03-06 15:18:52.696 : ChangeLog = for debug/verify
2025-03-06 15:18:52.696 : Expiration = 2028-06-24
2025-03-06 15:27:06.398 : 
2025-03-06 15:27:06.399 : ================== Signature Check ====================
2025-03-06 15:27:06.401 : Author = paul di_Debug_OffLine
2025-03-06 15:27:06.401 : Version = 2024.0718.155524
2025-03-06 15:27:06.401 : ChangeLog = for debug/verify
2025-03-06 15:27:06.402 : Expiration = 2028-06-24
2025-03-06 15:38:59.350 : 
2025-03-06 15:38:59.351 : ================== Signature Check ====================
2025-03-06 15:38:59.352 : Author = paul di_Debug_OffLine
2025-03-06 15:38:59.352 : Version = 2024.0718.155524
2025-03-06 15:38:59.353 : ChangeLog = for debug/verify
2025-03-06 15:38:59.353 : Expiration = 2028-06-24
2025-03-06 15:39:24.113 : 
2025-03-06 15:39:24.115 : ================== Signature Check ====================
2025-03-06 15:39:24.116 : Author = paul di_Debug_OffLine
2025-03-06 15:39:24.116 : Version = 2024.0718.155524
2025-03-06 15:39:24.117 : ChangeLog = for debug/verify
2025-03-06 15:39:24.117 : Expiration = 2028-06-24
2025-03-06 15:39:56.560 : 
2025-03-06 15:39:56.561 : ================== Signature Check ====================
2025-03-06 15:39:56.562 : Author = paul di_Debug_OffLine
2025-03-06 15:39:56.562 : Version = 2024.0718.155524
2025-03-06 15:39:56.563 : ChangeLog = for debug/verify
2025-03-06 15:39:56.563 : Expiration = 2028-06-24
2025-03-06 15:41:20.477 : 
2025-03-06 15:41:20.478 : ================== Signature Check ====================
2025-03-06 15:41:20.479 : Author = paul di_Debug_OffLine
2025-03-06 15:41:20.480 : Version = 2024.0718.155524
2025-03-06 15:41:20.480 : ChangeLog = for debug/verify
2025-03-06 15:41:20.481 : Expiration = 2028-06-24
2025-03-06 16:13:49.279 : 
2025-03-06 16:13:49.280 : ================== Signature Check ====================
2025-03-06 16:13:49.281 : Author = paul di_Debug_OffLine
2025-03-06 16:13:49.281 : Version = 2024.0718.155524
2025-03-06 16:13:49.282 : ChangeLog = for debug/verify
2025-03-06 16:13:49.282 : Expiration = 2028-06-24
2025-03-06 16:18:51.699 : 
2025-03-06 16:18:51.700 : ================== Signature Check ====================
2025-03-06 16:18:51.702 : Author = paul di_Debug_OffLine
2025-03-06 16:18:51.702 : Version = 2024.0718.155524
2025-03-06 16:18:51.702 : ChangeLog = for debug/verify
2025-03-06 16:18:51.703 : Expiration = 2028-06-24
2025-03-06 16:23:47.941 : 
2025-03-06 16:23:47.942 : ================== Signature Check ====================
2025-03-06 16:23:47.944 : Author = paul di_Debug_OffLine
2025-03-06 16:23:47.944 : Version = 2024.0718.155524
2025-03-06 16:23:47.944 : ChangeLog = for debug/verify
2025-03-06 16:23:47.945 : Expiration = 2028-06-24
2025-03-06 16:24:53.508 : 
2025-03-06 16:24:53.508 : ================== Signature Check ====================
2025-03-06 16:24:53.509 : Author = paul di_Debug_OffLine
2025-03-06 16:24:53.509 : Version = 2024.0718.155524
2025-03-06 16:24:53.510 : ChangeLog = for debug/verify
2025-03-06 16:24:53.510 : Expiration = 2028-06-24
2025-03-06 16:32:55.382 : 
2025-03-06 16:32:55.384 : ================== Signature Check ====================
2025-03-06 16:32:55.385 : Author = paul di_Debug_OffLine
2025-03-06 16:32:55.385 : Version = 2024.0718.155524
2025-03-06 16:32:55.386 : ChangeLog = for debug/verify
2025-03-06 16:32:55.386 : Expiration = 2028-06-24
2025-03-06 16:40:30.499 : 
2025-03-06 16:40:30.500 : ================== Signature Check ====================
2025-03-06 16:40:30.502 : Author = paul di_Debug_OffLine
2025-03-06 16:40:30.502 : Version = 2024.0718.155524
2025-03-06 16:40:30.502 : ChangeLog = for debug/verify
2025-03-06 16:40:30.503 : Expiration = 2028-06-24
2025-03-06 16:40:52.057 : 
2025-03-06 16:40:52.058 : ================== Signature Check ====================
2025-03-06 16:40:52.060 : Author = paul di_Debug_OffLine
2025-03-06 16:40:52.060 : Version = 2024.0718.155524
2025-03-06 16:40:52.061 : ChangeLog = for debug/verify
2025-03-06 16:40:52.061 : Expiration = 2028-06-24
2025-03-06 16:48:20.442 : 
2025-03-06 16:48:20.443 : ================== Signature Check ====================
2025-03-06 16:48:20.444 : Author = paul di_Debug_OffLine
2025-03-06 16:48:20.445 : Version = 2024.0718.155524
2025-03-06 16:48:20.445 : ChangeLog = for debug/verify
2025-03-06 16:48:20.446 : Expiration = 2028-06-24
2025-03-06 16:55:57.750 : 
2025-03-06 16:55:57.751 : ================== Signature Check ====================
2025-03-06 16:55:57.752 : Author = paul di_Debug_OffLine
2025-03-06 16:55:57.753 : Version = 2024.0718.155524
2025-03-06 16:55:57.753 : ChangeLog = for debug/verify
2025-03-06 16:55:57.753 : Expiration = 2028-06-24
2025-03-06 16:59:36.368 : 
2025-03-06 16:59:36.369 : ================== Signature Check ====================
2025-03-06 16:59:36.370 : Author = paul di_Debug_OffLine
2025-03-06 16:59:36.370 : Version = 2024.0718.155524
2025-03-06 16:59:36.371 : ChangeLog = for debug/verify
2025-03-06 16:59:36.371 : Expiration = 2028-06-24
2025-03-06 17:02:38.379 : 
2025-03-06 17:02:38.380 : ================== Signature Check ====================
2025-03-06 17:02:38.381 : Author = paul di_Debug_OffLine
2025-03-06 17:02:38.382 : Version = 2024.0718.155524
2025-03-06 17:02:38.382 : ChangeLog = for debug/verify
2025-03-06 17:02:38.382 : Expiration = 2028-06-24
2025-03-06 17:08:16.982 : 
2025-03-06 17:08:16.983 : ================== Signature Check ====================
2025-03-06 17:08:16.983 : Author = paul di_Debug_OffLine
2025-03-06 17:08:16.984 : Version = 2024.0718.155524
2025-03-06 17:08:16.984 : ChangeLog = for debug/verify
2025-03-06 17:08:16.985 : Expiration = 2028-06-24
2025-03-06 17:09:18.584 : 
2025-03-06 17:09:18.585 : ================== Signature Check ====================
2025-03-06 17:09:18.585 : Author = paul di_Debug_OffLine
2025-03-06 17:09:18.585 : Version = 2024.0718.155524
2025-03-06 17:09:18.586 : ChangeLog = for debug/verify
2025-03-06 17:09:18.586 : Expiration = 2028-06-24
2025-03-06 17:25:50.253 : 
2025-03-06 17:25:50.254 : ================== Signature Check ====================
2025-03-06 17:25:50.254 : Author = paul di_Debug_OffLine
2025-03-06 17:25:50.255 : Version = 2024.0718.155524
2025-03-06 17:25:50.255 : ChangeLog = for debug/verify
2025-03-06 17:25:50.256 : Expiration = 2028-06-24
2025-03-06 17:33:41.734 : 
2025-03-06 17:33:41.735 : ================== Signature Check ====================
2025-03-06 17:33:41.735 : Author = paul di_Debug_OffLine
2025-03-06 17:33:41.736 : Version = 2024.0718.155524
2025-03-06 17:33:41.736 : ChangeLog = for debug/verify
2025-03-06 17:33:41.736 : Expiration = 2028-06-24
2025-03-06 17:42:21.469 : 
2025-03-06 17:42:21.470 : ================== Signature Check ====================
2025-03-06 17:42:21.470 : Author = paul di_Debug_OffLine
2025-03-06 17:42:21.471 : Version = 2024.0718.155524
2025-03-06 17:42:21.471 : ChangeLog = for debug/verify
2025-03-06 17:42:21.471 : Expiration = 2028-06-24
2025-03-06 17:53:47.416 : 
2025-03-06 17:53:47.417 : ================== Signature Check ====================
2025-03-06 17:53:47.418 : Author = paul di_Debug_OffLine
2025-03-06 17:53:47.418 : Version = 2024.0718.155524
2025-03-06 17:53:47.419 : ChangeLog = for debug/verify
2025-03-06 17:53:47.419 : Expiration = 2028-06-24
2025-03-06 17:56:40.328 : 
2025-03-06 17:56:40.329 : ================== Signature Check ====================
2025-03-06 17:56:40.329 : Author = paul di_Debug_OffLine
2025-03-06 17:56:40.330 : Version = 2024.0718.155524
2025-03-06 17:56:40.330 : ChangeLog = for debug/verify
2025-03-06 17:56:40.330 : Expiration = 2028-06-24
2025-03-06 17:59:01.243 : 
2025-03-06 17:59:01.244 : ================== Signature Check ====================
2025-03-06 17:59:01.245 : Author = paul di_Debug_OffLine
2025-03-06 17:59:01.246 : Version = 2024.0718.155524
2025-03-06 17:59:01.247 : ChangeLog = for debug/verify
2025-03-06 17:59:01.247 : Expiration = 2028-06-24
2025-03-06 18:00:14.311 : 
2025-03-06 18:00:14.312 : ================== Signature Check ====================
2025-03-06 18:00:14.314 : Author = paul di_Debug_OffLine
2025-03-06 18:00:14.314 : Version = 2024.0718.155524
2025-03-06 18:00:14.314 : ChangeLog = for debug/verify
2025-03-06 18:00:14.315 : Expiration = 2028-06-24
