2025-03-07 10:23:05.465 : 
2025-03-07 10:23:05.468 : ================== Signature Check ====================
2025-03-07 10:23:05.471 : Author = paul di_Debug_OffLine
2025-03-07 10:23:05.473 : Version = 2024.0718.155524
2025-03-07 10:23:05.474 : ChangeLog = for debug/verify
2025-03-07 10:23:05.475 : Expiration = 2028-06-24
2025-03-07 10:23:40.823 : 
2025-03-07 10:23:40.826 : ================== Signature Check ====================
2025-03-07 10:23:40.828 : Author = paul di_Debug_OffLine
2025-03-07 10:23:40.829 : Version = 2024.0718.155524
2025-03-07 10:23:40.831 : ChangeLog = for debug/verify
2025-03-07 10:23:40.831 : Expiration = 2028-06-24
2025-03-07 10:24:48.062 : 
2025-03-07 10:24:48.063 : ================== Signature Check ====================
2025-03-07 10:24:48.066 : Author = paul di_Debug_OffLine
2025-03-07 10:24:48.066 : Version = 2024.0718.155524
2025-03-07 10:24:48.067 : ChangeLog = for debug/verify
2025-03-07 10:24:48.068 : Expiration = 2028-06-24
2025-03-07 17:43:30.901 : 
2025-03-07 17:43:30.902 : ================== Signature Check ====================
2025-03-07 17:43:30.904 : Author = paul di_Debug_OffLine
2025-03-07 17:43:30.904 : Version = 2024.0718.155524
2025-03-07 17:43:30.904 : ChangeLog = for debug/verify
2025-03-07 17:43:30.905 : Expiration = 2028-06-24
2025-03-07 17:44:12.028 : 
2025-03-07 17:44:12.029 : ================== Signature Check ====================
2025-03-07 17:44:12.031 : Author = paul di_Debug_OffLine
2025-03-07 17:44:12.031 : Version = 2024.0718.155524
2025-03-07 17:44:12.031 : ChangeLog = for debug/verify
2025-03-07 17:44:12.032 : Expiration = 2028-06-24
2025-03-07 17:47:27.317 : 
2025-03-07 17:47:27.317 : ================== Signature Check ====================
2025-03-07 17:47:27.318 : Author = paul di_Debug_OffLine
2025-03-07 17:47:27.318 : Version = 2024.0718.155524
2025-03-07 17:47:27.318 : ChangeLog = for debug/verify
2025-03-07 17:47:27.319 : Expiration = 2028-06-24
2025-03-07 17:51:12.035 : 
2025-03-07 17:51:12.035 : ================== Signature Check ====================
2025-03-07 17:51:12.036 : Author = paul di_Debug_OffLine
2025-03-07 17:51:12.036 : Version = 2024.0718.155524
2025-03-07 17:51:12.037 : ChangeLog = for debug/verify
2025-03-07 17:51:12.037 : Expiration = 2028-06-24
2025-03-07 17:53:01.805 : 
2025-03-07 17:53:01.805 : ================== Signature Check ====================
2025-03-07 17:53:01.806 : Author = paul di_Debug_OffLine
2025-03-07 17:53:01.806 : Version = 2024.0718.155524
2025-03-07 17:53:01.807 : ChangeLog = for debug/verify
2025-03-07 17:53:01.807 : Expiration = 2028-06-24
2025-03-07 17:55:14.593 : 
2025-03-07 17:55:14.594 : ================== Signature Check ====================
2025-03-07 17:55:14.594 : Author = paul di_Debug_OffLine
2025-03-07 17:55:14.595 : Version = 2024.0718.155524
2025-03-07 17:55:14.595 : ChangeLog = for debug/verify
2025-03-07 17:55:14.595 : Expiration = 2028-06-24
