2025-02-19 14:41:29.411 : 
2025-02-19 14:41:29.411 : ================== Signature Check ====================
2025-02-19 14:41:29.412 : Author = paul di_Debug_OffLine
2025-02-19 14:41:29.412 : Version = 2024.0718.155524
2025-02-19 14:41:29.412 : ChangeLog = for debug/verify
2025-02-19 14:41:29.412 : Expiration = 2028-06-24
2025-02-19 14:42:13.259 : 
2025-02-19 14:42:13.259 : ================== Signature Check ====================
2025-02-19 14:42:13.260 : Author = paul di_Debug_OffLine
2025-02-19 14:42:13.260 : Version = 2024.0718.155524
2025-02-19 14:42:13.260 : ChangeLog = for debug/verify
2025-02-19 14:42:13.260 : Expiration = 2028-06-24
2025-02-19 14:45:25.782 : 
2025-02-19 14:45:25.783 : ================== Signature Check ====================
2025-02-19 14:45:25.783 : Author = paul di_Debug_OffLine
2025-02-19 14:45:25.783 : Version = 2024.0718.155524
2025-02-19 14:45:25.783 : ChangeLog = for debug/verify
2025-02-19 14:45:25.783 : Expiration = 2028-06-24
2025-02-19 15:06:21.524 : 
2025-02-19 15:06:21.525 : ================== Signature Check ====================
2025-02-19 15:06:21.525 : Author = paul di_Debug_OffLine
2025-02-19 15:06:21.525 : Version = 2024.0718.155524
2025-02-19 15:06:21.525 : ChangeLog = for debug/verify
2025-02-19 15:06:21.525 : Expiration = 2028-06-24
2025-02-19 15:13:25.727 : 
2025-02-19 15:13:25.727 : ================== Signature Check ====================
2025-02-19 15:13:25.728 : Author = paul di_Debug_OffLine
2025-02-19 15:13:25.728 : Version = 2024.0718.155524
2025-02-19 15:13:25.728 : ChangeLog = for debug/verify
2025-02-19 15:13:25.728 : Expiration = 2028-06-24
2025-02-19 15:14:14.750 : 
2025-02-19 15:14:14.750 : ================== Signature Check ====================
2025-02-19 15:14:14.751 : Author = paul di_Debug_OffLine
2025-02-19 15:14:14.751 : Version = 2024.0718.155524
2025-02-19 15:14:14.751 : ChangeLog = for debug/verify
2025-02-19 15:14:14.751 : Expiration = 2028-06-24
2025-02-19 15:15:52.981 : 
2025-02-19 15:15:52.981 : ================== Signature Check ====================
2025-02-19 15:15:52.981 : Author = paul di_Debug_OffLine
2025-02-19 15:15:52.981 : Version = 2024.0718.155524
2025-02-19 15:15:52.981 : ChangeLog = for debug/verify
2025-02-19 15:15:52.981 : Expiration = 2028-06-24
2025-02-19 15:17:23.369 : 
2025-02-19 15:17:23.370 : ================== Signature Check ====================
2025-02-19 15:17:23.370 : Author = paul di_Debug_OffLine
2025-02-19 15:17:23.370 : Version = 2024.0718.155524
2025-02-19 15:17:23.370 : ChangeLog = for debug/verify
2025-02-19 15:17:23.370 : Expiration = 2028-06-24
2025-02-19 15:19:04.586 : 
2025-02-19 15:19:04.586 : ================== Signature Check ====================
2025-02-19 15:19:04.587 : Author = paul di_Debug_OffLine
2025-02-19 15:19:04.587 : Version = 2024.0718.155524
2025-02-19 15:19:04.587 : ChangeLog = for debug/verify
2025-02-19 15:19:04.587 : Expiration = 2028-06-24
2025-02-19 15:23:13.472 : 
2025-02-19 15:23:13.473 : ================== Signature Check ====================
2025-02-19 15:23:13.473 : Author = paul di_Debug_OffLine
2025-02-19 15:23:13.473 : Version = 2024.0718.155524
2025-02-19 15:23:13.473 : ChangeLog = for debug/verify
2025-02-19 15:23:13.473 : Expiration = 2028-06-24
2025-02-19 15:26:59.217 : 
2025-02-19 15:26:59.217 : ================== Signature Check ====================
2025-02-19 15:26:59.217 : Author = paul di_Debug_OffLine
2025-02-19 15:26:59.217 : Version = 2024.0718.155524
2025-02-19 15:26:59.217 : ChangeLog = for debug/verify
2025-02-19 15:26:59.217 : Expiration = 2028-06-24
2025-02-19 15:31:22.778 : 
2025-02-19 15:31:22.778 : ================== Signature Check ====================
2025-02-19 15:31:22.779 : Author = paul di_Debug_OffLine
2025-02-19 15:31:22.779 : Version = 2024.0718.155524
2025-02-19 15:31:22.779 : ChangeLog = for debug/verify
2025-02-19 15:31:22.779 : Expiration = 2028-06-24
2025-02-19 15:32:58.268 : 
2025-02-19 15:32:58.268 : ================== Signature Check ====================
2025-02-19 15:32:58.268 : Author = paul di_Debug_OffLine
2025-02-19 15:32:58.268 : Version = 2024.0718.155524
2025-02-19 15:32:58.268 : ChangeLog = for debug/verify
2025-02-19 15:32:58.269 : Expiration = 2028-06-24
2025-02-19 15:41:07.591 : 
2025-02-19 15:41:07.591 : ================== Signature Check ====================
2025-02-19 15:41:07.592 : Author = paul di_Debug_OffLine
2025-02-19 15:41:07.592 : Version = 2024.0718.155524
2025-02-19 15:41:07.592 : ChangeLog = for debug/verify
2025-02-19 15:41:07.592 : Expiration = 2028-06-24
2025-02-19 15:43:18.403 : 
2025-02-19 15:43:18.403 : ================== Signature Check ====================
2025-02-19 15:43:18.403 : Author = paul di_Debug_OffLine
2025-02-19 15:43:18.403 : Version = 2024.0718.155524
2025-02-19 15:43:18.404 : ChangeLog = for debug/verify
2025-02-19 15:43:18.404 : Expiration = 2028-06-24
2025-02-19 15:49:19.910 : 
2025-02-19 15:49:19.910 : ================== Signature Check ====================
2025-02-19 15:49:19.911 : Author = paul di_Debug_OffLine
2025-02-19 15:49:19.911 : Version = 2024.0718.155524
2025-02-19 15:49:19.911 : ChangeLog = for debug/verify
2025-02-19 15:49:19.911 : Expiration = 2028-06-24
2025-02-19 15:51:27.754 : 
2025-02-19 15:51:27.754 : ================== Signature Check ====================
2025-02-19 15:51:27.755 : Author = paul di_Debug_OffLine
2025-02-19 15:51:27.755 : Version = 2024.0718.155524
2025-02-19 15:51:27.755 : ChangeLog = for debug/verify
2025-02-19 15:51:27.755 : Expiration = 2028-06-24
2025-02-19 15:53:11.567 : 
2025-02-19 15:53:11.567 : ================== Signature Check ====================
2025-02-19 15:53:11.567 : Author = paul di_Debug_OffLine
2025-02-19 15:53:11.568 : Version = 2024.0718.155524
2025-02-19 15:53:11.568 : ChangeLog = for debug/verify
2025-02-19 15:53:11.568 : Expiration = 2028-06-24
2025-02-19 15:54:31.565 : 
2025-02-19 15:54:31.565 : ================== Signature Check ====================
2025-02-19 15:54:31.565 : Author = paul di_Debug_OffLine
2025-02-19 15:54:31.565 : Version = 2024.0718.155524
2025-02-19 15:54:31.566 : ChangeLog = for debug/verify
2025-02-19 15:54:31.566 : Expiration = 2028-06-24
2025-02-19 15:57:47.468 : 
2025-02-19 15:57:47.468 : ================== Signature Check ====================
2025-02-19 15:57:47.468 : Author = paul di_Debug_OffLine
2025-02-19 15:57:47.468 : Version = 2024.0718.155524
2025-02-19 15:57:47.468 : ChangeLog = for debug/verify
2025-02-19 15:57:47.468 : Expiration = 2028-06-24
2025-02-19 15:58:56.182 : 
2025-02-19 15:58:56.182 : ================== Signature Check ====================
2025-02-19 15:58:56.182 : Author = paul di_Debug_OffLine
2025-02-19 15:58:56.182 : Version = 2024.0718.155524
2025-02-19 15:58:56.182 : ChangeLog = for debug/verify
2025-02-19 15:58:56.183 : Expiration = 2028-06-24
2025-02-19 16:02:11.664 : 
2025-02-19 16:02:11.664 : ================== Signature Check ====================
2025-02-19 16:02:11.664 : Author = paul di_Debug_OffLine
2025-02-19 16:02:11.664 : Version = 2024.0718.155524
2025-02-19 16:02:11.664 : ChangeLog = for debug/verify
2025-02-19 16:02:11.665 : Expiration = 2028-06-24
2025-02-19 16:03:45.763 : 
2025-02-19 16:03:45.763 : ================== Signature Check ====================
2025-02-19 16:03:45.763 : Author = paul di_Debug_OffLine
2025-02-19 16:03:45.763 : Version = 2024.0718.155524
2025-02-19 16:03:45.763 : ChangeLog = for debug/verify
2025-02-19 16:03:45.763 : Expiration = 2028-06-24
2025-02-19 16:10:17.447 : 
2025-02-19 16:10:17.447 : ================== Signature Check ====================
2025-02-19 16:10:17.448 : Author = paul di_Debug_OffLine
2025-02-19 16:10:17.448 : Version = 2024.0718.155524
2025-02-19 16:10:17.448 : ChangeLog = for debug/verify
2025-02-19 16:10:17.448 : Expiration = 2028-06-24
2025-02-19 16:13:34.841 : 
2025-02-19 16:13:34.841 : ================== Signature Check ====================
2025-02-19 16:13:34.842 : Author = paul di_Debug_OffLine
2025-02-19 16:13:34.842 : Version = 2024.0718.155524
2025-02-19 16:13:34.842 : ChangeLog = for debug/verify
2025-02-19 16:13:34.842 : Expiration = 2028-06-24
2025-02-19 16:15:01.848 : 
2025-02-19 16:15:01.848 : ================== Signature Check ====================
2025-02-19 16:15:01.848 : Author = paul di_Debug_OffLine
2025-02-19 16:15:01.848 : Version = 2024.0718.155524
2025-02-19 16:15:01.849 : ChangeLog = for debug/verify
2025-02-19 16:15:01.849 : Expiration = 2028-06-24
2025-02-19 16:16:13.566 : 
2025-02-19 16:16:13.566 : ================== Signature Check ====================
2025-02-19 16:16:13.566 : Author = paul di_Debug_OffLine
2025-02-19 16:16:13.566 : Version = 2024.0718.155524
2025-02-19 16:16:13.566 : ChangeLog = for debug/verify
2025-02-19 16:16:13.566 : Expiration = 2028-06-24
2025-02-19 16:17:37.481 : 
2025-02-19 16:17:37.481 : ================== Signature Check ====================
2025-02-19 16:17:37.482 : Author = paul di_Debug_OffLine
2025-02-19 16:17:37.482 : Version = 2024.0718.155524
2025-02-19 16:17:37.482 : ChangeLog = for debug/verify
2025-02-19 16:17:37.482 : Expiration = 2028-06-24
2025-02-19 16:19:23.609 : 
2025-02-19 16:19:23.610 : ================== Signature Check ====================
2025-02-19 16:19:23.610 : Author = paul di_Debug_OffLine
2025-02-19 16:19:23.610 : Version = 2024.0718.155524
2025-02-19 16:19:23.610 : ChangeLog = for debug/verify
2025-02-19 16:19:23.610 : Expiration = 2028-06-24
2025-02-19 16:21:01.287 : 
2025-02-19 16:21:01.287 : ================== Signature Check ====================
2025-02-19 16:21:01.287 : Author = paul di_Debug_OffLine
2025-02-19 16:21:01.287 : Version = 2024.0718.155524
2025-02-19 16:21:01.287 : ChangeLog = for debug/verify
2025-02-19 16:21:01.287 : Expiration = 2028-06-24
2025-02-19 16:26:49.815 : 
2025-02-19 16:26:49.815 : ================== Signature Check ====================
2025-02-19 16:26:49.816 : Author = paul di_Debug_OffLine
2025-02-19 16:26:49.816 : Version = 2024.0718.155524
2025-02-19 16:26:49.816 : ChangeLog = for debug/verify
2025-02-19 16:26:49.816 : Expiration = 2028-06-24
2025-02-19 16:28:08.908 : 
2025-02-19 16:28:08.909 : ================== Signature Check ====================
2025-02-19 16:28:08.909 : Author = paul di_Debug_OffLine
2025-02-19 16:28:08.909 : Version = 2024.0718.155524
2025-02-19 16:28:08.909 : ChangeLog = for debug/verify
2025-02-19 16:28:08.909 : Expiration = 2028-06-24
2025-02-19 16:29:54.193 : 
2025-02-19 16:29:54.193 : ================== Signature Check ====================
2025-02-19 16:29:54.193 : Author = paul di_Debug_OffLine
2025-02-19 16:29:54.193 : Version = 2024.0718.155524
2025-02-19 16:29:54.193 : ChangeLog = for debug/verify
2025-02-19 16:29:54.193 : Expiration = 2028-06-24
2025-02-19 16:30:55.030 : 
2025-02-19 16:30:55.030 : ================== Signature Check ====================
2025-02-19 16:30:55.030 : Author = paul di_Debug_OffLine
2025-02-19 16:30:55.031 : Version = 2024.0718.155524
2025-02-19 16:30:55.031 : ChangeLog = for debug/verify
2025-02-19 16:30:55.031 : Expiration = 2028-06-24
2025-02-19 16:33:09.092 : 
2025-02-19 16:33:09.093 : ================== Signature Check ====================
2025-02-19 16:33:09.093 : Author = paul di_Debug_OffLine
2025-02-19 16:33:09.093 : Version = 2024.0718.155524
2025-02-19 16:33:09.093 : ChangeLog = for debug/verify
2025-02-19 16:33:09.093 : Expiration = 2028-06-24
2025-02-19 16:37:21.930 : 
2025-02-19 16:37:21.930 : ================== Signature Check ====================
2025-02-19 16:37:21.931 : Author = paul di_Debug_OffLine
2025-02-19 16:37:21.931 : Version = 2024.0718.155524
2025-02-19 16:37:21.931 : ChangeLog = for debug/verify
2025-02-19 16:37:21.931 : Expiration = 2028-06-24
2025-02-19 16:40:04.983 : 
2025-02-19 16:40:04.983 : ================== Signature Check ====================
2025-02-19 16:40:04.983 : Author = paul di_Debug_OffLine
2025-02-19 16:40:04.983 : Version = 2024.0718.155524
2025-02-19 16:40:04.983 : ChangeLog = for debug/verify
2025-02-19 16:40:04.983 : Expiration = 2028-06-24
2025-02-19 16:40:26.766 : 
2025-02-19 16:40:26.767 : ================== Signature Check ====================
2025-02-19 16:40:26.768 : Author = paul di_Debug_OffLine
2025-02-19 16:40:26.768 : Version = 2024.0718.155524
2025-02-19 16:40:26.768 : ChangeLog = for debug/verify
2025-02-19 16:40:26.768 : Expiration = 2028-06-24
2025-02-19 16:41:33.917 : 
2025-02-19 16:41:33.917 : ================== Signature Check ====================
2025-02-19 16:41:33.918 : Author = paul di_Debug_OffLine
2025-02-19 16:41:33.918 : Version = 2024.0718.155524
2025-02-19 16:41:33.918 : ChangeLog = for debug/verify
2025-02-19 16:41:33.918 : Expiration = 2028-06-24
2025-02-19 16:42:59.515 : 
2025-02-19 16:42:59.515 : ================== Signature Check ====================
2025-02-19 16:42:59.516 : Author = paul di_Debug_OffLine
2025-02-19 16:42:59.516 : Version = 2024.0718.155524
2025-02-19 16:42:59.516 : ChangeLog = for debug/verify
2025-02-19 16:42:59.516 : Expiration = 2028-06-24
2025-02-19 16:44:17.761 : 
2025-02-19 16:44:17.761 : ================== Signature Check ====================
2025-02-19 16:44:17.762 : Author = paul di_Debug_OffLine
2025-02-19 16:44:17.762 : Version = 2024.0718.155524
2025-02-19 16:44:17.762 : ChangeLog = for debug/verify
2025-02-19 16:44:17.762 : Expiration = 2028-06-24
2025-02-19 16:45:47.266 : 
2025-02-19 16:45:47.266 : ================== Signature Check ====================
2025-02-19 16:45:47.267 : Author = paul di_Debug_OffLine
2025-02-19 16:45:47.267 : Version = 2024.0718.155524
2025-02-19 16:45:47.267 : ChangeLog = for debug/verify
2025-02-19 16:45:47.267 : Expiration = 2028-06-24
2025-02-19 16:51:23.006 : 
2025-02-19 16:51:23.006 : ================== Signature Check ====================
2025-02-19 16:51:23.006 : Author = paul di_Debug_OffLine
2025-02-19 16:51:23.006 : Version = 2024.0718.155524
2025-02-19 16:51:23.007 : ChangeLog = for debug/verify
2025-02-19 16:51:23.007 : Expiration = 2028-06-24
2025-02-19 16:54:45.971 : 
2025-02-19 16:54:45.971 : ================== Signature Check ====================
2025-02-19 16:54:45.971 : Author = paul di_Debug_OffLine
2025-02-19 16:54:45.971 : Version = 2024.0718.155524
2025-02-19 16:54:45.971 : ChangeLog = for debug/verify
2025-02-19 16:54:45.971 : Expiration = 2028-06-24
2025-02-19 16:58:28.227 : 
2025-02-19 16:58:28.227 : ================== Signature Check ====================
2025-02-19 16:58:28.227 : Author = paul di_Debug_OffLine
2025-02-19 16:58:28.227 : Version = 2024.0718.155524
2025-02-19 16:58:28.228 : ChangeLog = for debug/verify
2025-02-19 16:58:28.228 : Expiration = 2028-06-24
2025-02-19 17:00:18.963 : 
2025-02-19 17:00:18.964 : ================== Signature Check ====================
2025-02-19 17:00:18.964 : Author = paul di_Debug_OffLine
2025-02-19 17:00:18.964 : Version = 2024.0718.155524
2025-02-19 17:00:18.964 : ChangeLog = for debug/verify
2025-02-19 17:00:18.964 : Expiration = 2028-06-24
2025-02-19 17:00:41.095 : 
2025-02-19 17:00:41.096 : ================== Signature Check ====================
2025-02-19 17:00:41.096 : Author = paul di_Debug_OffLine
2025-02-19 17:00:41.096 : Version = 2024.0718.155524
2025-02-19 17:00:41.096 : ChangeLog = for debug/verify
2025-02-19 17:00:41.097 : Expiration = 2028-06-24
2025-02-19 17:03:22.058 : 
2025-02-19 17:03:22.058 : ================== Signature Check ====================
2025-02-19 17:03:22.059 : Author = paul di_Debug_OffLine
2025-02-19 17:03:22.059 : Version = 2024.0718.155524
2025-02-19 17:03:22.059 : ChangeLog = for debug/verify
2025-02-19 17:03:22.059 : Expiration = 2028-06-24
2025-02-19 17:07:19.884 : 
2025-02-19 17:07:19.884 : ================== Signature Check ====================
2025-02-19 17:07:19.884 : Author = paul di_Debug_OffLine
2025-02-19 17:07:19.884 : Version = 2024.0718.155524
2025-02-19 17:07:19.884 : ChangeLog = for debug/verify
2025-02-19 17:07:19.884 : Expiration = 2028-06-24
2025-02-19 17:12:47.230 : 
2025-02-19 17:12:47.230 : ================== Signature Check ====================
2025-02-19 17:12:47.230 : Author = paul di_Debug_OffLine
2025-02-19 17:12:47.230 : Version = 2024.0718.155524
2025-02-19 17:12:47.230 : ChangeLog = for debug/verify
2025-02-19 17:12:47.230 : Expiration = 2028-06-24
2025-02-19 17:16:13.471 : 
2025-02-19 17:16:13.471 : ================== Signature Check ====================
2025-02-19 17:16:13.472 : Author = paul di_Debug_OffLine
2025-02-19 17:16:13.472 : Version = 2024.0718.155524
2025-02-19 17:16:13.472 : ChangeLog = for debug/verify
2025-02-19 17:16:13.472 : Expiration = 2028-06-24
2025-02-19 17:19:43.589 : 
2025-02-19 17:19:43.589 : ================== Signature Check ====================
2025-02-19 17:19:43.589 : Author = paul di_Debug_OffLine
2025-02-19 17:19:43.589 : Version = 2024.0718.155524
2025-02-19 17:19:43.589 : ChangeLog = for debug/verify
2025-02-19 17:19:43.589 : Expiration = 2028-06-24
2025-02-19 17:22:37.892 : 
2025-02-19 17:22:37.892 : ================== Signature Check ====================
2025-02-19 17:22:37.892 : Author = paul di_Debug_OffLine
2025-02-19 17:22:37.892 : Version = 2024.0718.155524
2025-02-19 17:22:37.892 : ChangeLog = for debug/verify
2025-02-19 17:22:37.892 : Expiration = 2028-06-24
2025-02-19 17:23:54.229 : 
2025-02-19 17:23:54.230 : ================== Signature Check ====================
2025-02-19 17:23:54.230 : Author = paul di_Debug_OffLine
2025-02-19 17:23:54.230 : Version = 2024.0718.155524
2025-02-19 17:23:54.230 : ChangeLog = for debug/verify
2025-02-19 17:23:54.230 : Expiration = 2028-06-24
2025-02-19 17:25:24.073 : 
2025-02-19 17:25:24.073 : ================== Signature Check ====================
2025-02-19 17:25:24.074 : Author = paul di_Debug_OffLine
2025-02-19 17:25:24.074 : Version = 2024.0718.155524
2025-02-19 17:25:24.074 : ChangeLog = for debug/verify
2025-02-19 17:25:24.074 : Expiration = 2028-06-24
2025-02-19 17:29:44.849 : 
2025-02-19 17:29:44.849 : ================== Signature Check ====================
2025-02-19 17:29:44.849 : Author = paul di_Debug_OffLine
2025-02-19 17:29:44.849 : Version = 2024.0718.155524
2025-02-19 17:29:44.849 : ChangeLog = for debug/verify
2025-02-19 17:29:44.849 : Expiration = 2028-06-24
2025-02-19 17:30:54.715 : 
2025-02-19 17:30:54.715 : ================== Signature Check ====================
2025-02-19 17:30:54.715 : Author = paul di_Debug_OffLine
2025-02-19 17:30:54.715 : Version = 2024.0718.155524
2025-02-19 17:30:54.715 : ChangeLog = for debug/verify
2025-02-19 17:30:54.715 : Expiration = 2028-06-24
2025-02-19 17:39:30.961 : 
2025-02-19 17:39:30.961 : ================== Signature Check ====================
2025-02-19 17:39:30.961 : Author = paul di_Debug_OffLine
2025-02-19 17:39:30.961 : Version = 2024.0718.155524
2025-02-19 17:39:30.962 : ChangeLog = for debug/verify
2025-02-19 17:39:30.962 : Expiration = 2028-06-24
