2025-02-13 11:44:40.243 : 
2025-02-13 11:44:40.244 : ================== Signature Check ====================
2025-02-13 11:44:40.246 : Author = paul di_Debug_OffLine
2025-02-13 11:44:40.246 : Version = 2024.0718.155524
2025-02-13 11:44:40.247 : ChangeLog = for debug/verify
2025-02-13 11:44:40.247 : Expiration = 2028-06-24
2025-02-13 11:45:27.197 : 
2025-02-13 11:45:27.198 : ================== Signature Check ====================
2025-02-13 11:45:27.200 : Author = paul di_Debug_OffLine
2025-02-13 11:45:27.200 : Version = 2024.0718.155524
2025-02-13 11:45:27.200 : ChangeLog = for debug/verify
2025-02-13 11:45:27.201 : Expiration = 2028-06-24
2025-02-13 11:47:09.140 : 
2025-02-13 11:47:09.141 : ================== Signature Check ====================
2025-02-13 11:47:09.143 : Author = paul di_Debug_OffLine
2025-02-13 11:47:09.143 : Version = 2024.0718.155524
2025-02-13 11:47:09.144 : ChangeLog = for debug/verify
2025-02-13 11:47:09.144 : Expiration = 2028-06-24
2025-02-13 11:48:22.178 : 
2025-02-13 11:48:22.179 : ================== Signature Check ====================
2025-02-13 11:48:22.180 : Author = paul di_Debug_OffLine
2025-02-13 11:48:22.181 : Version = 2024.0718.155524
2025-02-13 11:48:22.181 : ChangeLog = for debug/verify
2025-02-13 11:48:22.181 : Expiration = 2028-06-24
2025-02-13 11:50:27.740 : 
2025-02-13 11:50:27.741 : ================== Signature Check ====================
2025-02-13 11:50:27.742 : Author = paul di_Debug_OffLine
2025-02-13 11:50:27.743 : Version = 2024.0718.155524
2025-02-13 11:50:27.743 : ChangeLog = for debug/verify
2025-02-13 11:50:27.744 : Expiration = 2028-06-24
2025-02-13 11:53:41.718 : 
2025-02-13 11:53:41.719 : ================== Signature Check ====================
2025-02-13 11:53:41.720 : Author = paul di_Debug_OffLine
2025-02-13 11:53:41.720 : Version = 2024.0718.155524
2025-02-13 11:53:41.721 : ChangeLog = for debug/verify
2025-02-13 11:53:41.721 : Expiration = 2028-06-24
2025-02-13 12:00:23.216 : 
2025-02-13 12:00:23.217 : ================== Signature Check ====================
2025-02-13 12:00:23.218 : Author = paul di_Debug_OffLine
2025-02-13 12:00:23.219 : Version = 2024.0718.155524
2025-02-13 12:00:23.220 : ChangeLog = for debug/verify
2025-02-13 12:00:23.220 : Expiration = 2028-06-24
2025-02-13 12:01:56.645 : 
2025-02-13 12:01:56.646 : ================== Signature Check ====================
2025-02-13 12:01:56.647 : Author = paul di_Debug_OffLine
2025-02-13 12:01:56.647 : Version = 2024.0718.155524
2025-02-13 12:01:56.648 : ChangeLog = for debug/verify
2025-02-13 12:01:56.648 : Expiration = 2028-06-24
2025-02-13 12:02:46.485 : 
2025-02-13 12:02:46.486 : ================== Signature Check ====================
2025-02-13 12:02:46.487 : Author = paul di_Debug_OffLine
2025-02-13 12:02:46.487 : Version = 2024.0718.155524
2025-02-13 12:02:46.488 : ChangeLog = for debug/verify
2025-02-13 12:02:46.488 : Expiration = 2028-06-24
2025-02-13 12:04:49.740 : 
2025-02-13 12:04:49.741 : ================== Signature Check ====================
2025-02-13 12:04:49.742 : Author = paul di_Debug_OffLine
2025-02-13 12:04:49.743 : Version = 2024.0718.155524
2025-02-13 12:04:49.743 : ChangeLog = for debug/verify
2025-02-13 12:04:49.744 : Expiration = 2028-06-24
2025-02-13 12:05:35.028 : 
2025-02-13 12:05:35.029 : ================== Signature Check ====================
2025-02-13 12:05:35.030 : Author = paul di_Debug_OffLine
2025-02-13 12:05:35.031 : Version = 2024.0718.155524
2025-02-13 12:05:35.031 : ChangeLog = for debug/verify
2025-02-13 12:05:35.031 : Expiration = 2028-06-24
2025-02-13 12:08:32.267 : 
2025-02-13 12:08:32.268 : ================== Signature Check ====================
2025-02-13 12:08:32.269 : Author = paul di_Debug_OffLine
2025-02-13 12:08:32.269 : Version = 2024.0718.155524
2025-02-13 12:08:32.270 : ChangeLog = for debug/verify
2025-02-13 12:08:32.270 : Expiration = 2028-06-24
2025-02-13 12:10:11.576 : 
2025-02-13 12:10:11.578 : ================== Signature Check ====================
2025-02-13 12:10:11.579 : Author = paul di_Debug_OffLine
2025-02-13 12:10:11.580 : Version = 2024.0718.155524
2025-02-13 12:10:11.580 : ChangeLog = for debug/verify
2025-02-13 12:10:11.581 : Expiration = 2028-06-24
2025-02-13 12:13:25.328 : 
2025-02-13 12:13:25.329 : ================== Signature Check ====================
2025-02-13 12:13:25.329 : Author = paul di_Debug_OffLine
2025-02-13 12:13:25.329 : Version = 2024.0718.155524
2025-02-13 12:13:25.330 : ChangeLog = for debug/verify
2025-02-13 12:13:25.330 : Expiration = 2028-06-24
2025-02-13 12:16:46.877 : 
2025-02-13 12:16:46.878 : ================== Signature Check ====================
2025-02-13 12:16:46.879 : Author = paul di_Debug_OffLine
2025-02-13 12:16:46.880 : Version = 2024.0718.155524
2025-02-13 12:16:46.880 : ChangeLog = for debug/verify
2025-02-13 12:16:46.880 : Expiration = 2028-06-24
2025-02-13 12:19:49.721 : 
2025-02-13 12:19:49.722 : ================== Signature Check ====================
2025-02-13 12:19:49.723 : Author = paul di_Debug_OffLine
2025-02-13 12:19:49.724 : Version = 2024.0718.155524
2025-02-13 12:19:49.724 : ChangeLog = for debug/verify
2025-02-13 12:19:49.724 : Expiration = 2028-06-24
2025-02-13 15:14:10.762 : 
2025-02-13 15:14:10.763 : ================== Signature Check ====================
2025-02-13 15:14:10.763 : Author = paul di_Debug_OffLine
2025-02-13 15:14:10.764 : Version = 2024.0718.155524
2025-02-13 15:14:10.764 : ChangeLog = for debug/verify
2025-02-13 15:14:10.764 : Expiration = 2028-06-24
2025-02-13 15:18:16.093 : 
2025-02-13 15:18:16.094 : ================== Signature Check ====================
2025-02-13 15:18:16.095 : Author = paul di_Debug_OffLine
2025-02-13 15:18:16.095 : Version = 2024.0718.155524
2025-02-13 15:18:16.095 : ChangeLog = for debug/verify
2025-02-13 15:18:16.095 : Expiration = 2028-06-24
2025-02-13 15:25:32.210 : 
2025-02-13 15:25:32.210 : ================== Signature Check ====================
2025-02-13 15:25:32.210 : Author = paul di_Debug_OffLine
2025-02-13 15:25:32.210 : Version = 2024.0718.155524
2025-02-13 15:25:32.210 : ChangeLog = for debug/verify
2025-02-13 15:25:32.211 : Expiration = 2028-06-24
2025-02-13 15:27:11.981 : 
2025-02-13 15:27:11.981 : ================== Signature Check ====================
2025-02-13 15:27:11.981 : Author = paul di_Debug_OffLine
2025-02-13 15:27:11.981 : Version = 2024.0718.155524
2025-02-13 15:27:11.981 : ChangeLog = for debug/verify
2025-02-13 15:27:11.981 : Expiration = 2028-06-24
2025-02-13 15:36:53.872 : 
2025-02-13 15:36:53.872 : ================== Signature Check ====================
2025-02-13 15:36:53.873 : Author = paul di_Debug_OffLine
2025-02-13 15:36:53.873 : Version = 2024.0718.155524
2025-02-13 15:36:53.873 : ChangeLog = for debug/verify
2025-02-13 15:36:53.873 : Expiration = 2028-06-24
2025-02-13 16:13:57.126 : 
2025-02-13 16:13:57.126 : ================== Signature Check ====================
2025-02-13 16:13:57.126 : Author = paul di_Debug_OffLine
2025-02-13 16:13:57.126 : Version = 2024.0718.155524
2025-02-13 16:13:57.126 : ChangeLog = for debug/verify
2025-02-13 16:13:57.126 : Expiration = 2028-06-24
2025-02-13 16:25:08.949 : 
2025-02-13 16:25:08.949 : ================== Signature Check ====================
2025-02-13 16:25:08.949 : Author = paul di_Debug_OffLine
2025-02-13 16:25:08.949 : Version = 2024.0718.155524
2025-02-13 16:25:08.949 : ChangeLog = for debug/verify
2025-02-13 16:25:08.950 : Expiration = 2028-06-24
2025-02-13 18:48:34.178 : 
2025-02-13 18:48:34.178 : ================== Signature Check ====================
2025-02-13 18:48:34.178 : Author = paul di_Debug_OffLine
2025-02-13 18:48:34.178 : Version = 2024.0718.155524
2025-02-13 18:48:34.178 : ChangeLog = for debug/verify
2025-02-13 18:48:34.178 : Expiration = 2028-06-24
2025-02-13 18:49:24.996 : 
2025-02-13 18:49:24.996 : ================== Signature Check ====================
2025-02-13 18:49:24.996 : Author = paul di_Debug_OffLine
2025-02-13 18:49:24.997 : Version = 2024.0718.155524
2025-02-13 18:49:24.997 : ChangeLog = for debug/verify
2025-02-13 18:49:24.997 : Expiration = 2028-06-24
2025-02-13 18:53:00.040 : 
2025-02-13 18:53:00.040 : ================== Signature Check ====================
2025-02-13 18:53:00.040 : Author = paul di_Debug_OffLine
2025-02-13 18:53:00.040 : Version = 2024.0718.155524
2025-02-13 18:53:00.040 : ChangeLog = for debug/verify
2025-02-13 18:53:00.040 : Expiration = 2028-06-24
2025-02-13 18:57:26.824 : 
2025-02-13 18:57:26.824 : ================== Signature Check ====================
2025-02-13 18:57:26.824 : Author = paul di_Debug_OffLine
2025-02-13 18:57:26.824 : Version = 2024.0718.155524
2025-02-13 18:57:26.824 : ChangeLog = for debug/verify
2025-02-13 18:57:26.824 : Expiration = 2028-06-24
2025-02-13 19:07:04.835 : 
2025-02-13 19:07:04.836 : ================== Signature Check ====================
2025-02-13 19:07:04.836 : Author = paul di_Debug_OffLine
2025-02-13 19:07:04.836 : Version = 2024.0718.155524
2025-02-13 19:07:04.836 : ChangeLog = for debug/verify
2025-02-13 19:07:04.836 : Expiration = 2028-06-24
2025-02-13 19:09:25.683 : 
2025-02-13 19:09:25.683 : ================== Signature Check ====================
2025-02-13 19:09:25.684 : Author = paul di_Debug_OffLine
2025-02-13 19:09:25.684 : Version = 2024.0718.155524
2025-02-13 19:09:25.684 : ChangeLog = for debug/verify
2025-02-13 19:09:25.684 : Expiration = 2028-06-24
2025-02-13 19:09:50.716 : 
2025-02-13 19:09:50.717 : ================== Signature Check ====================
2025-02-13 19:09:50.717 : Author = paul di_Debug_OffLine
2025-02-13 19:09:50.717 : Version = 2024.0718.155524
2025-02-13 19:09:50.717 : ChangeLog = for debug/verify
2025-02-13 19:09:50.717 : Expiration = 2028-06-24
2025-02-13 19:56:39.313 : 
2025-02-13 19:56:39.313 : ================== Signature Check ====================
2025-02-13 19:56:39.314 : Author = paul di_Debug_OffLine
2025-02-13 19:56:39.314 : Version = 2024.0718.155524
2025-02-13 19:56:39.314 : ChangeLog = for debug/verify
2025-02-13 19:56:39.314 : Expiration = 2028-06-24
2025-02-13 20:01:18.209 : 
2025-02-13 20:01:18.209 : ================== Signature Check ====================
2025-02-13 20:01:18.209 : Author = paul di_Debug_OffLine
2025-02-13 20:01:18.209 : Version = 2024.0718.155524
2025-02-13 20:01:18.209 : ChangeLog = for debug/verify
2025-02-13 20:01:18.209 : Expiration = 2028-06-24
2025-02-13 20:09:46.873 : 
2025-02-13 20:09:46.874 : ================== Signature Check ====================
2025-02-13 20:09:46.874 : Author = paul di_Debug_OffLine
2025-02-13 20:09:46.874 : Version = 2024.0718.155524
2025-02-13 20:09:46.874 : ChangeLog = for debug/verify
2025-02-13 20:09:46.874 : Expiration = 2028-06-24
2025-02-13 20:15:50.346 : 
2025-02-13 20:15:50.346 : ================== Signature Check ====================
2025-02-13 20:15:50.347 : Author = paul di_Debug_OffLine
2025-02-13 20:15:50.347 : Version = 2024.0718.155524
2025-02-13 20:15:50.347 : ChangeLog = for debug/verify
2025-02-13 20:15:50.347 : Expiration = 2028-06-24
2025-02-13 20:18:12.370 : 
2025-02-13 20:18:12.370 : ================== Signature Check ====================
2025-02-13 20:18:12.370 : Author = paul di_Debug_OffLine
2025-02-13 20:18:12.370 : Version = 2024.0718.155524
2025-02-13 20:18:12.371 : ChangeLog = for debug/verify
2025-02-13 20:18:12.371 : Expiration = 2028-06-24
2025-02-13 20:34:05.549 : 
2025-02-13 20:34:05.549 : ================== Signature Check ====================
2025-02-13 20:34:05.549 : Author = paul di_Debug_OffLine
2025-02-13 20:34:05.550 : Version = 2024.0718.155524
2025-02-13 20:34:05.550 : ChangeLog = for debug/verify
2025-02-13 20:34:05.550 : Expiration = 2028-06-24
2025-02-13 20:34:33.805 : 
2025-02-13 20:34:33.805 : ================== Signature Check ====================
2025-02-13 20:34:33.806 : Author = paul di_Debug_OffLine
2025-02-13 20:34:33.806 : Version = 2024.0718.155524
2025-02-13 20:34:33.806 : ChangeLog = for debug/verify
2025-02-13 20:34:33.806 : Expiration = 2028-06-24
2025-02-13 20:36:26.127 : 
2025-02-13 20:36:26.127 : ================== Signature Check ====================
2025-02-13 20:36:26.127 : Author = paul di_Debug_OffLine
2025-02-13 20:36:26.127 : Version = 2024.0718.155524
2025-02-13 20:36:26.127 : ChangeLog = for debug/verify
2025-02-13 20:36:26.127 : Expiration = 2028-06-24
2025-02-13 20:37:19.269 : 
2025-02-13 20:37:19.269 : ================== Signature Check ====================
2025-02-13 20:37:19.270 : Author = paul di_Debug_OffLine
2025-02-13 20:37:19.270 : Version = 2024.0718.155524
2025-02-13 20:37:19.270 : ChangeLog = for debug/verify
2025-02-13 20:37:19.270 : Expiration = 2028-06-24
2025-02-13 20:41:16.717 : 
2025-02-13 20:41:16.718 : ================== Signature Check ====================
2025-02-13 20:41:16.718 : Author = paul di_Debug_OffLine
2025-02-13 20:41:16.719 : Version = 2024.0718.155524
2025-02-13 20:41:16.719 : ChangeLog = for debug/verify
2025-02-13 20:41:16.719 : Expiration = 2028-06-24
2025-02-13 20:42:31.286 : 
2025-02-13 20:42:31.286 : ================== Signature Check ====================
2025-02-13 20:42:31.287 : Author = paul di_Debug_OffLine
2025-02-13 20:42:31.287 : Version = 2024.0718.155524
2025-02-13 20:42:31.287 : ChangeLog = for debug/verify
2025-02-13 20:42:31.287 : Expiration = 2028-06-24
2025-02-13 20:44:36.093 : 
2025-02-13 20:44:36.093 : ================== Signature Check ====================
2025-02-13 20:44:36.093 : Author = paul di_Debug_OffLine
2025-02-13 20:44:36.093 : Version = 2024.0718.155524
2025-02-13 20:44:36.093 : ChangeLog = for debug/verify
2025-02-13 20:44:36.093 : Expiration = 2028-06-24
2025-02-13 20:48:19.174 : 
2025-02-13 20:48:19.174 : ================== Signature Check ====================
2025-02-13 20:48:19.175 : Author = paul di_Debug_OffLine
2025-02-13 20:48:19.175 : Version = 2024.0718.155524
2025-02-13 20:48:19.175 : ChangeLog = for debug/verify
2025-02-13 20:48:19.175 : Expiration = 2028-06-24
2025-02-13 20:58:59.736 : 
2025-02-13 20:58:59.736 : ================== Signature Check ====================
2025-02-13 20:58:59.736 : Author = paul di_Debug_OffLine
2025-02-13 20:58:59.737 : Version = 2024.0718.155524
2025-02-13 20:58:59.737 : ChangeLog = for debug/verify
2025-02-13 20:58:59.737 : Expiration = 2028-06-24
2025-02-13 21:01:56.661 : 
2025-02-13 21:01:56.661 : ================== Signature Check ====================
2025-02-13 21:01:56.662 : Author = paul di_Debug_OffLine
2025-02-13 21:01:56.662 : Version = 2024.0718.155524
2025-02-13 21:01:56.662 : ChangeLog = for debug/verify
2025-02-13 21:01:56.662 : Expiration = 2028-06-24
2025-02-13 21:05:15.399 : 
2025-02-13 21:05:15.399 : ================== Signature Check ====================
2025-02-13 21:05:15.399 : Author = paul di_Debug_OffLine
2025-02-13 21:05:15.399 : Version = 2024.0718.155524
2025-02-13 21:05:15.399 : ChangeLog = for debug/verify
2025-02-13 21:05:15.400 : Expiration = 2028-06-24
2025-02-13 21:09:20.314 : 
2025-02-13 21:09:20.314 : ================== Signature Check ====================
2025-02-13 21:09:20.314 : Author = paul di_Debug_OffLine
2025-02-13 21:09:20.314 : Version = 2024.0718.155524
2025-02-13 21:09:20.314 : ChangeLog = for debug/verify
2025-02-13 21:09:20.314 : Expiration = 2028-06-24
2025-02-13 21:30:39.534 : 
2025-02-13 21:30:39.535 : ================== Signature Check ====================
2025-02-13 21:30:39.536 : Author = paul di_Debug_OffLine
2025-02-13 21:30:39.536 : Version = 2024.0718.155524
2025-02-13 21:30:39.536 : ChangeLog = for debug/verify
2025-02-13 21:30:39.536 : Expiration = 2028-06-24
2025-02-13 21:39:42.290 : 
2025-02-13 21:39:42.290 : ================== Signature Check ====================
2025-02-13 21:39:42.291 : Author = paul di_Debug_OffLine
2025-02-13 21:39:42.291 : Version = 2024.0718.155524
2025-02-13 21:39:42.291 : ChangeLog = for debug/verify
2025-02-13 21:39:42.291 : Expiration = 2028-06-24
2025-02-13 21:42:04.035 : 
2025-02-13 21:42:04.035 : ================== Signature Check ====================
2025-02-13 21:42:04.036 : Author = paul di_Debug_OffLine
2025-02-13 21:42:04.036 : Version = 2024.0718.155524
2025-02-13 21:42:04.036 : ChangeLog = for debug/verify
2025-02-13 21:42:04.036 : Expiration = 2028-06-24
2025-02-13 22:47:09.428 : 
2025-02-13 22:47:09.429 : ================== Signature Check ====================
2025-02-13 22:47:09.430 : Author = paul di_Debug_OffLine
2025-02-13 22:47:09.431 : Version = 2024.0718.155524
2025-02-13 22:47:09.431 : ChangeLog = for debug/verify
2025-02-13 22:47:09.431 : Expiration = 2028-06-24
